[2025-06-01T17:05:36.812+0000] {processor.py:157} INFO - Started process (PID=672) to work on /opt/airflow/dags/my_dag.py
[2025-06-01T17:05:36.813+0000] {processor.py:829} INFO - Processing file /opt/airflow/dags/my_dag.py for tasks to queue
[2025-06-01T17:05:36.813+0000] {logging_mixin.py:154} INFO - [2025-06-01T17:05:36.813+0000] {dagbag.py:536} INFO - Filling up the DagBag from /opt/airflow/dags/my_dag.py
[2025-06-01T17:05:36.823+0000] {processor.py:839} INFO - DAG(s) dict_keys(['example_bash_operator']) retrieved from /opt/airflow/dags/my_dag.py
[2025-06-01T17:05:36.907+0000] {logging_mixin.py:154} INFO - [2025-06-01T17:05:36.907+0000] {dag.py:2941} INFO - Sync 1 DAGs
[2025-06-01T17:05:36.923+0000] {logging_mixin.py:154} INFO - [2025-06-01T17:05:36.923+0000] {dag.py:3722} INFO - Setting next_dagrun for example_bash_operator to 2025-06-01T00:00:00+00:00, run_after=2025-06-02T00:00:00+00:00
[2025-06-01T17:05:36.938+0000] {processor.py:179} INFO - Processing /opt/airflow/dags/my_dag.py took 0.129 seconds
[2025-06-01T17:06:09.054+0000] {processor.py:157} INFO - Started process (PID=729) to work on /opt/airflow/dags/my_dag.py
[2025-06-01T17:06:09.055+0000] {processor.py:829} INFO - Processing file /opt/airflow/dags/my_dag.py for tasks to queue
[2025-06-01T17:06:09.056+0000] {logging_mixin.py:154} INFO - [2025-06-01T17:06:09.056+0000] {dagbag.py:536} INFO - Filling up the DagBag from /opt/airflow/dags/my_dag.py
[2025-06-01T17:06:09.066+0000] {processor.py:839} INFO - DAG(s) dict_keys(['example_bash_operator']) retrieved from /opt/airflow/dags/my_dag.py
[2025-06-01T17:06:09.077+0000] {logging_mixin.py:154} INFO - [2025-06-01T17:06:09.076+0000] {dag.py:2941} INFO - Sync 1 DAGs
[2025-06-01T17:06:09.103+0000] {logging_mixin.py:154} INFO - [2025-06-01T17:06:09.103+0000] {dag.py:3722} INFO - Setting next_dagrun for example_bash_operator to 2025-06-01T00:00:00+00:00, run_after=2025-06-02T00:00:00+00:00
[2025-06-01T17:06:09.117+0000] {processor.py:179} INFO - Processing /opt/airflow/dags/my_dag.py took 0.065 seconds
[2025-06-01T17:06:41.813+0000] {processor.py:157} INFO - Started process (PID=780) to work on /opt/airflow/dags/my_dag.py
[2025-06-01T17:06:41.828+0000] {processor.py:829} INFO - Processing file /opt/airflow/dags/my_dag.py for tasks to queue
[2025-06-01T17:06:41.829+0000] {logging_mixin.py:154} INFO - [2025-06-01T17:06:41.828+0000] {dagbag.py:536} INFO - Filling up the DagBag from /opt/airflow/dags/my_dag.py
[2025-06-01T17:06:41.837+0000] {processor.py:839} INFO - DAG(s) dict_keys(['example_bash_operator']) retrieved from /opt/airflow/dags/my_dag.py
[2025-06-01T17:06:41.909+0000] {logging_mixin.py:154} INFO - [2025-06-01T17:06:41.909+0000] {dag.py:2941} INFO - Sync 1 DAGs
[2025-06-01T17:06:41.923+0000] {logging_mixin.py:154} INFO - [2025-06-01T17:06:41.922+0000] {dag.py:3722} INFO - Setting next_dagrun for example_bash_operator to 2025-06-01T00:00:00+00:00, run_after=2025-06-02T00:00:00+00:00
[2025-06-01T17:06:41.937+0000] {processor.py:179} INFO - Processing /opt/airflow/dags/my_dag.py took 0.127 seconds
[2025-06-01T17:07:15.320+0000] {processor.py:157} INFO - Started process (PID=853) to work on /opt/airflow/dags/my_dag.py
[2025-06-01T17:07:15.326+0000] {processor.py:829} INFO - Processing file /opt/airflow/dags/my_dag.py for tasks to queue
[2025-06-01T17:07:15.327+0000] {logging_mixin.py:154} INFO - [2025-06-01T17:07:15.326+0000] {dagbag.py:536} INFO - Filling up the DagBag from /opt/airflow/dags/my_dag.py
[2025-06-01T17:07:15.334+0000] {processor.py:839} INFO - DAG(s) dict_keys(['example_bash_operator']) retrieved from /opt/airflow/dags/my_dag.py
[2025-06-01T17:07:15.356+0000] {logging_mixin.py:154} INFO - [2025-06-01T17:07:15.356+0000] {dag.py:2941} INFO - Sync 1 DAGs
[2025-06-01T17:07:15.372+0000] {logging_mixin.py:154} INFO - [2025-06-01T17:07:15.372+0000] {dag.py:3722} INFO - Setting next_dagrun for example_bash_operator to 2025-06-01T00:00:00+00:00, run_after=2025-06-02T00:00:00+00:00
[2025-06-01T17:07:15.384+0000] {processor.py:179} INFO - Processing /opt/airflow/dags/my_dag.py took 0.067 seconds
[2025-06-01T17:07:48.184+0000] {processor.py:157} INFO - Started process (PID=917) to work on /opt/airflow/dags/my_dag.py
[2025-06-01T17:07:48.191+0000] {processor.py:829} INFO - Processing file /opt/airflow/dags/my_dag.py for tasks to queue
[2025-06-01T17:07:48.191+0000] {logging_mixin.py:154} INFO - [2025-06-01T17:07:48.191+0000] {dagbag.py:536} INFO - Filling up the DagBag from /opt/airflow/dags/my_dag.py
[2025-06-01T17:07:48.201+0000] {processor.py:839} INFO - DAG(s) dict_keys(['example_bash_operator']) retrieved from /opt/airflow/dags/my_dag.py
[2025-06-01T17:07:48.298+0000] {logging_mixin.py:154} INFO - [2025-06-01T17:07:48.298+0000] {dag.py:2941} INFO - Sync 1 DAGs
[2025-06-01T17:07:48.456+0000] {logging_mixin.py:154} INFO - [2025-06-01T17:07:48.456+0000] {dag.py:3722} INFO - Setting next_dagrun for example_bash_operator to 2025-06-01T00:00:00+00:00, run_after=2025-06-02T00:00:00+00:00
[2025-06-01T17:07:48.470+0000] {processor.py:179} INFO - Processing /opt/airflow/dags/my_dag.py took 0.289 seconds
[2025-06-01T17:08:19.080+0000] {processor.py:157} INFO - Started process (PID=989) to work on /opt/airflow/dags/my_dag.py
[2025-06-01T17:08:19.085+0000] {processor.py:829} INFO - Processing file /opt/airflow/dags/my_dag.py for tasks to queue
[2025-06-01T17:08:19.086+0000] {logging_mixin.py:154} INFO - [2025-06-01T17:08:19.086+0000] {dagbag.py:536} INFO - Filling up the DagBag from /opt/airflow/dags/my_dag.py
[2025-06-01T17:08:19.095+0000] {processor.py:839} INFO - DAG(s) dict_keys(['example_bash_operator']) retrieved from /opt/airflow/dags/my_dag.py
[2025-06-01T17:08:21.161+0000] {logging_mixin.py:154} INFO - [2025-06-01T17:08:21.160+0000] {dag.py:2941} INFO - Sync 1 DAGs
[2025-06-01T17:08:21.178+0000] {logging_mixin.py:154} INFO - [2025-06-01T17:08:21.178+0000] {dag.py:3722} INFO - Setting next_dagrun for example_bash_operator to 2025-06-01T00:00:00+00:00, run_after=2025-06-02T00:00:00+00:00
[2025-06-01T17:08:21.191+0000] {processor.py:179} INFO - Processing /opt/airflow/dags/my_dag.py took 0.074 seconds
[2025-06-01T17:08:54.603+0000] {processor.py:157} INFO - Started process (PID=1061) to work on /opt/airflow/dags/my_dag.py
[2025-06-01T17:08:54.611+0000] {processor.py:829} INFO - Processing file /opt/airflow/dags/my_dag.py for tasks to queue
[2025-06-01T17:08:54.612+0000] {logging_mixin.py:154} INFO - [2025-06-01T17:08:54.612+0000] {dagbag.py:536} INFO - Filling up the DagBag from /opt/airflow/dags/my_dag.py
[2025-06-01T17:08:54.624+0000] {processor.py:839} INFO - DAG(s) dict_keys(['example_bash_operator']) retrieved from /opt/airflow/dags/my_dag.py
[2025-06-01T17:08:54.715+0000] {logging_mixin.py:154} INFO - [2025-06-01T17:08:54.715+0000] {dag.py:2941} INFO - Sync 1 DAGs
[2025-06-01T17:08:54.730+0000] {logging_mixin.py:154} INFO - [2025-06-01T17:08:54.730+0000] {dag.py:3722} INFO - Setting next_dagrun for example_bash_operator to 2025-06-01T00:00:00+00:00, run_after=2025-06-02T00:00:00+00:00
[2025-06-01T17:08:54.744+0000] {processor.py:179} INFO - Processing /opt/airflow/dags/my_dag.py took 0.144 seconds
[2025-06-01T17:09:28.493+0000] {processor.py:157} INFO - Started process (PID=1125) to work on /opt/airflow/dags/my_dag.py
[2025-06-01T17:09:28.498+0000] {processor.py:829} INFO - Processing file /opt/airflow/dags/my_dag.py for tasks to queue
[2025-06-01T17:09:28.498+0000] {logging_mixin.py:154} INFO - [2025-06-01T17:09:28.498+0000] {dagbag.py:536} INFO - Filling up the DagBag from /opt/airflow/dags/my_dag.py
[2025-06-01T17:09:28.508+0000] {processor.py:839} INFO - DAG(s) dict_keys(['example_bash_operator']) retrieved from /opt/airflow/dags/my_dag.py
[2025-06-01T17:09:28.528+0000] {logging_mixin.py:154} INFO - [2025-06-01T17:09:28.528+0000] {dag.py:2941} INFO - Sync 1 DAGs
[2025-06-01T17:09:28.546+0000] {logging_mixin.py:154} INFO - [2025-06-01T17:09:28.546+0000] {dag.py:3722} INFO - Setting next_dagrun for example_bash_operator to 2025-06-01T00:00:00+00:00, run_after=2025-06-02T00:00:00+00:00
[2025-06-01T17:09:28.558+0000] {processor.py:179} INFO - Processing /opt/airflow/dags/my_dag.py took 0.067 seconds
[2025-06-01T17:09:33.334+0000] {processor.py:157} INFO - Started process (PID=1182) to work on /opt/airflow/dags/my_dag.py
[2025-06-01T17:09:33.335+0000] {processor.py:829} INFO - Processing file /opt/airflow/dags/my_dag.py for tasks to queue
[2025-06-01T17:09:33.336+0000] {logging_mixin.py:154} INFO - [2025-06-01T17:09:33.336+0000] {dagbag.py:536} INFO - Filling up the DagBag from /opt/airflow/dags/my_dag.py
[2025-06-01T17:09:33.346+0000] {processor.py:839} INFO - DAG(s) dict_keys(['example_bash']) retrieved from /opt/airflow/dags/my_dag.py
[2025-06-01T17:09:33.428+0000] {logging_mixin.py:154} INFO - [2025-06-01T17:09:33.427+0000] {manager.py:499} INFO - Created Permission View: %s
[2025-06-01T17:09:33.435+0000] {logging_mixin.py:154} INFO - [2025-06-01T17:09:33.435+0000] {manager.py:499} INFO - Created Permission View: %s
[2025-06-01T17:09:33.440+0000] {logging_mixin.py:154} INFO - [2025-06-01T17:09:33.440+0000] {manager.py:499} INFO - Created Permission View: %s
[2025-06-01T17:09:33.440+0000] {logging_mixin.py:154} INFO - [2025-06-01T17:09:33.440+0000] {dag.py:2941} INFO - Sync 1 DAGs
[2025-06-01T17:09:33.567+0000] {logging_mixin.py:154} INFO - [2025-06-01T17:09:33.567+0000] {dag.py:2963} INFO - Creating ORM DAG for example_bash
[2025-06-01T17:09:33.574+0000] {logging_mixin.py:154} INFO - [2025-06-01T17:09:33.574+0000] {dag.py:3722} INFO - Setting next_dagrun for example_bash to 2025-05-31T00:00:00+00:00, run_after=2025-06-01T00:00:00+00:00
[2025-06-01T17:09:33.588+0000] {processor.py:179} INFO - Processing /opt/airflow/dags/my_dag.py took 0.256 seconds
[2025-06-01T17:09:44.646+0000] {processor.py:157} INFO - Started process (PID=1191) to work on /opt/airflow/dags/my_dag.py
[2025-06-01T17:09:44.647+0000] {processor.py:829} INFO - Processing file /opt/airflow/dags/my_dag.py for tasks to queue
[2025-06-01T17:09:44.648+0000] {logging_mixin.py:154} INFO - [2025-06-01T17:09:44.648+0000] {dagbag.py:536} INFO - Filling up the DagBag from /opt/airflow/dags/my_dag.py
[2025-06-01T17:09:44.657+0000] {processor.py:839} INFO - DAG(s) dict_keys(['example_bash']) retrieved from /opt/airflow/dags/my_dag.py
[2025-06-01T17:09:44.667+0000] {logging_mixin.py:154} INFO - [2025-06-01T17:09:44.667+0000] {dag.py:2941} INFO - Sync 1 DAGs
[2025-06-01T17:09:44.683+0000] {logging_mixin.py:154} INFO - [2025-06-01T17:09:44.683+0000] {dag.py:3722} INFO - Setting next_dagrun for example_bash to 2025-05-31T00:00:00+00:00, run_after=2025-06-01T00:00:00+00:00
[2025-06-01T17:09:44.696+0000] {processor.py:179} INFO - Processing /opt/airflow/dags/my_dag.py took 0.052 seconds
[2025-06-01T17:10:15.082+0000] {processor.py:157} INFO - Started process (PID=1255) to work on /opt/airflow/dags/my_dag.py
[2025-06-01T17:10:15.083+0000] {processor.py:829} INFO - Processing file /opt/airflow/dags/my_dag.py for tasks to queue
[2025-06-01T17:10:15.084+0000] {logging_mixin.py:154} INFO - [2025-06-01T17:10:15.084+0000] {dagbag.py:536} INFO - Filling up the DagBag from /opt/airflow/dags/my_dag.py
[2025-06-01T17:10:15.096+0000] {processor.py:839} INFO - DAG(s) dict_keys(['example_bash']) retrieved from /opt/airflow/dags/my_dag.py
[2025-06-01T17:10:15.130+0000] {logging_mixin.py:154} INFO - [2025-06-01T17:10:15.130+0000] {dag.py:2941} INFO - Sync 1 DAGs
[2025-06-01T17:10:15.151+0000] {logging_mixin.py:154} INFO - [2025-06-01T17:10:15.151+0000] {dag.py:3722} INFO - Setting next_dagrun for example_bash to 2025-05-31T00:00:00+00:00, run_after=2025-06-01T00:00:00+00:00
[2025-06-01T17:10:15.168+0000] {processor.py:179} INFO - Processing /opt/airflow/dags/my_dag.py took 0.090 seconds
[2025-06-01T17:10:25.121+0000] {processor.py:157} INFO - Started process (PID=1264) to work on /opt/airflow/dags/my_dag.py
[2025-06-01T17:10:25.122+0000] {processor.py:829} INFO - Processing file /opt/airflow/dags/my_dag.py for tasks to queue
[2025-06-01T17:10:25.122+0000] {logging_mixin.py:154} INFO - [2025-06-01T17:10:25.122+0000] {dagbag.py:536} INFO - Filling up the DagBag from /opt/airflow/dags/my_dag.py
[2025-06-01T17:10:25.138+0000] {processor.py:839} INFO - DAG(s) dict_keys(['example_bash']) retrieved from /opt/airflow/dags/my_dag.py
[2025-06-01T17:10:25.165+0000] {logging_mixin.py:154} INFO - [2025-06-01T17:10:25.164+0000] {dag.py:2941} INFO - Sync 1 DAGs
[2025-06-01T17:10:25.184+0000] {logging_mixin.py:154} INFO - [2025-06-01T17:10:25.184+0000] {dag.py:3722} INFO - Setting next_dagrun for example_bash to 2025-05-31T00:00:00+00:00, run_after=2025-06-01T00:00:00+00:00
[2025-06-01T17:10:25.203+0000] {processor.py:179} INFO - Processing /opt/airflow/dags/my_dag.py took 0.085 seconds
[2025-06-01T17:10:39.679+0000] {processor.py:157} INFO - Started process (PID=1320) to work on /opt/airflow/dags/my_dag.py
[2025-06-01T17:10:39.680+0000] {processor.py:829} INFO - Processing file /opt/airflow/dags/my_dag.py for tasks to queue
[2025-06-01T17:10:39.681+0000] {logging_mixin.py:154} INFO - [2025-06-01T17:10:39.681+0000] {dagbag.py:536} INFO - Filling up the DagBag from /opt/airflow/dags/my_dag.py
[2025-06-01T17:10:39.692+0000] {processor.py:839} INFO - DAG(s) dict_keys(['My_dag']) retrieved from /opt/airflow/dags/my_dag.py
[2025-06-01T17:10:39.806+0000] {logging_mixin.py:154} INFO - [2025-06-01T17:10:39.806+0000] {manager.py:499} INFO - Created Permission View: %s
[2025-06-01T17:10:39.814+0000] {logging_mixin.py:154} INFO - [2025-06-01T17:10:39.814+0000] {manager.py:499} INFO - Created Permission View: %s
[2025-06-01T17:10:39.819+0000] {logging_mixin.py:154} INFO - [2025-06-01T17:10:39.819+0000] {manager.py:499} INFO - Created Permission View: %s
[2025-06-01T17:10:39.819+0000] {logging_mixin.py:154} INFO - [2025-06-01T17:10:39.819+0000] {dag.py:2941} INFO - Sync 1 DAGs
[2025-06-01T17:10:39.829+0000] {logging_mixin.py:154} INFO - [2025-06-01T17:10:39.829+0000] {dag.py:2963} INFO - Creating ORM DAG for My_dag
[2025-06-01T17:10:39.838+0000] {logging_mixin.py:154} INFO - [2025-06-01T17:10:39.838+0000] {dag.py:3722} INFO - Setting next_dagrun for My_dag to 2025-05-31T00:00:00+00:00, run_after=2025-06-01T00:00:00+00:00
[2025-06-01T17:10:39.987+0000] {processor.py:179} INFO - Processing /opt/airflow/dags/my_dag.py took 0.311 seconds
[2025-06-01T17:10:41.691+0000] {processor.py:157} INFO - Started process (PID=1321) to work on /opt/airflow/dags/my_dag.py
[2025-06-01T17:10:41.692+0000] {processor.py:829} INFO - Processing file /opt/airflow/dags/my_dag.py for tasks to queue
[2025-06-01T17:10:41.693+0000] {logging_mixin.py:154} INFO - [2025-06-01T17:10:41.692+0000] {dagbag.py:536} INFO - Filling up the DagBag from /opt/airflow/dags/my_dag.py
[2025-06-01T17:10:41.702+0000] {processor.py:839} INFO - DAG(s) dict_keys(['My_dag']) retrieved from /opt/airflow/dags/my_dag.py
[2025-06-01T17:10:41.712+0000] {logging_mixin.py:154} INFO - [2025-06-01T17:10:41.712+0000] {dag.py:2941} INFO - Sync 1 DAGs
[2025-06-01T17:10:41.729+0000] {logging_mixin.py:154} INFO - [2025-06-01T17:10:41.729+0000] {dag.py:3722} INFO - Setting next_dagrun for My_dag to 2025-05-31T00:00:00+00:00, run_after=2025-06-01T00:00:00+00:00
[2025-06-01T17:10:41.742+0000] {processor.py:179} INFO - Processing /opt/airflow/dags/my_dag.py took 0.054 seconds
[2025-06-01T17:11:12.440+0000] {processor.py:157} INFO - Started process (PID=1385) to work on /opt/airflow/dags/my_dag.py
[2025-06-01T17:11:12.445+0000] {processor.py:829} INFO - Processing file /opt/airflow/dags/my_dag.py for tasks to queue
[2025-06-01T17:11:12.446+0000] {logging_mixin.py:154} INFO - [2025-06-01T17:11:12.445+0000] {dagbag.py:536} INFO - Filling up the DagBag from /opt/airflow/dags/my_dag.py
[2025-06-01T17:11:12.454+0000] {processor.py:839} INFO - DAG(s) dict_keys(['My_dag']) retrieved from /opt/airflow/dags/my_dag.py
[2025-06-01T17:11:12.476+0000] {logging_mixin.py:154} INFO - [2025-06-01T17:11:12.475+0000] {dag.py:2941} INFO - Sync 1 DAGs
[2025-06-01T17:11:12.490+0000] {logging_mixin.py:154} INFO - [2025-06-01T17:11:12.490+0000] {dag.py:3722} INFO - Setting next_dagrun for My_dag to 2025-05-31T00:00:00+00:00, run_after=2025-06-01T00:00:00+00:00
[2025-06-01T17:11:12.501+0000] {processor.py:179} INFO - Processing /opt/airflow/dags/my_dag.py took 0.063 seconds
[2025-06-01T17:11:43.178+0000] {processor.py:157} INFO - Started process (PID=1468) to work on /opt/airflow/dags/my_dag.py
[2025-06-01T17:11:43.179+0000] {processor.py:829} INFO - Processing file /opt/airflow/dags/my_dag.py for tasks to queue
[2025-06-01T17:11:43.180+0000] {logging_mixin.py:154} INFO - [2025-06-01T17:11:43.180+0000] {dagbag.py:536} INFO - Filling up the DagBag from /opt/airflow/dags/my_dag.py
[2025-06-01T17:11:43.189+0000] {processor.py:839} INFO - DAG(s) dict_keys(['My_dag']) retrieved from /opt/airflow/dags/my_dag.py
[2025-06-01T17:11:43.212+0000] {logging_mixin.py:154} INFO - [2025-06-01T17:11:43.212+0000] {dag.py:2941} INFO - Sync 1 DAGs
[2025-06-01T17:11:43.231+0000] {logging_mixin.py:154} INFO - [2025-06-01T17:11:43.231+0000] {dag.py:3722} INFO - Setting next_dagrun for My_dag to 2025-05-31T00:00:00+00:00, run_after=2025-06-01T00:00:00+00:00
[2025-06-01T17:11:43.247+0000] {processor.py:179} INFO - Processing /opt/airflow/dags/my_dag.py took 0.071 seconds
[2025-06-01T17:12:03.245+0000] {processor.py:157} INFO - Started process (PID=1477) to work on /opt/airflow/dags/my_dag.py
[2025-06-01T17:12:03.252+0000] {processor.py:829} INFO - Processing file /opt/airflow/dags/my_dag.py for tasks to queue
[2025-06-01T17:12:03.252+0000] {logging_mixin.py:154} INFO - [2025-06-01T17:12:03.252+0000] {dagbag.py:536} INFO - Filling up the DagBag from /opt/airflow/dags/my_dag.py
[2025-06-01T17:12:03.263+0000] {processor.py:839} INFO - DAG(s) dict_keys(['My_dag']) retrieved from /opt/airflow/dags/my_dag.py
[2025-06-01T17:12:03.287+0000] {logging_mixin.py:154} INFO - [2025-06-01T17:12:03.287+0000] {dag.py:2941} INFO - Sync 1 DAGs
[2025-06-01T17:12:03.303+0000] {logging_mixin.py:154} INFO - [2025-06-01T17:12:03.303+0000] {dag.py:3722} INFO - Setting next_dagrun for My_dag to 2025-05-31T00:00:00+00:00, run_after=2025-06-01T00:00:00+00:00
[2025-06-01T17:12:03.316+0000] {processor.py:179} INFO - Processing /opt/airflow/dags/my_dag.py took 0.073 seconds
[2025-06-01T17:12:04.330+0000] {processor.py:157} INFO - Started process (PID=1478) to work on /opt/airflow/dags/my_dag.py
[2025-06-01T17:12:04.330+0000] {processor.py:829} INFO - Processing file /opt/airflow/dags/my_dag.py for tasks to queue
[2025-06-01T17:12:04.331+0000] {logging_mixin.py:154} INFO - [2025-06-01T17:12:04.331+0000] {dagbag.py:536} INFO - Filling up the DagBag from /opt/airflow/dags/my_dag.py
[2025-06-01T17:12:04.341+0000] {processor.py:839} INFO - DAG(s) dict_keys(['My_dag']) retrieved from /opt/airflow/dags/my_dag.py
[2025-06-01T17:12:04.362+0000] {logging_mixin.py:154} INFO - [2025-06-01T17:12:04.362+0000] {dag.py:2941} INFO - Sync 1 DAGs
[2025-06-01T17:12:04.383+0000] {logging_mixin.py:154} INFO - [2025-06-01T17:12:04.383+0000] {dag.py:3722} INFO - Setting next_dagrun for My_dag to 2025-05-31T00:00:00+00:00, run_after=2025-06-01T00:00:00+00:00
[2025-06-01T17:12:04.415+0000] {processor.py:179} INFO - Processing /opt/airflow/dags/my_dag.py took 0.088 seconds
[2025-06-01T17:12:34.937+0000] {processor.py:157} INFO - Started process (PID=1550) to work on /opt/airflow/dags/my_dag.py
[2025-06-01T17:12:34.938+0000] {processor.py:829} INFO - Processing file /opt/airflow/dags/my_dag.py for tasks to queue
[2025-06-01T17:12:34.939+0000] {logging_mixin.py:154} INFO - [2025-06-01T17:12:34.939+0000] {dagbag.py:536} INFO - Filling up the DagBag from /opt/airflow/dags/my_dag.py
[2025-06-01T17:12:34.947+0000] {processor.py:839} INFO - DAG(s) dict_keys(['My_dag']) retrieved from /opt/airflow/dags/my_dag.py
[2025-06-01T17:12:34.968+0000] {logging_mixin.py:154} INFO - [2025-06-01T17:12:34.968+0000] {dag.py:2941} INFO - Sync 1 DAGs
[2025-06-01T17:12:34.983+0000] {logging_mixin.py:154} INFO - [2025-06-01T17:12:34.983+0000] {dag.py:3722} INFO - Setting next_dagrun for My_dag to 2025-05-31T00:00:00+00:00, run_after=2025-06-01T00:00:00+00:00
[2025-06-01T17:12:34.995+0000] {processor.py:179} INFO - Processing /opt/airflow/dags/my_dag.py took 0.060 seconds
[2025-06-01T17:13:05.381+0000] {processor.py:157} INFO - Started process (PID=1630) to work on /opt/airflow/dags/my_dag.py
[2025-06-01T17:13:05.383+0000] {processor.py:829} INFO - Processing file /opt/airflow/dags/my_dag.py for tasks to queue
[2025-06-01T17:13:05.383+0000] {logging_mixin.py:154} INFO - [2025-06-01T17:13:05.383+0000] {dagbag.py:536} INFO - Filling up the DagBag from /opt/airflow/dags/my_dag.py
[2025-06-01T17:13:05.392+0000] {processor.py:839} INFO - DAG(s) dict_keys(['My_dag']) retrieved from /opt/airflow/dags/my_dag.py
[2025-06-01T17:13:05.414+0000] {logging_mixin.py:154} INFO - [2025-06-01T17:13:05.414+0000] {dag.py:2941} INFO - Sync 1 DAGs
[2025-06-01T17:13:05.429+0000] {logging_mixin.py:154} INFO - [2025-06-01T17:13:05.429+0000] {dag.py:3722} INFO - Setting next_dagrun for My_dag to 2025-06-01T00:00:00+00:00, run_after=2025-06-02T00:00:00+00:00
[2025-06-01T17:13:05.442+0000] {processor.py:179} INFO - Processing /opt/airflow/dags/my_dag.py took 0.064 seconds
[2025-06-01T17:13:35.963+0000] {processor.py:157} INFO - Started process (PID=1694) to work on /opt/airflow/dags/my_dag.py
[2025-06-01T17:13:35.964+0000] {processor.py:829} INFO - Processing file /opt/airflow/dags/my_dag.py for tasks to queue
[2025-06-01T17:13:35.965+0000] {logging_mixin.py:154} INFO - [2025-06-01T17:13:35.965+0000] {dagbag.py:536} INFO - Filling up the DagBag from /opt/airflow/dags/my_dag.py
[2025-06-01T17:13:35.973+0000] {processor.py:839} INFO - DAG(s) dict_keys(['My_dag']) retrieved from /opt/airflow/dags/my_dag.py
[2025-06-01T17:13:35.993+0000] {logging_mixin.py:154} INFO - [2025-06-01T17:13:35.993+0000] {dag.py:2941} INFO - Sync 1 DAGs
[2025-06-01T17:13:36.008+0000] {logging_mixin.py:154} INFO - [2025-06-01T17:13:36.008+0000] {dag.py:3722} INFO - Setting next_dagrun for My_dag to 2025-06-01T00:00:00+00:00, run_after=2025-06-02T00:00:00+00:00
[2025-06-01T17:13:36.121+0000] {processor.py:179} INFO - Processing /opt/airflow/dags/my_dag.py took 0.160 seconds
[2025-06-01T17:14:06.663+0000] {processor.py:157} INFO - Started process (PID=1766) to work on /opt/airflow/dags/my_dag.py
[2025-06-01T17:14:06.670+0000] {processor.py:829} INFO - Processing file /opt/airflow/dags/my_dag.py for tasks to queue
[2025-06-01T17:14:06.671+0000] {logging_mixin.py:154} INFO - [2025-06-01T17:14:06.671+0000] {dagbag.py:536} INFO - Filling up the DagBag from /opt/airflow/dags/my_dag.py
[2025-06-01T17:14:06.679+0000] {processor.py:839} INFO - DAG(s) dict_keys(['My_dag']) retrieved from /opt/airflow/dags/my_dag.py
[2025-06-01T17:14:06.700+0000] {logging_mixin.py:154} INFO - [2025-06-01T17:14:06.700+0000] {dag.py:2941} INFO - Sync 1 DAGs
[2025-06-01T17:14:06.715+0000] {logging_mixin.py:154} INFO - [2025-06-01T17:14:06.715+0000] {dag.py:3722} INFO - Setting next_dagrun for My_dag to 2025-06-01T00:00:00+00:00, run_after=2025-06-02T00:00:00+00:00
[2025-06-01T17:14:06.726+0000] {processor.py:179} INFO - Processing /opt/airflow/dags/my_dag.py took 0.065 seconds
[2025-06-01T17:14:37.403+0000] {processor.py:157} INFO - Started process (PID=1830) to work on /opt/airflow/dags/my_dag.py
[2025-06-01T17:14:37.408+0000] {processor.py:829} INFO - Processing file /opt/airflow/dags/my_dag.py for tasks to queue
[2025-06-01T17:14:37.409+0000] {logging_mixin.py:154} INFO - [2025-06-01T17:14:37.408+0000] {dagbag.py:536} INFO - Filling up the DagBag from /opt/airflow/dags/my_dag.py
[2025-06-01T17:14:37.417+0000] {processor.py:839} INFO - DAG(s) dict_keys(['My_dag']) retrieved from /opt/airflow/dags/my_dag.py
[2025-06-01T17:14:37.437+0000] {logging_mixin.py:154} INFO - [2025-06-01T17:14:37.437+0000] {dag.py:2941} INFO - Sync 1 DAGs
[2025-06-01T17:14:37.452+0000] {logging_mixin.py:154} INFO - [2025-06-01T17:14:37.452+0000] {dag.py:3722} INFO - Setting next_dagrun for My_dag to 2025-06-01T00:00:00+00:00, run_after=2025-06-02T00:00:00+00:00
[2025-06-01T17:14:37.463+0000] {processor.py:179} INFO - Processing /opt/airflow/dags/my_dag.py took 0.062 seconds
[2025-06-01T17:15:07.846+0000] {processor.py:157} INFO - Started process (PID=1894) to work on /opt/airflow/dags/my_dag.py
[2025-06-01T17:15:07.847+0000] {processor.py:829} INFO - Processing file /opt/airflow/dags/my_dag.py for tasks to queue
[2025-06-01T17:15:07.847+0000] {logging_mixin.py:154} INFO - [2025-06-01T17:15:07.847+0000] {dagbag.py:536} INFO - Filling up the DagBag from /opt/airflow/dags/my_dag.py
[2025-06-01T17:15:07.856+0000] {processor.py:839} INFO - DAG(s) dict_keys(['My_dag']) retrieved from /opt/airflow/dags/my_dag.py
[2025-06-01T17:15:07.876+0000] {logging_mixin.py:154} INFO - [2025-06-01T17:15:07.876+0000] {dag.py:2941} INFO - Sync 1 DAGs
[2025-06-01T17:15:07.892+0000] {logging_mixin.py:154} INFO - [2025-06-01T17:15:07.891+0000] {dag.py:3722} INFO - Setting next_dagrun for My_dag to 2025-06-01T00:00:00+00:00, run_after=2025-06-02T00:00:00+00:00
[2025-06-01T17:15:07.903+0000] {processor.py:179} INFO - Processing /opt/airflow/dags/my_dag.py took 0.059 seconds
[2025-06-01T17:15:38.073+0000] {processor.py:157} INFO - Started process (PID=1966) to work on /opt/airflow/dags/my_dag.py
[2025-06-01T17:15:38.075+0000] {processor.py:829} INFO - Processing file /opt/airflow/dags/my_dag.py for tasks to queue
[2025-06-01T17:15:38.075+0000] {logging_mixin.py:154} INFO - [2025-06-01T17:15:38.075+0000] {dagbag.py:536} INFO - Filling up the DagBag from /opt/airflow/dags/my_dag.py
[2025-06-01T17:15:38.084+0000] {processor.py:839} INFO - DAG(s) dict_keys(['My_dag']) retrieved from /opt/airflow/dags/my_dag.py
[2025-06-01T17:15:38.104+0000] {logging_mixin.py:154} INFO - [2025-06-01T17:15:38.104+0000] {dag.py:2941} INFO - Sync 1 DAGs
[2025-06-01T17:15:38.220+0000] {logging_mixin.py:154} INFO - [2025-06-01T17:15:38.220+0000] {dag.py:3722} INFO - Setting next_dagrun for My_dag to 2025-06-01T00:00:00+00:00, run_after=2025-06-02T00:00:00+00:00
[2025-06-01T17:15:38.232+0000] {processor.py:179} INFO - Processing /opt/airflow/dags/my_dag.py took 0.161 seconds
[2025-06-01T17:16:09.674+0000] {processor.py:157} INFO - Started process (PID=2029) to work on /opt/airflow/dags/my_dag.py
[2025-06-01T17:16:09.675+0000] {processor.py:829} INFO - Processing file /opt/airflow/dags/my_dag.py for tasks to queue
[2025-06-01T17:16:09.675+0000] {logging_mixin.py:154} INFO - [2025-06-01T17:16:09.675+0000] {dagbag.py:536} INFO - Filling up the DagBag from /opt/airflow/dags/my_dag.py
[2025-06-01T17:16:09.685+0000] {processor.py:839} INFO - DAG(s) dict_keys(['My_dag']) retrieved from /opt/airflow/dags/my_dag.py
[2025-06-01T17:16:09.707+0000] {logging_mixin.py:154} INFO - [2025-06-01T17:16:09.707+0000] {dag.py:2941} INFO - Sync 1 DAGs
[2025-06-01T17:16:09.724+0000] {logging_mixin.py:154} INFO - [2025-06-01T17:16:09.724+0000] {dag.py:3722} INFO - Setting next_dagrun for My_dag to 2025-06-01T00:00:00+00:00, run_after=2025-06-02T00:00:00+00:00
[2025-06-01T17:16:09.841+0000] {processor.py:179} INFO - Processing /opt/airflow/dags/my_dag.py took 0.171 seconds
[2025-06-01T17:16:40.206+0000] {processor.py:157} INFO - Started process (PID=2055) to work on /opt/airflow/dags/my_dag.py
[2025-06-01T17:16:40.213+0000] {processor.py:829} INFO - Processing file /opt/airflow/dags/my_dag.py for tasks to queue
[2025-06-01T17:16:40.214+0000] {logging_mixin.py:154} INFO - [2025-06-01T17:16:40.214+0000] {dagbag.py:536} INFO - Filling up the DagBag from /opt/airflow/dags/my_dag.py
[2025-06-01T17:16:40.222+0000] {processor.py:839} INFO - DAG(s) dict_keys(['My_dag']) retrieved from /opt/airflow/dags/my_dag.py
[2025-06-01T17:16:40.245+0000] {logging_mixin.py:154} INFO - [2025-06-01T17:16:40.245+0000] {dag.py:2941} INFO - Sync 1 DAGs
[2025-06-01T17:16:40.383+0000] {logging_mixin.py:154} INFO - [2025-06-01T17:16:40.383+0000] {dag.py:3722} INFO - Setting next_dagrun for My_dag to 2025-06-01T00:00:00+00:00, run_after=2025-06-02T00:00:00+00:00
[2025-06-01T17:16:40.395+0000] {processor.py:179} INFO - Processing /opt/airflow/dags/my_dag.py took 0.191 seconds
[2025-06-01T17:17:13.570+0000] {processor.py:157} INFO - Started process (PID=2119) to work on /opt/airflow/dags/my_dag.py
[2025-06-01T17:17:13.571+0000] {processor.py:829} INFO - Processing file /opt/airflow/dags/my_dag.py for tasks to queue
[2025-06-01T17:17:13.571+0000] {logging_mixin.py:154} INFO - [2025-06-01T17:17:13.571+0000] {dagbag.py:536} INFO - Filling up the DagBag from /opt/airflow/dags/my_dag.py
[2025-06-01T17:17:13.579+0000] {processor.py:839} INFO - DAG(s) dict_keys(['My_dag']) retrieved from /opt/airflow/dags/my_dag.py
[2025-06-01T17:17:13.600+0000] {logging_mixin.py:154} INFO - [2025-06-01T17:17:13.600+0000] {dag.py:2941} INFO - Sync 1 DAGs
[2025-06-01T17:17:13.616+0000] {logging_mixin.py:154} INFO - [2025-06-01T17:17:13.616+0000] {dag.py:3722} INFO - Setting next_dagrun for My_dag to 2025-06-01T00:00:00+00:00, run_after=2025-06-02T00:00:00+00:00
[2025-06-01T17:17:13.736+0000] {processor.py:179} INFO - Processing /opt/airflow/dags/my_dag.py took 0.169 seconds
[2025-06-01T17:17:44.551+0000] {processor.py:157} INFO - Started process (PID=2191) to work on /opt/airflow/dags/my_dag.py
[2025-06-01T17:17:44.552+0000] {processor.py:829} INFO - Processing file /opt/airflow/dags/my_dag.py for tasks to queue
[2025-06-01T17:17:44.552+0000] {logging_mixin.py:154} INFO - [2025-06-01T17:17:44.552+0000] {dagbag.py:536} INFO - Filling up the DagBag from /opt/airflow/dags/my_dag.py
[2025-06-01T17:17:46.604+0000] {processor.py:839} INFO - DAG(s) dict_keys(['My_dag']) retrieved from /opt/airflow/dags/my_dag.py
[2025-06-01T17:17:46.627+0000] {logging_mixin.py:154} INFO - [2025-06-01T17:17:46.626+0000] {dag.py:2941} INFO - Sync 1 DAGs
[2025-06-01T17:17:46.642+0000] {logging_mixin.py:154} INFO - [2025-06-01T17:17:46.642+0000] {dag.py:3722} INFO - Setting next_dagrun for My_dag to 2025-06-01T00:00:00+00:00, run_after=2025-06-02T00:00:00+00:00
[2025-06-01T17:17:46.654+0000] {processor.py:179} INFO - Processing /opt/airflow/dags/my_dag.py took 0.063 seconds
[2025-06-01T17:18:19.951+0000] {processor.py:157} INFO - Started process (PID=2255) to work on /opt/airflow/dags/my_dag.py
[2025-06-01T17:18:19.952+0000] {processor.py:829} INFO - Processing file /opt/airflow/dags/my_dag.py for tasks to queue
[2025-06-01T17:18:19.953+0000] {logging_mixin.py:154} INFO - [2025-06-01T17:18:19.952+0000] {dagbag.py:536} INFO - Filling up the DagBag from /opt/airflow/dags/my_dag.py
[2025-06-01T17:18:19.961+0000] {processor.py:839} INFO - DAG(s) dict_keys(['My_dag']) retrieved from /opt/airflow/dags/my_dag.py
[2025-06-01T17:18:19.982+0000] {logging_mixin.py:154} INFO - [2025-06-01T17:18:19.982+0000] {dag.py:2941} INFO - Sync 1 DAGs
[2025-06-01T17:18:19.997+0000] {logging_mixin.py:154} INFO - [2025-06-01T17:18:19.997+0000] {dag.py:3722} INFO - Setting next_dagrun for My_dag to 2025-06-01T00:00:00+00:00, run_after=2025-06-02T00:00:00+00:00
[2025-06-01T17:18:20.009+0000] {processor.py:179} INFO - Processing /opt/airflow/dags/my_dag.py took 0.061 seconds
[2025-06-01T17:18:53.266+0000] {processor.py:157} INFO - Started process (PID=2327) to work on /opt/airflow/dags/my_dag.py
[2025-06-01T17:18:53.270+0000] {processor.py:829} INFO - Processing file /opt/airflow/dags/my_dag.py for tasks to queue
[2025-06-01T17:18:53.271+0000] {logging_mixin.py:154} INFO - [2025-06-01T17:18:53.271+0000] {dagbag.py:536} INFO - Filling up the DagBag from /opt/airflow/dags/my_dag.py
[2025-06-01T17:18:53.280+0000] {processor.py:839} INFO - DAG(s) dict_keys(['My_dag']) retrieved from /opt/airflow/dags/my_dag.py
[2025-06-01T17:18:53.301+0000] {logging_mixin.py:154} INFO - [2025-06-01T17:18:53.300+0000] {dag.py:2941} INFO - Sync 1 DAGs
[2025-06-01T17:18:53.316+0000] {logging_mixin.py:154} INFO - [2025-06-01T17:18:53.316+0000] {dag.py:3722} INFO - Setting next_dagrun for My_dag to 2025-06-01T00:00:00+00:00, run_after=2025-06-02T00:00:00+00:00
[2025-06-01T17:18:53.328+0000] {processor.py:179} INFO - Processing /opt/airflow/dags/my_dag.py took 0.066 seconds
[2025-06-01T17:19:26.466+0000] {processor.py:157} INFO - Started process (PID=2399) to work on /opt/airflow/dags/my_dag.py
[2025-06-01T17:19:26.467+0000] {processor.py:829} INFO - Processing file /opt/airflow/dags/my_dag.py for tasks to queue
[2025-06-01T17:19:26.467+0000] {logging_mixin.py:154} INFO - [2025-06-01T17:19:26.467+0000] {dagbag.py:536} INFO - Filling up the DagBag from /opt/airflow/dags/my_dag.py
[2025-06-01T17:19:26.480+0000] {processor.py:839} INFO - DAG(s) dict_keys(['My_dag']) retrieved from /opt/airflow/dags/my_dag.py
[2025-06-01T17:19:26.512+0000] {logging_mixin.py:154} INFO - [2025-06-01T17:19:26.512+0000] {dag.py:2941} INFO - Sync 1 DAGs
[2025-06-01T17:19:26.533+0000] {logging_mixin.py:154} INFO - [2025-06-01T17:19:26.532+0000] {dag.py:3722} INFO - Setting next_dagrun for My_dag to 2025-06-01T00:00:00+00:00, run_after=2025-06-02T00:00:00+00:00
[2025-06-01T17:19:26.545+0000] {processor.py:179} INFO - Processing /opt/airflow/dags/my_dag.py took 0.083 seconds
[2025-06-01T17:19:59.836+0000] {processor.py:157} INFO - Started process (PID=2463) to work on /opt/airflow/dags/my_dag.py
[2025-06-01T17:19:59.838+0000] {processor.py:829} INFO - Processing file /opt/airflow/dags/my_dag.py for tasks to queue
[2025-06-01T17:19:59.838+0000] {logging_mixin.py:154} INFO - [2025-06-01T17:19:59.838+0000] {dagbag.py:536} INFO - Filling up the DagBag from /opt/airflow/dags/my_dag.py
[2025-06-01T17:19:59.847+0000] {processor.py:839} INFO - DAG(s) dict_keys(['My_dag']) retrieved from /opt/airflow/dags/my_dag.py
[2025-06-01T17:19:59.868+0000] {logging_mixin.py:154} INFO - [2025-06-01T17:19:59.867+0000] {dag.py:2941} INFO - Sync 1 DAGs
[2025-06-01T17:19:59.883+0000] {logging_mixin.py:154} INFO - [2025-06-01T17:19:59.883+0000] {dag.py:3722} INFO - Setting next_dagrun for My_dag to 2025-06-01T00:00:00+00:00, run_after=2025-06-02T00:00:00+00:00
[2025-06-01T17:19:59.896+0000] {processor.py:179} INFO - Processing /opt/airflow/dags/my_dag.py took 0.062 seconds
[2025-06-01T17:20:33.049+0000] {processor.py:157} INFO - Started process (PID=2535) to work on /opt/airflow/dags/my_dag.py
[2025-06-01T17:20:33.050+0000] {processor.py:829} INFO - Processing file /opt/airflow/dags/my_dag.py for tasks to queue
[2025-06-01T17:20:33.050+0000] {logging_mixin.py:154} INFO - [2025-06-01T17:20:33.050+0000] {dagbag.py:536} INFO - Filling up the DagBag from /opt/airflow/dags/my_dag.py
[2025-06-01T17:20:33.062+0000] {processor.py:839} INFO - DAG(s) dict_keys(['My_dag']) retrieved from /opt/airflow/dags/my_dag.py
[2025-06-01T17:20:33.092+0000] {logging_mixin.py:154} INFO - [2025-06-01T17:20:33.092+0000] {dag.py:2941} INFO - Sync 1 DAGs
[2025-06-01T17:20:33.110+0000] {logging_mixin.py:154} INFO - [2025-06-01T17:20:33.110+0000] {dag.py:3722} INFO - Setting next_dagrun for My_dag to 2025-06-01T00:00:00+00:00, run_after=2025-06-02T00:00:00+00:00
[2025-06-01T17:20:33.123+0000] {processor.py:179} INFO - Processing /opt/airflow/dags/my_dag.py took 0.077 seconds
[2025-06-01T17:21:06.317+0000] {processor.py:157} INFO - Started process (PID=2600) to work on /opt/airflow/dags/my_dag.py
[2025-06-01T17:21:06.317+0000] {processor.py:829} INFO - Processing file /opt/airflow/dags/my_dag.py for tasks to queue
[2025-06-01T17:21:06.318+0000] {logging_mixin.py:154} INFO - [2025-06-01T17:21:06.318+0000] {dagbag.py:536} INFO - Filling up the DagBag from /opt/airflow/dags/my_dag.py
[2025-06-01T17:21:06.329+0000] {processor.py:839} INFO - DAG(s) dict_keys(['My_dag']) retrieved from /opt/airflow/dags/my_dag.py
[2025-06-01T17:21:06.351+0000] {logging_mixin.py:154} INFO - [2025-06-01T17:21:06.351+0000] {dag.py:2941} INFO - Sync 1 DAGs
[2025-06-01T17:21:06.367+0000] {logging_mixin.py:154} INFO - [2025-06-01T17:21:06.367+0000] {dag.py:3722} INFO - Setting next_dagrun for My_dag to 2025-06-01T00:00:00+00:00, run_after=2025-06-02T00:00:00+00:00
[2025-06-01T17:21:06.382+0000] {processor.py:179} INFO - Processing /opt/airflow/dags/my_dag.py took 0.068 seconds
[2025-06-01T17:21:39.550+0000] {processor.py:157} INFO - Started process (PID=2672) to work on /opt/airflow/dags/my_dag.py
[2025-06-01T17:21:39.551+0000] {processor.py:829} INFO - Processing file /opt/airflow/dags/my_dag.py for tasks to queue
[2025-06-01T17:21:39.552+0000] {logging_mixin.py:154} INFO - [2025-06-01T17:21:39.552+0000] {dagbag.py:536} INFO - Filling up the DagBag from /opt/airflow/dags/my_dag.py
[2025-06-01T17:21:39.561+0000] {processor.py:839} INFO - DAG(s) dict_keys(['My_dag']) retrieved from /opt/airflow/dags/my_dag.py
[2025-06-01T17:21:39.582+0000] {logging_mixin.py:154} INFO - [2025-06-01T17:21:39.582+0000] {dag.py:2941} INFO - Sync 1 DAGs
[2025-06-01T17:21:39.601+0000] {logging_mixin.py:154} INFO - [2025-06-01T17:21:39.601+0000] {dag.py:3722} INFO - Setting next_dagrun for My_dag to 2025-06-01T00:00:00+00:00, run_after=2025-06-02T00:00:00+00:00
[2025-06-01T17:21:39.616+0000] {processor.py:179} INFO - Processing /opt/airflow/dags/my_dag.py took 0.069 seconds
[2025-06-01T17:22:13.128+0000] {processor.py:157} INFO - Started process (PID=2736) to work on /opt/airflow/dags/my_dag.py
[2025-06-01T17:22:13.132+0000] {processor.py:829} INFO - Processing file /opt/airflow/dags/my_dag.py for tasks to queue
[2025-06-01T17:22:13.133+0000] {logging_mixin.py:154} INFO - [2025-06-01T17:22:13.133+0000] {dagbag.py:536} INFO - Filling up the DagBag from /opt/airflow/dags/my_dag.py
[2025-06-01T17:22:13.145+0000] {processor.py:839} INFO - DAG(s) dict_keys(['My_dag']) retrieved from /opt/airflow/dags/my_dag.py
[2025-06-01T17:22:13.167+0000] {logging_mixin.py:154} INFO - [2025-06-01T17:22:13.167+0000] {dag.py:2941} INFO - Sync 1 DAGs
[2025-06-01T17:22:13.184+0000] {logging_mixin.py:154} INFO - [2025-06-01T17:22:13.184+0000] {dag.py:3722} INFO - Setting next_dagrun for My_dag to 2025-06-01T00:00:00+00:00, run_after=2025-06-02T00:00:00+00:00
[2025-06-01T17:22:13.196+0000] {processor.py:179} INFO - Processing /opt/airflow/dags/my_dag.py took 0.071 seconds
[2025-06-01T17:22:46.642+0000] {processor.py:157} INFO - Started process (PID=2808) to work on /opt/airflow/dags/my_dag.py
[2025-06-01T17:22:46.643+0000] {processor.py:829} INFO - Processing file /opt/airflow/dags/my_dag.py for tasks to queue
[2025-06-01T17:22:46.644+0000] {logging_mixin.py:154} INFO - [2025-06-01T17:22:46.644+0000] {dagbag.py:536} INFO - Filling up the DagBag from /opt/airflow/dags/my_dag.py
[2025-06-01T17:22:46.652+0000] {processor.py:839} INFO - DAG(s) dict_keys(['My_dag']) retrieved from /opt/airflow/dags/my_dag.py
[2025-06-01T17:22:46.673+0000] {logging_mixin.py:154} INFO - [2025-06-01T17:22:46.673+0000] {dag.py:2941} INFO - Sync 1 DAGs
[2025-06-01T17:22:46.688+0000] {logging_mixin.py:154} INFO - [2025-06-01T17:22:46.687+0000] {dag.py:3722} INFO - Setting next_dagrun for My_dag to 2025-06-01T00:00:00+00:00, run_after=2025-06-02T00:00:00+00:00
[2025-06-01T17:22:46.700+0000] {processor.py:179} INFO - Processing /opt/airflow/dags/my_dag.py took 0.061 seconds
[2025-06-01T17:23:19.828+0000] {processor.py:157} INFO - Started process (PID=2880) to work on /opt/airflow/dags/my_dag.py
[2025-06-01T17:23:19.829+0000] {processor.py:829} INFO - Processing file /opt/airflow/dags/my_dag.py for tasks to queue
[2025-06-01T17:23:19.830+0000] {logging_mixin.py:154} INFO - [2025-06-01T17:23:19.830+0000] {dagbag.py:536} INFO - Filling up the DagBag from /opt/airflow/dags/my_dag.py
[2025-06-01T17:23:19.839+0000] {processor.py:839} INFO - DAG(s) dict_keys(['My_dag']) retrieved from /opt/airflow/dags/my_dag.py
[2025-06-01T17:23:19.864+0000] {logging_mixin.py:154} INFO - [2025-06-01T17:23:19.863+0000] {dag.py:2941} INFO - Sync 1 DAGs
[2025-06-01T17:23:19.879+0000] {logging_mixin.py:154} INFO - [2025-06-01T17:23:19.879+0000] {dag.py:3722} INFO - Setting next_dagrun for My_dag to 2025-06-01T00:00:00+00:00, run_after=2025-06-02T00:00:00+00:00
[2025-06-01T17:23:19.894+0000] {processor.py:179} INFO - Processing /opt/airflow/dags/my_dag.py took 0.069 seconds
[2025-06-01T17:23:53.093+0000] {processor.py:157} INFO - Started process (PID=2944) to work on /opt/airflow/dags/my_dag.py
[2025-06-01T17:23:53.097+0000] {processor.py:829} INFO - Processing file /opt/airflow/dags/my_dag.py for tasks to queue
[2025-06-01T17:23:53.098+0000] {logging_mixin.py:154} INFO - [2025-06-01T17:23:53.098+0000] {dagbag.py:536} INFO - Filling up the DagBag from /opt/airflow/dags/my_dag.py
[2025-06-01T17:23:53.107+0000] {processor.py:839} INFO - DAG(s) dict_keys(['My_dag']) retrieved from /opt/airflow/dags/my_dag.py
[2025-06-01T17:23:53.128+0000] {logging_mixin.py:154} INFO - [2025-06-01T17:23:53.128+0000] {dag.py:2941} INFO - Sync 1 DAGs
[2025-06-01T17:23:53.144+0000] {logging_mixin.py:154} INFO - [2025-06-01T17:23:53.144+0000] {dag.py:3722} INFO - Setting next_dagrun for My_dag to 2025-06-01T00:00:00+00:00, run_after=2025-06-02T00:00:00+00:00
[2025-06-01T17:23:53.156+0000] {processor.py:179} INFO - Processing /opt/airflow/dags/my_dag.py took 0.066 seconds
[2025-06-01T17:24:26.519+0000] {processor.py:157} INFO - Started process (PID=3016) to work on /opt/airflow/dags/my_dag.py
[2025-06-01T17:24:26.525+0000] {processor.py:829} INFO - Processing file /opt/airflow/dags/my_dag.py for tasks to queue
[2025-06-01T17:24:26.526+0000] {logging_mixin.py:154} INFO - [2025-06-01T17:24:26.525+0000] {dagbag.py:536} INFO - Filling up the DagBag from /opt/airflow/dags/my_dag.py
[2025-06-01T17:24:26.534+0000] {processor.py:839} INFO - DAG(s) dict_keys(['My_dag']) retrieved from /opt/airflow/dags/my_dag.py
[2025-06-01T17:24:26.555+0000] {logging_mixin.py:154} INFO - [2025-06-01T17:24:26.555+0000] {dag.py:2941} INFO - Sync 1 DAGs
[2025-06-01T17:24:26.575+0000] {logging_mixin.py:154} INFO - [2025-06-01T17:24:26.575+0000] {dag.py:3722} INFO - Setting next_dagrun for My_dag to 2025-06-01T00:00:00+00:00, run_after=2025-06-02T00:00:00+00:00
[2025-06-01T17:24:26.589+0000] {processor.py:179} INFO - Processing /opt/airflow/dags/my_dag.py took 0.073 seconds
[2025-06-01T17:24:59.058+0000] {processor.py:157} INFO - Started process (PID=3080) to work on /opt/airflow/dags/my_dag.py
[2025-06-01T17:24:59.065+0000] {processor.py:829} INFO - Processing file /opt/airflow/dags/my_dag.py for tasks to queue
[2025-06-01T17:24:59.065+0000] {logging_mixin.py:154} INFO - [2025-06-01T17:24:59.065+0000] {dagbag.py:536} INFO - Filling up the DagBag from /opt/airflow/dags/my_dag.py
[2025-06-01T17:24:59.073+0000] {processor.py:839} INFO - DAG(s) dict_keys(['My_dag']) retrieved from /opt/airflow/dags/my_dag.py
[2025-06-01T17:24:59.094+0000] {logging_mixin.py:154} INFO - [2025-06-01T17:24:59.094+0000] {dag.py:2941} INFO - Sync 1 DAGs
[2025-06-01T17:24:59.110+0000] {logging_mixin.py:154} INFO - [2025-06-01T17:24:59.110+0000] {dag.py:3722} INFO - Setting next_dagrun for My_dag to 2025-06-01T00:00:00+00:00, run_after=2025-06-02T00:00:00+00:00
[2025-06-01T17:24:59.122+0000] {processor.py:179} INFO - Processing /opt/airflow/dags/my_dag.py took 0.067 seconds
[2025-06-01T17:25:32.430+0000] {processor.py:157} INFO - Started process (PID=3152) to work on /opt/airflow/dags/my_dag.py
[2025-06-01T17:25:32.432+0000] {processor.py:829} INFO - Processing file /opt/airflow/dags/my_dag.py for tasks to queue
[2025-06-01T17:25:32.432+0000] {logging_mixin.py:154} INFO - [2025-06-01T17:25:32.432+0000] {dagbag.py:536} INFO - Filling up the DagBag from /opt/airflow/dags/my_dag.py
[2025-06-01T17:25:32.441+0000] {processor.py:839} INFO - DAG(s) dict_keys(['My_dag']) retrieved from /opt/airflow/dags/my_dag.py
[2025-06-01T17:25:32.464+0000] {logging_mixin.py:154} INFO - [2025-06-01T17:25:32.464+0000] {dag.py:2941} INFO - Sync 1 DAGs
[2025-06-01T17:25:32.479+0000] {logging_mixin.py:154} INFO - [2025-06-01T17:25:32.479+0000] {dag.py:3722} INFO - Setting next_dagrun for My_dag to 2025-06-01T00:00:00+00:00, run_after=2025-06-02T00:00:00+00:00
[2025-06-01T17:25:32.491+0000] {processor.py:179} INFO - Processing /opt/airflow/dags/my_dag.py took 0.064 seconds
[2025-06-01T17:26:05.519+0000] {processor.py:157} INFO - Started process (PID=3224) to work on /opt/airflow/dags/my_dag.py
[2025-06-01T17:26:05.520+0000] {processor.py:829} INFO - Processing file /opt/airflow/dags/my_dag.py for tasks to queue
[2025-06-01T17:26:05.521+0000] {logging_mixin.py:154} INFO - [2025-06-01T17:26:05.521+0000] {dagbag.py:536} INFO - Filling up the DagBag from /opt/airflow/dags/my_dag.py
[2025-06-01T17:26:05.532+0000] {processor.py:839} INFO - DAG(s) dict_keys(['My_dag']) retrieved from /opt/airflow/dags/my_dag.py
[2025-06-01T17:26:05.558+0000] {logging_mixin.py:154} INFO - [2025-06-01T17:26:05.558+0000] {dag.py:2941} INFO - Sync 1 DAGs
[2025-06-01T17:26:05.580+0000] {logging_mixin.py:154} INFO - [2025-06-01T17:26:05.580+0000] {dag.py:3722} INFO - Setting next_dagrun for My_dag to 2025-06-01T00:00:00+00:00, run_after=2025-06-02T00:00:00+00:00
[2025-06-01T17:26:05.595+0000] {processor.py:179} INFO - Processing /opt/airflow/dags/my_dag.py took 0.078 seconds
[2025-06-01T17:26:39.023+0000] {processor.py:157} INFO - Started process (PID=3288) to work on /opt/airflow/dags/my_dag.py
[2025-06-01T17:26:39.027+0000] {processor.py:829} INFO - Processing file /opt/airflow/dags/my_dag.py for tasks to queue
[2025-06-01T17:26:39.028+0000] {logging_mixin.py:154} INFO - [2025-06-01T17:26:39.028+0000] {dagbag.py:536} INFO - Filling up the DagBag from /opt/airflow/dags/my_dag.py
[2025-06-01T17:26:39.037+0000] {processor.py:839} INFO - DAG(s) dict_keys(['My_dag']) retrieved from /opt/airflow/dags/my_dag.py
[2025-06-01T17:26:39.058+0000] {logging_mixin.py:154} INFO - [2025-06-01T17:26:39.058+0000] {dag.py:2941} INFO - Sync 1 DAGs
[2025-06-01T17:26:39.073+0000] {logging_mixin.py:154} INFO - [2025-06-01T17:26:39.073+0000] {dag.py:3722} INFO - Setting next_dagrun for My_dag to 2025-06-01T00:00:00+00:00, run_after=2025-06-02T00:00:00+00:00
[2025-06-01T17:26:39.085+0000] {processor.py:179} INFO - Processing /opt/airflow/dags/my_dag.py took 0.066 seconds
[2025-06-01T17:27:12.658+0000] {processor.py:157} INFO - Started process (PID=3360) to work on /opt/airflow/dags/my_dag.py
[2025-06-01T17:27:12.659+0000] {processor.py:829} INFO - Processing file /opt/airflow/dags/my_dag.py for tasks to queue
[2025-06-01T17:27:12.660+0000] {logging_mixin.py:154} INFO - [2025-06-01T17:27:12.660+0000] {dagbag.py:536} INFO - Filling up the DagBag from /opt/airflow/dags/my_dag.py
[2025-06-01T17:27:12.669+0000] {processor.py:839} INFO - DAG(s) dict_keys(['My_dag']) retrieved from /opt/airflow/dags/my_dag.py
[2025-06-01T17:27:12.689+0000] {logging_mixin.py:154} INFO - [2025-06-01T17:27:12.689+0000] {dag.py:2941} INFO - Sync 1 DAGs
[2025-06-01T17:27:12.705+0000] {logging_mixin.py:154} INFO - [2025-06-01T17:27:12.705+0000] {dag.py:3722} INFO - Setting next_dagrun for My_dag to 2025-06-01T00:00:00+00:00, run_after=2025-06-02T00:00:00+00:00
[2025-06-01T17:27:12.718+0000] {processor.py:179} INFO - Processing /opt/airflow/dags/my_dag.py took 0.063 seconds
[2025-06-01T17:27:45.955+0000] {processor.py:157} INFO - Started process (PID=3424) to work on /opt/airflow/dags/my_dag.py
[2025-06-01T17:27:45.956+0000] {processor.py:829} INFO - Processing file /opt/airflow/dags/my_dag.py for tasks to queue
[2025-06-01T17:27:45.957+0000] {logging_mixin.py:154} INFO - [2025-06-01T17:27:45.957+0000] {dagbag.py:536} INFO - Filling up the DagBag from /opt/airflow/dags/my_dag.py
[2025-06-01T17:27:45.965+0000] {processor.py:839} INFO - DAG(s) dict_keys(['My_dag']) retrieved from /opt/airflow/dags/my_dag.py
[2025-06-01T17:27:45.987+0000] {logging_mixin.py:154} INFO - [2025-06-01T17:27:45.986+0000] {dag.py:2941} INFO - Sync 1 DAGs
[2025-06-01T17:27:46.003+0000] {logging_mixin.py:154} INFO - [2025-06-01T17:27:46.003+0000] {dag.py:3722} INFO - Setting next_dagrun for My_dag to 2025-06-01T00:00:00+00:00, run_after=2025-06-02T00:00:00+00:00
[2025-06-01T17:27:46.016+0000] {processor.py:179} INFO - Processing /opt/airflow/dags/my_dag.py took 0.064 seconds
[2025-06-01T17:28:19.276+0000] {processor.py:157} INFO - Started process (PID=3496) to work on /opt/airflow/dags/my_dag.py
[2025-06-01T17:28:19.281+0000] {processor.py:829} INFO - Processing file /opt/airflow/dags/my_dag.py for tasks to queue
[2025-06-01T17:28:19.282+0000] {logging_mixin.py:154} INFO - [2025-06-01T17:28:19.282+0000] {dagbag.py:536} INFO - Filling up the DagBag from /opt/airflow/dags/my_dag.py
[2025-06-01T17:28:19.290+0000] {processor.py:839} INFO - DAG(s) dict_keys(['My_dag']) retrieved from /opt/airflow/dags/my_dag.py
[2025-06-01T17:28:19.312+0000] {logging_mixin.py:154} INFO - [2025-06-01T17:28:19.311+0000] {dag.py:2941} INFO - Sync 1 DAGs
[2025-06-01T17:28:19.328+0000] {logging_mixin.py:154} INFO - [2025-06-01T17:28:19.327+0000] {dag.py:3722} INFO - Setting next_dagrun for My_dag to 2025-06-01T00:00:00+00:00, run_after=2025-06-02T00:00:00+00:00
[2025-06-01T17:28:19.339+0000] {processor.py:179} INFO - Processing /opt/airflow/dags/my_dag.py took 0.066 seconds
[2025-06-01T17:28:49.737+0000] {processor.py:157} INFO - Started process (PID=3560) to work on /opt/airflow/dags/my_dag.py
[2025-06-01T17:28:49.740+0000] {processor.py:829} INFO - Processing file /opt/airflow/dags/my_dag.py for tasks to queue
[2025-06-01T17:28:49.741+0000] {logging_mixin.py:154} INFO - [2025-06-01T17:28:49.741+0000] {dagbag.py:536} INFO - Filling up the DagBag from /opt/airflow/dags/my_dag.py
[2025-06-01T17:28:49.750+0000] {processor.py:839} INFO - DAG(s) dict_keys(['My_dag']) retrieved from /opt/airflow/dags/my_dag.py
[2025-06-01T17:28:51.820+0000] {logging_mixin.py:154} INFO - [2025-06-01T17:28:51.819+0000] {dag.py:2941} INFO - Sync 1 DAGs
[2025-06-01T17:28:51.837+0000] {logging_mixin.py:154} INFO - [2025-06-01T17:28:51.837+0000] {dag.py:3722} INFO - Setting next_dagrun for My_dag to 2025-06-01T00:00:00+00:00, run_after=2025-06-02T00:00:00+00:00
[2025-06-01T17:28:51.850+0000] {processor.py:179} INFO - Processing /opt/airflow/dags/my_dag.py took 0.068 seconds
