[2025-06-01T16:43:59.929+0000] {processor.py:153} INFO - Started process (PID=59) to work on /home/airflow/.local/lib/python3.7/site-packages/airflow/example_dags/example_sensors.py
[2025-06-01T16:43:59.930+0000] {processor.py:743} INFO - Processing file /home/airflow/.local/lib/python3.7/site-packages/airflow/example_dags/example_sensors.py for tasks to queue
[2025-06-01T16:43:59.931+0000] {logging_mixin.py:137} INFO - [2025-06-01T16:43:59.930+0000] {dagbag.py:538} INFO - Filling up the DagBag from /home/airflow/.local/lib/python3.7/site-packages/airflow/example_dags/example_sensors.py
[2025-06-01T16:43:59.950+0000] {processor.py:753} INFO - DAG(s) dict_keys(['example_sensors']) retrieved from /home/airflow/.local/lib/python3.7/site-packages/airflow/example_dags/example_sensors.py
[2025-06-01T16:43:59.974+0000] {logging_mixin.py:137} INFO - [2025-06-01T16:43:59.974+0000] {dag.py:2676} INFO - Sync 1 DAGs
[2025-06-01T16:44:00.000+0000] {logging_mixin.py:137} INFO - [2025-06-01T16:44:00.000+0000] {dag.py:3427} INFO - Setting next_dagrun for example_sensors to None, run_after=None
[2025-06-01T16:44:00.020+0000] {processor.py:175} INFO - Processing /home/airflow/.local/lib/python3.7/site-packages/airflow/example_dags/example_sensors.py took 0.093 seconds
[2025-06-01T16:44:33.380+0000] {processor.py:153} INFO - Started process (PID=118) to work on /home/airflow/.local/lib/python3.7/site-packages/airflow/example_dags/example_sensors.py
[2025-06-01T16:44:33.381+0000] {processor.py:743} INFO - Processing file /home/airflow/.local/lib/python3.7/site-packages/airflow/example_dags/example_sensors.py for tasks to queue
[2025-06-01T16:44:33.382+0000] {logging_mixin.py:137} INFO - [2025-06-01T16:44:33.382+0000] {dagbag.py:538} INFO - Filling up the DagBag from /home/airflow/.local/lib/python3.7/site-packages/airflow/example_dags/example_sensors.py
[2025-06-01T16:44:33.397+0000] {processor.py:753} INFO - DAG(s) dict_keys(['example_sensors']) retrieved from /home/airflow/.local/lib/python3.7/site-packages/airflow/example_dags/example_sensors.py
[2025-06-01T16:44:33.428+0000] {logging_mixin.py:137} INFO - [2025-06-01T16:44:33.428+0000] {dag.py:2676} INFO - Sync 1 DAGs
[2025-06-01T16:44:33.445+0000] {logging_mixin.py:137} INFO - [2025-06-01T16:44:33.445+0000] {dag.py:3427} INFO - Setting next_dagrun for example_sensors to None, run_after=None
[2025-06-01T16:44:33.458+0000] {processor.py:175} INFO - Processing /home/airflow/.local/lib/python3.7/site-packages/airflow/example_dags/example_sensors.py took 0.080 seconds
[2025-06-01T16:45:06.847+0000] {processor.py:153} INFO - Started process (PID=177) to work on /home/airflow/.local/lib/python3.7/site-packages/airflow/example_dags/example_sensors.py
[2025-06-01T16:45:06.848+0000] {processor.py:743} INFO - Processing file /home/airflow/.local/lib/python3.7/site-packages/airflow/example_dags/example_sensors.py for tasks to queue
[2025-06-01T16:45:06.848+0000] {logging_mixin.py:137} INFO - [2025-06-01T16:45:06.848+0000] {dagbag.py:538} INFO - Filling up the DagBag from /home/airflow/.local/lib/python3.7/site-packages/airflow/example_dags/example_sensors.py
[2025-06-01T16:45:06.862+0000] {processor.py:753} INFO - DAG(s) dict_keys(['example_sensors']) retrieved from /home/airflow/.local/lib/python3.7/site-packages/airflow/example_dags/example_sensors.py
[2025-06-01T16:45:06.891+0000] {logging_mixin.py:137} INFO - [2025-06-01T16:45:06.891+0000] {dag.py:2676} INFO - Sync 1 DAGs
[2025-06-01T16:45:06.909+0000] {logging_mixin.py:137} INFO - [2025-06-01T16:45:06.909+0000] {dag.py:3427} INFO - Setting next_dagrun for example_sensors to None, run_after=None
[2025-06-01T16:45:06.923+0000] {processor.py:175} INFO - Processing /home/airflow/.local/lib/python3.7/site-packages/airflow/example_dags/example_sensors.py took 0.079 seconds
[2025-06-01T16:45:40.217+0000] {processor.py:153} INFO - Started process (PID=236) to work on /home/airflow/.local/lib/python3.7/site-packages/airflow/example_dags/example_sensors.py
[2025-06-01T16:45:40.218+0000] {processor.py:743} INFO - Processing file /home/airflow/.local/lib/python3.7/site-packages/airflow/example_dags/example_sensors.py for tasks to queue
[2025-06-01T16:45:40.219+0000] {logging_mixin.py:137} INFO - [2025-06-01T16:45:40.219+0000] {dagbag.py:538} INFO - Filling up the DagBag from /home/airflow/.local/lib/python3.7/site-packages/airflow/example_dags/example_sensors.py
[2025-06-01T16:45:40.233+0000] {processor.py:753} INFO - DAG(s) dict_keys(['example_sensors']) retrieved from /home/airflow/.local/lib/python3.7/site-packages/airflow/example_dags/example_sensors.py
[2025-06-01T16:45:40.267+0000] {logging_mixin.py:137} INFO - [2025-06-01T16:45:40.267+0000] {dag.py:2676} INFO - Sync 1 DAGs
[2025-06-01T16:45:40.287+0000] {logging_mixin.py:137} INFO - [2025-06-01T16:45:40.287+0000] {dag.py:3427} INFO - Setting next_dagrun for example_sensors to None, run_after=None
[2025-06-01T16:45:40.302+0000] {processor.py:175} INFO - Processing /home/airflow/.local/lib/python3.7/site-packages/airflow/example_dags/example_sensors.py took 0.088 seconds
[2025-06-01T16:46:13.648+0000] {processor.py:153} INFO - Started process (PID=295) to work on /home/airflow/.local/lib/python3.7/site-packages/airflow/example_dags/example_sensors.py
[2025-06-01T16:46:13.649+0000] {processor.py:743} INFO - Processing file /home/airflow/.local/lib/python3.7/site-packages/airflow/example_dags/example_sensors.py for tasks to queue
[2025-06-01T16:46:13.650+0000] {logging_mixin.py:137} INFO - [2025-06-01T16:46:13.650+0000] {dagbag.py:538} INFO - Filling up the DagBag from /home/airflow/.local/lib/python3.7/site-packages/airflow/example_dags/example_sensors.py
[2025-06-01T16:46:13.665+0000] {processor.py:753} INFO - DAG(s) dict_keys(['example_sensors']) retrieved from /home/airflow/.local/lib/python3.7/site-packages/airflow/example_dags/example_sensors.py
[2025-06-01T16:46:13.696+0000] {logging_mixin.py:137} INFO - [2025-06-01T16:46:13.696+0000] {dag.py:2676} INFO - Sync 1 DAGs
[2025-06-01T16:46:13.712+0000] {logging_mixin.py:137} INFO - [2025-06-01T16:46:13.712+0000] {dag.py:3427} INFO - Setting next_dagrun for example_sensors to None, run_after=None
[2025-06-01T16:46:13.725+0000] {processor.py:175} INFO - Processing /home/airflow/.local/lib/python3.7/site-packages/airflow/example_dags/example_sensors.py took 0.080 seconds
[2025-06-01T16:46:45.814+0000] {processor.py:153} INFO - Started process (PID=354) to work on /home/airflow/.local/lib/python3.7/site-packages/airflow/example_dags/example_sensors.py
[2025-06-01T16:46:45.815+0000] {processor.py:743} INFO - Processing file /home/airflow/.local/lib/python3.7/site-packages/airflow/example_dags/example_sensors.py for tasks to queue
[2025-06-01T16:46:45.815+0000] {logging_mixin.py:137} INFO - [2025-06-01T16:46:45.815+0000] {dagbag.py:538} INFO - Filling up the DagBag from /home/airflow/.local/lib/python3.7/site-packages/airflow/example_dags/example_sensors.py
[2025-06-01T16:46:45.830+0000] {processor.py:753} INFO - DAG(s) dict_keys(['example_sensors']) retrieved from /home/airflow/.local/lib/python3.7/site-packages/airflow/example_dags/example_sensors.py
[2025-06-01T16:46:45.859+0000] {logging_mixin.py:137} INFO - [2025-06-01T16:46:45.858+0000] {dag.py:2676} INFO - Sync 1 DAGs
[2025-06-01T16:46:45.874+0000] {logging_mixin.py:137} INFO - [2025-06-01T16:46:45.874+0000] {dag.py:3427} INFO - Setting next_dagrun for example_sensors to None, run_after=None
[2025-06-01T16:46:45.887+0000] {processor.py:175} INFO - Processing /home/airflow/.local/lib/python3.7/site-packages/airflow/example_dags/example_sensors.py took 0.076 seconds
[2025-06-01T16:47:19.301+0000] {processor.py:153} INFO - Started process (PID=413) to work on /home/airflow/.local/lib/python3.7/site-packages/airflow/example_dags/example_sensors.py
[2025-06-01T16:47:19.302+0000] {processor.py:743} INFO - Processing file /home/airflow/.local/lib/python3.7/site-packages/airflow/example_dags/example_sensors.py for tasks to queue
[2025-06-01T16:47:19.302+0000] {logging_mixin.py:137} INFO - [2025-06-01T16:47:19.302+0000] {dagbag.py:538} INFO - Filling up the DagBag from /home/airflow/.local/lib/python3.7/site-packages/airflow/example_dags/example_sensors.py
[2025-06-01T16:47:19.320+0000] {processor.py:753} INFO - DAG(s) dict_keys(['example_sensors']) retrieved from /home/airflow/.local/lib/python3.7/site-packages/airflow/example_dags/example_sensors.py
[2025-06-01T16:47:19.353+0000] {logging_mixin.py:137} INFO - [2025-06-01T16:47:19.353+0000] {dag.py:2676} INFO - Sync 1 DAGs
[2025-06-01T16:47:19.368+0000] {logging_mixin.py:137} INFO - [2025-06-01T16:47:19.368+0000] {dag.py:3427} INFO - Setting next_dagrun for example_sensors to None, run_after=None
[2025-06-01T16:47:19.385+0000] {processor.py:175} INFO - Processing /home/airflow/.local/lib/python3.7/site-packages/airflow/example_dags/example_sensors.py took 0.088 seconds
[2025-06-01T16:51:59.304+0000] {processor.py:157} INFO - Started process (PID=66) to work on /home/airflow/.local/lib/python3.8/site-packages/airflow/example_dags/example_sensors.py
[2025-06-01T16:51:59.305+0000] {processor.py:829} INFO - Processing file /home/airflow/.local/lib/python3.8/site-packages/airflow/example_dags/example_sensors.py for tasks to queue
[2025-06-01T16:51:59.307+0000] {logging_mixin.py:154} INFO - [2025-06-01T16:51:59.307+0000] {dagbag.py:536} INFO - Filling up the DagBag from /home/airflow/.local/lib/python3.8/site-packages/airflow/example_dags/example_sensors.py
[2025-06-01T16:51:59.316+0000] {processor.py:839} INFO - DAG(s) dict_keys(['example_sensors']) retrieved from /home/airflow/.local/lib/python3.8/site-packages/airflow/example_dags/example_sensors.py
[2025-06-01T16:51:59.328+0000] {logging_mixin.py:154} INFO - [2025-06-01T16:51:59.327+0000] {dag.py:2941} INFO - Sync 1 DAGs
[2025-06-01T16:51:59.343+0000] {logging_mixin.py:154} INFO - [2025-06-01T16:51:59.342+0000] {dag.py:3722} INFO - Setting next_dagrun for example_sensors to None, run_after=None
[2025-06-01T16:51:59.361+0000] {processor.py:179} INFO - Processing /home/airflow/.local/lib/python3.8/site-packages/airflow/example_dags/example_sensors.py took 0.060 seconds
[2025-06-01T16:52:29.700+0000] {processor.py:157} INFO - Started process (PID=127) to work on /home/airflow/.local/lib/python3.8/site-packages/airflow/example_dags/example_sensors.py
[2025-06-01T16:52:29.701+0000] {processor.py:829} INFO - Processing file /home/airflow/.local/lib/python3.8/site-packages/airflow/example_dags/example_sensors.py for tasks to queue
[2025-06-01T16:52:29.703+0000] {logging_mixin.py:154} INFO - [2025-06-01T16:52:29.703+0000] {dagbag.py:536} INFO - Filling up the DagBag from /home/airflow/.local/lib/python3.8/site-packages/airflow/example_dags/example_sensors.py
[2025-06-01T16:52:29.711+0000] {processor.py:839} INFO - DAG(s) dict_keys(['example_sensors']) retrieved from /home/airflow/.local/lib/python3.8/site-packages/airflow/example_dags/example_sensors.py
[2025-06-01T16:52:29.731+0000] {logging_mixin.py:154} INFO - [2025-06-01T16:52:29.731+0000] {dag.py:2941} INFO - Sync 1 DAGs
[2025-06-01T16:52:29.740+0000] {logging_mixin.py:154} INFO - [2025-06-01T16:52:29.740+0000] {dag.py:3722} INFO - Setting next_dagrun for example_sensors to None, run_after=None
[2025-06-01T16:52:29.753+0000] {processor.py:179} INFO - Processing /home/airflow/.local/lib/python3.8/site-packages/airflow/example_dags/example_sensors.py took 0.055 seconds
[2025-06-01T16:53:00.053+0000] {processor.py:157} INFO - Started process (PID=211) to work on /home/airflow/.local/lib/python3.8/site-packages/airflow/example_dags/example_sensors.py
[2025-06-01T16:53:00.055+0000] {processor.py:829} INFO - Processing file /home/airflow/.local/lib/python3.8/site-packages/airflow/example_dags/example_sensors.py for tasks to queue
[2025-06-01T16:53:00.058+0000] {logging_mixin.py:154} INFO - [2025-06-01T16:53:00.057+0000] {dagbag.py:536} INFO - Filling up the DagBag from /home/airflow/.local/lib/python3.8/site-packages/airflow/example_dags/example_sensors.py
[2025-06-01T16:53:00.067+0000] {processor.py:839} INFO - DAG(s) dict_keys(['example_sensors']) retrieved from /home/airflow/.local/lib/python3.8/site-packages/airflow/example_dags/example_sensors.py
[2025-06-01T16:53:00.088+0000] {logging_mixin.py:154} INFO - [2025-06-01T16:53:00.088+0000] {dag.py:2941} INFO - Sync 1 DAGs
[2025-06-01T16:53:00.097+0000] {logging_mixin.py:154} INFO - [2025-06-01T16:53:00.097+0000] {dag.py:3722} INFO - Setting next_dagrun for example_sensors to None, run_after=None
[2025-06-01T16:53:00.113+0000] {processor.py:179} INFO - Processing /home/airflow/.local/lib/python3.8/site-packages/airflow/example_dags/example_sensors.py took 0.064 seconds
[2025-06-01T16:53:30.194+0000] {processor.py:157} INFO - Started process (PID=279) to work on /home/airflow/.local/lib/python3.8/site-packages/airflow/example_dags/example_sensors.py
[2025-06-01T16:53:30.196+0000] {processor.py:829} INFO - Processing file /home/airflow/.local/lib/python3.8/site-packages/airflow/example_dags/example_sensors.py for tasks to queue
[2025-06-01T16:53:30.198+0000] {logging_mixin.py:154} INFO - [2025-06-01T16:53:30.197+0000] {dagbag.py:536} INFO - Filling up the DagBag from /home/airflow/.local/lib/python3.8/site-packages/airflow/example_dags/example_sensors.py
[2025-06-01T16:53:30.205+0000] {processor.py:839} INFO - DAG(s) dict_keys(['example_sensors']) retrieved from /home/airflow/.local/lib/python3.8/site-packages/airflow/example_dags/example_sensors.py
[2025-06-01T16:53:30.223+0000] {logging_mixin.py:154} INFO - [2025-06-01T16:53:30.223+0000] {dag.py:2941} INFO - Sync 1 DAGs
[2025-06-01T16:53:30.232+0000] {logging_mixin.py:154} INFO - [2025-06-01T16:53:30.232+0000] {dag.py:3722} INFO - Setting next_dagrun for example_sensors to None, run_after=None
[2025-06-01T16:53:30.245+0000] {processor.py:179} INFO - Processing /home/airflow/.local/lib/python3.8/site-packages/airflow/example_dags/example_sensors.py took 0.054 seconds
[2025-06-01T16:54:00.610+0000] {processor.py:157} INFO - Started process (PID=340) to work on /home/airflow/.local/lib/python3.8/site-packages/airflow/example_dags/example_sensors.py
[2025-06-01T16:54:00.611+0000] {processor.py:829} INFO - Processing file /home/airflow/.local/lib/python3.8/site-packages/airflow/example_dags/example_sensors.py for tasks to queue
[2025-06-01T16:54:00.613+0000] {logging_mixin.py:154} INFO - [2025-06-01T16:54:00.612+0000] {dagbag.py:536} INFO - Filling up the DagBag from /home/airflow/.local/lib/python3.8/site-packages/airflow/example_dags/example_sensors.py
[2025-06-01T16:54:00.619+0000] {processor.py:839} INFO - DAG(s) dict_keys(['example_sensors']) retrieved from /home/airflow/.local/lib/python3.8/site-packages/airflow/example_dags/example_sensors.py
[2025-06-01T16:54:00.639+0000] {logging_mixin.py:154} INFO - [2025-06-01T16:54:00.639+0000] {dag.py:2941} INFO - Sync 1 DAGs
[2025-06-01T16:54:00.647+0000] {logging_mixin.py:154} INFO - [2025-06-01T16:54:00.647+0000] {dag.py:3722} INFO - Setting next_dagrun for example_sensors to None, run_after=None
[2025-06-01T16:54:00.660+0000] {processor.py:179} INFO - Processing /home/airflow/.local/lib/python3.8/site-packages/airflow/example_dags/example_sensors.py took 0.053 seconds
[2025-06-01T16:54:31.385+0000] {processor.py:157} INFO - Started process (PID=408) to work on /home/airflow/.local/lib/python3.8/site-packages/airflow/example_dags/example_sensors.py
[2025-06-01T16:54:31.386+0000] {processor.py:829} INFO - Processing file /home/airflow/.local/lib/python3.8/site-packages/airflow/example_dags/example_sensors.py for tasks to queue
[2025-06-01T16:54:31.388+0000] {logging_mixin.py:154} INFO - [2025-06-01T16:54:31.388+0000] {dagbag.py:536} INFO - Filling up the DagBag from /home/airflow/.local/lib/python3.8/site-packages/airflow/example_dags/example_sensors.py
[2025-06-01T16:54:31.399+0000] {processor.py:839} INFO - DAG(s) dict_keys(['example_sensors']) retrieved from /home/airflow/.local/lib/python3.8/site-packages/airflow/example_dags/example_sensors.py
[2025-06-01T16:54:31.417+0000] {logging_mixin.py:154} INFO - [2025-06-01T16:54:31.417+0000] {dag.py:2941} INFO - Sync 1 DAGs
[2025-06-01T16:54:31.425+0000] {logging_mixin.py:154} INFO - [2025-06-01T16:54:31.425+0000] {dag.py:3722} INFO - Setting next_dagrun for example_sensors to None, run_after=None
[2025-06-01T16:54:31.437+0000] {processor.py:179} INFO - Processing /home/airflow/.local/lib/python3.8/site-packages/airflow/example_dags/example_sensors.py took 0.054 seconds
[2025-06-01T16:55:04.618+0000] {processor.py:157} INFO - Started process (PID=476) to work on /home/airflow/.local/lib/python3.8/site-packages/airflow/example_dags/example_sensors.py
[2025-06-01T16:55:04.619+0000] {processor.py:829} INFO - Processing file /home/airflow/.local/lib/python3.8/site-packages/airflow/example_dags/example_sensors.py for tasks to queue
[2025-06-01T16:55:04.621+0000] {logging_mixin.py:154} INFO - [2025-06-01T16:55:04.621+0000] {dagbag.py:536} INFO - Filling up the DagBag from /home/airflow/.local/lib/python3.8/site-packages/airflow/example_dags/example_sensors.py
[2025-06-01T16:55:04.627+0000] {processor.py:839} INFO - DAG(s) dict_keys(['example_sensors']) retrieved from /home/airflow/.local/lib/python3.8/site-packages/airflow/example_dags/example_sensors.py
[2025-06-01T16:55:04.647+0000] {logging_mixin.py:154} INFO - [2025-06-01T16:55:04.647+0000] {dag.py:2941} INFO - Sync 1 DAGs
[2025-06-01T16:55:04.656+0000] {logging_mixin.py:154} INFO - [2025-06-01T16:55:04.656+0000] {dag.py:3722} INFO - Setting next_dagrun for example_sensors to None, run_after=None
[2025-06-01T16:55:04.669+0000] {processor.py:179} INFO - Processing /home/airflow/.local/lib/python3.8/site-packages/airflow/example_dags/example_sensors.py took 0.054 seconds
[2025-06-01T16:55:37.694+0000] {processor.py:157} INFO - Started process (PID=544) to work on /home/airflow/.local/lib/python3.8/site-packages/airflow/example_dags/example_sensors.py
[2025-06-01T16:55:37.695+0000] {processor.py:829} INFO - Processing file /home/airflow/.local/lib/python3.8/site-packages/airflow/example_dags/example_sensors.py for tasks to queue
[2025-06-01T16:55:37.697+0000] {logging_mixin.py:154} INFO - [2025-06-01T16:55:37.697+0000] {dagbag.py:536} INFO - Filling up the DagBag from /home/airflow/.local/lib/python3.8/site-packages/airflow/example_dags/example_sensors.py
[2025-06-01T16:55:37.704+0000] {processor.py:839} INFO - DAG(s) dict_keys(['example_sensors']) retrieved from /home/airflow/.local/lib/python3.8/site-packages/airflow/example_dags/example_sensors.py
[2025-06-01T16:55:37.725+0000] {logging_mixin.py:154} INFO - [2025-06-01T16:55:37.725+0000] {dag.py:2941} INFO - Sync 1 DAGs
[2025-06-01T16:55:37.735+0000] {logging_mixin.py:154} INFO - [2025-06-01T16:55:37.735+0000] {dag.py:3722} INFO - Setting next_dagrun for example_sensors to None, run_after=None
[2025-06-01T16:55:37.747+0000] {processor.py:179} INFO - Processing /home/airflow/.local/lib/python3.8/site-packages/airflow/example_dags/example_sensors.py took 0.056 seconds
[2025-06-01T16:56:11.015+0000] {processor.py:157} INFO - Started process (PID=612) to work on /home/airflow/.local/lib/python3.8/site-packages/airflow/example_dags/example_sensors.py
[2025-06-01T16:56:11.016+0000] {processor.py:829} INFO - Processing file /home/airflow/.local/lib/python3.8/site-packages/airflow/example_dags/example_sensors.py for tasks to queue
[2025-06-01T16:56:11.017+0000] {logging_mixin.py:154} INFO - [2025-06-01T16:56:11.017+0000] {dagbag.py:536} INFO - Filling up the DagBag from /home/airflow/.local/lib/python3.8/site-packages/airflow/example_dags/example_sensors.py
[2025-06-01T16:56:11.024+0000] {processor.py:839} INFO - DAG(s) dict_keys(['example_sensors']) retrieved from /home/airflow/.local/lib/python3.8/site-packages/airflow/example_dags/example_sensors.py
[2025-06-01T16:56:11.050+0000] {logging_mixin.py:154} INFO - [2025-06-01T16:56:11.050+0000] {dag.py:2941} INFO - Sync 1 DAGs
[2025-06-01T16:56:11.061+0000] {logging_mixin.py:154} INFO - [2025-06-01T16:56:11.061+0000] {dag.py:3722} INFO - Setting next_dagrun for example_sensors to None, run_after=None
[2025-06-01T16:56:11.075+0000] {processor.py:179} INFO - Processing /home/airflow/.local/lib/python3.8/site-packages/airflow/example_dags/example_sensors.py took 0.063 seconds
[2025-06-01T16:56:44.539+0000] {processor.py:157} INFO - Started process (PID=680) to work on /home/airflow/.local/lib/python3.8/site-packages/airflow/example_dags/example_sensors.py
[2025-06-01T16:56:44.540+0000] {processor.py:829} INFO - Processing file /home/airflow/.local/lib/python3.8/site-packages/airflow/example_dags/example_sensors.py for tasks to queue
[2025-06-01T16:56:44.542+0000] {logging_mixin.py:154} INFO - [2025-06-01T16:56:44.542+0000] {dagbag.py:536} INFO - Filling up the DagBag from /home/airflow/.local/lib/python3.8/site-packages/airflow/example_dags/example_sensors.py
[2025-06-01T16:56:44.548+0000] {processor.py:839} INFO - DAG(s) dict_keys(['example_sensors']) retrieved from /home/airflow/.local/lib/python3.8/site-packages/airflow/example_dags/example_sensors.py
[2025-06-01T16:56:44.565+0000] {logging_mixin.py:154} INFO - [2025-06-01T16:56:44.565+0000] {dag.py:2941} INFO - Sync 1 DAGs
[2025-06-01T16:56:44.573+0000] {logging_mixin.py:154} INFO - [2025-06-01T16:56:44.573+0000] {dag.py:3722} INFO - Setting next_dagrun for example_sensors to None, run_after=None
[2025-06-01T16:56:44.584+0000] {processor.py:179} INFO - Processing /home/airflow/.local/lib/python3.8/site-packages/airflow/example_dags/example_sensors.py took 0.048 seconds
[2025-06-01T16:57:17.677+0000] {processor.py:157} INFO - Started process (PID=748) to work on /home/airflow/.local/lib/python3.8/site-packages/airflow/example_dags/example_sensors.py
[2025-06-01T16:57:17.678+0000] {processor.py:829} INFO - Processing file /home/airflow/.local/lib/python3.8/site-packages/airflow/example_dags/example_sensors.py for tasks to queue
[2025-06-01T16:57:17.680+0000] {logging_mixin.py:154} INFO - [2025-06-01T16:57:17.680+0000] {dagbag.py:536} INFO - Filling up the DagBag from /home/airflow/.local/lib/python3.8/site-packages/airflow/example_dags/example_sensors.py
[2025-06-01T16:57:17.686+0000] {processor.py:839} INFO - DAG(s) dict_keys(['example_sensors']) retrieved from /home/airflow/.local/lib/python3.8/site-packages/airflow/example_dags/example_sensors.py
[2025-06-01T16:57:17.705+0000] {logging_mixin.py:154} INFO - [2025-06-01T16:57:17.704+0000] {dag.py:2941} INFO - Sync 1 DAGs
[2025-06-01T16:57:17.713+0000] {logging_mixin.py:154} INFO - [2025-06-01T16:57:17.713+0000] {dag.py:3722} INFO - Setting next_dagrun for example_sensors to None, run_after=None
[2025-06-01T16:57:17.725+0000] {processor.py:179} INFO - Processing /home/airflow/.local/lib/python3.8/site-packages/airflow/example_dags/example_sensors.py took 0.050 seconds
[2025-06-01T16:57:50.914+0000] {processor.py:157} INFO - Started process (PID=816) to work on /home/airflow/.local/lib/python3.8/site-packages/airflow/example_dags/example_sensors.py
[2025-06-01T16:57:50.915+0000] {processor.py:829} INFO - Processing file /home/airflow/.local/lib/python3.8/site-packages/airflow/example_dags/example_sensors.py for tasks to queue
[2025-06-01T16:57:50.916+0000] {logging_mixin.py:154} INFO - [2025-06-01T16:57:50.916+0000] {dagbag.py:536} INFO - Filling up the DagBag from /home/airflow/.local/lib/python3.8/site-packages/airflow/example_dags/example_sensors.py
[2025-06-01T16:57:50.922+0000] {processor.py:839} INFO - DAG(s) dict_keys(['example_sensors']) retrieved from /home/airflow/.local/lib/python3.8/site-packages/airflow/example_dags/example_sensors.py
[2025-06-01T16:57:50.941+0000] {logging_mixin.py:154} INFO - [2025-06-01T16:57:50.941+0000] {dag.py:2941} INFO - Sync 1 DAGs
[2025-06-01T16:57:50.949+0000] {logging_mixin.py:154} INFO - [2025-06-01T16:57:50.949+0000] {dag.py:3722} INFO - Setting next_dagrun for example_sensors to None, run_after=None
[2025-06-01T16:57:50.961+0000] {processor.py:179} INFO - Processing /home/airflow/.local/lib/python3.8/site-packages/airflow/example_dags/example_sensors.py took 0.050 seconds
[2025-06-01T16:58:24.098+0000] {processor.py:157} INFO - Started process (PID=885) to work on /home/airflow/.local/lib/python3.8/site-packages/airflow/example_dags/example_sensors.py
[2025-06-01T16:58:24.099+0000] {processor.py:829} INFO - Processing file /home/airflow/.local/lib/python3.8/site-packages/airflow/example_dags/example_sensors.py for tasks to queue
[2025-06-01T16:58:24.101+0000] {logging_mixin.py:154} INFO - [2025-06-01T16:58:24.100+0000] {dagbag.py:536} INFO - Filling up the DagBag from /home/airflow/.local/lib/python3.8/site-packages/airflow/example_dags/example_sensors.py
[2025-06-01T16:58:24.108+0000] {processor.py:839} INFO - DAG(s) dict_keys(['example_sensors']) retrieved from /home/airflow/.local/lib/python3.8/site-packages/airflow/example_dags/example_sensors.py
[2025-06-01T16:58:24.128+0000] {logging_mixin.py:154} INFO - [2025-06-01T16:58:24.127+0000] {dag.py:2941} INFO - Sync 1 DAGs
[2025-06-01T16:58:24.136+0000] {logging_mixin.py:154} INFO - [2025-06-01T16:58:24.136+0000] {dag.py:3722} INFO - Setting next_dagrun for example_sensors to None, run_after=None
[2025-06-01T16:58:24.148+0000] {processor.py:179} INFO - Processing /home/airflow/.local/lib/python3.8/site-packages/airflow/example_dags/example_sensors.py took 0.053 seconds
[2025-06-01T16:58:57.232+0000] {processor.py:157} INFO - Started process (PID=953) to work on /home/airflow/.local/lib/python3.8/site-packages/airflow/example_dags/example_sensors.py
[2025-06-01T16:58:57.233+0000] {processor.py:829} INFO - Processing file /home/airflow/.local/lib/python3.8/site-packages/airflow/example_dags/example_sensors.py for tasks to queue
[2025-06-01T16:58:57.235+0000] {logging_mixin.py:154} INFO - [2025-06-01T16:58:57.235+0000] {dagbag.py:536} INFO - Filling up the DagBag from /home/airflow/.local/lib/python3.8/site-packages/airflow/example_dags/example_sensors.py
[2025-06-01T16:58:57.242+0000] {processor.py:839} INFO - DAG(s) dict_keys(['example_sensors']) retrieved from /home/airflow/.local/lib/python3.8/site-packages/airflow/example_dags/example_sensors.py
[2025-06-01T16:58:57.263+0000] {logging_mixin.py:154} INFO - [2025-06-01T16:58:57.263+0000] {dag.py:2941} INFO - Sync 1 DAGs
[2025-06-01T16:58:57.272+0000] {logging_mixin.py:154} INFO - [2025-06-01T16:58:57.272+0000] {dag.py:3722} INFO - Setting next_dagrun for example_sensors to None, run_after=None
[2025-06-01T16:58:57.287+0000] {processor.py:179} INFO - Processing /home/airflow/.local/lib/python3.8/site-packages/airflow/example_dags/example_sensors.py took 0.059 seconds
[2025-06-01T16:59:30.714+0000] {processor.py:157} INFO - Started process (PID=1021) to work on /home/airflow/.local/lib/python3.8/site-packages/airflow/example_dags/example_sensors.py
[2025-06-01T16:59:30.715+0000] {processor.py:829} INFO - Processing file /home/airflow/.local/lib/python3.8/site-packages/airflow/example_dags/example_sensors.py for tasks to queue
[2025-06-01T16:59:30.717+0000] {logging_mixin.py:154} INFO - [2025-06-01T16:59:30.717+0000] {dagbag.py:536} INFO - Filling up the DagBag from /home/airflow/.local/lib/python3.8/site-packages/airflow/example_dags/example_sensors.py
[2025-06-01T16:59:30.724+0000] {processor.py:839} INFO - DAG(s) dict_keys(['example_sensors']) retrieved from /home/airflow/.local/lib/python3.8/site-packages/airflow/example_dags/example_sensors.py
[2025-06-01T16:59:30.743+0000] {logging_mixin.py:154} INFO - [2025-06-01T16:59:30.743+0000] {dag.py:2941} INFO - Sync 1 DAGs
[2025-06-01T16:59:30.753+0000] {logging_mixin.py:154} INFO - [2025-06-01T16:59:30.753+0000] {dag.py:3722} INFO - Setting next_dagrun for example_sensors to None, run_after=None
[2025-06-01T16:59:30.767+0000] {processor.py:179} INFO - Processing /home/airflow/.local/lib/python3.8/site-packages/airflow/example_dags/example_sensors.py took 0.056 seconds
[2025-06-01T17:00:37.894+0000] {processor.py:157} INFO - Started process (PID=62) to work on /home/airflow/.local/lib/python3.8/site-packages/airflow/example_dags/example_sensors.py
[2025-06-01T17:00:37.895+0000] {processor.py:829} INFO - Processing file /home/airflow/.local/lib/python3.8/site-packages/airflow/example_dags/example_sensors.py for tasks to queue
[2025-06-01T17:00:37.897+0000] {logging_mixin.py:154} INFO - [2025-06-01T17:00:37.897+0000] {dagbag.py:536} INFO - Filling up the DagBag from /home/airflow/.local/lib/python3.8/site-packages/airflow/example_dags/example_sensors.py
[2025-06-01T17:00:37.905+0000] {processor.py:839} INFO - DAG(s) dict_keys(['example_sensors']) retrieved from /home/airflow/.local/lib/python3.8/site-packages/airflow/example_dags/example_sensors.py
[2025-06-01T17:00:37.916+0000] {logging_mixin.py:154} INFO - [2025-06-01T17:00:37.916+0000] {dag.py:2941} INFO - Sync 1 DAGs
[2025-06-01T17:00:37.928+0000] {logging_mixin.py:154} INFO - [2025-06-01T17:00:37.927+0000] {dag.py:3722} INFO - Setting next_dagrun for example_sensors to None, run_after=None
[2025-06-01T17:00:37.945+0000] {processor.py:179} INFO - Processing /home/airflow/.local/lib/python3.8/site-packages/airflow/example_dags/example_sensors.py took 0.055 seconds
[2025-06-01T17:01:10.545+0000] {processor.py:157} INFO - Started process (PID=125) to work on /home/airflow/.local/lib/python3.8/site-packages/airflow/example_dags/example_sensors.py
[2025-06-01T17:01:10.546+0000] {processor.py:829} INFO - Processing file /home/airflow/.local/lib/python3.8/site-packages/airflow/example_dags/example_sensors.py for tasks to queue
[2025-06-01T17:01:10.548+0000] {logging_mixin.py:154} INFO - [2025-06-01T17:01:10.548+0000] {dagbag.py:536} INFO - Filling up the DagBag from /home/airflow/.local/lib/python3.8/site-packages/airflow/example_dags/example_sensors.py
[2025-06-01T17:01:10.554+0000] {processor.py:839} INFO - DAG(s) dict_keys(['example_sensors']) retrieved from /home/airflow/.local/lib/python3.8/site-packages/airflow/example_dags/example_sensors.py
[2025-06-01T17:01:10.576+0000] {logging_mixin.py:154} INFO - [2025-06-01T17:01:10.576+0000] {dag.py:2941} INFO - Sync 1 DAGs
[2025-06-01T17:01:10.587+0000] {logging_mixin.py:154} INFO - [2025-06-01T17:01:10.586+0000] {dag.py:3722} INFO - Setting next_dagrun for example_sensors to None, run_after=None
[2025-06-01T17:01:10.602+0000] {processor.py:179} INFO - Processing /home/airflow/.local/lib/python3.8/site-packages/airflow/example_dags/example_sensors.py took 0.060 seconds
[2025-06-01T17:01:43.896+0000] {processor.py:157} INFO - Started process (PID=196) to work on /home/airflow/.local/lib/python3.8/site-packages/airflow/example_dags/example_sensors.py
[2025-06-01T17:01:43.897+0000] {processor.py:829} INFO - Processing file /home/airflow/.local/lib/python3.8/site-packages/airflow/example_dags/example_sensors.py for tasks to queue
[2025-06-01T17:01:43.899+0000] {logging_mixin.py:154} INFO - [2025-06-01T17:01:43.899+0000] {dagbag.py:536} INFO - Filling up the DagBag from /home/airflow/.local/lib/python3.8/site-packages/airflow/example_dags/example_sensors.py
[2025-06-01T17:01:43.909+0000] {processor.py:839} INFO - DAG(s) dict_keys(['example_sensors']) retrieved from /home/airflow/.local/lib/python3.8/site-packages/airflow/example_dags/example_sensors.py
[2025-06-01T17:01:43.937+0000] {logging_mixin.py:154} INFO - [2025-06-01T17:01:43.937+0000] {dag.py:2941} INFO - Sync 1 DAGs
[2025-06-01T17:01:43.950+0000] {logging_mixin.py:154} INFO - [2025-06-01T17:01:43.949+0000] {dag.py:3722} INFO - Setting next_dagrun for example_sensors to None, run_after=None
[2025-06-01T17:01:43.968+0000] {processor.py:179} INFO - Processing /home/airflow/.local/lib/python3.8/site-packages/airflow/example_dags/example_sensors.py took 0.076 seconds
[2025-06-01T17:02:16.482+0000] {processor.py:157} INFO - Started process (PID=259) to work on /home/airflow/.local/lib/python3.8/site-packages/airflow/example_dags/example_sensors.py
[2025-06-01T17:02:16.484+0000] {processor.py:829} INFO - Processing file /home/airflow/.local/lib/python3.8/site-packages/airflow/example_dags/example_sensors.py for tasks to queue
[2025-06-01T17:02:16.486+0000] {logging_mixin.py:154} INFO - [2025-06-01T17:02:16.485+0000] {dagbag.py:536} INFO - Filling up the DagBag from /home/airflow/.local/lib/python3.8/site-packages/airflow/example_dags/example_sensors.py
[2025-06-01T17:02:16.492+0000] {processor.py:839} INFO - DAG(s) dict_keys(['example_sensors']) retrieved from /home/airflow/.local/lib/python3.8/site-packages/airflow/example_dags/example_sensors.py
[2025-06-01T17:02:16.513+0000] {logging_mixin.py:154} INFO - [2025-06-01T17:02:16.513+0000] {dag.py:2941} INFO - Sync 1 DAGs
[2025-06-01T17:02:16.523+0000] {logging_mixin.py:154} INFO - [2025-06-01T17:02:16.522+0000] {dag.py:3722} INFO - Setting next_dagrun for example_sensors to None, run_after=None
[2025-06-01T17:02:16.537+0000] {processor.py:179} INFO - Processing /home/airflow/.local/lib/python3.8/site-packages/airflow/example_dags/example_sensors.py took 0.057 seconds
[2025-06-01T17:02:49.987+0000] {processor.py:157} INFO - Started process (PID=330) to work on /home/airflow/.local/lib/python3.8/site-packages/airflow/example_dags/example_sensors.py
[2025-06-01T17:02:49.988+0000] {processor.py:829} INFO - Processing file /home/airflow/.local/lib/python3.8/site-packages/airflow/example_dags/example_sensors.py for tasks to queue
[2025-06-01T17:02:49.994+0000] {logging_mixin.py:154} INFO - [2025-06-01T17:02:49.994+0000] {dagbag.py:536} INFO - Filling up the DagBag from /home/airflow/.local/lib/python3.8/site-packages/airflow/example_dags/example_sensors.py
[2025-06-01T17:02:50.003+0000] {processor.py:839} INFO - DAG(s) dict_keys(['example_sensors']) retrieved from /home/airflow/.local/lib/python3.8/site-packages/airflow/example_dags/example_sensors.py
[2025-06-01T17:02:50.028+0000] {logging_mixin.py:154} INFO - [2025-06-01T17:02:50.028+0000] {dag.py:2941} INFO - Sync 1 DAGs
[2025-06-01T17:02:50.038+0000] {logging_mixin.py:154} INFO - [2025-06-01T17:02:50.038+0000] {dag.py:3722} INFO - Setting next_dagrun for example_sensors to None, run_after=None
[2025-06-01T17:02:50.050+0000] {processor.py:179} INFO - Processing /home/airflow/.local/lib/python3.8/site-packages/airflow/example_dags/example_sensors.py took 0.066 seconds
[2025-06-01T17:03:23.284+0000] {processor.py:157} INFO - Started process (PID=393) to work on /home/airflow/.local/lib/python3.8/site-packages/airflow/example_dags/example_sensors.py
[2025-06-01T17:03:23.285+0000] {processor.py:829} INFO - Processing file /home/airflow/.local/lib/python3.8/site-packages/airflow/example_dags/example_sensors.py for tasks to queue
[2025-06-01T17:03:23.287+0000] {logging_mixin.py:154} INFO - [2025-06-01T17:03:23.287+0000] {dagbag.py:536} INFO - Filling up the DagBag from /home/airflow/.local/lib/python3.8/site-packages/airflow/example_dags/example_sensors.py
[2025-06-01T17:03:23.295+0000] {processor.py:839} INFO - DAG(s) dict_keys(['example_sensors']) retrieved from /home/airflow/.local/lib/python3.8/site-packages/airflow/example_dags/example_sensors.py
[2025-06-01T17:03:23.316+0000] {logging_mixin.py:154} INFO - [2025-06-01T17:03:23.316+0000] {dag.py:2941} INFO - Sync 1 DAGs
[2025-06-01T17:03:23.326+0000] {logging_mixin.py:154} INFO - [2025-06-01T17:03:23.325+0000] {dag.py:3722} INFO - Setting next_dagrun for example_sensors to None, run_after=None
[2025-06-01T17:03:23.340+0000] {processor.py:179} INFO - Processing /home/airflow/.local/lib/python3.8/site-packages/airflow/example_dags/example_sensors.py took 0.058 seconds
[2025-06-01T17:03:56.882+0000] {processor.py:157} INFO - Started process (PID=464) to work on /home/airflow/.local/lib/python3.8/site-packages/airflow/example_dags/example_sensors.py
[2025-06-01T17:03:56.883+0000] {processor.py:829} INFO - Processing file /home/airflow/.local/lib/python3.8/site-packages/airflow/example_dags/example_sensors.py for tasks to queue
[2025-06-01T17:03:56.885+0000] {logging_mixin.py:154} INFO - [2025-06-01T17:03:56.885+0000] {dagbag.py:536} INFO - Filling up the DagBag from /home/airflow/.local/lib/python3.8/site-packages/airflow/example_dags/example_sensors.py
[2025-06-01T17:03:56.891+0000] {processor.py:839} INFO - DAG(s) dict_keys(['example_sensors']) retrieved from /home/airflow/.local/lib/python3.8/site-packages/airflow/example_dags/example_sensors.py
[2025-06-01T17:03:56.911+0000] {logging_mixin.py:154} INFO - [2025-06-01T17:03:56.911+0000] {dag.py:2941} INFO - Sync 1 DAGs
[2025-06-01T17:03:56.920+0000] {logging_mixin.py:154} INFO - [2025-06-01T17:03:56.920+0000] {dag.py:3722} INFO - Setting next_dagrun for example_sensors to None, run_after=None
[2025-06-01T17:03:56.934+0000] {processor.py:179} INFO - Processing /home/airflow/.local/lib/python3.8/site-packages/airflow/example_dags/example_sensors.py took 0.055 seconds
[2025-06-01T17:04:29.514+0000] {processor.py:157} INFO - Started process (PID=527) to work on /home/airflow/.local/lib/python3.8/site-packages/airflow/example_dags/example_sensors.py
[2025-06-01T17:04:29.515+0000] {processor.py:829} INFO - Processing file /home/airflow/.local/lib/python3.8/site-packages/airflow/example_dags/example_sensors.py for tasks to queue
[2025-06-01T17:04:29.517+0000] {logging_mixin.py:154} INFO - [2025-06-01T17:04:29.517+0000] {dagbag.py:536} INFO - Filling up the DagBag from /home/airflow/.local/lib/python3.8/site-packages/airflow/example_dags/example_sensors.py
[2025-06-01T17:04:29.523+0000] {processor.py:839} INFO - DAG(s) dict_keys(['example_sensors']) retrieved from /home/airflow/.local/lib/python3.8/site-packages/airflow/example_dags/example_sensors.py
[2025-06-01T17:04:29.543+0000] {logging_mixin.py:154} INFO - [2025-06-01T17:04:29.543+0000] {dag.py:2941} INFO - Sync 1 DAGs
[2025-06-01T17:04:29.552+0000] {logging_mixin.py:154} INFO - [2025-06-01T17:04:29.552+0000] {dag.py:3722} INFO - Setting next_dagrun for example_sensors to None, run_after=None
[2025-06-01T17:04:29.565+0000] {processor.py:179} INFO - Processing /home/airflow/.local/lib/python3.8/site-packages/airflow/example_dags/example_sensors.py took 0.054 seconds
[2025-06-01T17:05:03.004+0000] {processor.py:157} INFO - Started process (PID=598) to work on /home/airflow/.local/lib/python3.8/site-packages/airflow/example_dags/example_sensors.py
[2025-06-01T17:05:03.005+0000] {processor.py:829} INFO - Processing file /home/airflow/.local/lib/python3.8/site-packages/airflow/example_dags/example_sensors.py for tasks to queue
[2025-06-01T17:05:03.007+0000] {logging_mixin.py:154} INFO - [2025-06-01T17:05:03.007+0000] {dagbag.py:536} INFO - Filling up the DagBag from /home/airflow/.local/lib/python3.8/site-packages/airflow/example_dags/example_sensors.py
[2025-06-01T17:05:03.013+0000] {processor.py:839} INFO - DAG(s) dict_keys(['example_sensors']) retrieved from /home/airflow/.local/lib/python3.8/site-packages/airflow/example_dags/example_sensors.py
[2025-06-01T17:05:03.032+0000] {logging_mixin.py:154} INFO - [2025-06-01T17:05:03.032+0000] {dag.py:2941} INFO - Sync 1 DAGs
[2025-06-01T17:05:03.041+0000] {logging_mixin.py:154} INFO - [2025-06-01T17:05:03.041+0000] {dag.py:3722} INFO - Setting next_dagrun for example_sensors to None, run_after=None
[2025-06-01T17:05:03.054+0000] {processor.py:179} INFO - Processing /home/airflow/.local/lib/python3.8/site-packages/airflow/example_dags/example_sensors.py took 0.053 seconds
[2025-06-01T17:05:36.339+0000] {processor.py:157} INFO - Started process (PID=661) to work on /home/airflow/.local/lib/python3.8/site-packages/airflow/example_dags/example_sensors.py
[2025-06-01T17:05:36.340+0000] {processor.py:829} INFO - Processing file /home/airflow/.local/lib/python3.8/site-packages/airflow/example_dags/example_sensors.py for tasks to queue
[2025-06-01T17:05:36.342+0000] {logging_mixin.py:154} INFO - [2025-06-01T17:05:36.342+0000] {dagbag.py:536} INFO - Filling up the DagBag from /home/airflow/.local/lib/python3.8/site-packages/airflow/example_dags/example_sensors.py
[2025-06-01T17:05:36.350+0000] {processor.py:839} INFO - DAG(s) dict_keys(['example_sensors']) retrieved from /home/airflow/.local/lib/python3.8/site-packages/airflow/example_dags/example_sensors.py
[2025-06-01T17:05:36.372+0000] {logging_mixin.py:154} INFO - [2025-06-01T17:05:36.371+0000] {dag.py:2941} INFO - Sync 1 DAGs
[2025-06-01T17:05:36.381+0000] {logging_mixin.py:154} INFO - [2025-06-01T17:05:36.381+0000] {dag.py:3722} INFO - Setting next_dagrun for example_sensors to None, run_after=None
[2025-06-01T17:05:36.396+0000] {processor.py:179} INFO - Processing /home/airflow/.local/lib/python3.8/site-packages/airflow/example_dags/example_sensors.py took 0.060 seconds
[2025-06-01T17:06:09.235+0000] {processor.py:157} INFO - Started process (PID=734) to work on /home/airflow/.local/lib/python3.8/site-packages/airflow/example_dags/example_sensors.py
[2025-06-01T17:06:09.236+0000] {processor.py:829} INFO - Processing file /home/airflow/.local/lib/python3.8/site-packages/airflow/example_dags/example_sensors.py for tasks to queue
[2025-06-01T17:06:09.236+0000] {logging_mixin.py:154} INFO - [2025-06-01T17:06:09.236+0000] {dagbag.py:536} INFO - Filling up the DagBag from /home/airflow/.local/lib/python3.8/site-packages/airflow/example_dags/example_sensors.py
[2025-06-01T17:06:09.244+0000] {processor.py:839} INFO - DAG(s) dict_keys(['example_sensors']) retrieved from /home/airflow/.local/lib/python3.8/site-packages/airflow/example_dags/example_sensors.py
[2025-06-01T17:06:09.263+0000] {logging_mixin.py:154} INFO - [2025-06-01T17:06:09.262+0000] {dag.py:2941} INFO - Sync 1 DAGs
[2025-06-01T17:06:09.271+0000] {logging_mixin.py:154} INFO - [2025-06-01T17:06:09.271+0000] {dag.py:3722} INFO - Setting next_dagrun for example_sensors to None, run_after=None
[2025-06-01T17:06:09.285+0000] {processor.py:179} INFO - Processing /home/airflow/.local/lib/python3.8/site-packages/airflow/example_dags/example_sensors.py took 0.053 seconds
[2025-06-01T17:06:42.732+0000] {processor.py:157} INFO - Started process (PID=798) to work on /home/airflow/.local/lib/python3.8/site-packages/airflow/example_dags/example_sensors.py
[2025-06-01T17:06:42.733+0000] {processor.py:829} INFO - Processing file /home/airflow/.local/lib/python3.8/site-packages/airflow/example_dags/example_sensors.py for tasks to queue
[2025-06-01T17:06:42.734+0000] {logging_mixin.py:154} INFO - [2025-06-01T17:06:42.734+0000] {dagbag.py:536} INFO - Filling up the DagBag from /home/airflow/.local/lib/python3.8/site-packages/airflow/example_dags/example_sensors.py
[2025-06-01T17:06:42.741+0000] {processor.py:839} INFO - DAG(s) dict_keys(['example_sensors']) retrieved from /home/airflow/.local/lib/python3.8/site-packages/airflow/example_dags/example_sensors.py
[2025-06-01T17:06:42.763+0000] {logging_mixin.py:154} INFO - [2025-06-01T17:06:42.763+0000] {dag.py:2941} INFO - Sync 1 DAGs
[2025-06-01T17:06:42.774+0000] {logging_mixin.py:154} INFO - [2025-06-01T17:06:42.774+0000] {dag.py:3722} INFO - Setting next_dagrun for example_sensors to None, run_after=None
[2025-06-01T17:06:42.787+0000] {processor.py:179} INFO - Processing /home/airflow/.local/lib/python3.8/site-packages/airflow/example_dags/example_sensors.py took 0.058 seconds
[2025-06-01T17:07:16.341+0000] {processor.py:157} INFO - Started process (PID=871) to work on /home/airflow/.local/lib/python3.8/site-packages/airflow/example_dags/example_sensors.py
[2025-06-01T17:07:16.342+0000] {processor.py:829} INFO - Processing file /home/airflow/.local/lib/python3.8/site-packages/airflow/example_dags/example_sensors.py for tasks to queue
[2025-06-01T17:07:16.342+0000] {logging_mixin.py:154} INFO - [2025-06-01T17:07:16.342+0000] {dagbag.py:536} INFO - Filling up the DagBag from /home/airflow/.local/lib/python3.8/site-packages/airflow/example_dags/example_sensors.py
[2025-06-01T17:07:16.351+0000] {processor.py:839} INFO - DAG(s) dict_keys(['example_sensors']) retrieved from /home/airflow/.local/lib/python3.8/site-packages/airflow/example_dags/example_sensors.py
[2025-06-01T17:07:16.377+0000] {logging_mixin.py:154} INFO - [2025-06-01T17:07:16.377+0000] {dag.py:2941} INFO - Sync 1 DAGs
[2025-06-01T17:07:16.386+0000] {logging_mixin.py:154} INFO - [2025-06-01T17:07:16.385+0000] {dag.py:3722} INFO - Setting next_dagrun for example_sensors to None, run_after=None
[2025-06-01T17:07:16.403+0000] {processor.py:179} INFO - Processing /home/airflow/.local/lib/python3.8/site-packages/airflow/example_dags/example_sensors.py took 0.065 seconds
[2025-06-01T17:07:49.402+0000] {processor.py:157} INFO - Started process (PID=943) to work on /home/airflow/.local/lib/python3.8/site-packages/airflow/example_dags/example_sensors.py
[2025-06-01T17:07:49.404+0000] {processor.py:829} INFO - Processing file /home/airflow/.local/lib/python3.8/site-packages/airflow/example_dags/example_sensors.py for tasks to queue
[2025-06-01T17:07:49.404+0000] {logging_mixin.py:154} INFO - [2025-06-01T17:07:49.404+0000] {dagbag.py:536} INFO - Filling up the DagBag from /home/airflow/.local/lib/python3.8/site-packages/airflow/example_dags/example_sensors.py
[2025-06-01T17:07:49.412+0000] {processor.py:839} INFO - DAG(s) dict_keys(['example_sensors']) retrieved from /home/airflow/.local/lib/python3.8/site-packages/airflow/example_dags/example_sensors.py
[2025-06-01T17:07:49.438+0000] {logging_mixin.py:154} INFO - [2025-06-01T17:07:49.438+0000] {dag.py:2941} INFO - Sync 1 DAGs
[2025-06-01T17:07:49.447+0000] {logging_mixin.py:154} INFO - [2025-06-01T17:07:49.447+0000] {dag.py:3722} INFO - Setting next_dagrun for example_sensors to None, run_after=None
[2025-06-01T17:07:49.461+0000] {processor.py:179} INFO - Processing /home/airflow/.local/lib/python3.8/site-packages/airflow/example_dags/example_sensors.py took 0.062 seconds
[2025-06-01T17:08:22.059+0000] {processor.py:157} INFO - Started process (PID=1007) to work on /home/airflow/.local/lib/python3.8/site-packages/airflow/example_dags/example_sensors.py
[2025-06-01T17:08:22.060+0000] {processor.py:829} INFO - Processing file /home/airflow/.local/lib/python3.8/site-packages/airflow/example_dags/example_sensors.py for tasks to queue
[2025-06-01T17:08:22.061+0000] {logging_mixin.py:154} INFO - [2025-06-01T17:08:22.061+0000] {dagbag.py:536} INFO - Filling up the DagBag from /home/airflow/.local/lib/python3.8/site-packages/airflow/example_dags/example_sensors.py
[2025-06-01T17:08:22.068+0000] {processor.py:839} INFO - DAG(s) dict_keys(['example_sensors']) retrieved from /home/airflow/.local/lib/python3.8/site-packages/airflow/example_dags/example_sensors.py
[2025-06-01T17:08:22.088+0000] {logging_mixin.py:154} INFO - [2025-06-01T17:08:22.088+0000] {dag.py:2941} INFO - Sync 1 DAGs
[2025-06-01T17:08:22.098+0000] {logging_mixin.py:154} INFO - [2025-06-01T17:08:22.097+0000] {dag.py:3722} INFO - Setting next_dagrun for example_sensors to None, run_after=None
[2025-06-01T17:08:22.111+0000] {processor.py:179} INFO - Processing /home/airflow/.local/lib/python3.8/site-packages/airflow/example_dags/example_sensors.py took 0.054 seconds
[2025-06-01T17:08:55.468+0000] {processor.py:157} INFO - Started process (PID=1079) to work on /home/airflow/.local/lib/python3.8/site-packages/airflow/example_dags/example_sensors.py
[2025-06-01T17:08:55.468+0000] {processor.py:829} INFO - Processing file /home/airflow/.local/lib/python3.8/site-packages/airflow/example_dags/example_sensors.py for tasks to queue
[2025-06-01T17:08:55.469+0000] {logging_mixin.py:154} INFO - [2025-06-01T17:08:55.469+0000] {dagbag.py:536} INFO - Filling up the DagBag from /home/airflow/.local/lib/python3.8/site-packages/airflow/example_dags/example_sensors.py
[2025-06-01T17:08:55.476+0000] {processor.py:839} INFO - DAG(s) dict_keys(['example_sensors']) retrieved from /home/airflow/.local/lib/python3.8/site-packages/airflow/example_dags/example_sensors.py
[2025-06-01T17:08:55.495+0000] {logging_mixin.py:154} INFO - [2025-06-01T17:08:55.495+0000] {dag.py:2941} INFO - Sync 1 DAGs
[2025-06-01T17:08:55.503+0000] {logging_mixin.py:154} INFO - [2025-06-01T17:08:55.503+0000] {dag.py:3722} INFO - Setting next_dagrun for example_sensors to None, run_after=None
[2025-06-01T17:08:55.517+0000] {processor.py:179} INFO - Processing /home/airflow/.local/lib/python3.8/site-packages/airflow/example_dags/example_sensors.py took 0.052 seconds
[2025-06-01T17:09:29.312+0000] {processor.py:157} INFO - Started process (PID=1143) to work on /home/airflow/.local/lib/python3.8/site-packages/airflow/example_dags/example_sensors.py
[2025-06-01T17:09:29.313+0000] {processor.py:829} INFO - Processing file /home/airflow/.local/lib/python3.8/site-packages/airflow/example_dags/example_sensors.py for tasks to queue
[2025-06-01T17:09:29.314+0000] {logging_mixin.py:154} INFO - [2025-06-01T17:09:29.314+0000] {dagbag.py:536} INFO - Filling up the DagBag from /home/airflow/.local/lib/python3.8/site-packages/airflow/example_dags/example_sensors.py
[2025-06-01T17:09:29.321+0000] {processor.py:839} INFO - DAG(s) dict_keys(['example_sensors']) retrieved from /home/airflow/.local/lib/python3.8/site-packages/airflow/example_dags/example_sensors.py
[2025-06-01T17:09:29.339+0000] {logging_mixin.py:154} INFO - [2025-06-01T17:09:29.339+0000] {dag.py:2941} INFO - Sync 1 DAGs
[2025-06-01T17:09:29.347+0000] {logging_mixin.py:154} INFO - [2025-06-01T17:09:29.347+0000] {dag.py:3722} INFO - Setting next_dagrun for example_sensors to None, run_after=None
[2025-06-01T17:09:29.359+0000] {processor.py:179} INFO - Processing /home/airflow/.local/lib/python3.8/site-packages/airflow/example_dags/example_sensors.py took 0.050 seconds
[2025-06-01T17:10:02.792+0000] {processor.py:157} INFO - Started process (PID=1217) to work on /home/airflow/.local/lib/python3.8/site-packages/airflow/example_dags/example_sensors.py
[2025-06-01T17:10:02.793+0000] {processor.py:829} INFO - Processing file /home/airflow/.local/lib/python3.8/site-packages/airflow/example_dags/example_sensors.py for tasks to queue
[2025-06-01T17:10:02.793+0000] {logging_mixin.py:154} INFO - [2025-06-01T17:10:02.793+0000] {dagbag.py:536} INFO - Filling up the DagBag from /home/airflow/.local/lib/python3.8/site-packages/airflow/example_dags/example_sensors.py
[2025-06-01T17:10:02.801+0000] {processor.py:839} INFO - DAG(s) dict_keys(['example_sensors']) retrieved from /home/airflow/.local/lib/python3.8/site-packages/airflow/example_dags/example_sensors.py
[2025-06-01T17:10:02.832+0000] {logging_mixin.py:154} INFO - [2025-06-01T17:10:02.832+0000] {dag.py:2941} INFO - Sync 1 DAGs
[2025-06-01T17:10:02.852+0000] {logging_mixin.py:154} INFO - [2025-06-01T17:10:02.852+0000] {dag.py:3722} INFO - Setting next_dagrun for example_sensors to None, run_after=None
[2025-06-01T17:10:02.875+0000] {processor.py:179} INFO - Processing /home/airflow/.local/lib/python3.8/site-packages/airflow/example_dags/example_sensors.py took 0.086 seconds
[2025-06-01T17:10:35.033+0000] {processor.py:157} INFO - Started process (PID=1282) to work on /home/airflow/.local/lib/python3.8/site-packages/airflow/example_dags/example_sensors.py
[2025-06-01T17:10:35.033+0000] {processor.py:829} INFO - Processing file /home/airflow/.local/lib/python3.8/site-packages/airflow/example_dags/example_sensors.py for tasks to queue
[2025-06-01T17:10:35.034+0000] {logging_mixin.py:154} INFO - [2025-06-01T17:10:35.034+0000] {dagbag.py:536} INFO - Filling up the DagBag from /home/airflow/.local/lib/python3.8/site-packages/airflow/example_dags/example_sensors.py
[2025-06-01T17:10:35.041+0000] {processor.py:839} INFO - DAG(s) dict_keys(['example_sensors']) retrieved from /home/airflow/.local/lib/python3.8/site-packages/airflow/example_dags/example_sensors.py
[2025-06-01T17:10:35.060+0000] {logging_mixin.py:154} INFO - [2025-06-01T17:10:35.060+0000] {dag.py:2941} INFO - Sync 1 DAGs
[2025-06-01T17:10:35.068+0000] {logging_mixin.py:154} INFO - [2025-06-01T17:10:35.068+0000] {dag.py:3722} INFO - Setting next_dagrun for example_sensors to None, run_after=None
[2025-06-01T17:10:35.081+0000] {processor.py:179} INFO - Processing /home/airflow/.local/lib/python3.8/site-packages/airflow/example_dags/example_sensors.py took 0.051 seconds
[2025-06-01T17:11:09.013+0000] {processor.py:157} INFO - Started process (PID=1355) to work on /home/airflow/.local/lib/python3.8/site-packages/airflow/example_dags/example_sensors.py
[2025-06-01T17:11:09.015+0000] {processor.py:829} INFO - Processing file /home/airflow/.local/lib/python3.8/site-packages/airflow/example_dags/example_sensors.py for tasks to queue
[2025-06-01T17:11:09.015+0000] {logging_mixin.py:154} INFO - [2025-06-01T17:11:09.015+0000] {dagbag.py:536} INFO - Filling up the DagBag from /home/airflow/.local/lib/python3.8/site-packages/airflow/example_dags/example_sensors.py
[2025-06-01T17:11:09.023+0000] {processor.py:839} INFO - DAG(s) dict_keys(['example_sensors']) retrieved from /home/airflow/.local/lib/python3.8/site-packages/airflow/example_dags/example_sensors.py
[2025-06-01T17:11:09.043+0000] {logging_mixin.py:154} INFO - [2025-06-01T17:11:09.042+0000] {dag.py:2941} INFO - Sync 1 DAGs
[2025-06-01T17:11:09.051+0000] {logging_mixin.py:154} INFO - [2025-06-01T17:11:09.051+0000] {dag.py:3722} INFO - Setting next_dagrun for example_sensors to None, run_after=None
[2025-06-01T17:11:09.063+0000] {processor.py:179} INFO - Processing /home/airflow/.local/lib/python3.8/site-packages/airflow/example_dags/example_sensors.py took 0.053 seconds
[2025-06-01T17:11:41.693+0000] {processor.py:157} INFO - Started process (PID=1430) to work on /home/airflow/.local/lib/python3.8/site-packages/airflow/example_dags/example_sensors.py
[2025-06-01T17:11:41.694+0000] {processor.py:829} INFO - Processing file /home/airflow/.local/lib/python3.8/site-packages/airflow/example_dags/example_sensors.py for tasks to queue
[2025-06-01T17:11:41.695+0000] {logging_mixin.py:154} INFO - [2025-06-01T17:11:41.695+0000] {dagbag.py:536} INFO - Filling up the DagBag from /home/airflow/.local/lib/python3.8/site-packages/airflow/example_dags/example_sensors.py
[2025-06-01T17:11:41.703+0000] {processor.py:839} INFO - DAG(s) dict_keys(['example_sensors']) retrieved from /home/airflow/.local/lib/python3.8/site-packages/airflow/example_dags/example_sensors.py
[2025-06-01T17:11:41.722+0000] {logging_mixin.py:154} INFO - [2025-06-01T17:11:41.722+0000] {dag.py:2941} INFO - Sync 1 DAGs
[2025-06-01T17:11:41.731+0000] {logging_mixin.py:154} INFO - [2025-06-01T17:11:41.731+0000] {dag.py:3722} INFO - Setting next_dagrun for example_sensors to None, run_after=None
[2025-06-01T17:11:41.744+0000] {processor.py:179} INFO - Processing /home/airflow/.local/lib/python3.8/site-packages/airflow/example_dags/example_sensors.py took 0.054 seconds
[2025-06-01T17:12:15.566+0000] {processor.py:157} INFO - Started process (PID=1504) to work on /home/airflow/.local/lib/python3.8/site-packages/airflow/example_dags/example_sensors.py
[2025-06-01T17:12:15.568+0000] {processor.py:829} INFO - Processing file /home/airflow/.local/lib/python3.8/site-packages/airflow/example_dags/example_sensors.py for tasks to queue
[2025-06-01T17:12:15.569+0000] {logging_mixin.py:154} INFO - [2025-06-01T17:12:15.569+0000] {dagbag.py:536} INFO - Filling up the DagBag from /home/airflow/.local/lib/python3.8/site-packages/airflow/example_dags/example_sensors.py
[2025-06-01T17:12:15.578+0000] {processor.py:839} INFO - DAG(s) dict_keys(['example_sensors']) retrieved from /home/airflow/.local/lib/python3.8/site-packages/airflow/example_dags/example_sensors.py
[2025-06-01T17:12:15.602+0000] {logging_mixin.py:154} INFO - [2025-06-01T17:12:15.602+0000] {dag.py:2941} INFO - Sync 1 DAGs
[2025-06-01T17:12:15.614+0000] {logging_mixin.py:154} INFO - [2025-06-01T17:12:15.613+0000] {dag.py:3722} INFO - Setting next_dagrun for example_sensors to None, run_after=None
[2025-06-01T17:12:15.629+0000] {processor.py:179} INFO - Processing /home/airflow/.local/lib/python3.8/site-packages/airflow/example_dags/example_sensors.py took 0.066 seconds
[2025-06-01T17:12:49.249+0000] {processor.py:157} INFO - Started process (PID=1592) to work on /home/airflow/.local/lib/python3.8/site-packages/airflow/example_dags/example_sensors.py
[2025-06-01T17:12:49.251+0000] {processor.py:829} INFO - Processing file /home/airflow/.local/lib/python3.8/site-packages/airflow/example_dags/example_sensors.py for tasks to queue
[2025-06-01T17:12:49.252+0000] {logging_mixin.py:154} INFO - [2025-06-01T17:12:49.251+0000] {dagbag.py:536} INFO - Filling up the DagBag from /home/airflow/.local/lib/python3.8/site-packages/airflow/example_dags/example_sensors.py
[2025-06-01T17:12:49.263+0000] {processor.py:839} INFO - DAG(s) dict_keys(['example_sensors']) retrieved from /home/airflow/.local/lib/python3.8/site-packages/airflow/example_dags/example_sensors.py
[2025-06-01T17:12:49.289+0000] {logging_mixin.py:154} INFO - [2025-06-01T17:12:49.289+0000] {dag.py:2941} INFO - Sync 1 DAGs
[2025-06-01T17:12:49.302+0000] {logging_mixin.py:154} INFO - [2025-06-01T17:12:49.302+0000] {dag.py:3722} INFO - Setting next_dagrun for example_sensors to None, run_after=None
[2025-06-01T17:12:49.325+0000] {processor.py:179} INFO - Processing /home/airflow/.local/lib/python3.8/site-packages/airflow/example_dags/example_sensors.py took 0.080 seconds
[2025-06-01T17:13:21.624+0000] {processor.py:157} INFO - Started process (PID=1656) to work on /home/airflow/.local/lib/python3.8/site-packages/airflow/example_dags/example_sensors.py
[2025-06-01T17:13:21.626+0000] {processor.py:829} INFO - Processing file /home/airflow/.local/lib/python3.8/site-packages/airflow/example_dags/example_sensors.py for tasks to queue
[2025-06-01T17:13:21.626+0000] {logging_mixin.py:154} INFO - [2025-06-01T17:13:21.626+0000] {dagbag.py:536} INFO - Filling up the DagBag from /home/airflow/.local/lib/python3.8/site-packages/airflow/example_dags/example_sensors.py
[2025-06-01T17:13:21.634+0000] {processor.py:839} INFO - DAG(s) dict_keys(['example_sensors']) retrieved from /home/airflow/.local/lib/python3.8/site-packages/airflow/example_dags/example_sensors.py
[2025-06-01T17:13:21.655+0000] {logging_mixin.py:154} INFO - [2025-06-01T17:13:21.655+0000] {dag.py:2941} INFO - Sync 1 DAGs
[2025-06-01T17:13:21.663+0000] {logging_mixin.py:154} INFO - [2025-06-01T17:13:21.663+0000] {dag.py:3722} INFO - Setting next_dagrun for example_sensors to None, run_after=None
[2025-06-01T17:13:21.675+0000] {processor.py:179} INFO - Processing /home/airflow/.local/lib/python3.8/site-packages/airflow/example_dags/example_sensors.py took 0.054 seconds
[2025-06-01T17:13:55.487+0000] {processor.py:157} INFO - Started process (PID=1728) to work on /home/airflow/.local/lib/python3.8/site-packages/airflow/example_dags/example_sensors.py
[2025-06-01T17:13:55.488+0000] {processor.py:829} INFO - Processing file /home/airflow/.local/lib/python3.8/site-packages/airflow/example_dags/example_sensors.py for tasks to queue
[2025-06-01T17:13:55.488+0000] {logging_mixin.py:154} INFO - [2025-06-01T17:13:55.488+0000] {dagbag.py:536} INFO - Filling up the DagBag from /home/airflow/.local/lib/python3.8/site-packages/airflow/example_dags/example_sensors.py
[2025-06-01T17:13:55.496+0000] {processor.py:839} INFO - DAG(s) dict_keys(['example_sensors']) retrieved from /home/airflow/.local/lib/python3.8/site-packages/airflow/example_dags/example_sensors.py
[2025-06-01T17:13:55.515+0000] {logging_mixin.py:154} INFO - [2025-06-01T17:13:55.515+0000] {dag.py:2941} INFO - Sync 1 DAGs
[2025-06-01T17:13:55.523+0000] {logging_mixin.py:154} INFO - [2025-06-01T17:13:55.523+0000] {dag.py:3722} INFO - Setting next_dagrun for example_sensors to None, run_after=None
[2025-06-01T17:13:55.535+0000] {processor.py:179} INFO - Processing /home/airflow/.local/lib/python3.8/site-packages/airflow/example_dags/example_sensors.py took 0.051 seconds
[2025-06-01T17:14:29.744+0000] {processor.py:157} INFO - Started process (PID=1792) to work on /home/airflow/.local/lib/python3.8/site-packages/airflow/example_dags/example_sensors.py
[2025-06-01T17:14:29.745+0000] {processor.py:829} INFO - Processing file /home/airflow/.local/lib/python3.8/site-packages/airflow/example_dags/example_sensors.py for tasks to queue
[2025-06-01T17:14:29.745+0000] {logging_mixin.py:154} INFO - [2025-06-01T17:14:29.745+0000] {dagbag.py:536} INFO - Filling up the DagBag from /home/airflow/.local/lib/python3.8/site-packages/airflow/example_dags/example_sensors.py
[2025-06-01T17:14:29.752+0000] {processor.py:839} INFO - DAG(s) dict_keys(['example_sensors']) retrieved from /home/airflow/.local/lib/python3.8/site-packages/airflow/example_dags/example_sensors.py
[2025-06-01T17:14:29.770+0000] {logging_mixin.py:154} INFO - [2025-06-01T17:14:29.770+0000] {dag.py:2941} INFO - Sync 1 DAGs
[2025-06-01T17:14:29.894+0000] {logging_mixin.py:154} INFO - [2025-06-01T17:14:29.894+0000] {dag.py:3722} INFO - Setting next_dagrun for example_sensors to None, run_after=None
[2025-06-01T17:14:29.907+0000] {processor.py:179} INFO - Processing /home/airflow/.local/lib/python3.8/site-packages/airflow/example_dags/example_sensors.py took 0.166 seconds
[2025-06-01T17:15:01.461+0000] {processor.py:157} INFO - Started process (PID=1864) to work on /home/airflow/.local/lib/python3.8/site-packages/airflow/example_dags/example_sensors.py
[2025-06-01T17:15:01.464+0000] {processor.py:829} INFO - Processing file /home/airflow/.local/lib/python3.8/site-packages/airflow/example_dags/example_sensors.py for tasks to queue
[2025-06-01T17:15:01.465+0000] {logging_mixin.py:154} INFO - [2025-06-01T17:15:01.464+0000] {dagbag.py:536} INFO - Filling up the DagBag from /home/airflow/.local/lib/python3.8/site-packages/airflow/example_dags/example_sensors.py
[2025-06-01T17:15:01.472+0000] {processor.py:839} INFO - DAG(s) dict_keys(['example_sensors']) retrieved from /home/airflow/.local/lib/python3.8/site-packages/airflow/example_dags/example_sensors.py
[2025-06-01T17:15:01.491+0000] {logging_mixin.py:154} INFO - [2025-06-01T17:15:01.491+0000] {dag.py:2941} INFO - Sync 1 DAGs
[2025-06-01T17:15:01.500+0000] {logging_mixin.py:154} INFO - [2025-06-01T17:15:01.500+0000] {dag.py:3722} INFO - Setting next_dagrun for example_sensors to None, run_after=None
[2025-06-01T17:15:01.513+0000] {processor.py:179} INFO - Processing /home/airflow/.local/lib/python3.8/site-packages/airflow/example_dags/example_sensors.py took 0.054 seconds
[2025-06-01T17:15:35.028+0000] {processor.py:157} INFO - Started process (PID=1928) to work on /home/airflow/.local/lib/python3.8/site-packages/airflow/example_dags/example_sensors.py
[2025-06-01T17:15:35.029+0000] {processor.py:829} INFO - Processing file /home/airflow/.local/lib/python3.8/site-packages/airflow/example_dags/example_sensors.py for tasks to queue
[2025-06-01T17:15:35.029+0000] {logging_mixin.py:154} INFO - [2025-06-01T17:15:35.029+0000] {dagbag.py:536} INFO - Filling up the DagBag from /home/airflow/.local/lib/python3.8/site-packages/airflow/example_dags/example_sensors.py
[2025-06-01T17:15:35.039+0000] {processor.py:839} INFO - DAG(s) dict_keys(['example_sensors']) retrieved from /home/airflow/.local/lib/python3.8/site-packages/airflow/example_dags/example_sensors.py
[2025-06-01T17:15:35.058+0000] {logging_mixin.py:154} INFO - [2025-06-01T17:15:35.058+0000] {dag.py:2941} INFO - Sync 1 DAGs
[2025-06-01T17:15:35.067+0000] {logging_mixin.py:154} INFO - [2025-06-01T17:15:35.066+0000] {dag.py:3722} INFO - Setting next_dagrun for example_sensors to None, run_after=None
[2025-06-01T17:15:35.079+0000] {processor.py:179} INFO - Processing /home/airflow/.local/lib/python3.8/site-packages/airflow/example_dags/example_sensors.py took 0.053 seconds
[2025-06-01T17:16:08.467+0000] {processor.py:157} INFO - Started process (PID=2000) to work on /home/airflow/.local/lib/python3.8/site-packages/airflow/example_dags/example_sensors.py
[2025-06-01T17:16:08.467+0000] {processor.py:829} INFO - Processing file /home/airflow/.local/lib/python3.8/site-packages/airflow/example_dags/example_sensors.py for tasks to queue
[2025-06-01T17:16:08.468+0000] {logging_mixin.py:154} INFO - [2025-06-01T17:16:08.468+0000] {dagbag.py:536} INFO - Filling up the DagBag from /home/airflow/.local/lib/python3.8/site-packages/airflow/example_dags/example_sensors.py
[2025-06-01T17:16:08.477+0000] {processor.py:839} INFO - DAG(s) dict_keys(['example_sensors']) retrieved from /home/airflow/.local/lib/python3.8/site-packages/airflow/example_dags/example_sensors.py
[2025-06-01T17:16:08.497+0000] {logging_mixin.py:154} INFO - [2025-06-01T17:16:08.496+0000] {dag.py:2941} INFO - Sync 1 DAGs
[2025-06-01T17:16:08.505+0000] {logging_mixin.py:154} INFO - [2025-06-01T17:16:08.505+0000] {dag.py:3722} INFO - Setting next_dagrun for example_sensors to None, run_after=None
[2025-06-01T17:16:08.518+0000] {processor.py:179} INFO - Processing /home/airflow/.local/lib/python3.8/site-packages/airflow/example_dags/example_sensors.py took 0.054 seconds
[2025-06-01T17:16:42.156+0000] {processor.py:157} INFO - Started process (PID=2073) to work on /home/airflow/.local/lib/python3.8/site-packages/airflow/example_dags/example_sensors.py
[2025-06-01T17:16:42.157+0000] {processor.py:829} INFO - Processing file /home/airflow/.local/lib/python3.8/site-packages/airflow/example_dags/example_sensors.py for tasks to queue
[2025-06-01T17:16:42.158+0000] {logging_mixin.py:154} INFO - [2025-06-01T17:16:42.158+0000] {dagbag.py:536} INFO - Filling up the DagBag from /home/airflow/.local/lib/python3.8/site-packages/airflow/example_dags/example_sensors.py
[2025-06-01T17:16:42.166+0000] {processor.py:839} INFO - DAG(s) dict_keys(['example_sensors']) retrieved from /home/airflow/.local/lib/python3.8/site-packages/airflow/example_dags/example_sensors.py
[2025-06-01T17:16:42.298+0000] {logging_mixin.py:154} INFO - [2025-06-01T17:16:42.298+0000] {dag.py:2941} INFO - Sync 1 DAGs
[2025-06-01T17:16:42.305+0000] {logging_mixin.py:154} INFO - [2025-06-01T17:16:42.305+0000] {dag.py:3722} INFO - Setting next_dagrun for example_sensors to None, run_after=None
[2025-06-01T17:16:42.320+0000] {processor.py:179} INFO - Processing /home/airflow/.local/lib/python3.8/site-packages/airflow/example_dags/example_sensors.py took 0.167 seconds
[2025-06-01T17:17:15.368+0000] {processor.py:157} INFO - Started process (PID=2137) to work on /home/airflow/.local/lib/python3.8/site-packages/airflow/example_dags/example_sensors.py
[2025-06-01T17:17:15.369+0000] {processor.py:829} INFO - Processing file /home/airflow/.local/lib/python3.8/site-packages/airflow/example_dags/example_sensors.py for tasks to queue
[2025-06-01T17:17:15.370+0000] {logging_mixin.py:154} INFO - [2025-06-01T17:17:15.369+0000] {dagbag.py:536} INFO - Filling up the DagBag from /home/airflow/.local/lib/python3.8/site-packages/airflow/example_dags/example_sensors.py
[2025-06-01T17:17:15.377+0000] {processor.py:839} INFO - DAG(s) dict_keys(['example_sensors']) retrieved from /home/airflow/.local/lib/python3.8/site-packages/airflow/example_dags/example_sensors.py
[2025-06-01T17:17:15.396+0000] {logging_mixin.py:154} INFO - [2025-06-01T17:17:15.396+0000] {dag.py:2941} INFO - Sync 1 DAGs
[2025-06-01T17:17:15.524+0000] {logging_mixin.py:154} INFO - [2025-06-01T17:17:15.524+0000] {dag.py:3722} INFO - Setting next_dagrun for example_sensors to None, run_after=None
[2025-06-01T17:17:15.536+0000] {processor.py:179} INFO - Processing /home/airflow/.local/lib/python3.8/site-packages/airflow/example_dags/example_sensors.py took 0.171 seconds
[2025-06-01T17:17:47.508+0000] {processor.py:157} INFO - Started process (PID=2209) to work on /home/airflow/.local/lib/python3.8/site-packages/airflow/example_dags/example_sensors.py
[2025-06-01T17:17:47.509+0000] {processor.py:829} INFO - Processing file /home/airflow/.local/lib/python3.8/site-packages/airflow/example_dags/example_sensors.py for tasks to queue
[2025-06-01T17:17:47.510+0000] {logging_mixin.py:154} INFO - [2025-06-01T17:17:47.509+0000] {dagbag.py:536} INFO - Filling up the DagBag from /home/airflow/.local/lib/python3.8/site-packages/airflow/example_dags/example_sensors.py
[2025-06-01T17:17:47.517+0000] {processor.py:839} INFO - DAG(s) dict_keys(['example_sensors']) retrieved from /home/airflow/.local/lib/python3.8/site-packages/airflow/example_dags/example_sensors.py
[2025-06-01T17:17:47.535+0000] {logging_mixin.py:154} INFO - [2025-06-01T17:17:47.535+0000] {dag.py:2941} INFO - Sync 1 DAGs
[2025-06-01T17:17:47.543+0000] {logging_mixin.py:154} INFO - [2025-06-01T17:17:47.543+0000] {dag.py:3722} INFO - Setting next_dagrun for example_sensors to None, run_after=None
[2025-06-01T17:17:47.555+0000] {processor.py:179} INFO - Processing /home/airflow/.local/lib/python3.8/site-packages/airflow/example_dags/example_sensors.py took 0.049 seconds
[2025-06-01T17:18:20.724+0000] {processor.py:157} INFO - Started process (PID=2273) to work on /home/airflow/.local/lib/python3.8/site-packages/airflow/example_dags/example_sensors.py
[2025-06-01T17:18:20.725+0000] {processor.py:829} INFO - Processing file /home/airflow/.local/lib/python3.8/site-packages/airflow/example_dags/example_sensors.py for tasks to queue
[2025-06-01T17:18:20.726+0000] {logging_mixin.py:154} INFO - [2025-06-01T17:18:20.726+0000] {dagbag.py:536} INFO - Filling up the DagBag from /home/airflow/.local/lib/python3.8/site-packages/airflow/example_dags/example_sensors.py
[2025-06-01T17:18:20.734+0000] {processor.py:839} INFO - DAG(s) dict_keys(['example_sensors']) retrieved from /home/airflow/.local/lib/python3.8/site-packages/airflow/example_dags/example_sensors.py
[2025-06-01T17:18:20.752+0000] {logging_mixin.py:154} INFO - [2025-06-01T17:18:20.752+0000] {dag.py:2941} INFO - Sync 1 DAGs
[2025-06-01T17:18:20.760+0000] {logging_mixin.py:154} INFO - [2025-06-01T17:18:20.760+0000] {dag.py:3722} INFO - Setting next_dagrun for example_sensors to None, run_after=None
[2025-06-01T17:18:20.773+0000] {processor.py:179} INFO - Processing /home/airflow/.local/lib/python3.8/site-packages/airflow/example_dags/example_sensors.py took 0.051 seconds
[2025-06-01T17:18:54.059+0000] {processor.py:157} INFO - Started process (PID=2345) to work on /home/airflow/.local/lib/python3.8/site-packages/airflow/example_dags/example_sensors.py
[2025-06-01T17:18:54.060+0000] {processor.py:829} INFO - Processing file /home/airflow/.local/lib/python3.8/site-packages/airflow/example_dags/example_sensors.py for tasks to queue
[2025-06-01T17:18:54.060+0000] {logging_mixin.py:154} INFO - [2025-06-01T17:18:54.060+0000] {dagbag.py:536} INFO - Filling up the DagBag from /home/airflow/.local/lib/python3.8/site-packages/airflow/example_dags/example_sensors.py
[2025-06-01T17:18:54.068+0000] {processor.py:839} INFO - DAG(s) dict_keys(['example_sensors']) retrieved from /home/airflow/.local/lib/python3.8/site-packages/airflow/example_dags/example_sensors.py
[2025-06-01T17:18:54.087+0000] {logging_mixin.py:154} INFO - [2025-06-01T17:18:54.087+0000] {dag.py:2941} INFO - Sync 1 DAGs
[2025-06-01T17:18:54.095+0000] {logging_mixin.py:154} INFO - [2025-06-01T17:18:54.095+0000] {dag.py:3722} INFO - Setting next_dagrun for example_sensors to None, run_after=None
[2025-06-01T17:18:54.107+0000] {processor.py:179} INFO - Processing /home/airflow/.local/lib/python3.8/site-packages/airflow/example_dags/example_sensors.py took 0.051 seconds
[2025-06-01T17:19:27.333+0000] {processor.py:157} INFO - Started process (PID=2417) to work on /home/airflow/.local/lib/python3.8/site-packages/airflow/example_dags/example_sensors.py
[2025-06-01T17:19:27.334+0000] {processor.py:829} INFO - Processing file /home/airflow/.local/lib/python3.8/site-packages/airflow/example_dags/example_sensors.py for tasks to queue
[2025-06-01T17:19:27.334+0000] {logging_mixin.py:154} INFO - [2025-06-01T17:19:27.334+0000] {dagbag.py:536} INFO - Filling up the DagBag from /home/airflow/.local/lib/python3.8/site-packages/airflow/example_dags/example_sensors.py
[2025-06-01T17:19:27.342+0000] {processor.py:839} INFO - DAG(s) dict_keys(['example_sensors']) retrieved from /home/airflow/.local/lib/python3.8/site-packages/airflow/example_dags/example_sensors.py
[2025-06-01T17:19:27.363+0000] {logging_mixin.py:154} INFO - [2025-06-01T17:19:27.363+0000] {dag.py:2941} INFO - Sync 1 DAGs
[2025-06-01T17:19:27.372+0000] {logging_mixin.py:154} INFO - [2025-06-01T17:19:27.372+0000] {dag.py:3722} INFO - Setting next_dagrun for example_sensors to None, run_after=None
[2025-06-01T17:19:27.385+0000] {processor.py:179} INFO - Processing /home/airflow/.local/lib/python3.8/site-packages/airflow/example_dags/example_sensors.py took 0.055 seconds
[2025-06-01T17:20:00.621+0000] {processor.py:157} INFO - Started process (PID=2481) to work on /home/airflow/.local/lib/python3.8/site-packages/airflow/example_dags/example_sensors.py
[2025-06-01T17:20:00.622+0000] {processor.py:829} INFO - Processing file /home/airflow/.local/lib/python3.8/site-packages/airflow/example_dags/example_sensors.py for tasks to queue
[2025-06-01T17:20:00.623+0000] {logging_mixin.py:154} INFO - [2025-06-01T17:20:00.623+0000] {dagbag.py:536} INFO - Filling up the DagBag from /home/airflow/.local/lib/python3.8/site-packages/airflow/example_dags/example_sensors.py
[2025-06-01T17:20:00.631+0000] {processor.py:839} INFO - DAG(s) dict_keys(['example_sensors']) retrieved from /home/airflow/.local/lib/python3.8/site-packages/airflow/example_dags/example_sensors.py
[2025-06-01T17:20:00.653+0000] {logging_mixin.py:154} INFO - [2025-06-01T17:20:00.652+0000] {dag.py:2941} INFO - Sync 1 DAGs
[2025-06-01T17:20:00.663+0000] {logging_mixin.py:154} INFO - [2025-06-01T17:20:00.663+0000] {dag.py:3722} INFO - Setting next_dagrun for example_sensors to None, run_after=None
[2025-06-01T17:20:00.681+0000] {processor.py:179} INFO - Processing /home/airflow/.local/lib/python3.8/site-packages/airflow/example_dags/example_sensors.py took 0.062 seconds
[2025-06-01T17:20:33.859+0000] {processor.py:157} INFO - Started process (PID=2553) to work on /home/airflow/.local/lib/python3.8/site-packages/airflow/example_dags/example_sensors.py
[2025-06-01T17:20:33.860+0000] {processor.py:829} INFO - Processing file /home/airflow/.local/lib/python3.8/site-packages/airflow/example_dags/example_sensors.py for tasks to queue
[2025-06-01T17:20:33.860+0000] {logging_mixin.py:154} INFO - [2025-06-01T17:20:33.860+0000] {dagbag.py:536} INFO - Filling up the DagBag from /home/airflow/.local/lib/python3.8/site-packages/airflow/example_dags/example_sensors.py
[2025-06-01T17:20:33.867+0000] {processor.py:839} INFO - DAG(s) dict_keys(['example_sensors']) retrieved from /home/airflow/.local/lib/python3.8/site-packages/airflow/example_dags/example_sensors.py
[2025-06-01T17:20:33.886+0000] {logging_mixin.py:154} INFO - [2025-06-01T17:20:33.885+0000] {dag.py:2941} INFO - Sync 1 DAGs
[2025-06-01T17:20:33.894+0000] {logging_mixin.py:154} INFO - [2025-06-01T17:20:33.894+0000] {dag.py:3722} INFO - Setting next_dagrun for example_sensors to None, run_after=None
[2025-06-01T17:20:33.906+0000] {processor.py:179} INFO - Processing /home/airflow/.local/lib/python3.8/site-packages/airflow/example_dags/example_sensors.py took 0.050 seconds
[2025-06-01T17:21:07.178+0000] {processor.py:157} INFO - Started process (PID=2618) to work on /home/airflow/.local/lib/python3.8/site-packages/airflow/example_dags/example_sensors.py
[2025-06-01T17:21:07.179+0000] {processor.py:829} INFO - Processing file /home/airflow/.local/lib/python3.8/site-packages/airflow/example_dags/example_sensors.py for tasks to queue
[2025-06-01T17:21:07.180+0000] {logging_mixin.py:154} INFO - [2025-06-01T17:21:07.180+0000] {dagbag.py:536} INFO - Filling up the DagBag from /home/airflow/.local/lib/python3.8/site-packages/airflow/example_dags/example_sensors.py
[2025-06-01T17:21:07.187+0000] {processor.py:839} INFO - DAG(s) dict_keys(['example_sensors']) retrieved from /home/airflow/.local/lib/python3.8/site-packages/airflow/example_dags/example_sensors.py
[2025-06-01T17:21:07.206+0000] {logging_mixin.py:154} INFO - [2025-06-01T17:21:07.206+0000] {dag.py:2941} INFO - Sync 1 DAGs
[2025-06-01T17:21:07.217+0000] {logging_mixin.py:154} INFO - [2025-06-01T17:21:07.217+0000] {dag.py:3722} INFO - Setting next_dagrun for example_sensors to None, run_after=None
[2025-06-01T17:21:07.231+0000] {processor.py:179} INFO - Processing /home/airflow/.local/lib/python3.8/site-packages/airflow/example_dags/example_sensors.py took 0.056 seconds
[2025-06-01T17:21:40.443+0000] {processor.py:157} INFO - Started process (PID=2690) to work on /home/airflow/.local/lib/python3.8/site-packages/airflow/example_dags/example_sensors.py
[2025-06-01T17:21:40.445+0000] {processor.py:829} INFO - Processing file /home/airflow/.local/lib/python3.8/site-packages/airflow/example_dags/example_sensors.py for tasks to queue
[2025-06-01T17:21:40.445+0000] {logging_mixin.py:154} INFO - [2025-06-01T17:21:40.445+0000] {dagbag.py:536} INFO - Filling up the DagBag from /home/airflow/.local/lib/python3.8/site-packages/airflow/example_dags/example_sensors.py
[2025-06-01T17:21:40.454+0000] {processor.py:839} INFO - DAG(s) dict_keys(['example_sensors']) retrieved from /home/airflow/.local/lib/python3.8/site-packages/airflow/example_dags/example_sensors.py
[2025-06-01T17:21:40.474+0000] {logging_mixin.py:154} INFO - [2025-06-01T17:21:40.474+0000] {dag.py:2941} INFO - Sync 1 DAGs
[2025-06-01T17:21:40.484+0000] {logging_mixin.py:154} INFO - [2025-06-01T17:21:40.484+0000] {dag.py:3722} INFO - Setting next_dagrun for example_sensors to None, run_after=None
[2025-06-01T17:21:40.497+0000] {processor.py:179} INFO - Processing /home/airflow/.local/lib/python3.8/site-packages/airflow/example_dags/example_sensors.py took 0.057 seconds
[2025-06-01T17:22:13.963+0000] {processor.py:157} INFO - Started process (PID=2762) to work on /home/airflow/.local/lib/python3.8/site-packages/airflow/example_dags/example_sensors.py
[2025-06-01T17:22:13.964+0000] {processor.py:829} INFO - Processing file /home/airflow/.local/lib/python3.8/site-packages/airflow/example_dags/example_sensors.py for tasks to queue
[2025-06-01T17:22:13.965+0000] {logging_mixin.py:154} INFO - [2025-06-01T17:22:13.965+0000] {dagbag.py:536} INFO - Filling up the DagBag from /home/airflow/.local/lib/python3.8/site-packages/airflow/example_dags/example_sensors.py
[2025-06-01T17:22:13.972+0000] {processor.py:839} INFO - DAG(s) dict_keys(['example_sensors']) retrieved from /home/airflow/.local/lib/python3.8/site-packages/airflow/example_dags/example_sensors.py
[2025-06-01T17:22:13.994+0000] {logging_mixin.py:154} INFO - [2025-06-01T17:22:13.994+0000] {dag.py:2941} INFO - Sync 1 DAGs
[2025-06-01T17:22:14.005+0000] {logging_mixin.py:154} INFO - [2025-06-01T17:22:14.005+0000] {dag.py:3722} INFO - Setting next_dagrun for example_sensors to None, run_after=None
[2025-06-01T17:22:14.020+0000] {processor.py:179} INFO - Processing /home/airflow/.local/lib/python3.8/site-packages/airflow/example_dags/example_sensors.py took 0.059 seconds
[2025-06-01T17:22:47.430+0000] {processor.py:157} INFO - Started process (PID=2826) to work on /home/airflow/.local/lib/python3.8/site-packages/airflow/example_dags/example_sensors.py
[2025-06-01T17:22:47.431+0000] {processor.py:829} INFO - Processing file /home/airflow/.local/lib/python3.8/site-packages/airflow/example_dags/example_sensors.py for tasks to queue
[2025-06-01T17:22:47.432+0000] {logging_mixin.py:154} INFO - [2025-06-01T17:22:47.432+0000] {dagbag.py:536} INFO - Filling up the DagBag from /home/airflow/.local/lib/python3.8/site-packages/airflow/example_dags/example_sensors.py
[2025-06-01T17:22:47.439+0000] {processor.py:839} INFO - DAG(s) dict_keys(['example_sensors']) retrieved from /home/airflow/.local/lib/python3.8/site-packages/airflow/example_dags/example_sensors.py
[2025-06-01T17:22:47.457+0000] {logging_mixin.py:154} INFO - [2025-06-01T17:22:47.457+0000] {dag.py:2941} INFO - Sync 1 DAGs
[2025-06-01T17:22:47.466+0000] {logging_mixin.py:154} INFO - [2025-06-01T17:22:47.466+0000] {dag.py:3722} INFO - Setting next_dagrun for example_sensors to None, run_after=None
[2025-06-01T17:22:47.479+0000] {processor.py:179} INFO - Processing /home/airflow/.local/lib/python3.8/site-packages/airflow/example_dags/example_sensors.py took 0.051 seconds
[2025-06-01T17:23:20.635+0000] {processor.py:157} INFO - Started process (PID=2898) to work on /home/airflow/.local/lib/python3.8/site-packages/airflow/example_dags/example_sensors.py
[2025-06-01T17:23:20.636+0000] {processor.py:829} INFO - Processing file /home/airflow/.local/lib/python3.8/site-packages/airflow/example_dags/example_sensors.py for tasks to queue
[2025-06-01T17:23:20.637+0000] {logging_mixin.py:154} INFO - [2025-06-01T17:23:20.636+0000] {dagbag.py:536} INFO - Filling up the DagBag from /home/airflow/.local/lib/python3.8/site-packages/airflow/example_dags/example_sensors.py
[2025-06-01T17:23:20.644+0000] {processor.py:839} INFO - DAG(s) dict_keys(['example_sensors']) retrieved from /home/airflow/.local/lib/python3.8/site-packages/airflow/example_dags/example_sensors.py
[2025-06-01T17:23:20.663+0000] {logging_mixin.py:154} INFO - [2025-06-01T17:23:20.663+0000] {dag.py:2941} INFO - Sync 1 DAGs
[2025-06-01T17:23:20.672+0000] {logging_mixin.py:154} INFO - [2025-06-01T17:23:20.672+0000] {dag.py:3722} INFO - Setting next_dagrun for example_sensors to None, run_after=None
[2025-06-01T17:23:20.684+0000] {processor.py:179} INFO - Processing /home/airflow/.local/lib/python3.8/site-packages/airflow/example_dags/example_sensors.py took 0.052 seconds
[2025-06-01T17:23:53.952+0000] {processor.py:157} INFO - Started process (PID=2962) to work on /home/airflow/.local/lib/python3.8/site-packages/airflow/example_dags/example_sensors.py
[2025-06-01T17:23:53.953+0000] {processor.py:829} INFO - Processing file /home/airflow/.local/lib/python3.8/site-packages/airflow/example_dags/example_sensors.py for tasks to queue
[2025-06-01T17:23:53.953+0000] {logging_mixin.py:154} INFO - [2025-06-01T17:23:53.953+0000] {dagbag.py:536} INFO - Filling up the DagBag from /home/airflow/.local/lib/python3.8/site-packages/airflow/example_dags/example_sensors.py
[2025-06-01T17:23:53.960+0000] {processor.py:839} INFO - DAG(s) dict_keys(['example_sensors']) retrieved from /home/airflow/.local/lib/python3.8/site-packages/airflow/example_dags/example_sensors.py
[2025-06-01T17:23:53.978+0000] {logging_mixin.py:154} INFO - [2025-06-01T17:23:53.978+0000] {dag.py:2941} INFO - Sync 1 DAGs
[2025-06-01T17:23:53.987+0000] {logging_mixin.py:154} INFO - [2025-06-01T17:23:53.986+0000] {dag.py:3722} INFO - Setting next_dagrun for example_sensors to None, run_after=None
[2025-06-01T17:23:53.998+0000] {processor.py:179} INFO - Processing /home/airflow/.local/lib/python3.8/site-packages/airflow/example_dags/example_sensors.py took 0.049 seconds
[2025-06-01T17:24:27.369+0000] {processor.py:157} INFO - Started process (PID=3034) to work on /home/airflow/.local/lib/python3.8/site-packages/airflow/example_dags/example_sensors.py
[2025-06-01T17:24:27.370+0000] {processor.py:829} INFO - Processing file /home/airflow/.local/lib/python3.8/site-packages/airflow/example_dags/example_sensors.py for tasks to queue
[2025-06-01T17:24:27.371+0000] {logging_mixin.py:154} INFO - [2025-06-01T17:24:27.370+0000] {dagbag.py:536} INFO - Filling up the DagBag from /home/airflow/.local/lib/python3.8/site-packages/airflow/example_dags/example_sensors.py
[2025-06-01T17:24:27.378+0000] {processor.py:839} INFO - DAG(s) dict_keys(['example_sensors']) retrieved from /home/airflow/.local/lib/python3.8/site-packages/airflow/example_dags/example_sensors.py
[2025-06-01T17:24:27.396+0000] {logging_mixin.py:154} INFO - [2025-06-01T17:24:27.396+0000] {dag.py:2941} INFO - Sync 1 DAGs
[2025-06-01T17:24:27.404+0000] {logging_mixin.py:154} INFO - [2025-06-01T17:24:27.403+0000] {dag.py:3722} INFO - Setting next_dagrun for example_sensors to None, run_after=None
[2025-06-01T17:24:27.415+0000] {processor.py:179} INFO - Processing /home/airflow/.local/lib/python3.8/site-packages/airflow/example_dags/example_sensors.py took 0.049 seconds
[2025-06-01T17:24:59.904+0000] {processor.py:157} INFO - Started process (PID=3098) to work on /home/airflow/.local/lib/python3.8/site-packages/airflow/example_dags/example_sensors.py
[2025-06-01T17:24:59.905+0000] {processor.py:829} INFO - Processing file /home/airflow/.local/lib/python3.8/site-packages/airflow/example_dags/example_sensors.py for tasks to queue
[2025-06-01T17:24:59.906+0000] {logging_mixin.py:154} INFO - [2025-06-01T17:24:59.906+0000] {dagbag.py:536} INFO - Filling up the DagBag from /home/airflow/.local/lib/python3.8/site-packages/airflow/example_dags/example_sensors.py
[2025-06-01T17:24:59.913+0000] {processor.py:839} INFO - DAG(s) dict_keys(['example_sensors']) retrieved from /home/airflow/.local/lib/python3.8/site-packages/airflow/example_dags/example_sensors.py
[2025-06-01T17:24:59.932+0000] {logging_mixin.py:154} INFO - [2025-06-01T17:24:59.932+0000] {dag.py:2941} INFO - Sync 1 DAGs
[2025-06-01T17:24:59.940+0000] {logging_mixin.py:154} INFO - [2025-06-01T17:24:59.940+0000] {dag.py:3722} INFO - Setting next_dagrun for example_sensors to None, run_after=None
[2025-06-01T17:24:59.952+0000] {processor.py:179} INFO - Processing /home/airflow/.local/lib/python3.8/site-packages/airflow/example_dags/example_sensors.py took 0.051 seconds
[2025-06-01T17:25:33.227+0000] {processor.py:157} INFO - Started process (PID=3170) to work on /home/airflow/.local/lib/python3.8/site-packages/airflow/example_dags/example_sensors.py
[2025-06-01T17:25:33.228+0000] {processor.py:829} INFO - Processing file /home/airflow/.local/lib/python3.8/site-packages/airflow/example_dags/example_sensors.py for tasks to queue
[2025-06-01T17:25:33.229+0000] {logging_mixin.py:154} INFO - [2025-06-01T17:25:33.229+0000] {dagbag.py:536} INFO - Filling up the DagBag from /home/airflow/.local/lib/python3.8/site-packages/airflow/example_dags/example_sensors.py
[2025-06-01T17:25:33.236+0000] {processor.py:839} INFO - DAG(s) dict_keys(['example_sensors']) retrieved from /home/airflow/.local/lib/python3.8/site-packages/airflow/example_dags/example_sensors.py
[2025-06-01T17:25:33.255+0000] {logging_mixin.py:154} INFO - [2025-06-01T17:25:33.255+0000] {dag.py:2941} INFO - Sync 1 DAGs
[2025-06-01T17:25:33.268+0000] {logging_mixin.py:154} INFO - [2025-06-01T17:25:33.268+0000] {dag.py:3722} INFO - Setting next_dagrun for example_sensors to None, run_after=None
[2025-06-01T17:25:33.281+0000] {processor.py:179} INFO - Processing /home/airflow/.local/lib/python3.8/site-packages/airflow/example_dags/example_sensors.py took 0.057 seconds
[2025-06-01T17:26:06.435+0000] {processor.py:157} INFO - Started process (PID=3242) to work on /home/airflow/.local/lib/python3.8/site-packages/airflow/example_dags/example_sensors.py
[2025-06-01T17:26:06.436+0000] {processor.py:829} INFO - Processing file /home/airflow/.local/lib/python3.8/site-packages/airflow/example_dags/example_sensors.py for tasks to queue
[2025-06-01T17:26:06.436+0000] {logging_mixin.py:154} INFO - [2025-06-01T17:26:06.436+0000] {dagbag.py:536} INFO - Filling up the DagBag from /home/airflow/.local/lib/python3.8/site-packages/airflow/example_dags/example_sensors.py
[2025-06-01T17:26:06.443+0000] {processor.py:839} INFO - DAG(s) dict_keys(['example_sensors']) retrieved from /home/airflow/.local/lib/python3.8/site-packages/airflow/example_dags/example_sensors.py
[2025-06-01T17:26:06.461+0000] {logging_mixin.py:154} INFO - [2025-06-01T17:26:06.461+0000] {dag.py:2941} INFO - Sync 1 DAGs
[2025-06-01T17:26:06.469+0000] {logging_mixin.py:154} INFO - [2025-06-01T17:26:06.469+0000] {dag.py:3722} INFO - Setting next_dagrun for example_sensors to None, run_after=None
[2025-06-01T17:26:06.481+0000] {processor.py:179} INFO - Processing /home/airflow/.local/lib/python3.8/site-packages/airflow/example_dags/example_sensors.py took 0.049 seconds
[2025-06-01T17:26:39.865+0000] {processor.py:157} INFO - Started process (PID=3306) to work on /home/airflow/.local/lib/python3.8/site-packages/airflow/example_dags/example_sensors.py
[2025-06-01T17:26:39.866+0000] {processor.py:829} INFO - Processing file /home/airflow/.local/lib/python3.8/site-packages/airflow/example_dags/example_sensors.py for tasks to queue
[2025-06-01T17:26:39.867+0000] {logging_mixin.py:154} INFO - [2025-06-01T17:26:39.867+0000] {dagbag.py:536} INFO - Filling up the DagBag from /home/airflow/.local/lib/python3.8/site-packages/airflow/example_dags/example_sensors.py
[2025-06-01T17:26:39.875+0000] {processor.py:839} INFO - DAG(s) dict_keys(['example_sensors']) retrieved from /home/airflow/.local/lib/python3.8/site-packages/airflow/example_dags/example_sensors.py
[2025-06-01T17:26:39.894+0000] {logging_mixin.py:154} INFO - [2025-06-01T17:26:39.893+0000] {dag.py:2941} INFO - Sync 1 DAGs
[2025-06-01T17:26:39.902+0000] {logging_mixin.py:154} INFO - [2025-06-01T17:26:39.902+0000] {dag.py:3722} INFO - Setting next_dagrun for example_sensors to None, run_after=None
[2025-06-01T17:26:39.914+0000] {processor.py:179} INFO - Processing /home/airflow/.local/lib/python3.8/site-packages/airflow/example_dags/example_sensors.py took 0.052 seconds
[2025-06-01T17:27:13.426+0000] {processor.py:157} INFO - Started process (PID=3378) to work on /home/airflow/.local/lib/python3.8/site-packages/airflow/example_dags/example_sensors.py
[2025-06-01T17:27:13.426+0000] {processor.py:829} INFO - Processing file /home/airflow/.local/lib/python3.8/site-packages/airflow/example_dags/example_sensors.py for tasks to queue
[2025-06-01T17:27:13.427+0000] {logging_mixin.py:154} INFO - [2025-06-01T17:27:13.427+0000] {dagbag.py:536} INFO - Filling up the DagBag from /home/airflow/.local/lib/python3.8/site-packages/airflow/example_dags/example_sensors.py
[2025-06-01T17:27:13.435+0000] {processor.py:839} INFO - DAG(s) dict_keys(['example_sensors']) retrieved from /home/airflow/.local/lib/python3.8/site-packages/airflow/example_dags/example_sensors.py
[2025-06-01T17:27:13.454+0000] {logging_mixin.py:154} INFO - [2025-06-01T17:27:13.454+0000] {dag.py:2941} INFO - Sync 1 DAGs
[2025-06-01T17:27:13.463+0000] {logging_mixin.py:154} INFO - [2025-06-01T17:27:13.463+0000] {dag.py:3722} INFO - Setting next_dagrun for example_sensors to None, run_after=None
[2025-06-01T17:27:13.476+0000] {processor.py:179} INFO - Processing /home/airflow/.local/lib/python3.8/site-packages/airflow/example_dags/example_sensors.py took 0.053 seconds
[2025-06-01T17:27:46.709+0000] {processor.py:157} INFO - Started process (PID=3442) to work on /home/airflow/.local/lib/python3.8/site-packages/airflow/example_dags/example_sensors.py
[2025-06-01T17:27:46.710+0000] {processor.py:829} INFO - Processing file /home/airflow/.local/lib/python3.8/site-packages/airflow/example_dags/example_sensors.py for tasks to queue
[2025-06-01T17:27:46.711+0000] {logging_mixin.py:154} INFO - [2025-06-01T17:27:46.710+0000] {dagbag.py:536} INFO - Filling up the DagBag from /home/airflow/.local/lib/python3.8/site-packages/airflow/example_dags/example_sensors.py
[2025-06-01T17:27:46.718+0000] {processor.py:839} INFO - DAG(s) dict_keys(['example_sensors']) retrieved from /home/airflow/.local/lib/python3.8/site-packages/airflow/example_dags/example_sensors.py
[2025-06-01T17:27:46.736+0000] {logging_mixin.py:154} INFO - [2025-06-01T17:27:46.735+0000] {dag.py:2941} INFO - Sync 1 DAGs
[2025-06-01T17:27:46.744+0000] {logging_mixin.py:154} INFO - [2025-06-01T17:27:46.744+0000] {dag.py:3722} INFO - Setting next_dagrun for example_sensors to None, run_after=None
[2025-06-01T17:27:46.757+0000] {processor.py:179} INFO - Processing /home/airflow/.local/lib/python3.8/site-packages/airflow/example_dags/example_sensors.py took 0.050 seconds
[2025-06-01T17:28:20.056+0000] {processor.py:157} INFO - Started process (PID=3514) to work on /home/airflow/.local/lib/python3.8/site-packages/airflow/example_dags/example_sensors.py
[2025-06-01T17:28:20.057+0000] {processor.py:829} INFO - Processing file /home/airflow/.local/lib/python3.8/site-packages/airflow/example_dags/example_sensors.py for tasks to queue
[2025-06-01T17:28:20.058+0000] {logging_mixin.py:154} INFO - [2025-06-01T17:28:20.058+0000] {dagbag.py:536} INFO - Filling up the DagBag from /home/airflow/.local/lib/python3.8/site-packages/airflow/example_dags/example_sensors.py
[2025-06-01T17:28:20.065+0000] {processor.py:839} INFO - DAG(s) dict_keys(['example_sensors']) retrieved from /home/airflow/.local/lib/python3.8/site-packages/airflow/example_dags/example_sensors.py
[2025-06-01T17:28:20.084+0000] {logging_mixin.py:154} INFO - [2025-06-01T17:28:20.084+0000] {dag.py:2941} INFO - Sync 1 DAGs
[2025-06-01T17:28:20.092+0000] {logging_mixin.py:154} INFO - [2025-06-01T17:28:20.092+0000] {dag.py:3722} INFO - Setting next_dagrun for example_sensors to None, run_after=None
[2025-06-01T17:28:20.105+0000] {processor.py:179} INFO - Processing /home/airflow/.local/lib/python3.8/site-packages/airflow/example_dags/example_sensors.py took 0.051 seconds
[2025-06-01T17:28:52.671+0000] {processor.py:157} INFO - Started process (PID=3586) to work on /home/airflow/.local/lib/python3.8/site-packages/airflow/example_dags/example_sensors.py
[2025-06-01T17:28:52.672+0000] {processor.py:829} INFO - Processing file /home/airflow/.local/lib/python3.8/site-packages/airflow/example_dags/example_sensors.py for tasks to queue
[2025-06-01T17:28:52.672+0000] {logging_mixin.py:154} INFO - [2025-06-01T17:28:52.672+0000] {dagbag.py:536} INFO - Filling up the DagBag from /home/airflow/.local/lib/python3.8/site-packages/airflow/example_dags/example_sensors.py
[2025-06-01T17:28:52.681+0000] {processor.py:839} INFO - DAG(s) dict_keys(['example_sensors']) retrieved from /home/airflow/.local/lib/python3.8/site-packages/airflow/example_dags/example_sensors.py
[2025-06-01T17:28:52.702+0000] {logging_mixin.py:154} INFO - [2025-06-01T17:28:52.702+0000] {dag.py:2941} INFO - Sync 1 DAGs
[2025-06-01T17:28:52.710+0000] {logging_mixin.py:154} INFO - [2025-06-01T17:28:52.710+0000] {dag.py:3722} INFO - Setting next_dagrun for example_sensors to None, run_after=None
[2025-06-01T17:28:52.723+0000] {processor.py:179} INFO - Processing /home/airflow/.local/lib/python3.8/site-packages/airflow/example_dags/example_sensors.py took 0.055 seconds
