[2025-06-01T16:51:58.889+0000] {processor.py:157} INFO - Started process (PID=50) to work on /home/airflow/.local/lib/python3.8/site-packages/airflow/example_dags/example_setup_teardown.py
[2025-06-01T16:51:58.890+0000] {processor.py:829} INFO - Processing file /home/airflow/.local/lib/python3.8/site-packages/airflow/example_dags/example_setup_teardown.py for tasks to queue
[2025-06-01T16:51:58.891+0000] {logging_mixin.py:154} INFO - [2025-06-01T16:51:58.891+0000] {dagbag.py:536} INFO - Filling up the DagBag from /home/airflow/.local/lib/python3.8/site-packages/airflow/example_dags/example_setup_teardown.py
[2025-06-01T16:51:58.898+0000] {processor.py:839} INFO - DAG(s) dict_keys(['example_setup_teardown']) retrieved from /home/airflow/.local/lib/python3.8/site-packages/airflow/example_dags/example_setup_teardown.py
[2025-06-01T16:51:58.908+0000] {logging_mixin.py:154} INFO - [2025-06-01T16:51:58.908+0000] {dag.py:2941} INFO - Sync 1 DAGs
[2025-06-01T16:51:58.930+0000] {logging_mixin.py:154} INFO - [2025-06-01T16:51:58.930+0000] {dag.py:3722} INFO - Setting next_dagrun for example_setup_teardown to 2025-05-31T16:51:58.930162+00:00, run_after=2025-06-01T16:51:58.930162+00:00
[2025-06-01T16:51:58.944+0000] {processor.py:179} INFO - Processing /home/airflow/.local/lib/python3.8/site-packages/airflow/example_dags/example_setup_teardown.py took 0.057 seconds
[2025-06-01T16:52:29.305+0000] {processor.py:157} INFO - Started process (PID=119) to work on /home/airflow/.local/lib/python3.8/site-packages/airflow/example_dags/example_setup_teardown.py
[2025-06-01T16:52:29.306+0000] {processor.py:829} INFO - Processing file /home/airflow/.local/lib/python3.8/site-packages/airflow/example_dags/example_setup_teardown.py for tasks to queue
[2025-06-01T16:52:29.308+0000] {logging_mixin.py:154} INFO - [2025-06-01T16:52:29.308+0000] {dagbag.py:536} INFO - Filling up the DagBag from /home/airflow/.local/lib/python3.8/site-packages/airflow/example_dags/example_setup_teardown.py
[2025-06-01T16:52:29.313+0000] {processor.py:839} INFO - DAG(s) dict_keys(['example_setup_teardown']) retrieved from /home/airflow/.local/lib/python3.8/site-packages/airflow/example_dags/example_setup_teardown.py
[2025-06-01T16:52:29.330+0000] {logging_mixin.py:154} INFO - [2025-06-01T16:52:29.330+0000] {dag.py:2941} INFO - Sync 1 DAGs
[2025-06-01T16:52:29.351+0000] {logging_mixin.py:154} INFO - [2025-06-01T16:52:29.351+0000] {dag.py:3722} INFO - Setting next_dagrun for example_setup_teardown to 2025-05-31T16:52:29.351160+00:00, run_after=2025-06-01T16:52:29.351160+00:00
[2025-06-01T16:52:29.370+0000] {processor.py:179} INFO - Processing /home/airflow/.local/lib/python3.8/site-packages/airflow/example_dags/example_setup_teardown.py took 0.067 seconds
[2025-06-01T16:52:59.692+0000] {processor.py:157} INFO - Started process (PID=203) to work on /home/airflow/.local/lib/python3.8/site-packages/airflow/example_dags/example_setup_teardown.py
[2025-06-01T16:52:59.693+0000] {processor.py:829} INFO - Processing file /home/airflow/.local/lib/python3.8/site-packages/airflow/example_dags/example_setup_teardown.py for tasks to queue
[2025-06-01T16:52:59.695+0000] {logging_mixin.py:154} INFO - [2025-06-01T16:52:59.694+0000] {dagbag.py:536} INFO - Filling up the DagBag from /home/airflow/.local/lib/python3.8/site-packages/airflow/example_dags/example_setup_teardown.py
[2025-06-01T16:52:59.700+0000] {processor.py:839} INFO - DAG(s) dict_keys(['example_setup_teardown']) retrieved from /home/airflow/.local/lib/python3.8/site-packages/airflow/example_dags/example_setup_teardown.py
[2025-06-01T16:52:59.717+0000] {logging_mixin.py:154} INFO - [2025-06-01T16:52:59.716+0000] {dag.py:2941} INFO - Sync 1 DAGs
[2025-06-01T16:52:59.735+0000] {logging_mixin.py:154} INFO - [2025-06-01T16:52:59.735+0000] {dag.py:3722} INFO - Setting next_dagrun for example_setup_teardown to 2025-05-31T16:52:59.734913+00:00, run_after=2025-06-01T16:52:59.734913+00:00
[2025-06-01T16:52:59.748+0000] {processor.py:179} INFO - Processing /home/airflow/.local/lib/python3.8/site-packages/airflow/example_dags/example_setup_teardown.py took 0.059 seconds
[2025-06-01T16:53:29.881+0000] {processor.py:157} INFO - Started process (PID=271) to work on /home/airflow/.local/lib/python3.8/site-packages/airflow/example_dags/example_setup_teardown.py
[2025-06-01T16:53:29.882+0000] {processor.py:829} INFO - Processing file /home/airflow/.local/lib/python3.8/site-packages/airflow/example_dags/example_setup_teardown.py for tasks to queue
[2025-06-01T16:53:29.884+0000] {logging_mixin.py:154} INFO - [2025-06-01T16:53:29.883+0000] {dagbag.py:536} INFO - Filling up the DagBag from /home/airflow/.local/lib/python3.8/site-packages/airflow/example_dags/example_setup_teardown.py
[2025-06-01T16:53:29.890+0000] {processor.py:839} INFO - DAG(s) dict_keys(['example_setup_teardown']) retrieved from /home/airflow/.local/lib/python3.8/site-packages/airflow/example_dags/example_setup_teardown.py
[2025-06-01T16:53:29.906+0000] {logging_mixin.py:154} INFO - [2025-06-01T16:53:29.906+0000] {dag.py:2941} INFO - Sync 1 DAGs
[2025-06-01T16:53:29.923+0000] {logging_mixin.py:154} INFO - [2025-06-01T16:53:29.922+0000] {dag.py:3722} INFO - Setting next_dagrun for example_setup_teardown to 2025-05-31T16:53:29.922794+00:00, run_after=2025-06-01T16:53:29.922794+00:00
[2025-06-01T16:53:29.935+0000] {processor.py:179} INFO - Processing /home/airflow/.local/lib/python3.8/site-packages/airflow/example_dags/example_setup_teardown.py took 0.057 seconds
[2025-06-01T16:54:00.239+0000] {processor.py:157} INFO - Started process (PID=332) to work on /home/airflow/.local/lib/python3.8/site-packages/airflow/example_dags/example_setup_teardown.py
[2025-06-01T16:54:00.240+0000] {processor.py:829} INFO - Processing file /home/airflow/.local/lib/python3.8/site-packages/airflow/example_dags/example_setup_teardown.py for tasks to queue
[2025-06-01T16:54:00.242+0000] {logging_mixin.py:154} INFO - [2025-06-01T16:54:00.242+0000] {dagbag.py:536} INFO - Filling up the DagBag from /home/airflow/.local/lib/python3.8/site-packages/airflow/example_dags/example_setup_teardown.py
[2025-06-01T16:54:00.247+0000] {processor.py:839} INFO - DAG(s) dict_keys(['example_setup_teardown']) retrieved from /home/airflow/.local/lib/python3.8/site-packages/airflow/example_dags/example_setup_teardown.py
[2025-06-01T16:54:00.265+0000] {logging_mixin.py:154} INFO - [2025-06-01T16:54:00.265+0000] {dag.py:2941} INFO - Sync 1 DAGs
[2025-06-01T16:54:00.280+0000] {logging_mixin.py:154} INFO - [2025-06-01T16:54:00.280+0000] {dag.py:3722} INFO - Setting next_dagrun for example_setup_teardown to 2025-05-31T16:54:00.279999+00:00, run_after=2025-06-01T16:54:00.279999+00:00
[2025-06-01T16:54:00.291+0000] {processor.py:179} INFO - Processing /home/airflow/.local/lib/python3.8/site-packages/airflow/example_dags/example_setup_teardown.py took 0.055 seconds
[2025-06-01T16:54:31.017+0000] {processor.py:157} INFO - Started process (PID=400) to work on /home/airflow/.local/lib/python3.8/site-packages/airflow/example_dags/example_setup_teardown.py
[2025-06-01T16:54:31.018+0000] {processor.py:829} INFO - Processing file /home/airflow/.local/lib/python3.8/site-packages/airflow/example_dags/example_setup_teardown.py for tasks to queue
[2025-06-01T16:54:31.019+0000] {logging_mixin.py:154} INFO - [2025-06-01T16:54:31.019+0000] {dagbag.py:536} INFO - Filling up the DagBag from /home/airflow/.local/lib/python3.8/site-packages/airflow/example_dags/example_setup_teardown.py
[2025-06-01T16:54:31.024+0000] {processor.py:839} INFO - DAG(s) dict_keys(['example_setup_teardown']) retrieved from /home/airflow/.local/lib/python3.8/site-packages/airflow/example_dags/example_setup_teardown.py
[2025-06-01T16:54:31.042+0000] {logging_mixin.py:154} INFO - [2025-06-01T16:54:31.041+0000] {dag.py:2941} INFO - Sync 1 DAGs
[2025-06-01T16:54:31.056+0000] {logging_mixin.py:154} INFO - [2025-06-01T16:54:31.056+0000] {dag.py:3722} INFO - Setting next_dagrun for example_setup_teardown to 2025-05-31T16:54:31.056165+00:00, run_after=2025-06-01T16:54:31.056165+00:00
[2025-06-01T16:54:31.069+0000] {processor.py:179} INFO - Processing /home/airflow/.local/lib/python3.8/site-packages/airflow/example_dags/example_setup_teardown.py took 0.055 seconds
[2025-06-01T16:55:04.316+0000] {processor.py:157} INFO - Started process (PID=468) to work on /home/airflow/.local/lib/python3.8/site-packages/airflow/example_dags/example_setup_teardown.py
[2025-06-01T16:55:04.320+0000] {processor.py:829} INFO - Processing file /home/airflow/.local/lib/python3.8/site-packages/airflow/example_dags/example_setup_teardown.py for tasks to queue
[2025-06-01T16:55:04.322+0000] {logging_mixin.py:154} INFO - [2025-06-01T16:55:04.322+0000] {dagbag.py:536} INFO - Filling up the DagBag from /home/airflow/.local/lib/python3.8/site-packages/airflow/example_dags/example_setup_teardown.py
[2025-06-01T16:55:04.328+0000] {processor.py:839} INFO - DAG(s) dict_keys(['example_setup_teardown']) retrieved from /home/airflow/.local/lib/python3.8/site-packages/airflow/example_dags/example_setup_teardown.py
[2025-06-01T16:55:04.344+0000] {logging_mixin.py:154} INFO - [2025-06-01T16:55:04.343+0000] {dag.py:2941} INFO - Sync 1 DAGs
[2025-06-01T16:55:04.358+0000] {logging_mixin.py:154} INFO - [2025-06-01T16:55:04.358+0000] {dag.py:3722} INFO - Setting next_dagrun for example_setup_teardown to 2025-05-31T16:55:04.358623+00:00, run_after=2025-06-01T16:55:04.358623+00:00
[2025-06-01T16:55:04.370+0000] {processor.py:179} INFO - Processing /home/airflow/.local/lib/python3.8/site-packages/airflow/example_dags/example_setup_teardown.py took 0.057 seconds
[2025-06-01T16:55:37.401+0000] {processor.py:157} INFO - Started process (PID=536) to work on /home/airflow/.local/lib/python3.8/site-packages/airflow/example_dags/example_setup_teardown.py
[2025-06-01T16:55:37.402+0000] {processor.py:829} INFO - Processing file /home/airflow/.local/lib/python3.8/site-packages/airflow/example_dags/example_setup_teardown.py for tasks to queue
[2025-06-01T16:55:37.404+0000] {logging_mixin.py:154} INFO - [2025-06-01T16:55:37.404+0000] {dagbag.py:536} INFO - Filling up the DagBag from /home/airflow/.local/lib/python3.8/site-packages/airflow/example_dags/example_setup_teardown.py
[2025-06-01T16:55:37.409+0000] {processor.py:839} INFO - DAG(s) dict_keys(['example_setup_teardown']) retrieved from /home/airflow/.local/lib/python3.8/site-packages/airflow/example_dags/example_setup_teardown.py
[2025-06-01T16:55:37.426+0000] {logging_mixin.py:154} INFO - [2025-06-01T16:55:37.426+0000] {dag.py:2941} INFO - Sync 1 DAGs
[2025-06-01T16:55:37.440+0000] {logging_mixin.py:154} INFO - [2025-06-01T16:55:37.440+0000] {dag.py:3722} INFO - Setting next_dagrun for example_setup_teardown to 2025-05-31T16:55:37.440354+00:00, run_after=2025-06-01T16:55:37.440354+00:00
[2025-06-01T16:55:37.452+0000] {processor.py:179} INFO - Processing /home/airflow/.local/lib/python3.8/site-packages/airflow/example_dags/example_setup_teardown.py took 0.054 seconds
[2025-06-01T16:56:10.695+0000] {processor.py:157} INFO - Started process (PID=604) to work on /home/airflow/.local/lib/python3.8/site-packages/airflow/example_dags/example_setup_teardown.py
[2025-06-01T16:56:10.695+0000] {processor.py:829} INFO - Processing file /home/airflow/.local/lib/python3.8/site-packages/airflow/example_dags/example_setup_teardown.py for tasks to queue
[2025-06-01T16:56:10.697+0000] {logging_mixin.py:154} INFO - [2025-06-01T16:56:10.697+0000] {dagbag.py:536} INFO - Filling up the DagBag from /home/airflow/.local/lib/python3.8/site-packages/airflow/example_dags/example_setup_teardown.py
[2025-06-01T16:56:10.703+0000] {processor.py:839} INFO - DAG(s) dict_keys(['example_setup_teardown']) retrieved from /home/airflow/.local/lib/python3.8/site-packages/airflow/example_dags/example_setup_teardown.py
[2025-06-01T16:56:10.720+0000] {logging_mixin.py:154} INFO - [2025-06-01T16:56:10.719+0000] {dag.py:2941} INFO - Sync 1 DAGs
[2025-06-01T16:56:10.736+0000] {logging_mixin.py:154} INFO - [2025-06-01T16:56:10.736+0000] {dag.py:3722} INFO - Setting next_dagrun for example_setup_teardown to 2025-05-31T16:56:10.735935+00:00, run_after=2025-06-01T16:56:10.735935+00:00
[2025-06-01T16:56:10.750+0000] {processor.py:179} INFO - Processing /home/airflow/.local/lib/python3.8/site-packages/airflow/example_dags/example_setup_teardown.py took 0.059 seconds
[2025-06-01T16:56:44.192+0000] {processor.py:157} INFO - Started process (PID=672) to work on /home/airflow/.local/lib/python3.8/site-packages/airflow/example_dags/example_setup_teardown.py
[2025-06-01T16:56:44.193+0000] {processor.py:829} INFO - Processing file /home/airflow/.local/lib/python3.8/site-packages/airflow/example_dags/example_setup_teardown.py for tasks to queue
[2025-06-01T16:56:44.195+0000] {logging_mixin.py:154} INFO - [2025-06-01T16:56:44.195+0000] {dagbag.py:536} INFO - Filling up the DagBag from /home/airflow/.local/lib/python3.8/site-packages/airflow/example_dags/example_setup_teardown.py
[2025-06-01T16:56:44.199+0000] {processor.py:839} INFO - DAG(s) dict_keys(['example_setup_teardown']) retrieved from /home/airflow/.local/lib/python3.8/site-packages/airflow/example_dags/example_setup_teardown.py
[2025-06-01T16:56:44.215+0000] {logging_mixin.py:154} INFO - [2025-06-01T16:56:44.215+0000] {dag.py:2941} INFO - Sync 1 DAGs
[2025-06-01T16:56:44.228+0000] {logging_mixin.py:154} INFO - [2025-06-01T16:56:44.228+0000] {dag.py:3722} INFO - Setting next_dagrun for example_setup_teardown to 2025-05-31T16:56:44.227969+00:00, run_after=2025-06-01T16:56:44.227969+00:00
[2025-06-01T16:56:44.239+0000] {processor.py:179} INFO - Processing /home/airflow/.local/lib/python3.8/site-packages/airflow/example_dags/example_setup_teardown.py took 0.049 seconds
[2025-06-01T16:57:17.365+0000] {processor.py:157} INFO - Started process (PID=740) to work on /home/airflow/.local/lib/python3.8/site-packages/airflow/example_dags/example_setup_teardown.py
[2025-06-01T16:57:17.367+0000] {processor.py:829} INFO - Processing file /home/airflow/.local/lib/python3.8/site-packages/airflow/example_dags/example_setup_teardown.py for tasks to queue
[2025-06-01T16:57:17.369+0000] {logging_mixin.py:154} INFO - [2025-06-01T16:57:17.368+0000] {dagbag.py:536} INFO - Filling up the DagBag from /home/airflow/.local/lib/python3.8/site-packages/airflow/example_dags/example_setup_teardown.py
[2025-06-01T16:57:17.374+0000] {processor.py:839} INFO - DAG(s) dict_keys(['example_setup_teardown']) retrieved from /home/airflow/.local/lib/python3.8/site-packages/airflow/example_dags/example_setup_teardown.py
[2025-06-01T16:57:17.390+0000] {logging_mixin.py:154} INFO - [2025-06-01T16:57:17.390+0000] {dag.py:2941} INFO - Sync 1 DAGs
[2025-06-01T16:57:17.406+0000] {logging_mixin.py:154} INFO - [2025-06-01T16:57:17.406+0000] {dag.py:3722} INFO - Setting next_dagrun for example_setup_teardown to 2025-05-31T16:57:17.406011+00:00, run_after=2025-06-01T16:57:17.406011+00:00
[2025-06-01T16:57:17.419+0000] {processor.py:179} INFO - Processing /home/airflow/.local/lib/python3.8/site-packages/airflow/example_dags/example_setup_teardown.py took 0.056 seconds
[2025-06-01T16:57:50.551+0000] {processor.py:157} INFO - Started process (PID=808) to work on /home/airflow/.local/lib/python3.8/site-packages/airflow/example_dags/example_setup_teardown.py
[2025-06-01T16:57:50.552+0000] {processor.py:829} INFO - Processing file /home/airflow/.local/lib/python3.8/site-packages/airflow/example_dags/example_setup_teardown.py for tasks to queue
[2025-06-01T16:57:50.554+0000] {logging_mixin.py:154} INFO - [2025-06-01T16:57:50.553+0000] {dagbag.py:536} INFO - Filling up the DagBag from /home/airflow/.local/lib/python3.8/site-packages/airflow/example_dags/example_setup_teardown.py
[2025-06-01T16:57:50.558+0000] {processor.py:839} INFO - DAG(s) dict_keys(['example_setup_teardown']) retrieved from /home/airflow/.local/lib/python3.8/site-packages/airflow/example_dags/example_setup_teardown.py
[2025-06-01T16:57:50.574+0000] {logging_mixin.py:154} INFO - [2025-06-01T16:57:50.574+0000] {dag.py:2941} INFO - Sync 1 DAGs
[2025-06-01T16:57:50.587+0000] {logging_mixin.py:154} INFO - [2025-06-01T16:57:50.587+0000] {dag.py:3722} INFO - Setting next_dagrun for example_setup_teardown to 2025-05-31T16:57:50.587450+00:00, run_after=2025-06-01T16:57:50.587450+00:00
[2025-06-01T16:57:50.599+0000] {processor.py:179} INFO - Processing /home/airflow/.local/lib/python3.8/site-packages/airflow/example_dags/example_setup_teardown.py took 0.050 seconds
[2025-06-01T16:58:23.790+0000] {processor.py:157} INFO - Started process (PID=877) to work on /home/airflow/.local/lib/python3.8/site-packages/airflow/example_dags/example_setup_teardown.py
[2025-06-01T16:58:23.791+0000] {processor.py:829} INFO - Processing file /home/airflow/.local/lib/python3.8/site-packages/airflow/example_dags/example_setup_teardown.py for tasks to queue
[2025-06-01T16:58:23.793+0000] {logging_mixin.py:154} INFO - [2025-06-01T16:58:23.793+0000] {dagbag.py:536} INFO - Filling up the DagBag from /home/airflow/.local/lib/python3.8/site-packages/airflow/example_dags/example_setup_teardown.py
[2025-06-01T16:58:23.798+0000] {processor.py:839} INFO - DAG(s) dict_keys(['example_setup_teardown']) retrieved from /home/airflow/.local/lib/python3.8/site-packages/airflow/example_dags/example_setup_teardown.py
[2025-06-01T16:58:23.814+0000] {logging_mixin.py:154} INFO - [2025-06-01T16:58:23.813+0000] {dag.py:2941} INFO - Sync 1 DAGs
[2025-06-01T16:58:23.829+0000] {logging_mixin.py:154} INFO - [2025-06-01T16:58:23.829+0000] {dag.py:3722} INFO - Setting next_dagrun for example_setup_teardown to 2025-05-31T16:58:23.828919+00:00, run_after=2025-06-01T16:58:23.828919+00:00
[2025-06-01T16:58:23.840+0000] {processor.py:179} INFO - Processing /home/airflow/.local/lib/python3.8/site-packages/airflow/example_dags/example_setup_teardown.py took 0.053 seconds
[2025-06-01T16:58:56.886+0000] {processor.py:157} INFO - Started process (PID=945) to work on /home/airflow/.local/lib/python3.8/site-packages/airflow/example_dags/example_setup_teardown.py
[2025-06-01T16:58:56.887+0000] {processor.py:829} INFO - Processing file /home/airflow/.local/lib/python3.8/site-packages/airflow/example_dags/example_setup_teardown.py for tasks to queue
[2025-06-01T16:58:56.889+0000] {logging_mixin.py:154} INFO - [2025-06-01T16:58:56.888+0000] {dagbag.py:536} INFO - Filling up the DagBag from /home/airflow/.local/lib/python3.8/site-packages/airflow/example_dags/example_setup_teardown.py
[2025-06-01T16:58:56.894+0000] {processor.py:839} INFO - DAG(s) dict_keys(['example_setup_teardown']) retrieved from /home/airflow/.local/lib/python3.8/site-packages/airflow/example_dags/example_setup_teardown.py
[2025-06-01T16:58:56.910+0000] {logging_mixin.py:154} INFO - [2025-06-01T16:58:56.910+0000] {dag.py:2941} INFO - Sync 1 DAGs
[2025-06-01T16:58:56.927+0000] {logging_mixin.py:154} INFO - [2025-06-01T16:58:56.926+0000] {dag.py:3722} INFO - Setting next_dagrun for example_setup_teardown to 2025-05-31T16:58:56.926711+00:00, run_after=2025-06-01T16:58:56.926711+00:00
[2025-06-01T16:58:56.939+0000] {processor.py:179} INFO - Processing /home/airflow/.local/lib/python3.8/site-packages/airflow/example_dags/example_setup_teardown.py took 0.056 seconds
[2025-06-01T16:59:30.291+0000] {processor.py:157} INFO - Started process (PID=1013) to work on /home/airflow/.local/lib/python3.8/site-packages/airflow/example_dags/example_setup_teardown.py
[2025-06-01T16:59:30.292+0000] {processor.py:829} INFO - Processing file /home/airflow/.local/lib/python3.8/site-packages/airflow/example_dags/example_setup_teardown.py for tasks to queue
[2025-06-01T16:59:30.294+0000] {logging_mixin.py:154} INFO - [2025-06-01T16:59:30.294+0000] {dagbag.py:536} INFO - Filling up the DagBag from /home/airflow/.local/lib/python3.8/site-packages/airflow/example_dags/example_setup_teardown.py
[2025-06-01T16:59:30.299+0000] {processor.py:839} INFO - DAG(s) dict_keys(['example_setup_teardown']) retrieved from /home/airflow/.local/lib/python3.8/site-packages/airflow/example_dags/example_setup_teardown.py
[2025-06-01T16:59:30.316+0000] {logging_mixin.py:154} INFO - [2025-06-01T16:59:30.316+0000] {dag.py:2941} INFO - Sync 1 DAGs
[2025-06-01T16:59:30.334+0000] {logging_mixin.py:154} INFO - [2025-06-01T16:59:30.333+0000] {dag.py:3722} INFO - Setting next_dagrun for example_setup_teardown to 2025-05-31T16:59:30.333519+00:00, run_after=2025-06-01T16:59:30.333519+00:00
[2025-06-01T16:59:30.348+0000] {processor.py:179} INFO - Processing /home/airflow/.local/lib/python3.8/site-packages/airflow/example_dags/example_setup_teardown.py took 0.059 seconds
[2025-06-01T17:00:37.432+0000] {processor.py:157} INFO - Started process (PID=54) to work on /home/airflow/.local/lib/python3.8/site-packages/airflow/example_dags/example_setup_teardown.py
[2025-06-01T17:00:37.434+0000] {processor.py:829} INFO - Processing file /home/airflow/.local/lib/python3.8/site-packages/airflow/example_dags/example_setup_teardown.py for tasks to queue
[2025-06-01T17:00:37.436+0000] {logging_mixin.py:154} INFO - [2025-06-01T17:00:37.435+0000] {dagbag.py:536} INFO - Filling up the DagBag from /home/airflow/.local/lib/python3.8/site-packages/airflow/example_dags/example_setup_teardown.py
[2025-06-01T17:00:37.446+0000] {processor.py:839} INFO - DAG(s) dict_keys(['example_setup_teardown']) retrieved from /home/airflow/.local/lib/python3.8/site-packages/airflow/example_dags/example_setup_teardown.py
[2025-06-01T17:00:37.457+0000] {logging_mixin.py:154} INFO - [2025-06-01T17:00:37.457+0000] {dag.py:2941} INFO - Sync 1 DAGs
[2025-06-01T17:00:37.476+0000] {logging_mixin.py:154} INFO - [2025-06-01T17:00:37.475+0000] {dag.py:3722} INFO - Setting next_dagrun for example_setup_teardown to 2025-05-31T17:00:37.475654+00:00, run_after=2025-06-01T17:00:37.475654+00:00
[2025-06-01T17:00:37.491+0000] {processor.py:179} INFO - Processing /home/airflow/.local/lib/python3.8/site-packages/airflow/example_dags/example_setup_teardown.py took 0.062 seconds
[2025-06-01T17:01:10.168+0000] {processor.py:157} INFO - Started process (PID=117) to work on /home/airflow/.local/lib/python3.8/site-packages/airflow/example_dags/example_setup_teardown.py
[2025-06-01T17:01:10.169+0000] {processor.py:829} INFO - Processing file /home/airflow/.local/lib/python3.8/site-packages/airflow/example_dags/example_setup_teardown.py for tasks to queue
[2025-06-01T17:01:10.171+0000] {logging_mixin.py:154} INFO - [2025-06-01T17:01:10.171+0000] {dagbag.py:536} INFO - Filling up the DagBag from /home/airflow/.local/lib/python3.8/site-packages/airflow/example_dags/example_setup_teardown.py
[2025-06-01T17:01:10.176+0000] {processor.py:839} INFO - DAG(s) dict_keys(['example_setup_teardown']) retrieved from /home/airflow/.local/lib/python3.8/site-packages/airflow/example_dags/example_setup_teardown.py
[2025-06-01T17:01:10.193+0000] {logging_mixin.py:154} INFO - [2025-06-01T17:01:10.193+0000] {dag.py:2941} INFO - Sync 1 DAGs
[2025-06-01T17:01:10.207+0000] {logging_mixin.py:154} INFO - [2025-06-01T17:01:10.207+0000] {dag.py:3722} INFO - Setting next_dagrun for example_setup_teardown to 2025-05-31T17:01:10.207640+00:00, run_after=2025-06-01T17:01:10.207640+00:00
[2025-06-01T17:01:10.220+0000] {processor.py:179} INFO - Processing /home/airflow/.local/lib/python3.8/site-packages/airflow/example_dags/example_setup_teardown.py took 0.055 seconds
[2025-06-01T17:01:43.513+0000] {processor.py:157} INFO - Started process (PID=188) to work on /home/airflow/.local/lib/python3.8/site-packages/airflow/example_dags/example_setup_teardown.py
[2025-06-01T17:01:43.514+0000] {processor.py:829} INFO - Processing file /home/airflow/.local/lib/python3.8/site-packages/airflow/example_dags/example_setup_teardown.py for tasks to queue
[2025-06-01T17:01:43.517+0000] {logging_mixin.py:154} INFO - [2025-06-01T17:01:43.516+0000] {dagbag.py:536} INFO - Filling up the DagBag from /home/airflow/.local/lib/python3.8/site-packages/airflow/example_dags/example_setup_teardown.py
[2025-06-01T17:01:43.523+0000] {processor.py:839} INFO - DAG(s) dict_keys(['example_setup_teardown']) retrieved from /home/airflow/.local/lib/python3.8/site-packages/airflow/example_dags/example_setup_teardown.py
[2025-06-01T17:01:43.560+0000] {logging_mixin.py:154} INFO - [2025-06-01T17:01:43.560+0000] {dag.py:2941} INFO - Sync 1 DAGs
[2025-06-01T17:01:43.578+0000] {logging_mixin.py:154} INFO - [2025-06-01T17:01:43.578+0000] {dag.py:3722} INFO - Setting next_dagrun for example_setup_teardown to 2025-05-31T17:01:43.578452+00:00, run_after=2025-06-01T17:01:43.578452+00:00
[2025-06-01T17:01:43.593+0000] {processor.py:179} INFO - Processing /home/airflow/.local/lib/python3.8/site-packages/airflow/example_dags/example_setup_teardown.py took 0.084 seconds
[2025-06-01T17:02:16.166+0000] {processor.py:157} INFO - Started process (PID=251) to work on /home/airflow/.local/lib/python3.8/site-packages/airflow/example_dags/example_setup_teardown.py
[2025-06-01T17:02:16.167+0000] {processor.py:829} INFO - Processing file /home/airflow/.local/lib/python3.8/site-packages/airflow/example_dags/example_setup_teardown.py for tasks to queue
[2025-06-01T17:02:16.169+0000] {logging_mixin.py:154} INFO - [2025-06-01T17:02:16.169+0000] {dagbag.py:536} INFO - Filling up the DagBag from /home/airflow/.local/lib/python3.8/site-packages/airflow/example_dags/example_setup_teardown.py
[2025-06-01T17:02:16.176+0000] {processor.py:839} INFO - DAG(s) dict_keys(['example_setup_teardown']) retrieved from /home/airflow/.local/lib/python3.8/site-packages/airflow/example_dags/example_setup_teardown.py
[2025-06-01T17:02:16.194+0000] {logging_mixin.py:154} INFO - [2025-06-01T17:02:16.193+0000] {dag.py:2941} INFO - Sync 1 DAGs
[2025-06-01T17:02:16.209+0000] {logging_mixin.py:154} INFO - [2025-06-01T17:02:16.209+0000] {dag.py:3722} INFO - Setting next_dagrun for example_setup_teardown to 2025-05-31T17:02:16.209213+00:00, run_after=2025-06-01T17:02:16.209213+00:00
[2025-06-01T17:02:16.221+0000] {processor.py:179} INFO - Processing /home/airflow/.local/lib/python3.8/site-packages/airflow/example_dags/example_setup_teardown.py took 0.060 seconds
[2025-06-01T17:02:49.676+0000] {processor.py:157} INFO - Started process (PID=322) to work on /home/airflow/.local/lib/python3.8/site-packages/airflow/example_dags/example_setup_teardown.py
[2025-06-01T17:02:49.678+0000] {processor.py:829} INFO - Processing file /home/airflow/.local/lib/python3.8/site-packages/airflow/example_dags/example_setup_teardown.py for tasks to queue
[2025-06-01T17:02:49.680+0000] {logging_mixin.py:154} INFO - [2025-06-01T17:02:49.680+0000] {dagbag.py:536} INFO - Filling up the DagBag from /home/airflow/.local/lib/python3.8/site-packages/airflow/example_dags/example_setup_teardown.py
[2025-06-01T17:02:49.687+0000] {processor.py:839} INFO - DAG(s) dict_keys(['example_setup_teardown']) retrieved from /home/airflow/.local/lib/python3.8/site-packages/airflow/example_dags/example_setup_teardown.py
[2025-06-01T17:02:49.704+0000] {logging_mixin.py:154} INFO - [2025-06-01T17:02:49.704+0000] {dag.py:2941} INFO - Sync 1 DAGs
[2025-06-01T17:02:49.723+0000] {logging_mixin.py:154} INFO - [2025-06-01T17:02:49.723+0000] {dag.py:3722} INFO - Setting next_dagrun for example_setup_teardown to 2025-05-31T17:02:49.722948+00:00, run_after=2025-06-01T17:02:49.722948+00:00
[2025-06-01T17:02:49.737+0000] {processor.py:179} INFO - Processing /home/airflow/.local/lib/python3.8/site-packages/airflow/example_dags/example_setup_teardown.py took 0.064 seconds
[2025-06-01T17:03:22.885+0000] {processor.py:157} INFO - Started process (PID=385) to work on /home/airflow/.local/lib/python3.8/site-packages/airflow/example_dags/example_setup_teardown.py
[2025-06-01T17:03:22.886+0000] {processor.py:829} INFO - Processing file /home/airflow/.local/lib/python3.8/site-packages/airflow/example_dags/example_setup_teardown.py for tasks to queue
[2025-06-01T17:03:22.888+0000] {logging_mixin.py:154} INFO - [2025-06-01T17:03:22.888+0000] {dagbag.py:536} INFO - Filling up the DagBag from /home/airflow/.local/lib/python3.8/site-packages/airflow/example_dags/example_setup_teardown.py
[2025-06-01T17:03:22.894+0000] {processor.py:839} INFO - DAG(s) dict_keys(['example_setup_teardown']) retrieved from /home/airflow/.local/lib/python3.8/site-packages/airflow/example_dags/example_setup_teardown.py
[2025-06-01T17:03:22.912+0000] {logging_mixin.py:154} INFO - [2025-06-01T17:03:22.911+0000] {dag.py:2941} INFO - Sync 1 DAGs
[2025-06-01T17:03:22.927+0000] {logging_mixin.py:154} INFO - [2025-06-01T17:03:22.926+0000] {dag.py:3722} INFO - Setting next_dagrun for example_setup_teardown to 2025-05-31T17:03:22.926703+00:00, run_after=2025-06-01T17:03:22.926703+00:00
[2025-06-01T17:03:22.940+0000] {processor.py:179} INFO - Processing /home/airflow/.local/lib/python3.8/site-packages/airflow/example_dags/example_setup_teardown.py took 0.058 seconds
[2025-06-01T17:03:56.481+0000] {processor.py:157} INFO - Started process (PID=456) to work on /home/airflow/.local/lib/python3.8/site-packages/airflow/example_dags/example_setup_teardown.py
[2025-06-01T17:03:56.483+0000] {processor.py:829} INFO - Processing file /home/airflow/.local/lib/python3.8/site-packages/airflow/example_dags/example_setup_teardown.py for tasks to queue
[2025-06-01T17:03:56.485+0000] {logging_mixin.py:154} INFO - [2025-06-01T17:03:56.485+0000] {dagbag.py:536} INFO - Filling up the DagBag from /home/airflow/.local/lib/python3.8/site-packages/airflow/example_dags/example_setup_teardown.py
[2025-06-01T17:03:56.491+0000] {processor.py:839} INFO - DAG(s) dict_keys(['example_setup_teardown']) retrieved from /home/airflow/.local/lib/python3.8/site-packages/airflow/example_dags/example_setup_teardown.py
[2025-06-01T17:03:56.509+0000] {logging_mixin.py:154} INFO - [2025-06-01T17:03:56.509+0000] {dag.py:2941} INFO - Sync 1 DAGs
[2025-06-01T17:03:56.525+0000] {logging_mixin.py:154} INFO - [2025-06-01T17:03:56.525+0000] {dag.py:3722} INFO - Setting next_dagrun for example_setup_teardown to 2025-05-31T17:03:56.525055+00:00, run_after=2025-06-01T17:03:56.525055+00:00
[2025-06-01T17:03:56.538+0000] {processor.py:179} INFO - Processing /home/airflow/.local/lib/python3.8/site-packages/airflow/example_dags/example_setup_teardown.py took 0.060 seconds
[2025-06-01T17:04:29.095+0000] {processor.py:157} INFO - Started process (PID=519) to work on /home/airflow/.local/lib/python3.8/site-packages/airflow/example_dags/example_setup_teardown.py
[2025-06-01T17:04:29.096+0000] {processor.py:829} INFO - Processing file /home/airflow/.local/lib/python3.8/site-packages/airflow/example_dags/example_setup_teardown.py for tasks to queue
[2025-06-01T17:04:29.098+0000] {logging_mixin.py:154} INFO - [2025-06-01T17:04:29.098+0000] {dagbag.py:536} INFO - Filling up the DagBag from /home/airflow/.local/lib/python3.8/site-packages/airflow/example_dags/example_setup_teardown.py
[2025-06-01T17:04:29.103+0000] {processor.py:839} INFO - DAG(s) dict_keys(['example_setup_teardown']) retrieved from /home/airflow/.local/lib/python3.8/site-packages/airflow/example_dags/example_setup_teardown.py
[2025-06-01T17:04:29.121+0000] {logging_mixin.py:154} INFO - [2025-06-01T17:04:29.121+0000] {dag.py:2941} INFO - Sync 1 DAGs
[2025-06-01T17:04:29.138+0000] {logging_mixin.py:154} INFO - [2025-06-01T17:04:29.138+0000] {dag.py:3722} INFO - Setting next_dagrun for example_setup_teardown to 2025-05-31T17:04:29.138572+00:00, run_after=2025-06-01T17:04:29.138572+00:00
[2025-06-01T17:04:29.151+0000] {processor.py:179} INFO - Processing /home/airflow/.local/lib/python3.8/site-packages/airflow/example_dags/example_setup_teardown.py took 0.059 seconds
[2025-06-01T17:05:02.698+0000] {processor.py:157} INFO - Started process (PID=590) to work on /home/airflow/.local/lib/python3.8/site-packages/airflow/example_dags/example_setup_teardown.py
[2025-06-01T17:05:02.699+0000] {processor.py:829} INFO - Processing file /home/airflow/.local/lib/python3.8/site-packages/airflow/example_dags/example_setup_teardown.py for tasks to queue
[2025-06-01T17:05:02.701+0000] {logging_mixin.py:154} INFO - [2025-06-01T17:05:02.701+0000] {dagbag.py:536} INFO - Filling up the DagBag from /home/airflow/.local/lib/python3.8/site-packages/airflow/example_dags/example_setup_teardown.py
[2025-06-01T17:05:02.707+0000] {processor.py:839} INFO - DAG(s) dict_keys(['example_setup_teardown']) retrieved from /home/airflow/.local/lib/python3.8/site-packages/airflow/example_dags/example_setup_teardown.py
[2025-06-01T17:05:02.724+0000] {logging_mixin.py:154} INFO - [2025-06-01T17:05:02.724+0000] {dag.py:2941} INFO - Sync 1 DAGs
[2025-06-01T17:05:02.740+0000] {logging_mixin.py:154} INFO - [2025-06-01T17:05:02.740+0000] {dag.py:3722} INFO - Setting next_dagrun for example_setup_teardown to 2025-05-31T17:05:02.739945+00:00, run_after=2025-06-01T17:05:02.739945+00:00
[2025-06-01T17:05:02.753+0000] {processor.py:179} INFO - Processing /home/airflow/.local/lib/python3.8/site-packages/airflow/example_dags/example_setup_teardown.py took 0.057 seconds
[2025-06-01T17:05:35.949+0000] {processor.py:157} INFO - Started process (PID=653) to work on /home/airflow/.local/lib/python3.8/site-packages/airflow/example_dags/example_setup_teardown.py
[2025-06-01T17:05:35.955+0000] {processor.py:829} INFO - Processing file /home/airflow/.local/lib/python3.8/site-packages/airflow/example_dags/example_setup_teardown.py for tasks to queue
[2025-06-01T17:05:35.959+0000] {logging_mixin.py:154} INFO - [2025-06-01T17:05:35.959+0000] {dagbag.py:536} INFO - Filling up the DagBag from /home/airflow/.local/lib/python3.8/site-packages/airflow/example_dags/example_setup_teardown.py
[2025-06-01T17:05:35.966+0000] {processor.py:839} INFO - DAG(s) dict_keys(['example_setup_teardown']) retrieved from /home/airflow/.local/lib/python3.8/site-packages/airflow/example_dags/example_setup_teardown.py
[2025-06-01T17:05:35.990+0000] {logging_mixin.py:154} INFO - [2025-06-01T17:05:35.990+0000] {dag.py:2941} INFO - Sync 1 DAGs
[2025-06-01T17:05:36.009+0000] {logging_mixin.py:154} INFO - [2025-06-01T17:05:36.009+0000] {dag.py:3722} INFO - Setting next_dagrun for example_setup_teardown to 2025-05-31T17:05:36.009558+00:00, run_after=2025-06-01T17:05:36.009558+00:00
[2025-06-01T17:05:36.024+0000] {processor.py:179} INFO - Processing /home/airflow/.local/lib/python3.8/site-packages/airflow/example_dags/example_setup_teardown.py took 0.078 seconds
[2025-06-01T17:06:08.811+0000] {processor.py:157} INFO - Started process (PID=725) to work on /home/airflow/.local/lib/python3.8/site-packages/airflow/example_dags/example_setup_teardown.py
[2025-06-01T17:06:08.812+0000] {processor.py:829} INFO - Processing file /home/airflow/.local/lib/python3.8/site-packages/airflow/example_dags/example_setup_teardown.py for tasks to queue
[2025-06-01T17:06:08.812+0000] {logging_mixin.py:154} INFO - [2025-06-01T17:06:08.812+0000] {dagbag.py:536} INFO - Filling up the DagBag from /home/airflow/.local/lib/python3.8/site-packages/airflow/example_dags/example_setup_teardown.py
[2025-06-01T17:06:08.819+0000] {processor.py:839} INFO - DAG(s) dict_keys(['example_setup_teardown']) retrieved from /home/airflow/.local/lib/python3.8/site-packages/airflow/example_dags/example_setup_teardown.py
[2025-06-01T17:06:08.838+0000] {logging_mixin.py:154} INFO - [2025-06-01T17:06:08.838+0000] {dag.py:2941} INFO - Sync 1 DAGs
[2025-06-01T17:06:08.854+0000] {logging_mixin.py:154} INFO - [2025-06-01T17:06:08.854+0000] {dag.py:3722} INFO - Setting next_dagrun for example_setup_teardown to 2025-05-31T17:06:08.854444+00:00, run_after=2025-06-01T17:06:08.854444+00:00
[2025-06-01T17:06:08.870+0000] {processor.py:179} INFO - Processing /home/airflow/.local/lib/python3.8/site-packages/airflow/example_dags/example_setup_teardown.py took 0.062 seconds
[2025-06-01T17:06:42.366+0000] {processor.py:157} INFO - Started process (PID=790) to work on /home/airflow/.local/lib/python3.8/site-packages/airflow/example_dags/example_setup_teardown.py
[2025-06-01T17:06:42.367+0000] {processor.py:829} INFO - Processing file /home/airflow/.local/lib/python3.8/site-packages/airflow/example_dags/example_setup_teardown.py for tasks to queue
[2025-06-01T17:06:42.368+0000] {logging_mixin.py:154} INFO - [2025-06-01T17:06:42.368+0000] {dagbag.py:536} INFO - Filling up the DagBag from /home/airflow/.local/lib/python3.8/site-packages/airflow/example_dags/example_setup_teardown.py
[2025-06-01T17:06:42.373+0000] {processor.py:839} INFO - DAG(s) dict_keys(['example_setup_teardown']) retrieved from /home/airflow/.local/lib/python3.8/site-packages/airflow/example_dags/example_setup_teardown.py
[2025-06-01T17:06:42.389+0000] {logging_mixin.py:154} INFO - [2025-06-01T17:06:42.389+0000] {dag.py:2941} INFO - Sync 1 DAGs
[2025-06-01T17:06:42.403+0000] {logging_mixin.py:154} INFO - [2025-06-01T17:06:42.403+0000] {dag.py:3722} INFO - Setting next_dagrun for example_setup_teardown to 2025-05-31T17:06:42.403300+00:00, run_after=2025-06-01T17:06:42.403300+00:00
[2025-06-01T17:06:42.416+0000] {processor.py:179} INFO - Processing /home/airflow/.local/lib/python3.8/site-packages/airflow/example_dags/example_setup_teardown.py took 0.053 seconds
[2025-06-01T17:07:15.864+0000] {processor.py:157} INFO - Started process (PID=863) to work on /home/airflow/.local/lib/python3.8/site-packages/airflow/example_dags/example_setup_teardown.py
[2025-06-01T17:07:15.865+0000] {processor.py:829} INFO - Processing file /home/airflow/.local/lib/python3.8/site-packages/airflow/example_dags/example_setup_teardown.py for tasks to queue
[2025-06-01T17:07:15.866+0000] {logging_mixin.py:154} INFO - [2025-06-01T17:07:15.866+0000] {dagbag.py:536} INFO - Filling up the DagBag from /home/airflow/.local/lib/python3.8/site-packages/airflow/example_dags/example_setup_teardown.py
[2025-06-01T17:07:15.872+0000] {processor.py:839} INFO - DAG(s) dict_keys(['example_setup_teardown']) retrieved from /home/airflow/.local/lib/python3.8/site-packages/airflow/example_dags/example_setup_teardown.py
[2025-06-01T17:07:15.889+0000] {logging_mixin.py:154} INFO - [2025-06-01T17:07:15.888+0000] {dag.py:2941} INFO - Sync 1 DAGs
[2025-06-01T17:07:15.904+0000] {logging_mixin.py:154} INFO - [2025-06-01T17:07:15.904+0000] {dag.py:3722} INFO - Setting next_dagrun for example_setup_teardown to 2025-05-31T17:07:15.904157+00:00, run_after=2025-06-01T17:07:15.904157+00:00
[2025-06-01T17:07:15.918+0000] {processor.py:179} INFO - Processing /home/airflow/.local/lib/python3.8/site-packages/airflow/example_dags/example_setup_teardown.py took 0.056 seconds
[2025-06-01T17:07:48.991+0000] {processor.py:157} INFO - Started process (PID=935) to work on /home/airflow/.local/lib/python3.8/site-packages/airflow/example_dags/example_setup_teardown.py
[2025-06-01T17:07:48.992+0000] {processor.py:829} INFO - Processing file /home/airflow/.local/lib/python3.8/site-packages/airflow/example_dags/example_setup_teardown.py for tasks to queue
[2025-06-01T17:07:48.993+0000] {logging_mixin.py:154} INFO - [2025-06-01T17:07:48.992+0000] {dagbag.py:536} INFO - Filling up the DagBag from /home/airflow/.local/lib/python3.8/site-packages/airflow/example_dags/example_setup_teardown.py
[2025-06-01T17:07:48.999+0000] {processor.py:839} INFO - DAG(s) dict_keys(['example_setup_teardown']) retrieved from /home/airflow/.local/lib/python3.8/site-packages/airflow/example_dags/example_setup_teardown.py
[2025-06-01T17:07:49.020+0000] {logging_mixin.py:154} INFO - [2025-06-01T17:07:49.020+0000] {dag.py:2941} INFO - Sync 1 DAGs
[2025-06-01T17:07:49.035+0000] {logging_mixin.py:154} INFO - [2025-06-01T17:07:49.035+0000] {dag.py:3722} INFO - Setting next_dagrun for example_setup_teardown to 2025-05-31T17:07:49.035227+00:00, run_after=2025-06-01T17:07:49.035227+00:00
[2025-06-01T17:07:49.048+0000] {processor.py:179} INFO - Processing /home/airflow/.local/lib/python3.8/site-packages/airflow/example_dags/example_setup_teardown.py took 0.061 seconds
[2025-06-01T17:08:21.706+0000] {processor.py:157} INFO - Started process (PID=999) to work on /home/airflow/.local/lib/python3.8/site-packages/airflow/example_dags/example_setup_teardown.py
[2025-06-01T17:08:21.707+0000] {processor.py:829} INFO - Processing file /home/airflow/.local/lib/python3.8/site-packages/airflow/example_dags/example_setup_teardown.py for tasks to queue
[2025-06-01T17:08:21.708+0000] {logging_mixin.py:154} INFO - [2025-06-01T17:08:21.708+0000] {dagbag.py:536} INFO - Filling up the DagBag from /home/airflow/.local/lib/python3.8/site-packages/airflow/example_dags/example_setup_teardown.py
[2025-06-01T17:08:21.714+0000] {processor.py:839} INFO - DAG(s) dict_keys(['example_setup_teardown']) retrieved from /home/airflow/.local/lib/python3.8/site-packages/airflow/example_dags/example_setup_teardown.py
[2025-06-01T17:08:21.732+0000] {logging_mixin.py:154} INFO - [2025-06-01T17:08:21.732+0000] {dag.py:2941} INFO - Sync 1 DAGs
[2025-06-01T17:08:21.749+0000] {logging_mixin.py:154} INFO - [2025-06-01T17:08:21.749+0000] {dag.py:3722} INFO - Setting next_dagrun for example_setup_teardown to 2025-05-31T17:08:21.749108+00:00, run_after=2025-06-01T17:08:21.749108+00:00
[2025-06-01T17:08:21.763+0000] {processor.py:179} INFO - Processing /home/airflow/.local/lib/python3.8/site-packages/airflow/example_dags/example_setup_teardown.py took 0.061 seconds
[2025-06-01T17:08:55.151+0000] {processor.py:157} INFO - Started process (PID=1071) to work on /home/airflow/.local/lib/python3.8/site-packages/airflow/example_dags/example_setup_teardown.py
[2025-06-01T17:08:55.152+0000] {processor.py:829} INFO - Processing file /home/airflow/.local/lib/python3.8/site-packages/airflow/example_dags/example_setup_teardown.py for tasks to queue
[2025-06-01T17:08:55.152+0000] {logging_mixin.py:154} INFO - [2025-06-01T17:08:55.152+0000] {dagbag.py:536} INFO - Filling up the DagBag from /home/airflow/.local/lib/python3.8/site-packages/airflow/example_dags/example_setup_teardown.py
[2025-06-01T17:08:55.158+0000] {processor.py:839} INFO - DAG(s) dict_keys(['example_setup_teardown']) retrieved from /home/airflow/.local/lib/python3.8/site-packages/airflow/example_dags/example_setup_teardown.py
[2025-06-01T17:08:55.173+0000] {logging_mixin.py:154} INFO - [2025-06-01T17:08:55.173+0000] {dag.py:2941} INFO - Sync 1 DAGs
[2025-06-01T17:08:55.187+0000] {logging_mixin.py:154} INFO - [2025-06-01T17:08:55.187+0000] {dag.py:3722} INFO - Setting next_dagrun for example_setup_teardown to 2025-05-31T17:08:55.187505+00:00, run_after=2025-06-01T17:08:55.187505+00:00
[2025-06-01T17:08:55.204+0000] {processor.py:179} INFO - Processing /home/airflow/.local/lib/python3.8/site-packages/airflow/example_dags/example_setup_teardown.py took 0.056 seconds
[2025-06-01T17:09:29.021+0000] {processor.py:157} INFO - Started process (PID=1135) to work on /home/airflow/.local/lib/python3.8/site-packages/airflow/example_dags/example_setup_teardown.py
[2025-06-01T17:09:29.022+0000] {processor.py:829} INFO - Processing file /home/airflow/.local/lib/python3.8/site-packages/airflow/example_dags/example_setup_teardown.py for tasks to queue
[2025-06-01T17:09:29.023+0000] {logging_mixin.py:154} INFO - [2025-06-01T17:09:29.023+0000] {dagbag.py:536} INFO - Filling up the DagBag from /home/airflow/.local/lib/python3.8/site-packages/airflow/example_dags/example_setup_teardown.py
[2025-06-01T17:09:29.029+0000] {processor.py:839} INFO - DAG(s) dict_keys(['example_setup_teardown']) retrieved from /home/airflow/.local/lib/python3.8/site-packages/airflow/example_dags/example_setup_teardown.py
[2025-06-01T17:09:29.045+0000] {logging_mixin.py:154} INFO - [2025-06-01T17:09:29.045+0000] {dag.py:2941} INFO - Sync 1 DAGs
[2025-06-01T17:09:29.061+0000] {logging_mixin.py:154} INFO - [2025-06-01T17:09:29.061+0000] {dag.py:3722} INFO - Setting next_dagrun for example_setup_teardown to 2025-05-31T17:09:29.061572+00:00, run_after=2025-06-01T17:09:29.061572+00:00
[2025-06-01T17:09:29.074+0000] {processor.py:179} INFO - Processing /home/airflow/.local/lib/python3.8/site-packages/airflow/example_dags/example_setup_teardown.py took 0.055 seconds
[2025-06-01T17:10:02.438+0000] {processor.py:157} INFO - Started process (PID=1209) to work on /home/airflow/.local/lib/python3.8/site-packages/airflow/example_dags/example_setup_teardown.py
[2025-06-01T17:10:02.439+0000] {processor.py:829} INFO - Processing file /home/airflow/.local/lib/python3.8/site-packages/airflow/example_dags/example_setup_teardown.py for tasks to queue
[2025-06-01T17:10:02.439+0000] {logging_mixin.py:154} INFO - [2025-06-01T17:10:02.439+0000] {dagbag.py:536} INFO - Filling up the DagBag from /home/airflow/.local/lib/python3.8/site-packages/airflow/example_dags/example_setup_teardown.py
[2025-06-01T17:10:02.447+0000] {processor.py:839} INFO - DAG(s) dict_keys(['example_setup_teardown']) retrieved from /home/airflow/.local/lib/python3.8/site-packages/airflow/example_dags/example_setup_teardown.py
[2025-06-01T17:10:02.468+0000] {logging_mixin.py:154} INFO - [2025-06-01T17:10:02.468+0000] {dag.py:2941} INFO - Sync 1 DAGs
[2025-06-01T17:10:02.486+0000] {logging_mixin.py:154} INFO - [2025-06-01T17:10:02.486+0000] {dag.py:3722} INFO - Setting next_dagrun for example_setup_teardown to 2025-05-31T17:10:02.486470+00:00, run_after=2025-06-01T17:10:02.486470+00:00
[2025-06-01T17:10:02.500+0000] {processor.py:179} INFO - Processing /home/airflow/.local/lib/python3.8/site-packages/airflow/example_dags/example_setup_teardown.py took 0.066 seconds
[2025-06-01T17:10:34.730+0000] {processor.py:157} INFO - Started process (PID=1274) to work on /home/airflow/.local/lib/python3.8/site-packages/airflow/example_dags/example_setup_teardown.py
[2025-06-01T17:10:34.731+0000] {processor.py:829} INFO - Processing file /home/airflow/.local/lib/python3.8/site-packages/airflow/example_dags/example_setup_teardown.py for tasks to queue
[2025-06-01T17:10:34.731+0000] {logging_mixin.py:154} INFO - [2025-06-01T17:10:34.731+0000] {dagbag.py:536} INFO - Filling up the DagBag from /home/airflow/.local/lib/python3.8/site-packages/airflow/example_dags/example_setup_teardown.py
[2025-06-01T17:10:34.738+0000] {processor.py:839} INFO - DAG(s) dict_keys(['example_setup_teardown']) retrieved from /home/airflow/.local/lib/python3.8/site-packages/airflow/example_dags/example_setup_teardown.py
[2025-06-01T17:10:34.754+0000] {logging_mixin.py:154} INFO - [2025-06-01T17:10:34.754+0000] {dag.py:2941} INFO - Sync 1 DAGs
[2025-06-01T17:10:34.768+0000] {logging_mixin.py:154} INFO - [2025-06-01T17:10:34.768+0000] {dag.py:3722} INFO - Setting next_dagrun for example_setup_teardown to 2025-05-31T17:10:34.768612+00:00, run_after=2025-06-01T17:10:34.768612+00:00
[2025-06-01T17:10:34.784+0000] {processor.py:179} INFO - Processing /home/airflow/.local/lib/python3.8/site-packages/airflow/example_dags/example_setup_teardown.py took 0.058 seconds
[2025-06-01T17:11:08.611+0000] {processor.py:157} INFO - Started process (PID=1347) to work on /home/airflow/.local/lib/python3.8/site-packages/airflow/example_dags/example_setup_teardown.py
[2025-06-01T17:11:08.612+0000] {processor.py:829} INFO - Processing file /home/airflow/.local/lib/python3.8/site-packages/airflow/example_dags/example_setup_teardown.py for tasks to queue
[2025-06-01T17:11:08.613+0000] {logging_mixin.py:154} INFO - [2025-06-01T17:11:08.612+0000] {dagbag.py:536} INFO - Filling up the DagBag from /home/airflow/.local/lib/python3.8/site-packages/airflow/example_dags/example_setup_teardown.py
[2025-06-01T17:11:08.619+0000] {processor.py:839} INFO - DAG(s) dict_keys(['example_setup_teardown']) retrieved from /home/airflow/.local/lib/python3.8/site-packages/airflow/example_dags/example_setup_teardown.py
[2025-06-01T17:11:08.638+0000] {logging_mixin.py:154} INFO - [2025-06-01T17:11:08.637+0000] {dag.py:2941} INFO - Sync 1 DAGs
[2025-06-01T17:11:08.654+0000] {logging_mixin.py:154} INFO - [2025-06-01T17:11:08.654+0000] {dag.py:3722} INFO - Setting next_dagrun for example_setup_teardown to 2025-05-31T17:11:08.653834+00:00, run_after=2025-06-01T17:11:08.653834+00:00
[2025-06-01T17:11:08.667+0000] {processor.py:179} INFO - Processing /home/airflow/.local/lib/python3.8/site-packages/airflow/example_dags/example_setup_teardown.py took 0.059 seconds
[2025-06-01T17:11:41.372+0000] {processor.py:157} INFO - Started process (PID=1422) to work on /home/airflow/.local/lib/python3.8/site-packages/airflow/example_dags/example_setup_teardown.py
[2025-06-01T17:11:41.373+0000] {processor.py:829} INFO - Processing file /home/airflow/.local/lib/python3.8/site-packages/airflow/example_dags/example_setup_teardown.py for tasks to queue
[2025-06-01T17:11:41.374+0000] {logging_mixin.py:154} INFO - [2025-06-01T17:11:41.373+0000] {dagbag.py:536} INFO - Filling up the DagBag from /home/airflow/.local/lib/python3.8/site-packages/airflow/example_dags/example_setup_teardown.py
[2025-06-01T17:11:41.381+0000] {processor.py:839} INFO - DAG(s) dict_keys(['example_setup_teardown']) retrieved from /home/airflow/.local/lib/python3.8/site-packages/airflow/example_dags/example_setup_teardown.py
[2025-06-01T17:11:41.398+0000] {logging_mixin.py:154} INFO - [2025-06-01T17:11:41.398+0000] {dag.py:2941} INFO - Sync 1 DAGs
[2025-06-01T17:11:41.414+0000] {logging_mixin.py:154} INFO - [2025-06-01T17:11:41.414+0000] {dag.py:3722} INFO - Setting next_dagrun for example_setup_teardown to 2025-05-31T17:11:41.414525+00:00, run_after=2025-06-01T17:11:41.414525+00:00
[2025-06-01T17:11:41.429+0000] {processor.py:179} INFO - Processing /home/airflow/.local/lib/python3.8/site-packages/airflow/example_dags/example_setup_teardown.py took 0.061 seconds
[2025-06-01T17:12:15.068+0000] {processor.py:157} INFO - Started process (PID=1496) to work on /home/airflow/.local/lib/python3.8/site-packages/airflow/example_dags/example_setup_teardown.py
[2025-06-01T17:12:15.069+0000] {processor.py:829} INFO - Processing file /home/airflow/.local/lib/python3.8/site-packages/airflow/example_dags/example_setup_teardown.py for tasks to queue
[2025-06-01T17:12:15.069+0000] {logging_mixin.py:154} INFO - [2025-06-01T17:12:15.069+0000] {dagbag.py:536} INFO - Filling up the DagBag from /home/airflow/.local/lib/python3.8/site-packages/airflow/example_dags/example_setup_teardown.py
[2025-06-01T17:12:15.075+0000] {processor.py:839} INFO - DAG(s) dict_keys(['example_setup_teardown']) retrieved from /home/airflow/.local/lib/python3.8/site-packages/airflow/example_dags/example_setup_teardown.py
[2025-06-01T17:12:15.093+0000] {logging_mixin.py:154} INFO - [2025-06-01T17:12:15.093+0000] {dag.py:2941} INFO - Sync 1 DAGs
[2025-06-01T17:12:15.108+0000] {logging_mixin.py:154} INFO - [2025-06-01T17:12:15.107+0000] {dag.py:3722} INFO - Setting next_dagrun for example_setup_teardown to 2025-05-31T17:12:15.107719+00:00, run_after=2025-06-01T17:12:15.107719+00:00
[2025-06-01T17:12:15.124+0000] {processor.py:179} INFO - Processing /home/airflow/.local/lib/python3.8/site-packages/airflow/example_dags/example_setup_teardown.py took 0.059 seconds
[2025-06-01T17:12:48.751+0000] {processor.py:157} INFO - Started process (PID=1580) to work on /home/airflow/.local/lib/python3.8/site-packages/airflow/example_dags/example_setup_teardown.py
[2025-06-01T17:12:48.752+0000] {processor.py:829} INFO - Processing file /home/airflow/.local/lib/python3.8/site-packages/airflow/example_dags/example_setup_teardown.py for tasks to queue
[2025-06-01T17:12:48.755+0000] {logging_mixin.py:154} INFO - [2025-06-01T17:12:48.754+0000] {dagbag.py:536} INFO - Filling up the DagBag from /home/airflow/.local/lib/python3.8/site-packages/airflow/example_dags/example_setup_teardown.py
[2025-06-01T17:12:48.765+0000] {processor.py:839} INFO - DAG(s) dict_keys(['example_setup_teardown']) retrieved from /home/airflow/.local/lib/python3.8/site-packages/airflow/example_dags/example_setup_teardown.py
[2025-06-01T17:12:48.800+0000] {logging_mixin.py:154} INFO - [2025-06-01T17:12:48.800+0000] {dag.py:2941} INFO - Sync 1 DAGs
[2025-06-01T17:12:48.829+0000] {logging_mixin.py:154} INFO - [2025-06-01T17:12:48.829+0000] {dag.py:3722} INFO - Setting next_dagrun for example_setup_teardown to 2025-05-31T17:12:48.828944+00:00, run_after=2025-06-01T17:12:48.828944+00:00
[2025-06-01T17:12:48.852+0000] {processor.py:179} INFO - Processing /home/airflow/.local/lib/python3.8/site-packages/airflow/example_dags/example_setup_teardown.py took 0.106 seconds
[2025-06-01T17:13:21.252+0000] {processor.py:157} INFO - Started process (PID=1648) to work on /home/airflow/.local/lib/python3.8/site-packages/airflow/example_dags/example_setup_teardown.py
[2025-06-01T17:13:21.253+0000] {processor.py:829} INFO - Processing file /home/airflow/.local/lib/python3.8/site-packages/airflow/example_dags/example_setup_teardown.py for tasks to queue
[2025-06-01T17:13:21.254+0000] {logging_mixin.py:154} INFO - [2025-06-01T17:13:21.254+0000] {dagbag.py:536} INFO - Filling up the DagBag from /home/airflow/.local/lib/python3.8/site-packages/airflow/example_dags/example_setup_teardown.py
[2025-06-01T17:13:21.259+0000] {processor.py:839} INFO - DAG(s) dict_keys(['example_setup_teardown']) retrieved from /home/airflow/.local/lib/python3.8/site-packages/airflow/example_dags/example_setup_teardown.py
[2025-06-01T17:13:21.275+0000] {logging_mixin.py:154} INFO - [2025-06-01T17:13:21.275+0000] {dag.py:2941} INFO - Sync 1 DAGs
[2025-06-01T17:13:21.290+0000] {logging_mixin.py:154} INFO - [2025-06-01T17:13:21.289+0000] {dag.py:3722} INFO - Setting next_dagrun for example_setup_teardown to 2025-05-31T17:13:21.289735+00:00, run_after=2025-06-01T17:13:21.289735+00:00
[2025-06-01T17:13:21.304+0000] {processor.py:179} INFO - Processing /home/airflow/.local/lib/python3.8/site-packages/airflow/example_dags/example_setup_teardown.py took 0.055 seconds
[2025-06-01T17:13:55.166+0000] {processor.py:157} INFO - Started process (PID=1720) to work on /home/airflow/.local/lib/python3.8/site-packages/airflow/example_dags/example_setup_teardown.py
[2025-06-01T17:13:55.167+0000] {processor.py:829} INFO - Processing file /home/airflow/.local/lib/python3.8/site-packages/airflow/example_dags/example_setup_teardown.py for tasks to queue
[2025-06-01T17:13:55.168+0000] {logging_mixin.py:154} INFO - [2025-06-01T17:13:55.168+0000] {dagbag.py:536} INFO - Filling up the DagBag from /home/airflow/.local/lib/python3.8/site-packages/airflow/example_dags/example_setup_teardown.py
[2025-06-01T17:13:55.174+0000] {processor.py:839} INFO - DAG(s) dict_keys(['example_setup_teardown']) retrieved from /home/airflow/.local/lib/python3.8/site-packages/airflow/example_dags/example_setup_teardown.py
[2025-06-01T17:13:55.192+0000] {logging_mixin.py:154} INFO - [2025-06-01T17:13:55.192+0000] {dag.py:2941} INFO - Sync 1 DAGs
[2025-06-01T17:13:55.206+0000] {logging_mixin.py:154} INFO - [2025-06-01T17:13:55.206+0000] {dag.py:3722} INFO - Setting next_dagrun for example_setup_teardown to 2025-05-31T17:13:55.206181+00:00, run_after=2025-06-01T17:13:55.206181+00:00
[2025-06-01T17:13:55.231+0000] {processor.py:179} INFO - Processing /home/airflow/.local/lib/python3.8/site-packages/airflow/example_dags/example_setup_teardown.py took 0.068 seconds
[2025-06-01T17:14:28.808+0000] {processor.py:157} INFO - Started process (PID=1784) to work on /home/airflow/.local/lib/python3.8/site-packages/airflow/example_dags/example_setup_teardown.py
[2025-06-01T17:14:28.809+0000] {processor.py:829} INFO - Processing file /home/airflow/.local/lib/python3.8/site-packages/airflow/example_dags/example_setup_teardown.py for tasks to queue
[2025-06-01T17:14:28.810+0000] {logging_mixin.py:154} INFO - [2025-06-01T17:14:28.810+0000] {dagbag.py:536} INFO - Filling up the DagBag from /home/airflow/.local/lib/python3.8/site-packages/airflow/example_dags/example_setup_teardown.py
[2025-06-01T17:14:28.816+0000] {processor.py:839} INFO - DAG(s) dict_keys(['example_setup_teardown']) retrieved from /home/airflow/.local/lib/python3.8/site-packages/airflow/example_dags/example_setup_teardown.py
[2025-06-01T17:14:28.831+0000] {logging_mixin.py:154} INFO - [2025-06-01T17:14:28.831+0000] {dag.py:2941} INFO - Sync 1 DAGs
[2025-06-01T17:14:28.944+0000] {logging_mixin.py:154} INFO - [2025-06-01T17:14:28.943+0000] {dag.py:3722} INFO - Setting next_dagrun for example_setup_teardown to 2025-05-31T17:14:28.943684+00:00, run_after=2025-06-01T17:14:28.943684+00:00
[2025-06-01T17:14:28.955+0000] {processor.py:179} INFO - Processing /home/airflow/.local/lib/python3.8/site-packages/airflow/example_dags/example_setup_teardown.py took 0.150 seconds
[2025-06-01T17:15:01.103+0000] {processor.py:157} INFO - Started process (PID=1856) to work on /home/airflow/.local/lib/python3.8/site-packages/airflow/example_dags/example_setup_teardown.py
[2025-06-01T17:15:01.104+0000] {processor.py:829} INFO - Processing file /home/airflow/.local/lib/python3.8/site-packages/airflow/example_dags/example_setup_teardown.py for tasks to queue
[2025-06-01T17:15:01.104+0000] {logging_mixin.py:154} INFO - [2025-06-01T17:15:01.104+0000] {dagbag.py:536} INFO - Filling up the DagBag from /home/airflow/.local/lib/python3.8/site-packages/airflow/example_dags/example_setup_teardown.py
[2025-06-01T17:15:01.110+0000] {processor.py:839} INFO - DAG(s) dict_keys(['example_setup_teardown']) retrieved from /home/airflow/.local/lib/python3.8/site-packages/airflow/example_dags/example_setup_teardown.py
[2025-06-01T17:15:01.125+0000] {logging_mixin.py:154} INFO - [2025-06-01T17:15:01.125+0000] {dag.py:2941} INFO - Sync 1 DAGs
[2025-06-01T17:15:01.139+0000] {logging_mixin.py:154} INFO - [2025-06-01T17:15:01.139+0000] {dag.py:3722} INFO - Setting next_dagrun for example_setup_teardown to 2025-05-31T17:15:01.139516+00:00, run_after=2025-06-01T17:15:01.139516+00:00
[2025-06-01T17:15:01.152+0000] {processor.py:179} INFO - Processing /home/airflow/.local/lib/python3.8/site-packages/airflow/example_dags/example_setup_teardown.py took 0.052 seconds
[2025-06-01T17:15:34.714+0000] {processor.py:157} INFO - Started process (PID=1920) to work on /home/airflow/.local/lib/python3.8/site-packages/airflow/example_dags/example_setup_teardown.py
[2025-06-01T17:15:34.715+0000] {processor.py:829} INFO - Processing file /home/airflow/.local/lib/python3.8/site-packages/airflow/example_dags/example_setup_teardown.py for tasks to queue
[2025-06-01T17:15:34.716+0000] {logging_mixin.py:154} INFO - [2025-06-01T17:15:34.716+0000] {dagbag.py:536} INFO - Filling up the DagBag from /home/airflow/.local/lib/python3.8/site-packages/airflow/example_dags/example_setup_teardown.py
[2025-06-01T17:15:34.721+0000] {processor.py:839} INFO - DAG(s) dict_keys(['example_setup_teardown']) retrieved from /home/airflow/.local/lib/python3.8/site-packages/airflow/example_dags/example_setup_teardown.py
[2025-06-01T17:15:34.736+0000] {logging_mixin.py:154} INFO - [2025-06-01T17:15:34.736+0000] {dag.py:2941} INFO - Sync 1 DAGs
[2025-06-01T17:15:34.750+0000] {logging_mixin.py:154} INFO - [2025-06-01T17:15:34.750+0000] {dag.py:3722} INFO - Setting next_dagrun for example_setup_teardown to 2025-05-31T17:15:34.750370+00:00, run_after=2025-06-01T17:15:34.750370+00:00
[2025-06-01T17:15:34.763+0000] {processor.py:179} INFO - Processing /home/airflow/.local/lib/python3.8/site-packages/airflow/example_dags/example_setup_teardown.py took 0.052 seconds
[2025-06-01T17:16:08.181+0000] {processor.py:157} INFO - Started process (PID=1992) to work on /home/airflow/.local/lib/python3.8/site-packages/airflow/example_dags/example_setup_teardown.py
[2025-06-01T17:16:08.182+0000] {processor.py:829} INFO - Processing file /home/airflow/.local/lib/python3.8/site-packages/airflow/example_dags/example_setup_teardown.py for tasks to queue
[2025-06-01T17:16:08.182+0000] {logging_mixin.py:154} INFO - [2025-06-01T17:16:08.182+0000] {dagbag.py:536} INFO - Filling up the DagBag from /home/airflow/.local/lib/python3.8/site-packages/airflow/example_dags/example_setup_teardown.py
[2025-06-01T17:16:08.188+0000] {processor.py:839} INFO - DAG(s) dict_keys(['example_setup_teardown']) retrieved from /home/airflow/.local/lib/python3.8/site-packages/airflow/example_dags/example_setup_teardown.py
[2025-06-01T17:16:08.204+0000] {logging_mixin.py:154} INFO - [2025-06-01T17:16:08.204+0000] {dag.py:2941} INFO - Sync 1 DAGs
[2025-06-01T17:16:08.218+0000] {logging_mixin.py:154} INFO - [2025-06-01T17:16:08.218+0000] {dag.py:3722} INFO - Setting next_dagrun for example_setup_teardown to 2025-05-31T17:16:08.217886+00:00, run_after=2025-06-01T17:16:08.217886+00:00
[2025-06-01T17:16:08.230+0000] {processor.py:179} INFO - Processing /home/airflow/.local/lib/python3.8/site-packages/airflow/example_dags/example_setup_teardown.py took 0.052 seconds
[2025-06-01T17:16:41.340+0000] {processor.py:157} INFO - Started process (PID=2065) to work on /home/airflow/.local/lib/python3.8/site-packages/airflow/example_dags/example_setup_teardown.py
[2025-06-01T17:16:41.341+0000] {processor.py:829} INFO - Processing file /home/airflow/.local/lib/python3.8/site-packages/airflow/example_dags/example_setup_teardown.py for tasks to queue
[2025-06-01T17:16:41.342+0000] {logging_mixin.py:154} INFO - [2025-06-01T17:16:41.342+0000] {dagbag.py:536} INFO - Filling up the DagBag from /home/airflow/.local/lib/python3.8/site-packages/airflow/example_dags/example_setup_teardown.py
[2025-06-01T17:16:41.349+0000] {processor.py:839} INFO - DAG(s) dict_keys(['example_setup_teardown']) retrieved from /home/airflow/.local/lib/python3.8/site-packages/airflow/example_dags/example_setup_teardown.py
[2025-06-01T17:16:41.368+0000] {logging_mixin.py:154} INFO - [2025-06-01T17:16:41.368+0000] {dag.py:2941} INFO - Sync 1 DAGs
[2025-06-01T17:16:41.501+0000] {logging_mixin.py:154} INFO - [2025-06-01T17:16:41.501+0000] {dag.py:3722} INFO - Setting next_dagrun for example_setup_teardown to 2025-05-31T17:16:41.501333+00:00, run_after=2025-06-01T17:16:41.501333+00:00
[2025-06-01T17:16:41.513+0000] {processor.py:179} INFO - Processing /home/airflow/.local/lib/python3.8/site-packages/airflow/example_dags/example_setup_teardown.py took 0.176 seconds
[2025-06-01T17:17:14.556+0000] {processor.py:157} INFO - Started process (PID=2129) to work on /home/airflow/.local/lib/python3.8/site-packages/airflow/example_dags/example_setup_teardown.py
[2025-06-01T17:17:14.557+0000] {processor.py:829} INFO - Processing file /home/airflow/.local/lib/python3.8/site-packages/airflow/example_dags/example_setup_teardown.py for tasks to queue
[2025-06-01T17:17:14.558+0000] {logging_mixin.py:154} INFO - [2025-06-01T17:17:14.557+0000] {dagbag.py:536} INFO - Filling up the DagBag from /home/airflow/.local/lib/python3.8/site-packages/airflow/example_dags/example_setup_teardown.py
[2025-06-01T17:17:14.564+0000] {processor.py:839} INFO - DAG(s) dict_keys(['example_setup_teardown']) retrieved from /home/airflow/.local/lib/python3.8/site-packages/airflow/example_dags/example_setup_teardown.py
[2025-06-01T17:17:14.581+0000] {logging_mixin.py:154} INFO - [2025-06-01T17:17:14.580+0000] {dag.py:2941} INFO - Sync 1 DAGs
[2025-06-01T17:17:14.707+0000] {logging_mixin.py:154} INFO - [2025-06-01T17:17:14.707+0000] {dag.py:3722} INFO - Setting next_dagrun for example_setup_teardown to 2025-05-31T17:17:14.706880+00:00, run_after=2025-06-01T17:17:14.706880+00:00
[2025-06-01T17:17:14.725+0000] {processor.py:179} INFO - Processing /home/airflow/.local/lib/python3.8/site-packages/airflow/example_dags/example_setup_teardown.py took 0.172 seconds
[2025-06-01T17:17:47.149+0000] {processor.py:157} INFO - Started process (PID=2201) to work on /home/airflow/.local/lib/python3.8/site-packages/airflow/example_dags/example_setup_teardown.py
[2025-06-01T17:17:47.151+0000] {processor.py:829} INFO - Processing file /home/airflow/.local/lib/python3.8/site-packages/airflow/example_dags/example_setup_teardown.py for tasks to queue
[2025-06-01T17:17:47.151+0000] {logging_mixin.py:154} INFO - [2025-06-01T17:17:47.151+0000] {dagbag.py:536} INFO - Filling up the DagBag from /home/airflow/.local/lib/python3.8/site-packages/airflow/example_dags/example_setup_teardown.py
[2025-06-01T17:17:47.156+0000] {processor.py:839} INFO - DAG(s) dict_keys(['example_setup_teardown']) retrieved from /home/airflow/.local/lib/python3.8/site-packages/airflow/example_dags/example_setup_teardown.py
[2025-06-01T17:17:47.172+0000] {logging_mixin.py:154} INFO - [2025-06-01T17:17:47.172+0000] {dag.py:2941} INFO - Sync 1 DAGs
[2025-06-01T17:17:47.185+0000] {logging_mixin.py:154} INFO - [2025-06-01T17:17:47.185+0000] {dag.py:3722} INFO - Setting next_dagrun for example_setup_teardown to 2025-05-31T17:17:47.185643+00:00, run_after=2025-06-01T17:17:47.185643+00:00
[2025-06-01T17:17:47.198+0000] {processor.py:179} INFO - Processing /home/airflow/.local/lib/python3.8/site-packages/airflow/example_dags/example_setup_teardown.py took 0.051 seconds
[2025-06-01T17:18:20.399+0000] {processor.py:157} INFO - Started process (PID=2265) to work on /home/airflow/.local/lib/python3.8/site-packages/airflow/example_dags/example_setup_teardown.py
[2025-06-01T17:18:20.400+0000] {processor.py:829} INFO - Processing file /home/airflow/.local/lib/python3.8/site-packages/airflow/example_dags/example_setup_teardown.py for tasks to queue
[2025-06-01T17:18:20.401+0000] {logging_mixin.py:154} INFO - [2025-06-01T17:18:20.400+0000] {dagbag.py:536} INFO - Filling up the DagBag from /home/airflow/.local/lib/python3.8/site-packages/airflow/example_dags/example_setup_teardown.py
[2025-06-01T17:18:20.406+0000] {processor.py:839} INFO - DAG(s) dict_keys(['example_setup_teardown']) retrieved from /home/airflow/.local/lib/python3.8/site-packages/airflow/example_dags/example_setup_teardown.py
[2025-06-01T17:18:20.422+0000] {logging_mixin.py:154} INFO - [2025-06-01T17:18:20.422+0000] {dag.py:2941} INFO - Sync 1 DAGs
[2025-06-01T17:18:20.438+0000] {logging_mixin.py:154} INFO - [2025-06-01T17:18:20.438+0000] {dag.py:3722} INFO - Setting next_dagrun for example_setup_teardown to 2025-05-31T17:18:20.437862+00:00, run_after=2025-06-01T17:18:20.437862+00:00
[2025-06-01T17:18:20.450+0000] {processor.py:179} INFO - Processing /home/airflow/.local/lib/python3.8/site-packages/airflow/example_dags/example_setup_teardown.py took 0.054 seconds
[2025-06-01T17:18:53.759+0000] {processor.py:157} INFO - Started process (PID=2337) to work on /home/airflow/.local/lib/python3.8/site-packages/airflow/example_dags/example_setup_teardown.py
[2025-06-01T17:18:53.760+0000] {processor.py:829} INFO - Processing file /home/airflow/.local/lib/python3.8/site-packages/airflow/example_dags/example_setup_teardown.py for tasks to queue
[2025-06-01T17:18:53.761+0000] {logging_mixin.py:154} INFO - [2025-06-01T17:18:53.761+0000] {dagbag.py:536} INFO - Filling up the DagBag from /home/airflow/.local/lib/python3.8/site-packages/airflow/example_dags/example_setup_teardown.py
[2025-06-01T17:18:53.767+0000] {processor.py:839} INFO - DAG(s) dict_keys(['example_setup_teardown']) retrieved from /home/airflow/.local/lib/python3.8/site-packages/airflow/example_dags/example_setup_teardown.py
[2025-06-01T17:18:53.784+0000] {logging_mixin.py:154} INFO - [2025-06-01T17:18:53.784+0000] {dag.py:2941} INFO - Sync 1 DAGs
[2025-06-01T17:18:53.800+0000] {logging_mixin.py:154} INFO - [2025-06-01T17:18:53.800+0000] {dag.py:3722} INFO - Setting next_dagrun for example_setup_teardown to 2025-05-31T17:18:53.800168+00:00, run_after=2025-06-01T17:18:53.800168+00:00
[2025-06-01T17:18:53.812+0000] {processor.py:179} INFO - Processing /home/airflow/.local/lib/python3.8/site-packages/airflow/example_dags/example_setup_teardown.py took 0.056 seconds
[2025-06-01T17:19:27.012+0000] {processor.py:157} INFO - Started process (PID=2409) to work on /home/airflow/.local/lib/python3.8/site-packages/airflow/example_dags/example_setup_teardown.py
[2025-06-01T17:19:27.013+0000] {processor.py:829} INFO - Processing file /home/airflow/.local/lib/python3.8/site-packages/airflow/example_dags/example_setup_teardown.py for tasks to queue
[2025-06-01T17:19:27.013+0000] {logging_mixin.py:154} INFO - [2025-06-01T17:19:27.013+0000] {dagbag.py:536} INFO - Filling up the DagBag from /home/airflow/.local/lib/python3.8/site-packages/airflow/example_dags/example_setup_teardown.py
[2025-06-01T17:19:27.019+0000] {processor.py:839} INFO - DAG(s) dict_keys(['example_setup_teardown']) retrieved from /home/airflow/.local/lib/python3.8/site-packages/airflow/example_dags/example_setup_teardown.py
[2025-06-01T17:19:27.035+0000] {logging_mixin.py:154} INFO - [2025-06-01T17:19:27.035+0000] {dag.py:2941} INFO - Sync 1 DAGs
[2025-06-01T17:19:27.051+0000] {logging_mixin.py:154} INFO - [2025-06-01T17:19:27.051+0000] {dag.py:3722} INFO - Setting next_dagrun for example_setup_teardown to 2025-05-31T17:19:27.051307+00:00, run_after=2025-06-01T17:19:27.051307+00:00
[2025-06-01T17:19:27.064+0000] {processor.py:179} INFO - Processing /home/airflow/.local/lib/python3.8/site-packages/airflow/example_dags/example_setup_teardown.py took 0.055 seconds
[2025-06-01T17:20:00.326+0000] {processor.py:157} INFO - Started process (PID=2473) to work on /home/airflow/.local/lib/python3.8/site-packages/airflow/example_dags/example_setup_teardown.py
[2025-06-01T17:20:00.326+0000] {processor.py:829} INFO - Processing file /home/airflow/.local/lib/python3.8/site-packages/airflow/example_dags/example_setup_teardown.py for tasks to queue
[2025-06-01T17:20:00.327+0000] {logging_mixin.py:154} INFO - [2025-06-01T17:20:00.327+0000] {dagbag.py:536} INFO - Filling up the DagBag from /home/airflow/.local/lib/python3.8/site-packages/airflow/example_dags/example_setup_teardown.py
[2025-06-01T17:20:00.333+0000] {processor.py:839} INFO - DAG(s) dict_keys(['example_setup_teardown']) retrieved from /home/airflow/.local/lib/python3.8/site-packages/airflow/example_dags/example_setup_teardown.py
[2025-06-01T17:20:00.349+0000] {logging_mixin.py:154} INFO - [2025-06-01T17:20:00.349+0000] {dag.py:2941} INFO - Sync 1 DAGs
[2025-06-01T17:20:00.364+0000] {logging_mixin.py:154} INFO - [2025-06-01T17:20:00.364+0000] {dag.py:3722} INFO - Setting next_dagrun for example_setup_teardown to 2025-05-31T17:20:00.363862+00:00, run_after=2025-06-01T17:20:00.363862+00:00
[2025-06-01T17:20:00.376+0000] {processor.py:179} INFO - Processing /home/airflow/.local/lib/python3.8/site-packages/airflow/example_dags/example_setup_teardown.py took 0.053 seconds
[2025-06-01T17:20:33.545+0000] {processor.py:157} INFO - Started process (PID=2545) to work on /home/airflow/.local/lib/python3.8/site-packages/airflow/example_dags/example_setup_teardown.py
[2025-06-01T17:20:33.546+0000] {processor.py:829} INFO - Processing file /home/airflow/.local/lib/python3.8/site-packages/airflow/example_dags/example_setup_teardown.py for tasks to queue
[2025-06-01T17:20:33.546+0000] {logging_mixin.py:154} INFO - [2025-06-01T17:20:33.546+0000] {dagbag.py:536} INFO - Filling up the DagBag from /home/airflow/.local/lib/python3.8/site-packages/airflow/example_dags/example_setup_teardown.py
[2025-06-01T17:20:33.553+0000] {processor.py:839} INFO - DAG(s) dict_keys(['example_setup_teardown']) retrieved from /home/airflow/.local/lib/python3.8/site-packages/airflow/example_dags/example_setup_teardown.py
[2025-06-01T17:20:33.570+0000] {logging_mixin.py:154} INFO - [2025-06-01T17:20:33.570+0000] {dag.py:2941} INFO - Sync 1 DAGs
[2025-06-01T17:20:33.586+0000] {logging_mixin.py:154} INFO - [2025-06-01T17:20:33.586+0000] {dag.py:3722} INFO - Setting next_dagrun for example_setup_teardown to 2025-05-31T17:20:33.585969+00:00, run_after=2025-06-01T17:20:33.585969+00:00
[2025-06-01T17:20:33.603+0000] {processor.py:179} INFO - Processing /home/airflow/.local/lib/python3.8/site-packages/airflow/example_dags/example_setup_teardown.py took 0.061 seconds
[2025-06-01T17:21:06.835+0000] {processor.py:157} INFO - Started process (PID=2610) to work on /home/airflow/.local/lib/python3.8/site-packages/airflow/example_dags/example_setup_teardown.py
[2025-06-01T17:21:06.837+0000] {processor.py:829} INFO - Processing file /home/airflow/.local/lib/python3.8/site-packages/airflow/example_dags/example_setup_teardown.py for tasks to queue
[2025-06-01T17:21:06.837+0000] {logging_mixin.py:154} INFO - [2025-06-01T17:21:06.837+0000] {dagbag.py:536} INFO - Filling up the DagBag from /home/airflow/.local/lib/python3.8/site-packages/airflow/example_dags/example_setup_teardown.py
[2025-06-01T17:21:06.843+0000] {processor.py:839} INFO - DAG(s) dict_keys(['example_setup_teardown']) retrieved from /home/airflow/.local/lib/python3.8/site-packages/airflow/example_dags/example_setup_teardown.py
[2025-06-01T17:21:06.862+0000] {logging_mixin.py:154} INFO - [2025-06-01T17:21:06.862+0000] {dag.py:2941} INFO - Sync 1 DAGs
[2025-06-01T17:21:06.881+0000] {logging_mixin.py:154} INFO - [2025-06-01T17:21:06.881+0000] {dag.py:3722} INFO - Setting next_dagrun for example_setup_teardown to 2025-05-31T17:21:06.881194+00:00, run_after=2025-06-01T17:21:06.881194+00:00
[2025-06-01T17:21:06.896+0000] {processor.py:179} INFO - Processing /home/airflow/.local/lib/python3.8/site-packages/airflow/example_dags/example_setup_teardown.py took 0.064 seconds
[2025-06-01T17:21:40.059+0000] {processor.py:157} INFO - Started process (PID=2682) to work on /home/airflow/.local/lib/python3.8/site-packages/airflow/example_dags/example_setup_teardown.py
[2025-06-01T17:21:40.060+0000] {processor.py:829} INFO - Processing file /home/airflow/.local/lib/python3.8/site-packages/airflow/example_dags/example_setup_teardown.py for tasks to queue
[2025-06-01T17:21:40.061+0000] {logging_mixin.py:154} INFO - [2025-06-01T17:21:40.060+0000] {dagbag.py:536} INFO - Filling up the DagBag from /home/airflow/.local/lib/python3.8/site-packages/airflow/example_dags/example_setup_teardown.py
[2025-06-01T17:21:40.067+0000] {processor.py:839} INFO - DAG(s) dict_keys(['example_setup_teardown']) retrieved from /home/airflow/.local/lib/python3.8/site-packages/airflow/example_dags/example_setup_teardown.py
[2025-06-01T17:21:40.084+0000] {logging_mixin.py:154} INFO - [2025-06-01T17:21:40.083+0000] {dag.py:2941} INFO - Sync 1 DAGs
[2025-06-01T17:21:40.098+0000] {logging_mixin.py:154} INFO - [2025-06-01T17:21:40.098+0000] {dag.py:3722} INFO - Setting next_dagrun for example_setup_teardown to 2025-05-31T17:21:40.098577+00:00, run_after=2025-06-01T17:21:40.098577+00:00
[2025-06-01T17:21:40.112+0000] {processor.py:179} INFO - Processing /home/airflow/.local/lib/python3.8/site-packages/airflow/example_dags/example_setup_teardown.py took 0.057 seconds
[2025-06-01T17:22:13.564+0000] {processor.py:157} INFO - Started process (PID=2753) to work on /home/airflow/.local/lib/python3.8/site-packages/airflow/example_dags/example_setup_teardown.py
[2025-06-01T17:22:13.565+0000] {processor.py:829} INFO - Processing file /home/airflow/.local/lib/python3.8/site-packages/airflow/example_dags/example_setup_teardown.py for tasks to queue
[2025-06-01T17:22:13.565+0000] {logging_mixin.py:154} INFO - [2025-06-01T17:22:13.565+0000] {dagbag.py:536} INFO - Filling up the DagBag from /home/airflow/.local/lib/python3.8/site-packages/airflow/example_dags/example_setup_teardown.py
[2025-06-01T17:22:13.572+0000] {processor.py:839} INFO - DAG(s) dict_keys(['example_setup_teardown']) retrieved from /home/airflow/.local/lib/python3.8/site-packages/airflow/example_dags/example_setup_teardown.py
[2025-06-01T17:22:13.589+0000] {logging_mixin.py:154} INFO - [2025-06-01T17:22:13.589+0000] {dag.py:2941} INFO - Sync 1 DAGs
[2025-06-01T17:22:13.609+0000] {logging_mixin.py:154} INFO - [2025-06-01T17:22:13.609+0000] {dag.py:3722} INFO - Setting next_dagrun for example_setup_teardown to 2025-05-31T17:22:13.608852+00:00, run_after=2025-06-01T17:22:13.608852+00:00
[2025-06-01T17:22:13.622+0000] {processor.py:179} INFO - Processing /home/airflow/.local/lib/python3.8/site-packages/airflow/example_dags/example_setup_teardown.py took 0.061 seconds
[2025-06-01T17:22:47.130+0000] {processor.py:157} INFO - Started process (PID=2818) to work on /home/airflow/.local/lib/python3.8/site-packages/airflow/example_dags/example_setup_teardown.py
[2025-06-01T17:22:47.131+0000] {processor.py:829} INFO - Processing file /home/airflow/.local/lib/python3.8/site-packages/airflow/example_dags/example_setup_teardown.py for tasks to queue
[2025-06-01T17:22:47.132+0000] {logging_mixin.py:154} INFO - [2025-06-01T17:22:47.132+0000] {dagbag.py:536} INFO - Filling up the DagBag from /home/airflow/.local/lib/python3.8/site-packages/airflow/example_dags/example_setup_teardown.py
[2025-06-01T17:22:47.138+0000] {processor.py:839} INFO - DAG(s) dict_keys(['example_setup_teardown']) retrieved from /home/airflow/.local/lib/python3.8/site-packages/airflow/example_dags/example_setup_teardown.py
[2025-06-01T17:22:47.154+0000] {logging_mixin.py:154} INFO - [2025-06-01T17:22:47.154+0000] {dag.py:2941} INFO - Sync 1 DAGs
[2025-06-01T17:22:47.170+0000] {logging_mixin.py:154} INFO - [2025-06-01T17:22:47.170+0000] {dag.py:3722} INFO - Setting next_dagrun for example_setup_teardown to 2025-05-31T17:22:47.170000+00:00, run_after=2025-06-01T17:22:47.170000+00:00
[2025-06-01T17:22:47.182+0000] {processor.py:179} INFO - Processing /home/airflow/.local/lib/python3.8/site-packages/airflow/example_dags/example_setup_teardown.py took 0.055 seconds
[2025-06-01T17:23:20.330+0000] {processor.py:157} INFO - Started process (PID=2890) to work on /home/airflow/.local/lib/python3.8/site-packages/airflow/example_dags/example_setup_teardown.py
[2025-06-01T17:23:20.331+0000] {processor.py:829} INFO - Processing file /home/airflow/.local/lib/python3.8/site-packages/airflow/example_dags/example_setup_teardown.py for tasks to queue
[2025-06-01T17:23:20.331+0000] {logging_mixin.py:154} INFO - [2025-06-01T17:23:20.331+0000] {dagbag.py:536} INFO - Filling up the DagBag from /home/airflow/.local/lib/python3.8/site-packages/airflow/example_dags/example_setup_teardown.py
[2025-06-01T17:23:20.337+0000] {processor.py:839} INFO - DAG(s) dict_keys(['example_setup_teardown']) retrieved from /home/airflow/.local/lib/python3.8/site-packages/airflow/example_dags/example_setup_teardown.py
[2025-06-01T17:23:20.353+0000] {logging_mixin.py:154} INFO - [2025-06-01T17:23:20.352+0000] {dag.py:2941} INFO - Sync 1 DAGs
[2025-06-01T17:23:20.366+0000] {logging_mixin.py:154} INFO - [2025-06-01T17:23:20.366+0000] {dag.py:3722} INFO - Setting next_dagrun for example_setup_teardown to 2025-05-31T17:23:20.366183+00:00, run_after=2025-06-01T17:23:20.366183+00:00
[2025-06-01T17:23:20.378+0000] {processor.py:179} INFO - Processing /home/airflow/.local/lib/python3.8/site-packages/airflow/example_dags/example_setup_teardown.py took 0.051 seconds
[2025-06-01T17:23:53.566+0000] {processor.py:157} INFO - Started process (PID=2954) to work on /home/airflow/.local/lib/python3.8/site-packages/airflow/example_dags/example_setup_teardown.py
[2025-06-01T17:23:53.568+0000] {processor.py:829} INFO - Processing file /home/airflow/.local/lib/python3.8/site-packages/airflow/example_dags/example_setup_teardown.py for tasks to queue
[2025-06-01T17:23:53.568+0000] {logging_mixin.py:154} INFO - [2025-06-01T17:23:53.568+0000] {dagbag.py:536} INFO - Filling up the DagBag from /home/airflow/.local/lib/python3.8/site-packages/airflow/example_dags/example_setup_teardown.py
[2025-06-01T17:23:53.573+0000] {processor.py:839} INFO - DAG(s) dict_keys(['example_setup_teardown']) retrieved from /home/airflow/.local/lib/python3.8/site-packages/airflow/example_dags/example_setup_teardown.py
[2025-06-01T17:23:53.589+0000] {logging_mixin.py:154} INFO - [2025-06-01T17:23:53.589+0000] {dag.py:2941} INFO - Sync 1 DAGs
[2025-06-01T17:23:53.604+0000] {logging_mixin.py:154} INFO - [2025-06-01T17:23:53.604+0000] {dag.py:3722} INFO - Setting next_dagrun for example_setup_teardown to 2025-05-31T17:23:53.604360+00:00, run_after=2025-06-01T17:23:53.604360+00:00
[2025-06-01T17:23:53.617+0000] {processor.py:179} INFO - Processing /home/airflow/.local/lib/python3.8/site-packages/airflow/example_dags/example_setup_teardown.py took 0.054 seconds
[2025-06-01T17:24:27.001+0000] {processor.py:157} INFO - Started process (PID=3026) to work on /home/airflow/.local/lib/python3.8/site-packages/airflow/example_dags/example_setup_teardown.py
[2025-06-01T17:24:27.003+0000] {processor.py:829} INFO - Processing file /home/airflow/.local/lib/python3.8/site-packages/airflow/example_dags/example_setup_teardown.py for tasks to queue
[2025-06-01T17:24:27.003+0000] {logging_mixin.py:154} INFO - [2025-06-01T17:24:27.003+0000] {dagbag.py:536} INFO - Filling up the DagBag from /home/airflow/.local/lib/python3.8/site-packages/airflow/example_dags/example_setup_teardown.py
[2025-06-01T17:24:27.009+0000] {processor.py:839} INFO - DAG(s) dict_keys(['example_setup_teardown']) retrieved from /home/airflow/.local/lib/python3.8/site-packages/airflow/example_dags/example_setup_teardown.py
[2025-06-01T17:24:27.029+0000] {logging_mixin.py:154} INFO - [2025-06-01T17:24:27.029+0000] {dag.py:2941} INFO - Sync 1 DAGs
[2025-06-01T17:24:27.045+0000] {logging_mixin.py:154} INFO - [2025-06-01T17:24:27.045+0000] {dag.py:3722} INFO - Setting next_dagrun for example_setup_teardown to 2025-05-31T17:24:27.045438+00:00, run_after=2025-06-01T17:24:27.045438+00:00
[2025-06-01T17:24:27.059+0000] {processor.py:179} INFO - Processing /home/airflow/.local/lib/python3.8/site-packages/airflow/example_dags/example_setup_teardown.py took 0.061 seconds
[2025-06-01T17:24:59.542+0000] {processor.py:157} INFO - Started process (PID=3090) to work on /home/airflow/.local/lib/python3.8/site-packages/airflow/example_dags/example_setup_teardown.py
[2025-06-01T17:24:59.544+0000] {processor.py:829} INFO - Processing file /home/airflow/.local/lib/python3.8/site-packages/airflow/example_dags/example_setup_teardown.py for tasks to queue
[2025-06-01T17:24:59.544+0000] {logging_mixin.py:154} INFO - [2025-06-01T17:24:59.544+0000] {dagbag.py:536} INFO - Filling up the DagBag from /home/airflow/.local/lib/python3.8/site-packages/airflow/example_dags/example_setup_teardown.py
[2025-06-01T17:24:59.550+0000] {processor.py:839} INFO - DAG(s) dict_keys(['example_setup_teardown']) retrieved from /home/airflow/.local/lib/python3.8/site-packages/airflow/example_dags/example_setup_teardown.py
[2025-06-01T17:24:59.566+0000] {logging_mixin.py:154} INFO - [2025-06-01T17:24:59.565+0000] {dag.py:2941} INFO - Sync 1 DAGs
[2025-06-01T17:24:59.580+0000] {logging_mixin.py:154} INFO - [2025-06-01T17:24:59.579+0000] {dag.py:3722} INFO - Setting next_dagrun for example_setup_teardown to 2025-05-31T17:24:59.579812+00:00, run_after=2025-06-01T17:24:59.579812+00:00
[2025-06-01T17:24:59.591+0000] {processor.py:179} INFO - Processing /home/airflow/.local/lib/python3.8/site-packages/airflow/example_dags/example_setup_teardown.py took 0.051 seconds
[2025-06-01T17:25:32.912+0000] {processor.py:157} INFO - Started process (PID=3162) to work on /home/airflow/.local/lib/python3.8/site-packages/airflow/example_dags/example_setup_teardown.py
[2025-06-01T17:25:32.913+0000] {processor.py:829} INFO - Processing file /home/airflow/.local/lib/python3.8/site-packages/airflow/example_dags/example_setup_teardown.py for tasks to queue
[2025-06-01T17:25:32.914+0000] {logging_mixin.py:154} INFO - [2025-06-01T17:25:32.913+0000] {dagbag.py:536} INFO - Filling up the DagBag from /home/airflow/.local/lib/python3.8/site-packages/airflow/example_dags/example_setup_teardown.py
[2025-06-01T17:25:32.919+0000] {processor.py:839} INFO - DAG(s) dict_keys(['example_setup_teardown']) retrieved from /home/airflow/.local/lib/python3.8/site-packages/airflow/example_dags/example_setup_teardown.py
[2025-06-01T17:25:32.936+0000] {logging_mixin.py:154} INFO - [2025-06-01T17:25:32.935+0000] {dag.py:2941} INFO - Sync 1 DAGs
[2025-06-01T17:25:32.950+0000] {logging_mixin.py:154} INFO - [2025-06-01T17:25:32.950+0000] {dag.py:3722} INFO - Setting next_dagrun for example_setup_teardown to 2025-05-31T17:25:32.950185+00:00, run_after=2025-06-01T17:25:32.950185+00:00
[2025-06-01T17:25:32.963+0000] {processor.py:179} INFO - Processing /home/airflow/.local/lib/python3.8/site-packages/airflow/example_dags/example_setup_teardown.py took 0.054 seconds
[2025-06-01T17:26:06.054+0000] {processor.py:157} INFO - Started process (PID=3234) to work on /home/airflow/.local/lib/python3.8/site-packages/airflow/example_dags/example_setup_teardown.py
[2025-06-01T17:26:06.055+0000] {processor.py:829} INFO - Processing file /home/airflow/.local/lib/python3.8/site-packages/airflow/example_dags/example_setup_teardown.py for tasks to queue
[2025-06-01T17:26:06.055+0000] {logging_mixin.py:154} INFO - [2025-06-01T17:26:06.055+0000] {dagbag.py:536} INFO - Filling up the DagBag from /home/airflow/.local/lib/python3.8/site-packages/airflow/example_dags/example_setup_teardown.py
[2025-06-01T17:26:06.061+0000] {processor.py:839} INFO - DAG(s) dict_keys(['example_setup_teardown']) retrieved from /home/airflow/.local/lib/python3.8/site-packages/airflow/example_dags/example_setup_teardown.py
[2025-06-01T17:26:06.079+0000] {logging_mixin.py:154} INFO - [2025-06-01T17:26:06.079+0000] {dag.py:2941} INFO - Sync 1 DAGs
[2025-06-01T17:26:06.094+0000] {logging_mixin.py:154} INFO - [2025-06-01T17:26:06.094+0000] {dag.py:3722} INFO - Setting next_dagrun for example_setup_teardown to 2025-05-31T17:26:06.094102+00:00, run_after=2025-06-01T17:26:06.094102+00:00
[2025-06-01T17:26:06.108+0000] {processor.py:179} INFO - Processing /home/airflow/.local/lib/python3.8/site-packages/airflow/example_dags/example_setup_teardown.py took 0.057 seconds
[2025-06-01T17:26:39.506+0000] {processor.py:157} INFO - Started process (PID=3298) to work on /home/airflow/.local/lib/python3.8/site-packages/airflow/example_dags/example_setup_teardown.py
[2025-06-01T17:26:39.507+0000] {processor.py:829} INFO - Processing file /home/airflow/.local/lib/python3.8/site-packages/airflow/example_dags/example_setup_teardown.py for tasks to queue
[2025-06-01T17:26:39.507+0000] {logging_mixin.py:154} INFO - [2025-06-01T17:26:39.507+0000] {dagbag.py:536} INFO - Filling up the DagBag from /home/airflow/.local/lib/python3.8/site-packages/airflow/example_dags/example_setup_teardown.py
[2025-06-01T17:26:39.513+0000] {processor.py:839} INFO - DAG(s) dict_keys(['example_setup_teardown']) retrieved from /home/airflow/.local/lib/python3.8/site-packages/airflow/example_dags/example_setup_teardown.py
[2025-06-01T17:26:39.529+0000] {logging_mixin.py:154} INFO - [2025-06-01T17:26:39.529+0000] {dag.py:2941} INFO - Sync 1 DAGs
[2025-06-01T17:26:39.542+0000] {logging_mixin.py:154} INFO - [2025-06-01T17:26:39.542+0000] {dag.py:3722} INFO - Setting next_dagrun for example_setup_teardown to 2025-05-31T17:26:39.542581+00:00, run_after=2025-06-01T17:26:39.542581+00:00
[2025-06-01T17:26:39.554+0000] {processor.py:179} INFO - Processing /home/airflow/.local/lib/python3.8/site-packages/airflow/example_dags/example_setup_teardown.py took 0.051 seconds
[2025-06-01T17:27:13.133+0000] {processor.py:157} INFO - Started process (PID=3370) to work on /home/airflow/.local/lib/python3.8/site-packages/airflow/example_dags/example_setup_teardown.py
[2025-06-01T17:27:13.133+0000] {processor.py:829} INFO - Processing file /home/airflow/.local/lib/python3.8/site-packages/airflow/example_dags/example_setup_teardown.py for tasks to queue
[2025-06-01T17:27:13.134+0000] {logging_mixin.py:154} INFO - [2025-06-01T17:27:13.134+0000] {dagbag.py:536} INFO - Filling up the DagBag from /home/airflow/.local/lib/python3.8/site-packages/airflow/example_dags/example_setup_teardown.py
[2025-06-01T17:27:13.140+0000] {processor.py:839} INFO - DAG(s) dict_keys(['example_setup_teardown']) retrieved from /home/airflow/.local/lib/python3.8/site-packages/airflow/example_dags/example_setup_teardown.py
[2025-06-01T17:27:13.155+0000] {logging_mixin.py:154} INFO - [2025-06-01T17:27:13.155+0000] {dag.py:2941} INFO - Sync 1 DAGs
[2025-06-01T17:27:13.169+0000] {logging_mixin.py:154} INFO - [2025-06-01T17:27:13.169+0000] {dag.py:3722} INFO - Setting next_dagrun for example_setup_teardown to 2025-05-31T17:27:13.168838+00:00, run_after=2025-06-01T17:27:13.168838+00:00
[2025-06-01T17:27:13.181+0000] {processor.py:179} INFO - Processing /home/airflow/.local/lib/python3.8/site-packages/airflow/example_dags/example_setup_teardown.py took 0.051 seconds
[2025-06-01T17:27:46.414+0000] {processor.py:157} INFO - Started process (PID=3434) to work on /home/airflow/.local/lib/python3.8/site-packages/airflow/example_dags/example_setup_teardown.py
[2025-06-01T17:27:46.415+0000] {processor.py:829} INFO - Processing file /home/airflow/.local/lib/python3.8/site-packages/airflow/example_dags/example_setup_teardown.py for tasks to queue
[2025-06-01T17:27:46.416+0000] {logging_mixin.py:154} INFO - [2025-06-01T17:27:46.416+0000] {dagbag.py:536} INFO - Filling up the DagBag from /home/airflow/.local/lib/python3.8/site-packages/airflow/example_dags/example_setup_teardown.py
[2025-06-01T17:27:46.422+0000] {processor.py:839} INFO - DAG(s) dict_keys(['example_setup_teardown']) retrieved from /home/airflow/.local/lib/python3.8/site-packages/airflow/example_dags/example_setup_teardown.py
[2025-06-01T17:27:46.438+0000] {logging_mixin.py:154} INFO - [2025-06-01T17:27:46.438+0000] {dag.py:2941} INFO - Sync 1 DAGs
[2025-06-01T17:27:46.453+0000] {logging_mixin.py:154} INFO - [2025-06-01T17:27:46.453+0000] {dag.py:3722} INFO - Setting next_dagrun for example_setup_teardown to 2025-05-31T17:27:46.453289+00:00, run_after=2025-06-01T17:27:46.453289+00:00
[2025-06-01T17:27:46.465+0000] {processor.py:179} INFO - Processing /home/airflow/.local/lib/python3.8/site-packages/airflow/example_dags/example_setup_teardown.py took 0.053 seconds
[2025-06-01T17:28:19.764+0000] {processor.py:157} INFO - Started process (PID=3506) to work on /home/airflow/.local/lib/python3.8/site-packages/airflow/example_dags/example_setup_teardown.py
[2025-06-01T17:28:19.765+0000] {processor.py:829} INFO - Processing file /home/airflow/.local/lib/python3.8/site-packages/airflow/example_dags/example_setup_teardown.py for tasks to queue
[2025-06-01T17:28:19.765+0000] {logging_mixin.py:154} INFO - [2025-06-01T17:28:19.765+0000] {dagbag.py:536} INFO - Filling up the DagBag from /home/airflow/.local/lib/python3.8/site-packages/airflow/example_dags/example_setup_teardown.py
[2025-06-01T17:28:19.771+0000] {processor.py:839} INFO - DAG(s) dict_keys(['example_setup_teardown']) retrieved from /home/airflow/.local/lib/python3.8/site-packages/airflow/example_dags/example_setup_teardown.py
[2025-06-01T17:28:19.786+0000] {logging_mixin.py:154} INFO - [2025-06-01T17:28:19.786+0000] {dag.py:2941} INFO - Sync 1 DAGs
[2025-06-01T17:28:19.800+0000] {logging_mixin.py:154} INFO - [2025-06-01T17:28:19.799+0000] {dag.py:3722} INFO - Setting next_dagrun for example_setup_teardown to 2025-05-31T17:28:19.799718+00:00, run_after=2025-06-01T17:28:19.799718+00:00
[2025-06-01T17:28:19.812+0000] {processor.py:179} INFO - Processing /home/airflow/.local/lib/python3.8/site-packages/airflow/example_dags/example_setup_teardown.py took 0.051 seconds
[2025-06-01T17:28:52.347+0000] {processor.py:157} INFO - Started process (PID=3578) to work on /home/airflow/.local/lib/python3.8/site-packages/airflow/example_dags/example_setup_teardown.py
[2025-06-01T17:28:52.348+0000] {processor.py:829} INFO - Processing file /home/airflow/.local/lib/python3.8/site-packages/airflow/example_dags/example_setup_teardown.py for tasks to queue
[2025-06-01T17:28:52.349+0000] {logging_mixin.py:154} INFO - [2025-06-01T17:28:52.348+0000] {dagbag.py:536} INFO - Filling up the DagBag from /home/airflow/.local/lib/python3.8/site-packages/airflow/example_dags/example_setup_teardown.py
[2025-06-01T17:28:52.355+0000] {processor.py:839} INFO - DAG(s) dict_keys(['example_setup_teardown']) retrieved from /home/airflow/.local/lib/python3.8/site-packages/airflow/example_dags/example_setup_teardown.py
[2025-06-01T17:28:52.375+0000] {logging_mixin.py:154} INFO - [2025-06-01T17:28:52.375+0000] {dag.py:2941} INFO - Sync 1 DAGs
[2025-06-01T17:28:52.391+0000] {logging_mixin.py:154} INFO - [2025-06-01T17:28:52.391+0000] {dag.py:3722} INFO - Setting next_dagrun for example_setup_teardown to 2025-05-31T17:28:52.391042+00:00, run_after=2025-06-01T17:28:52.391042+00:00
[2025-06-01T17:28:52.406+0000] {processor.py:179} INFO - Processing /home/airflow/.local/lib/python3.8/site-packages/airflow/example_dags/example_setup_teardown.py took 0.063 seconds
