[2025-06-01T16:44:00.675+0000] {processor.py:153} INFO - Started process (PID=70) to work on /home/airflow/.local/lib/python3.7/site-packages/airflow/example_dags/example_trigger_target_dag.py
[2025-06-01T16:44:00.676+0000] {processor.py:743} INFO - Processing file /home/airflow/.local/lib/python3.7/site-packages/airflow/example_dags/example_trigger_target_dag.py for tasks to queue
[2025-06-01T16:44:00.676+0000] {logging_mixin.py:137} INFO - [2025-06-01T16:44:00.676+0000] {dagbag.py:538} INFO - Filling up the DagBag from /home/airflow/.local/lib/python3.7/site-packages/airflow/example_dags/example_trigger_target_dag.py
[2025-06-01T16:44:00.698+0000] {processor.py:753} INFO - DAG(s) dict_keys(['example_trigger_target_dag']) retrieved from /home/airflow/.local/lib/python3.7/site-packages/airflow/example_dags/example_trigger_target_dag.py
[2025-06-01T16:44:00.725+0000] {logging_mixin.py:137} INFO - [2025-06-01T16:44:00.725+0000] {dag.py:2676} INFO - Sync 1 DAGs
[2025-06-01T16:44:00.751+0000] {logging_mixin.py:137} INFO - [2025-06-01T16:44:00.750+0000] {dag.py:3427} INFO - Setting next_dagrun for example_trigger_target_dag to None, run_after=None
[2025-06-01T16:44:00.767+0000] {processor.py:175} INFO - Processing /home/airflow/.local/lib/python3.7/site-packages/airflow/example_dags/example_trigger_target_dag.py took 0.095 seconds
[2025-06-01T16:44:33.951+0000] {processor.py:153} INFO - Started process (PID=129) to work on /home/airflow/.local/lib/python3.7/site-packages/airflow/example_dags/example_trigger_target_dag.py
[2025-06-01T16:44:33.952+0000] {processor.py:743} INFO - Processing file /home/airflow/.local/lib/python3.7/site-packages/airflow/example_dags/example_trigger_target_dag.py for tasks to queue
[2025-06-01T16:44:33.952+0000] {logging_mixin.py:137} INFO - [2025-06-01T16:44:33.952+0000] {dagbag.py:538} INFO - Filling up the DagBag from /home/airflow/.local/lib/python3.7/site-packages/airflow/example_dags/example_trigger_target_dag.py
[2025-06-01T16:44:33.968+0000] {processor.py:753} INFO - DAG(s) dict_keys(['example_trigger_target_dag']) retrieved from /home/airflow/.local/lib/python3.7/site-packages/airflow/example_dags/example_trigger_target_dag.py
[2025-06-01T16:44:34.000+0000] {logging_mixin.py:137} INFO - [2025-06-01T16:44:33.999+0000] {dag.py:2676} INFO - Sync 1 DAGs
[2025-06-01T16:44:34.016+0000] {logging_mixin.py:137} INFO - [2025-06-01T16:44:34.016+0000] {dag.py:3427} INFO - Setting next_dagrun for example_trigger_target_dag to None, run_after=None
[2025-06-01T16:44:34.028+0000] {processor.py:175} INFO - Processing /home/airflow/.local/lib/python3.7/site-packages/airflow/example_dags/example_trigger_target_dag.py took 0.080 seconds
[2025-06-01T16:45:07.473+0000] {processor.py:153} INFO - Started process (PID=188) to work on /home/airflow/.local/lib/python3.7/site-packages/airflow/example_dags/example_trigger_target_dag.py
[2025-06-01T16:45:07.474+0000] {processor.py:743} INFO - Processing file /home/airflow/.local/lib/python3.7/site-packages/airflow/example_dags/example_trigger_target_dag.py for tasks to queue
[2025-06-01T16:45:07.475+0000] {logging_mixin.py:137} INFO - [2025-06-01T16:45:07.475+0000] {dagbag.py:538} INFO - Filling up the DagBag from /home/airflow/.local/lib/python3.7/site-packages/airflow/example_dags/example_trigger_target_dag.py
[2025-06-01T16:45:07.494+0000] {processor.py:753} INFO - DAG(s) dict_keys(['example_trigger_target_dag']) retrieved from /home/airflow/.local/lib/python3.7/site-packages/airflow/example_dags/example_trigger_target_dag.py
[2025-06-01T16:45:07.527+0000] {logging_mixin.py:137} INFO - [2025-06-01T16:45:07.527+0000] {dag.py:2676} INFO - Sync 1 DAGs
[2025-06-01T16:45:07.547+0000] {logging_mixin.py:137} INFO - [2025-06-01T16:45:07.547+0000] {dag.py:3427} INFO - Setting next_dagrun for example_trigger_target_dag to None, run_after=None
[2025-06-01T16:45:07.562+0000] {processor.py:175} INFO - Processing /home/airflow/.local/lib/python3.7/site-packages/airflow/example_dags/example_trigger_target_dag.py took 0.091 seconds
[2025-06-01T16:45:40.818+0000] {processor.py:153} INFO - Started process (PID=247) to work on /home/airflow/.local/lib/python3.7/site-packages/airflow/example_dags/example_trigger_target_dag.py
[2025-06-01T16:45:40.819+0000] {processor.py:743} INFO - Processing file /home/airflow/.local/lib/python3.7/site-packages/airflow/example_dags/example_trigger_target_dag.py for tasks to queue
[2025-06-01T16:45:40.820+0000] {logging_mixin.py:137} INFO - [2025-06-01T16:45:40.820+0000] {dagbag.py:538} INFO - Filling up the DagBag from /home/airflow/.local/lib/python3.7/site-packages/airflow/example_dags/example_trigger_target_dag.py
[2025-06-01T16:45:40.836+0000] {processor.py:753} INFO - DAG(s) dict_keys(['example_trigger_target_dag']) retrieved from /home/airflow/.local/lib/python3.7/site-packages/airflow/example_dags/example_trigger_target_dag.py
[2025-06-01T16:45:40.863+0000] {logging_mixin.py:137} INFO - [2025-06-01T16:45:40.863+0000] {dag.py:2676} INFO - Sync 1 DAGs
[2025-06-01T16:45:40.879+0000] {logging_mixin.py:137} INFO - [2025-06-01T16:45:40.879+0000] {dag.py:3427} INFO - Setting next_dagrun for example_trigger_target_dag to None, run_after=None
[2025-06-01T16:45:40.891+0000] {processor.py:175} INFO - Processing /home/airflow/.local/lib/python3.7/site-packages/airflow/example_dags/example_trigger_target_dag.py took 0.076 seconds
[2025-06-01T16:46:14.209+0000] {processor.py:153} INFO - Started process (PID=306) to work on /home/airflow/.local/lib/python3.7/site-packages/airflow/example_dags/example_trigger_target_dag.py
[2025-06-01T16:46:14.210+0000] {processor.py:743} INFO - Processing file /home/airflow/.local/lib/python3.7/site-packages/airflow/example_dags/example_trigger_target_dag.py for tasks to queue
[2025-06-01T16:46:14.211+0000] {logging_mixin.py:137} INFO - [2025-06-01T16:46:14.210+0000] {dagbag.py:538} INFO - Filling up the DagBag from /home/airflow/.local/lib/python3.7/site-packages/airflow/example_dags/example_trigger_target_dag.py
[2025-06-01T16:46:14.227+0000] {processor.py:753} INFO - DAG(s) dict_keys(['example_trigger_target_dag']) retrieved from /home/airflow/.local/lib/python3.7/site-packages/airflow/example_dags/example_trigger_target_dag.py
[2025-06-01T16:46:14.257+0000] {logging_mixin.py:137} INFO - [2025-06-01T16:46:14.257+0000] {dag.py:2676} INFO - Sync 1 DAGs
[2025-06-01T16:46:14.275+0000] {logging_mixin.py:137} INFO - [2025-06-01T16:46:14.275+0000] {dag.py:3427} INFO - Setting next_dagrun for example_trigger_target_dag to None, run_after=None
[2025-06-01T16:46:14.289+0000] {processor.py:175} INFO - Processing /home/airflow/.local/lib/python3.7/site-packages/airflow/example_dags/example_trigger_target_dag.py took 0.084 seconds
[2025-06-01T16:46:46.411+0000] {processor.py:153} INFO - Started process (PID=365) to work on /home/airflow/.local/lib/python3.7/site-packages/airflow/example_dags/example_trigger_target_dag.py
[2025-06-01T16:46:46.412+0000] {processor.py:743} INFO - Processing file /home/airflow/.local/lib/python3.7/site-packages/airflow/example_dags/example_trigger_target_dag.py for tasks to queue
[2025-06-01T16:46:46.412+0000] {logging_mixin.py:137} INFO - [2025-06-01T16:46:46.412+0000] {dagbag.py:538} INFO - Filling up the DagBag from /home/airflow/.local/lib/python3.7/site-packages/airflow/example_dags/example_trigger_target_dag.py
[2025-06-01T16:46:46.428+0000] {processor.py:753} INFO - DAG(s) dict_keys(['example_trigger_target_dag']) retrieved from /home/airflow/.local/lib/python3.7/site-packages/airflow/example_dags/example_trigger_target_dag.py
[2025-06-01T16:46:46.456+0000] {logging_mixin.py:137} INFO - [2025-06-01T16:46:46.456+0000] {dag.py:2676} INFO - Sync 1 DAGs
[2025-06-01T16:46:46.472+0000] {logging_mixin.py:137} INFO - [2025-06-01T16:46:46.472+0000] {dag.py:3427} INFO - Setting next_dagrun for example_trigger_target_dag to None, run_after=None
[2025-06-01T16:46:46.484+0000] {processor.py:175} INFO - Processing /home/airflow/.local/lib/python3.7/site-packages/airflow/example_dags/example_trigger_target_dag.py took 0.076 seconds
[2025-06-01T16:47:19.921+0000] {processor.py:153} INFO - Started process (PID=424) to work on /home/airflow/.local/lib/python3.7/site-packages/airflow/example_dags/example_trigger_target_dag.py
[2025-06-01T16:47:19.922+0000] {processor.py:743} INFO - Processing file /home/airflow/.local/lib/python3.7/site-packages/airflow/example_dags/example_trigger_target_dag.py for tasks to queue
[2025-06-01T16:47:19.923+0000] {logging_mixin.py:137} INFO - [2025-06-01T16:47:19.923+0000] {dagbag.py:538} INFO - Filling up the DagBag from /home/airflow/.local/lib/python3.7/site-packages/airflow/example_dags/example_trigger_target_dag.py
[2025-06-01T16:47:19.939+0000] {processor.py:753} INFO - DAG(s) dict_keys(['example_trigger_target_dag']) retrieved from /home/airflow/.local/lib/python3.7/site-packages/airflow/example_dags/example_trigger_target_dag.py
[2025-06-01T16:47:19.968+0000] {logging_mixin.py:137} INFO - [2025-06-01T16:47:19.968+0000] {dag.py:2676} INFO - Sync 1 DAGs
[2025-06-01T16:47:19.984+0000] {logging_mixin.py:137} INFO - [2025-06-01T16:47:19.984+0000] {dag.py:3427} INFO - Setting next_dagrun for example_trigger_target_dag to None, run_after=None
[2025-06-01T16:47:19.998+0000] {processor.py:175} INFO - Processing /home/airflow/.local/lib/python3.7/site-packages/airflow/example_dags/example_trigger_target_dag.py took 0.080 seconds
[2025-06-01T16:51:59.888+0000] {processor.py:157} INFO - Started process (PID=79) to work on /home/airflow/.local/lib/python3.8/site-packages/airflow/example_dags/example_trigger_target_dag.py
[2025-06-01T16:51:59.889+0000] {processor.py:829} INFO - Processing file /home/airflow/.local/lib/python3.8/site-packages/airflow/example_dags/example_trigger_target_dag.py for tasks to queue
[2025-06-01T16:51:59.890+0000] {logging_mixin.py:154} INFO - [2025-06-01T16:51:59.890+0000] {dagbag.py:536} INFO - Filling up the DagBag from /home/airflow/.local/lib/python3.8/site-packages/airflow/example_dags/example_trigger_target_dag.py
[2025-06-01T16:51:59.896+0000] {processor.py:839} INFO - DAG(s) dict_keys(['example_trigger_target_dag']) retrieved from /home/airflow/.local/lib/python3.8/site-packages/airflow/example_dags/example_trigger_target_dag.py
[2025-06-01T16:51:59.906+0000] {logging_mixin.py:154} INFO - [2025-06-01T16:51:59.906+0000] {dag.py:2941} INFO - Sync 1 DAGs
[2025-06-01T16:51:59.918+0000] {logging_mixin.py:154} INFO - [2025-06-01T16:51:59.918+0000] {dag.py:3722} INFO - Setting next_dagrun for example_trigger_target_dag to None, run_after=None
[2025-06-01T16:51:59.932+0000] {processor.py:179} INFO - Processing /home/airflow/.local/lib/python3.8/site-packages/airflow/example_dags/example_trigger_target_dag.py took 0.047 seconds
[2025-06-01T16:52:30.178+0000] {processor.py:157} INFO - Started process (PID=140) to work on /home/airflow/.local/lib/python3.8/site-packages/airflow/example_dags/example_trigger_target_dag.py
[2025-06-01T16:52:30.179+0000] {processor.py:829} INFO - Processing file /home/airflow/.local/lib/python3.8/site-packages/airflow/example_dags/example_trigger_target_dag.py for tasks to queue
[2025-06-01T16:52:30.180+0000] {logging_mixin.py:154} INFO - [2025-06-01T16:52:30.180+0000] {dagbag.py:536} INFO - Filling up the DagBag from /home/airflow/.local/lib/python3.8/site-packages/airflow/example_dags/example_trigger_target_dag.py
[2025-06-01T16:52:30.185+0000] {processor.py:839} INFO - DAG(s) dict_keys(['example_trigger_target_dag']) retrieved from /home/airflow/.local/lib/python3.8/site-packages/airflow/example_dags/example_trigger_target_dag.py
[2025-06-01T16:52:30.201+0000] {logging_mixin.py:154} INFO - [2025-06-01T16:52:30.201+0000] {dag.py:2941} INFO - Sync 1 DAGs
[2025-06-01T16:52:30.211+0000] {logging_mixin.py:154} INFO - [2025-06-01T16:52:30.211+0000] {dag.py:3722} INFO - Setting next_dagrun for example_trigger_target_dag to None, run_after=None
[2025-06-01T16:52:30.227+0000] {processor.py:179} INFO - Processing /home/airflow/.local/lib/python3.8/site-packages/airflow/example_dags/example_trigger_target_dag.py took 0.052 seconds
[2025-06-01T16:53:00.570+0000] {processor.py:157} INFO - Started process (PID=224) to work on /home/airflow/.local/lib/python3.8/site-packages/airflow/example_dags/example_trigger_target_dag.py
[2025-06-01T16:53:00.571+0000] {processor.py:829} INFO - Processing file /home/airflow/.local/lib/python3.8/site-packages/airflow/example_dags/example_trigger_target_dag.py for tasks to queue
[2025-06-01T16:53:00.573+0000] {logging_mixin.py:154} INFO - [2025-06-01T16:53:00.573+0000] {dagbag.py:536} INFO - Filling up the DagBag from /home/airflow/.local/lib/python3.8/site-packages/airflow/example_dags/example_trigger_target_dag.py
[2025-06-01T16:53:00.578+0000] {processor.py:839} INFO - DAG(s) dict_keys(['example_trigger_target_dag']) retrieved from /home/airflow/.local/lib/python3.8/site-packages/airflow/example_dags/example_trigger_target_dag.py
[2025-06-01T16:53:00.608+0000] {logging_mixin.py:154} INFO - [2025-06-01T16:53:00.608+0000] {dag.py:2941} INFO - Sync 1 DAGs
[2025-06-01T16:53:00.620+0000] {logging_mixin.py:154} INFO - [2025-06-01T16:53:00.619+0000] {dag.py:3722} INFO - Setting next_dagrun for example_trigger_target_dag to None, run_after=None
[2025-06-01T16:53:00.634+0000] {processor.py:179} INFO - Processing /home/airflow/.local/lib/python3.8/site-packages/airflow/example_dags/example_trigger_target_dag.py took 0.068 seconds
[2025-06-01T16:53:30.687+0000] {processor.py:157} INFO - Started process (PID=292) to work on /home/airflow/.local/lib/python3.8/site-packages/airflow/example_dags/example_trigger_target_dag.py
[2025-06-01T16:53:30.688+0000] {processor.py:829} INFO - Processing file /home/airflow/.local/lib/python3.8/site-packages/airflow/example_dags/example_trigger_target_dag.py for tasks to queue
[2025-06-01T16:53:30.690+0000] {logging_mixin.py:154} INFO - [2025-06-01T16:53:30.689+0000] {dagbag.py:536} INFO - Filling up the DagBag from /home/airflow/.local/lib/python3.8/site-packages/airflow/example_dags/example_trigger_target_dag.py
[2025-06-01T16:53:30.694+0000] {processor.py:839} INFO - DAG(s) dict_keys(['example_trigger_target_dag']) retrieved from /home/airflow/.local/lib/python3.8/site-packages/airflow/example_dags/example_trigger_target_dag.py
[2025-06-01T16:53:30.710+0000] {logging_mixin.py:154} INFO - [2025-06-01T16:53:30.709+0000] {dag.py:2941} INFO - Sync 1 DAGs
[2025-06-01T16:53:30.718+0000] {logging_mixin.py:154} INFO - [2025-06-01T16:53:30.718+0000] {dag.py:3722} INFO - Setting next_dagrun for example_trigger_target_dag to None, run_after=None
[2025-06-01T16:53:30.731+0000] {processor.py:179} INFO - Processing /home/airflow/.local/lib/python3.8/site-packages/airflow/example_dags/example_trigger_target_dag.py took 0.047 seconds
[2025-06-01T16:54:01.280+0000] {processor.py:157} INFO - Started process (PID=353) to work on /home/airflow/.local/lib/python3.8/site-packages/airflow/example_dags/example_trigger_target_dag.py
[2025-06-01T16:54:01.281+0000] {processor.py:829} INFO - Processing file /home/airflow/.local/lib/python3.8/site-packages/airflow/example_dags/example_trigger_target_dag.py for tasks to queue
[2025-06-01T16:54:01.283+0000] {logging_mixin.py:154} INFO - [2025-06-01T16:54:01.283+0000] {dagbag.py:536} INFO - Filling up the DagBag from /home/airflow/.local/lib/python3.8/site-packages/airflow/example_dags/example_trigger_target_dag.py
[2025-06-01T16:54:01.288+0000] {processor.py:839} INFO - DAG(s) dict_keys(['example_trigger_target_dag']) retrieved from /home/airflow/.local/lib/python3.8/site-packages/airflow/example_dags/example_trigger_target_dag.py
[2025-06-01T16:54:01.305+0000] {logging_mixin.py:154} INFO - [2025-06-01T16:54:01.304+0000] {dag.py:2941} INFO - Sync 1 DAGs
[2025-06-01T16:54:01.314+0000] {logging_mixin.py:154} INFO - [2025-06-01T16:54:01.314+0000] {dag.py:3722} INFO - Setting next_dagrun for example_trigger_target_dag to None, run_after=None
[2025-06-01T16:54:01.328+0000] {processor.py:179} INFO - Processing /home/airflow/.local/lib/python3.8/site-packages/airflow/example_dags/example_trigger_target_dag.py took 0.050 seconds
[2025-06-01T16:54:32.019+0000] {processor.py:157} INFO - Started process (PID=421) to work on /home/airflow/.local/lib/python3.8/site-packages/airflow/example_dags/example_trigger_target_dag.py
[2025-06-01T16:54:32.020+0000] {processor.py:829} INFO - Processing file /home/airflow/.local/lib/python3.8/site-packages/airflow/example_dags/example_trigger_target_dag.py for tasks to queue
[2025-06-01T16:54:32.022+0000] {logging_mixin.py:154} INFO - [2025-06-01T16:54:32.022+0000] {dagbag.py:536} INFO - Filling up the DagBag from /home/airflow/.local/lib/python3.8/site-packages/airflow/example_dags/example_trigger_target_dag.py
[2025-06-01T16:54:32.026+0000] {processor.py:839} INFO - DAG(s) dict_keys(['example_trigger_target_dag']) retrieved from /home/airflow/.local/lib/python3.8/site-packages/airflow/example_dags/example_trigger_target_dag.py
[2025-06-01T16:54:32.041+0000] {logging_mixin.py:154} INFO - [2025-06-01T16:54:32.041+0000] {dag.py:2941} INFO - Sync 1 DAGs
[2025-06-01T16:54:32.049+0000] {logging_mixin.py:154} INFO - [2025-06-01T16:54:32.049+0000] {dag.py:3722} INFO - Setting next_dagrun for example_trigger_target_dag to None, run_after=None
[2025-06-01T16:54:32.061+0000] {processor.py:179} INFO - Processing /home/airflow/.local/lib/python3.8/site-packages/airflow/example_dags/example_trigger_target_dag.py took 0.045 seconds
[2025-06-01T16:55:05.116+0000] {processor.py:157} INFO - Started process (PID=489) to work on /home/airflow/.local/lib/python3.8/site-packages/airflow/example_dags/example_trigger_target_dag.py
[2025-06-01T16:55:05.117+0000] {processor.py:829} INFO - Processing file /home/airflow/.local/lib/python3.8/site-packages/airflow/example_dags/example_trigger_target_dag.py for tasks to queue
[2025-06-01T16:55:05.119+0000] {logging_mixin.py:154} INFO - [2025-06-01T16:55:05.119+0000] {dagbag.py:536} INFO - Filling up the DagBag from /home/airflow/.local/lib/python3.8/site-packages/airflow/example_dags/example_trigger_target_dag.py
[2025-06-01T16:55:05.123+0000] {processor.py:839} INFO - DAG(s) dict_keys(['example_trigger_target_dag']) retrieved from /home/airflow/.local/lib/python3.8/site-packages/airflow/example_dags/example_trigger_target_dag.py
[2025-06-01T16:55:05.139+0000] {logging_mixin.py:154} INFO - [2025-06-01T16:55:05.139+0000] {dag.py:2941} INFO - Sync 1 DAGs
[2025-06-01T16:55:05.148+0000] {logging_mixin.py:154} INFO - [2025-06-01T16:55:05.148+0000] {dag.py:3722} INFO - Setting next_dagrun for example_trigger_target_dag to None, run_after=None
[2025-06-01T16:55:05.162+0000] {processor.py:179} INFO - Processing /home/airflow/.local/lib/python3.8/site-packages/airflow/example_dags/example_trigger_target_dag.py took 0.048 seconds
[2025-06-01T16:55:38.201+0000] {processor.py:157} INFO - Started process (PID=557) to work on /home/airflow/.local/lib/python3.8/site-packages/airflow/example_dags/example_trigger_target_dag.py
[2025-06-01T16:55:38.202+0000] {processor.py:829} INFO - Processing file /home/airflow/.local/lib/python3.8/site-packages/airflow/example_dags/example_trigger_target_dag.py for tasks to queue
[2025-06-01T16:55:38.204+0000] {logging_mixin.py:154} INFO - [2025-06-01T16:55:38.203+0000] {dagbag.py:536} INFO - Filling up the DagBag from /home/airflow/.local/lib/python3.8/site-packages/airflow/example_dags/example_trigger_target_dag.py
[2025-06-01T16:55:38.208+0000] {processor.py:839} INFO - DAG(s) dict_keys(['example_trigger_target_dag']) retrieved from /home/airflow/.local/lib/python3.8/site-packages/airflow/example_dags/example_trigger_target_dag.py
[2025-06-01T16:55:38.226+0000] {logging_mixin.py:154} INFO - [2025-06-01T16:55:38.226+0000] {dag.py:2941} INFO - Sync 1 DAGs
[2025-06-01T16:55:38.236+0000] {logging_mixin.py:154} INFO - [2025-06-01T16:55:38.236+0000] {dag.py:3722} INFO - Setting next_dagrun for example_trigger_target_dag to None, run_after=None
[2025-06-01T16:55:38.249+0000] {processor.py:179} INFO - Processing /home/airflow/.local/lib/python3.8/site-packages/airflow/example_dags/example_trigger_target_dag.py took 0.051 seconds
[2025-06-01T16:56:11.522+0000] {processor.py:157} INFO - Started process (PID=625) to work on /home/airflow/.local/lib/python3.8/site-packages/airflow/example_dags/example_trigger_target_dag.py
[2025-06-01T16:56:11.523+0000] {processor.py:829} INFO - Processing file /home/airflow/.local/lib/python3.8/site-packages/airflow/example_dags/example_trigger_target_dag.py for tasks to queue
[2025-06-01T16:56:11.525+0000] {logging_mixin.py:154} INFO - [2025-06-01T16:56:11.525+0000] {dagbag.py:536} INFO - Filling up the DagBag from /home/airflow/.local/lib/python3.8/site-packages/airflow/example_dags/example_trigger_target_dag.py
[2025-06-01T16:56:11.530+0000] {processor.py:839} INFO - DAG(s) dict_keys(['example_trigger_target_dag']) retrieved from /home/airflow/.local/lib/python3.8/site-packages/airflow/example_dags/example_trigger_target_dag.py
[2025-06-01T16:56:11.545+0000] {logging_mixin.py:154} INFO - [2025-06-01T16:56:11.545+0000] {dag.py:2941} INFO - Sync 1 DAGs
[2025-06-01T16:56:11.555+0000] {logging_mixin.py:154} INFO - [2025-06-01T16:56:11.555+0000] {dag.py:3722} INFO - Setting next_dagrun for example_trigger_target_dag to None, run_after=None
[2025-06-01T16:56:11.570+0000] {processor.py:179} INFO - Processing /home/airflow/.local/lib/python3.8/site-packages/airflow/example_dags/example_trigger_target_dag.py took 0.051 seconds
[2025-06-01T16:56:45.037+0000] {processor.py:157} INFO - Started process (PID=693) to work on /home/airflow/.local/lib/python3.8/site-packages/airflow/example_dags/example_trigger_target_dag.py
[2025-06-01T16:56:45.038+0000] {processor.py:829} INFO - Processing file /home/airflow/.local/lib/python3.8/site-packages/airflow/example_dags/example_trigger_target_dag.py for tasks to queue
[2025-06-01T16:56:45.040+0000] {logging_mixin.py:154} INFO - [2025-06-01T16:56:45.039+0000] {dagbag.py:536} INFO - Filling up the DagBag from /home/airflow/.local/lib/python3.8/site-packages/airflow/example_dags/example_trigger_target_dag.py
[2025-06-01T16:56:45.044+0000] {processor.py:839} INFO - DAG(s) dict_keys(['example_trigger_target_dag']) retrieved from /home/airflow/.local/lib/python3.8/site-packages/airflow/example_dags/example_trigger_target_dag.py
[2025-06-01T16:56:45.059+0000] {logging_mixin.py:154} INFO - [2025-06-01T16:56:45.059+0000] {dag.py:2941} INFO - Sync 1 DAGs
[2025-06-01T16:56:45.068+0000] {logging_mixin.py:154} INFO - [2025-06-01T16:56:45.068+0000] {dag.py:3722} INFO - Setting next_dagrun for example_trigger_target_dag to None, run_after=None
[2025-06-01T16:56:45.081+0000] {processor.py:179} INFO - Processing /home/airflow/.local/lib/python3.8/site-packages/airflow/example_dags/example_trigger_target_dag.py took 0.046 seconds
[2025-06-01T16:57:18.180+0000] {processor.py:157} INFO - Started process (PID=761) to work on /home/airflow/.local/lib/python3.8/site-packages/airflow/example_dags/example_trigger_target_dag.py
[2025-06-01T16:57:18.181+0000] {processor.py:829} INFO - Processing file /home/airflow/.local/lib/python3.8/site-packages/airflow/example_dags/example_trigger_target_dag.py for tasks to queue
[2025-06-01T16:57:18.183+0000] {logging_mixin.py:154} INFO - [2025-06-01T16:57:18.183+0000] {dagbag.py:536} INFO - Filling up the DagBag from /home/airflow/.local/lib/python3.8/site-packages/airflow/example_dags/example_trigger_target_dag.py
[2025-06-01T16:57:18.188+0000] {processor.py:839} INFO - DAG(s) dict_keys(['example_trigger_target_dag']) retrieved from /home/airflow/.local/lib/python3.8/site-packages/airflow/example_dags/example_trigger_target_dag.py
[2025-06-01T16:57:18.204+0000] {logging_mixin.py:154} INFO - [2025-06-01T16:57:18.204+0000] {dag.py:2941} INFO - Sync 1 DAGs
[2025-06-01T16:57:18.213+0000] {logging_mixin.py:154} INFO - [2025-06-01T16:57:18.213+0000] {dag.py:3722} INFO - Setting next_dagrun for example_trigger_target_dag to None, run_after=None
[2025-06-01T16:57:18.226+0000] {processor.py:179} INFO - Processing /home/airflow/.local/lib/python3.8/site-packages/airflow/example_dags/example_trigger_target_dag.py took 0.048 seconds
[2025-06-01T16:57:51.415+0000] {processor.py:157} INFO - Started process (PID=829) to work on /home/airflow/.local/lib/python3.8/site-packages/airflow/example_dags/example_trigger_target_dag.py
[2025-06-01T16:57:51.416+0000] {processor.py:829} INFO - Processing file /home/airflow/.local/lib/python3.8/site-packages/airflow/example_dags/example_trigger_target_dag.py for tasks to queue
[2025-06-01T16:57:51.417+0000] {logging_mixin.py:154} INFO - [2025-06-01T16:57:51.417+0000] {dagbag.py:536} INFO - Filling up the DagBag from /home/airflow/.local/lib/python3.8/site-packages/airflow/example_dags/example_trigger_target_dag.py
[2025-06-01T16:57:51.421+0000] {processor.py:839} INFO - DAG(s) dict_keys(['example_trigger_target_dag']) retrieved from /home/airflow/.local/lib/python3.8/site-packages/airflow/example_dags/example_trigger_target_dag.py
[2025-06-01T16:57:51.436+0000] {logging_mixin.py:154} INFO - [2025-06-01T16:57:51.436+0000] {dag.py:2941} INFO - Sync 1 DAGs
[2025-06-01T16:57:51.444+0000] {logging_mixin.py:154} INFO - [2025-06-01T16:57:51.444+0000] {dag.py:3722} INFO - Setting next_dagrun for example_trigger_target_dag to None, run_after=None
[2025-06-01T16:57:51.456+0000] {processor.py:179} INFO - Processing /home/airflow/.local/lib/python3.8/site-packages/airflow/example_dags/example_trigger_target_dag.py took 0.043 seconds
[2025-06-01T16:58:24.571+0000] {processor.py:157} INFO - Started process (PID=898) to work on /home/airflow/.local/lib/python3.8/site-packages/airflow/example_dags/example_trigger_target_dag.py
[2025-06-01T16:58:24.573+0000] {processor.py:829} INFO - Processing file /home/airflow/.local/lib/python3.8/site-packages/airflow/example_dags/example_trigger_target_dag.py for tasks to queue
[2025-06-01T16:58:24.575+0000] {logging_mixin.py:154} INFO - [2025-06-01T16:58:24.574+0000] {dagbag.py:536} INFO - Filling up the DagBag from /home/airflow/.local/lib/python3.8/site-packages/airflow/example_dags/example_trigger_target_dag.py
[2025-06-01T16:58:24.579+0000] {processor.py:839} INFO - DAG(s) dict_keys(['example_trigger_target_dag']) retrieved from /home/airflow/.local/lib/python3.8/site-packages/airflow/example_dags/example_trigger_target_dag.py
[2025-06-01T16:58:24.595+0000] {logging_mixin.py:154} INFO - [2025-06-01T16:58:24.594+0000] {dag.py:2941} INFO - Sync 1 DAGs
[2025-06-01T16:58:24.604+0000] {logging_mixin.py:154} INFO - [2025-06-01T16:58:24.604+0000] {dag.py:3722} INFO - Setting next_dagrun for example_trigger_target_dag to None, run_after=None
[2025-06-01T16:58:24.618+0000] {processor.py:179} INFO - Processing /home/airflow/.local/lib/python3.8/site-packages/airflow/example_dags/example_trigger_target_dag.py took 0.050 seconds
[2025-06-01T16:58:57.771+0000] {processor.py:157} INFO - Started process (PID=966) to work on /home/airflow/.local/lib/python3.8/site-packages/airflow/example_dags/example_trigger_target_dag.py
[2025-06-01T16:58:57.771+0000] {processor.py:829} INFO - Processing file /home/airflow/.local/lib/python3.8/site-packages/airflow/example_dags/example_trigger_target_dag.py for tasks to queue
[2025-06-01T16:58:57.773+0000] {logging_mixin.py:154} INFO - [2025-06-01T16:58:57.773+0000] {dagbag.py:536} INFO - Filling up the DagBag from /home/airflow/.local/lib/python3.8/site-packages/airflow/example_dags/example_trigger_target_dag.py
[2025-06-01T16:58:57.777+0000] {processor.py:839} INFO - DAG(s) dict_keys(['example_trigger_target_dag']) retrieved from /home/airflow/.local/lib/python3.8/site-packages/airflow/example_dags/example_trigger_target_dag.py
[2025-06-01T16:58:57.793+0000] {logging_mixin.py:154} INFO - [2025-06-01T16:58:57.793+0000] {dag.py:2941} INFO - Sync 1 DAGs
[2025-06-01T16:58:57.802+0000] {logging_mixin.py:154} INFO - [2025-06-01T16:58:57.802+0000] {dag.py:3722} INFO - Setting next_dagrun for example_trigger_target_dag to None, run_after=None
[2025-06-01T16:58:57.814+0000] {processor.py:179} INFO - Processing /home/airflow/.local/lib/python3.8/site-packages/airflow/example_dags/example_trigger_target_dag.py took 0.046 seconds
[2025-06-01T16:59:31.451+0000] {processor.py:157} INFO - Started process (PID=1034) to work on /home/airflow/.local/lib/python3.8/site-packages/airflow/example_dags/example_trigger_target_dag.py
[2025-06-01T16:59:31.452+0000] {processor.py:829} INFO - Processing file /home/airflow/.local/lib/python3.8/site-packages/airflow/example_dags/example_trigger_target_dag.py for tasks to queue
[2025-06-01T16:59:31.454+0000] {logging_mixin.py:154} INFO - [2025-06-01T16:59:31.454+0000] {dagbag.py:536} INFO - Filling up the DagBag from /home/airflow/.local/lib/python3.8/site-packages/airflow/example_dags/example_trigger_target_dag.py
[2025-06-01T16:59:31.459+0000] {processor.py:839} INFO - DAG(s) dict_keys(['example_trigger_target_dag']) retrieved from /home/airflow/.local/lib/python3.8/site-packages/airflow/example_dags/example_trigger_target_dag.py
[2025-06-01T16:59:31.477+0000] {logging_mixin.py:154} INFO - [2025-06-01T16:59:31.477+0000] {dag.py:2941} INFO - Sync 1 DAGs
[2025-06-01T16:59:31.487+0000] {logging_mixin.py:154} INFO - [2025-06-01T16:59:31.487+0000] {dag.py:3722} INFO - Setting next_dagrun for example_trigger_target_dag to None, run_after=None
[2025-06-01T16:59:31.501+0000] {processor.py:179} INFO - Processing /home/airflow/.local/lib/python3.8/site-packages/airflow/example_dags/example_trigger_target_dag.py took 0.053 seconds
[2025-06-01T17:00:38.527+0000] {processor.py:157} INFO - Started process (PID=75) to work on /home/airflow/.local/lib/python3.8/site-packages/airflow/example_dags/example_trigger_target_dag.py
[2025-06-01T17:00:38.531+0000] {processor.py:829} INFO - Processing file /home/airflow/.local/lib/python3.8/site-packages/airflow/example_dags/example_trigger_target_dag.py for tasks to queue
[2025-06-01T17:00:38.534+0000] {logging_mixin.py:154} INFO - [2025-06-01T17:00:38.534+0000] {dagbag.py:536} INFO - Filling up the DagBag from /home/airflow/.local/lib/python3.8/site-packages/airflow/example_dags/example_trigger_target_dag.py
[2025-06-01T17:00:38.543+0000] {processor.py:839} INFO - DAG(s) dict_keys(['example_trigger_target_dag']) retrieved from /home/airflow/.local/lib/python3.8/site-packages/airflow/example_dags/example_trigger_target_dag.py
[2025-06-01T17:00:38.556+0000] {logging_mixin.py:154} INFO - [2025-06-01T17:00:38.555+0000] {dag.py:2941} INFO - Sync 1 DAGs
[2025-06-01T17:00:38.573+0000] {logging_mixin.py:154} INFO - [2025-06-01T17:00:38.572+0000] {dag.py:3722} INFO - Setting next_dagrun for example_trigger_target_dag to None, run_after=None
[2025-06-01T17:00:38.597+0000] {processor.py:179} INFO - Processing /home/airflow/.local/lib/python3.8/site-packages/airflow/example_dags/example_trigger_target_dag.py took 0.074 seconds
[2025-06-01T17:01:11.040+0000] {processor.py:157} INFO - Started process (PID=138) to work on /home/airflow/.local/lib/python3.8/site-packages/airflow/example_dags/example_trigger_target_dag.py
[2025-06-01T17:01:11.041+0000] {processor.py:829} INFO - Processing file /home/airflow/.local/lib/python3.8/site-packages/airflow/example_dags/example_trigger_target_dag.py for tasks to queue
[2025-06-01T17:01:11.043+0000] {logging_mixin.py:154} INFO - [2025-06-01T17:01:11.043+0000] {dagbag.py:536} INFO - Filling up the DagBag from /home/airflow/.local/lib/python3.8/site-packages/airflow/example_dags/example_trigger_target_dag.py
[2025-06-01T17:01:11.048+0000] {processor.py:839} INFO - DAG(s) dict_keys(['example_trigger_target_dag']) retrieved from /home/airflow/.local/lib/python3.8/site-packages/airflow/example_dags/example_trigger_target_dag.py
[2025-06-01T17:01:11.065+0000] {logging_mixin.py:154} INFO - [2025-06-01T17:01:11.065+0000] {dag.py:2941} INFO - Sync 1 DAGs
[2025-06-01T17:01:11.075+0000] {logging_mixin.py:154} INFO - [2025-06-01T17:01:11.074+0000] {dag.py:3722} INFO - Setting next_dagrun for example_trigger_target_dag to None, run_after=None
[2025-06-01T17:01:11.088+0000] {processor.py:179} INFO - Processing /home/airflow/.local/lib/python3.8/site-packages/airflow/example_dags/example_trigger_target_dag.py took 0.051 seconds
[2025-06-01T17:01:44.500+0000] {processor.py:157} INFO - Started process (PID=209) to work on /home/airflow/.local/lib/python3.8/site-packages/airflow/example_dags/example_trigger_target_dag.py
[2025-06-01T17:01:44.501+0000] {processor.py:829} INFO - Processing file /home/airflow/.local/lib/python3.8/site-packages/airflow/example_dags/example_trigger_target_dag.py for tasks to queue
[2025-06-01T17:01:44.503+0000] {logging_mixin.py:154} INFO - [2025-06-01T17:01:44.503+0000] {dagbag.py:536} INFO - Filling up the DagBag from /home/airflow/.local/lib/python3.8/site-packages/airflow/example_dags/example_trigger_target_dag.py
[2025-06-01T17:01:44.508+0000] {processor.py:839} INFO - DAG(s) dict_keys(['example_trigger_target_dag']) retrieved from /home/airflow/.local/lib/python3.8/site-packages/airflow/example_dags/example_trigger_target_dag.py
[2025-06-01T17:01:44.524+0000] {logging_mixin.py:154} INFO - [2025-06-01T17:01:44.524+0000] {dag.py:2941} INFO - Sync 1 DAGs
[2025-06-01T17:01:44.535+0000] {logging_mixin.py:154} INFO - [2025-06-01T17:01:44.534+0000] {dag.py:3722} INFO - Setting next_dagrun for example_trigger_target_dag to None, run_after=None
[2025-06-01T17:01:44.548+0000] {processor.py:179} INFO - Processing /home/airflow/.local/lib/python3.8/site-packages/airflow/example_dags/example_trigger_target_dag.py took 0.051 seconds
[2025-06-01T17:02:17.008+0000] {processor.py:157} INFO - Started process (PID=272) to work on /home/airflow/.local/lib/python3.8/site-packages/airflow/example_dags/example_trigger_target_dag.py
[2025-06-01T17:02:17.009+0000] {processor.py:829} INFO - Processing file /home/airflow/.local/lib/python3.8/site-packages/airflow/example_dags/example_trigger_target_dag.py for tasks to queue
[2025-06-01T17:02:17.011+0000] {logging_mixin.py:154} INFO - [2025-06-01T17:02:17.011+0000] {dagbag.py:536} INFO - Filling up the DagBag from /home/airflow/.local/lib/python3.8/site-packages/airflow/example_dags/example_trigger_target_dag.py
[2025-06-01T17:02:17.016+0000] {processor.py:839} INFO - DAG(s) dict_keys(['example_trigger_target_dag']) retrieved from /home/airflow/.local/lib/python3.8/site-packages/airflow/example_dags/example_trigger_target_dag.py
[2025-06-01T17:02:17.033+0000] {logging_mixin.py:154} INFO - [2025-06-01T17:02:17.033+0000] {dag.py:2941} INFO - Sync 1 DAGs
[2025-06-01T17:02:17.041+0000] {logging_mixin.py:154} INFO - [2025-06-01T17:02:17.041+0000] {dag.py:3722} INFO - Setting next_dagrun for example_trigger_target_dag to None, run_after=None
[2025-06-01T17:02:17.056+0000] {processor.py:179} INFO - Processing /home/airflow/.local/lib/python3.8/site-packages/airflow/example_dags/example_trigger_target_dag.py took 0.051 seconds
[2025-06-01T17:02:50.489+0000] {processor.py:157} INFO - Started process (PID=343) to work on /home/airflow/.local/lib/python3.8/site-packages/airflow/example_dags/example_trigger_target_dag.py
[2025-06-01T17:02:50.490+0000] {processor.py:829} INFO - Processing file /home/airflow/.local/lib/python3.8/site-packages/airflow/example_dags/example_trigger_target_dag.py for tasks to queue
[2025-06-01T17:02:50.492+0000] {logging_mixin.py:154} INFO - [2025-06-01T17:02:50.492+0000] {dagbag.py:536} INFO - Filling up the DagBag from /home/airflow/.local/lib/python3.8/site-packages/airflow/example_dags/example_trigger_target_dag.py
[2025-06-01T17:02:50.497+0000] {processor.py:839} INFO - DAG(s) dict_keys(['example_trigger_target_dag']) retrieved from /home/airflow/.local/lib/python3.8/site-packages/airflow/example_dags/example_trigger_target_dag.py
[2025-06-01T17:02:50.512+0000] {logging_mixin.py:154} INFO - [2025-06-01T17:02:50.512+0000] {dag.py:2941} INFO - Sync 1 DAGs
[2025-06-01T17:02:50.522+0000] {logging_mixin.py:154} INFO - [2025-06-01T17:02:50.521+0000] {dag.py:3722} INFO - Setting next_dagrun for example_trigger_target_dag to None, run_after=None
[2025-06-01T17:02:50.534+0000] {processor.py:179} INFO - Processing /home/airflow/.local/lib/python3.8/site-packages/airflow/example_dags/example_trigger_target_dag.py took 0.047 seconds
[2025-06-01T17:03:23.899+0000] {processor.py:157} INFO - Started process (PID=406) to work on /home/airflow/.local/lib/python3.8/site-packages/airflow/example_dags/example_trigger_target_dag.py
[2025-06-01T17:03:23.901+0000] {processor.py:829} INFO - Processing file /home/airflow/.local/lib/python3.8/site-packages/airflow/example_dags/example_trigger_target_dag.py for tasks to queue
[2025-06-01T17:03:23.903+0000] {logging_mixin.py:154} INFO - [2025-06-01T17:03:23.902+0000] {dagbag.py:536} INFO - Filling up the DagBag from /home/airflow/.local/lib/python3.8/site-packages/airflow/example_dags/example_trigger_target_dag.py
[2025-06-01T17:03:23.907+0000] {processor.py:839} INFO - DAG(s) dict_keys(['example_trigger_target_dag']) retrieved from /home/airflow/.local/lib/python3.8/site-packages/airflow/example_dags/example_trigger_target_dag.py
[2025-06-01T17:03:23.923+0000] {logging_mixin.py:154} INFO - [2025-06-01T17:03:23.923+0000] {dag.py:2941} INFO - Sync 1 DAGs
[2025-06-01T17:03:23.932+0000] {logging_mixin.py:154} INFO - [2025-06-01T17:03:23.932+0000] {dag.py:3722} INFO - Setting next_dagrun for example_trigger_target_dag to None, run_after=None
[2025-06-01T17:03:23.945+0000] {processor.py:179} INFO - Processing /home/airflow/.local/lib/python3.8/site-packages/airflow/example_dags/example_trigger_target_dag.py took 0.049 seconds
[2025-06-01T17:03:57.536+0000] {processor.py:157} INFO - Started process (PID=477) to work on /home/airflow/.local/lib/python3.8/site-packages/airflow/example_dags/example_trigger_target_dag.py
[2025-06-01T17:03:57.537+0000] {processor.py:829} INFO - Processing file /home/airflow/.local/lib/python3.8/site-packages/airflow/example_dags/example_trigger_target_dag.py for tasks to queue
[2025-06-01T17:03:57.539+0000] {logging_mixin.py:154} INFO - [2025-06-01T17:03:57.539+0000] {dagbag.py:536} INFO - Filling up the DagBag from /home/airflow/.local/lib/python3.8/site-packages/airflow/example_dags/example_trigger_target_dag.py
[2025-06-01T17:03:57.544+0000] {processor.py:839} INFO - DAG(s) dict_keys(['example_trigger_target_dag']) retrieved from /home/airflow/.local/lib/python3.8/site-packages/airflow/example_dags/example_trigger_target_dag.py
[2025-06-01T17:03:57.561+0000] {logging_mixin.py:154} INFO - [2025-06-01T17:03:57.561+0000] {dag.py:2941} INFO - Sync 1 DAGs
[2025-06-01T17:03:57.572+0000] {logging_mixin.py:154} INFO - [2025-06-01T17:03:57.571+0000] {dag.py:3722} INFO - Setting next_dagrun for example_trigger_target_dag to None, run_after=None
[2025-06-01T17:03:57.585+0000] {processor.py:179} INFO - Processing /home/airflow/.local/lib/python3.8/site-packages/airflow/example_dags/example_trigger_target_dag.py took 0.053 seconds
[2025-06-01T17:04:30.141+0000] {processor.py:157} INFO - Started process (PID=540) to work on /home/airflow/.local/lib/python3.8/site-packages/airflow/example_dags/example_trigger_target_dag.py
[2025-06-01T17:04:30.142+0000] {processor.py:829} INFO - Processing file /home/airflow/.local/lib/python3.8/site-packages/airflow/example_dags/example_trigger_target_dag.py for tasks to queue
[2025-06-01T17:04:30.144+0000] {logging_mixin.py:154} INFO - [2025-06-01T17:04:30.144+0000] {dagbag.py:536} INFO - Filling up the DagBag from /home/airflow/.local/lib/python3.8/site-packages/airflow/example_dags/example_trigger_target_dag.py
[2025-06-01T17:04:30.149+0000] {processor.py:839} INFO - DAG(s) dict_keys(['example_trigger_target_dag']) retrieved from /home/airflow/.local/lib/python3.8/site-packages/airflow/example_dags/example_trigger_target_dag.py
[2025-06-01T17:04:30.165+0000] {logging_mixin.py:154} INFO - [2025-06-01T17:04:30.165+0000] {dag.py:2941} INFO - Sync 1 DAGs
[2025-06-01T17:04:30.175+0000] {logging_mixin.py:154} INFO - [2025-06-01T17:04:30.174+0000] {dag.py:3722} INFO - Setting next_dagrun for example_trigger_target_dag to None, run_after=None
[2025-06-01T17:04:30.188+0000] {processor.py:179} INFO - Processing /home/airflow/.local/lib/python3.8/site-packages/airflow/example_dags/example_trigger_target_dag.py took 0.049 seconds
[2025-06-01T17:05:03.488+0000] {processor.py:157} INFO - Started process (PID=611) to work on /home/airflow/.local/lib/python3.8/site-packages/airflow/example_dags/example_trigger_target_dag.py
[2025-06-01T17:05:03.489+0000] {processor.py:829} INFO - Processing file /home/airflow/.local/lib/python3.8/site-packages/airflow/example_dags/example_trigger_target_dag.py for tasks to queue
[2025-06-01T17:05:03.491+0000] {logging_mixin.py:154} INFO - [2025-06-01T17:05:03.491+0000] {dagbag.py:536} INFO - Filling up the DagBag from /home/airflow/.local/lib/python3.8/site-packages/airflow/example_dags/example_trigger_target_dag.py
[2025-06-01T17:05:03.495+0000] {processor.py:839} INFO - DAG(s) dict_keys(['example_trigger_target_dag']) retrieved from /home/airflow/.local/lib/python3.8/site-packages/airflow/example_dags/example_trigger_target_dag.py
[2025-06-01T17:05:03.510+0000] {logging_mixin.py:154} INFO - [2025-06-01T17:05:03.510+0000] {dag.py:2941} INFO - Sync 1 DAGs
[2025-06-01T17:05:03.520+0000] {logging_mixin.py:154} INFO - [2025-06-01T17:05:03.519+0000] {dag.py:3722} INFO - Setting next_dagrun for example_trigger_target_dag to None, run_after=None
[2025-06-01T17:05:03.533+0000] {processor.py:179} INFO - Processing /home/airflow/.local/lib/python3.8/site-packages/airflow/example_dags/example_trigger_target_dag.py took 0.048 seconds
[2025-06-01T17:05:37.041+0000] {processor.py:157} INFO - Started process (PID=675) to work on /home/airflow/.local/lib/python3.8/site-packages/airflow/example_dags/example_trigger_target_dag.py
[2025-06-01T17:05:37.043+0000] {processor.py:829} INFO - Processing file /home/airflow/.local/lib/python3.8/site-packages/airflow/example_dags/example_trigger_target_dag.py for tasks to queue
[2025-06-01T17:05:37.043+0000] {logging_mixin.py:154} INFO - [2025-06-01T17:05:37.043+0000] {dagbag.py:536} INFO - Filling up the DagBag from /home/airflow/.local/lib/python3.8/site-packages/airflow/example_dags/example_trigger_target_dag.py
[2025-06-01T17:05:37.048+0000] {processor.py:839} INFO - DAG(s) dict_keys(['example_trigger_target_dag']) retrieved from /home/airflow/.local/lib/python3.8/site-packages/airflow/example_dags/example_trigger_target_dag.py
[2025-06-01T17:05:37.068+0000] {logging_mixin.py:154} INFO - [2025-06-01T17:05:37.068+0000] {dag.py:2941} INFO - Sync 1 DAGs
[2025-06-01T17:05:37.078+0000] {logging_mixin.py:154} INFO - [2025-06-01T17:05:37.078+0000] {dag.py:3722} INFO - Setting next_dagrun for example_trigger_target_dag to None, run_after=None
[2025-06-01T17:05:37.093+0000] {processor.py:179} INFO - Processing /home/airflow/.local/lib/python3.8/site-packages/airflow/example_dags/example_trigger_target_dag.py took 0.055 seconds
[2025-06-01T17:06:09.813+0000] {processor.py:157} INFO - Started process (PID=747) to work on /home/airflow/.local/lib/python3.8/site-packages/airflow/example_dags/example_trigger_target_dag.py
[2025-06-01T17:06:09.814+0000] {processor.py:829} INFO - Processing file /home/airflow/.local/lib/python3.8/site-packages/airflow/example_dags/example_trigger_target_dag.py for tasks to queue
[2025-06-01T17:06:09.815+0000] {logging_mixin.py:154} INFO - [2025-06-01T17:06:09.815+0000] {dagbag.py:536} INFO - Filling up the DagBag from /home/airflow/.local/lib/python3.8/site-packages/airflow/example_dags/example_trigger_target_dag.py
[2025-06-01T17:06:09.820+0000] {processor.py:839} INFO - DAG(s) dict_keys(['example_trigger_target_dag']) retrieved from /home/airflow/.local/lib/python3.8/site-packages/airflow/example_dags/example_trigger_target_dag.py
[2025-06-01T17:06:09.839+0000] {logging_mixin.py:154} INFO - [2025-06-01T17:06:09.839+0000] {dag.py:2941} INFO - Sync 1 DAGs
[2025-06-01T17:06:09.849+0000] {logging_mixin.py:154} INFO - [2025-06-01T17:06:09.849+0000] {dag.py:3722} INFO - Setting next_dagrun for example_trigger_target_dag to None, run_after=None
[2025-06-01T17:06:09.863+0000] {processor.py:179} INFO - Processing /home/airflow/.local/lib/python3.8/site-packages/airflow/example_dags/example_trigger_target_dag.py took 0.053 seconds
[2025-06-01T17:06:43.430+0000] {processor.py:157} INFO - Started process (PID=818) to work on /home/airflow/.local/lib/python3.8/site-packages/airflow/example_dags/example_trigger_target_dag.py
[2025-06-01T17:06:43.431+0000] {processor.py:829} INFO - Processing file /home/airflow/.local/lib/python3.8/site-packages/airflow/example_dags/example_trigger_target_dag.py for tasks to queue
[2025-06-01T17:06:43.432+0000] {logging_mixin.py:154} INFO - [2025-06-01T17:06:43.432+0000] {dagbag.py:536} INFO - Filling up the DagBag from /home/airflow/.local/lib/python3.8/site-packages/airflow/example_dags/example_trigger_target_dag.py
[2025-06-01T17:06:43.437+0000] {processor.py:839} INFO - DAG(s) dict_keys(['example_trigger_target_dag']) retrieved from /home/airflow/.local/lib/python3.8/site-packages/airflow/example_dags/example_trigger_target_dag.py
[2025-06-01T17:06:43.457+0000] {logging_mixin.py:154} INFO - [2025-06-01T17:06:43.457+0000] {dag.py:2941} INFO - Sync 1 DAGs
[2025-06-01T17:06:43.467+0000] {logging_mixin.py:154} INFO - [2025-06-01T17:06:43.467+0000] {dag.py:3722} INFO - Setting next_dagrun for example_trigger_target_dag to None, run_after=None
[2025-06-01T17:06:43.481+0000] {processor.py:179} INFO - Processing /home/airflow/.local/lib/python3.8/site-packages/airflow/example_dags/example_trigger_target_dag.py took 0.054 seconds
[2025-06-01T17:07:16.911+0000] {processor.py:157} INFO - Started process (PID=884) to work on /home/airflow/.local/lib/python3.8/site-packages/airflow/example_dags/example_trigger_target_dag.py
[2025-06-01T17:07:16.913+0000] {processor.py:829} INFO - Processing file /home/airflow/.local/lib/python3.8/site-packages/airflow/example_dags/example_trigger_target_dag.py for tasks to queue
[2025-06-01T17:07:16.914+0000] {logging_mixin.py:154} INFO - [2025-06-01T17:07:16.913+0000] {dagbag.py:536} INFO - Filling up the DagBag from /home/airflow/.local/lib/python3.8/site-packages/airflow/example_dags/example_trigger_target_dag.py
[2025-06-01T17:07:16.919+0000] {processor.py:839} INFO - DAG(s) dict_keys(['example_trigger_target_dag']) retrieved from /home/airflow/.local/lib/python3.8/site-packages/airflow/example_dags/example_trigger_target_dag.py
[2025-06-01T17:07:16.935+0000] {logging_mixin.py:154} INFO - [2025-06-01T17:07:16.935+0000] {dag.py:2941} INFO - Sync 1 DAGs
[2025-06-01T17:07:16.944+0000] {logging_mixin.py:154} INFO - [2025-06-01T17:07:16.944+0000] {dag.py:3722} INFO - Setting next_dagrun for example_trigger_target_dag to None, run_after=None
[2025-06-01T17:07:16.957+0000] {processor.py:179} INFO - Processing /home/airflow/.local/lib/python3.8/site-packages/airflow/example_dags/example_trigger_target_dag.py took 0.049 seconds
[2025-06-01T17:07:49.990+0000] {processor.py:157} INFO - Started process (PID=956) to work on /home/airflow/.local/lib/python3.8/site-packages/airflow/example_dags/example_trigger_target_dag.py
[2025-06-01T17:07:49.991+0000] {processor.py:829} INFO - Processing file /home/airflow/.local/lib/python3.8/site-packages/airflow/example_dags/example_trigger_target_dag.py for tasks to queue
[2025-06-01T17:07:49.992+0000] {logging_mixin.py:154} INFO - [2025-06-01T17:07:49.991+0000] {dagbag.py:536} INFO - Filling up the DagBag from /home/airflow/.local/lib/python3.8/site-packages/airflow/example_dags/example_trigger_target_dag.py
[2025-06-01T17:07:49.998+0000] {processor.py:839} INFO - DAG(s) dict_keys(['example_trigger_target_dag']) retrieved from /home/airflow/.local/lib/python3.8/site-packages/airflow/example_dags/example_trigger_target_dag.py
[2025-06-01T17:07:50.018+0000] {logging_mixin.py:154} INFO - [2025-06-01T17:07:50.017+0000] {dag.py:2941} INFO - Sync 1 DAGs
[2025-06-01T17:07:50.028+0000] {logging_mixin.py:154} INFO - [2025-06-01T17:07:50.028+0000] {dag.py:3722} INFO - Setting next_dagrun for example_trigger_target_dag to None, run_after=None
[2025-06-01T17:07:50.045+0000] {processor.py:179} INFO - Processing /home/airflow/.local/lib/python3.8/site-packages/airflow/example_dags/example_trigger_target_dag.py took 0.059 seconds
[2025-06-01T17:08:22.570+0000] {processor.py:157} INFO - Started process (PID=1020) to work on /home/airflow/.local/lib/python3.8/site-packages/airflow/example_dags/example_trigger_target_dag.py
[2025-06-01T17:08:22.571+0000] {processor.py:829} INFO - Processing file /home/airflow/.local/lib/python3.8/site-packages/airflow/example_dags/example_trigger_target_dag.py for tasks to queue
[2025-06-01T17:08:22.572+0000] {logging_mixin.py:154} INFO - [2025-06-01T17:08:22.572+0000] {dagbag.py:536} INFO - Filling up the DagBag from /home/airflow/.local/lib/python3.8/site-packages/airflow/example_dags/example_trigger_target_dag.py
[2025-06-01T17:08:22.577+0000] {processor.py:839} INFO - DAG(s) dict_keys(['example_trigger_target_dag']) retrieved from /home/airflow/.local/lib/python3.8/site-packages/airflow/example_dags/example_trigger_target_dag.py
[2025-06-01T17:08:22.593+0000] {logging_mixin.py:154} INFO - [2025-06-01T17:08:22.593+0000] {dag.py:2941} INFO - Sync 1 DAGs
[2025-06-01T17:08:22.602+0000] {logging_mixin.py:154} INFO - [2025-06-01T17:08:22.602+0000] {dag.py:3722} INFO - Setting next_dagrun for example_trigger_target_dag to None, run_after=None
[2025-06-01T17:08:22.615+0000] {processor.py:179} INFO - Processing /home/airflow/.local/lib/python3.8/site-packages/airflow/example_dags/example_trigger_target_dag.py took 0.048 seconds
[2025-06-01T17:08:56.063+0000] {processor.py:157} INFO - Started process (PID=1092) to work on /home/airflow/.local/lib/python3.8/site-packages/airflow/example_dags/example_trigger_target_dag.py
[2025-06-01T17:08:56.064+0000] {processor.py:829} INFO - Processing file /home/airflow/.local/lib/python3.8/site-packages/airflow/example_dags/example_trigger_target_dag.py for tasks to queue
[2025-06-01T17:08:56.065+0000] {logging_mixin.py:154} INFO - [2025-06-01T17:08:56.064+0000] {dagbag.py:536} INFO - Filling up the DagBag from /home/airflow/.local/lib/python3.8/site-packages/airflow/example_dags/example_trigger_target_dag.py
[2025-06-01T17:08:56.069+0000] {processor.py:839} INFO - DAG(s) dict_keys(['example_trigger_target_dag']) retrieved from /home/airflow/.local/lib/python3.8/site-packages/airflow/example_dags/example_trigger_target_dag.py
[2025-06-01T17:08:56.084+0000] {logging_mixin.py:154} INFO - [2025-06-01T17:08:56.084+0000] {dag.py:2941} INFO - Sync 1 DAGs
[2025-06-01T17:08:56.093+0000] {logging_mixin.py:154} INFO - [2025-06-01T17:08:56.093+0000] {dag.py:3722} INFO - Setting next_dagrun for example_trigger_target_dag to None, run_after=None
[2025-06-01T17:08:56.107+0000] {processor.py:179} INFO - Processing /home/airflow/.local/lib/python3.8/site-packages/airflow/example_dags/example_trigger_target_dag.py took 0.046 seconds
[2025-06-01T17:09:29.774+0000] {processor.py:157} INFO - Started process (PID=1156) to work on /home/airflow/.local/lib/python3.8/site-packages/airflow/example_dags/example_trigger_target_dag.py
[2025-06-01T17:09:29.775+0000] {processor.py:829} INFO - Processing file /home/airflow/.local/lib/python3.8/site-packages/airflow/example_dags/example_trigger_target_dag.py for tasks to queue
[2025-06-01T17:09:29.775+0000] {logging_mixin.py:154} INFO - [2025-06-01T17:09:29.775+0000] {dagbag.py:536} INFO - Filling up the DagBag from /home/airflow/.local/lib/python3.8/site-packages/airflow/example_dags/example_trigger_target_dag.py
[2025-06-01T17:09:29.780+0000] {processor.py:839} INFO - DAG(s) dict_keys(['example_trigger_target_dag']) retrieved from /home/airflow/.local/lib/python3.8/site-packages/airflow/example_dags/example_trigger_target_dag.py
[2025-06-01T17:09:29.796+0000] {logging_mixin.py:154} INFO - [2025-06-01T17:09:29.795+0000] {dag.py:2941} INFO - Sync 1 DAGs
[2025-06-01T17:09:29.804+0000] {logging_mixin.py:154} INFO - [2025-06-01T17:09:29.804+0000] {dag.py:3722} INFO - Setting next_dagrun for example_trigger_target_dag to None, run_after=None
[2025-06-01T17:09:29.818+0000] {processor.py:179} INFO - Processing /home/airflow/.local/lib/python3.8/site-packages/airflow/example_dags/example_trigger_target_dag.py took 0.047 seconds
[2025-06-01T17:10:03.453+0000] {processor.py:157} INFO - Started process (PID=1230) to work on /home/airflow/.local/lib/python3.8/site-packages/airflow/example_dags/example_trigger_target_dag.py
[2025-06-01T17:10:03.454+0000] {processor.py:829} INFO - Processing file /home/airflow/.local/lib/python3.8/site-packages/airflow/example_dags/example_trigger_target_dag.py for tasks to queue
[2025-06-01T17:10:03.454+0000] {logging_mixin.py:154} INFO - [2025-06-01T17:10:03.454+0000] {dagbag.py:536} INFO - Filling up the DagBag from /home/airflow/.local/lib/python3.8/site-packages/airflow/example_dags/example_trigger_target_dag.py
[2025-06-01T17:10:03.459+0000] {processor.py:839} INFO - DAG(s) dict_keys(['example_trigger_target_dag']) retrieved from /home/airflow/.local/lib/python3.8/site-packages/airflow/example_dags/example_trigger_target_dag.py
[2025-06-01T17:10:03.477+0000] {logging_mixin.py:154} INFO - [2025-06-01T17:10:03.477+0000] {dag.py:2941} INFO - Sync 1 DAGs
[2025-06-01T17:10:03.487+0000] {logging_mixin.py:154} INFO - [2025-06-01T17:10:03.487+0000] {dag.py:3722} INFO - Setting next_dagrun for example_trigger_target_dag to None, run_after=None
[2025-06-01T17:10:03.501+0000] {processor.py:179} INFO - Processing /home/airflow/.local/lib/python3.8/site-packages/airflow/example_dags/example_trigger_target_dag.py took 0.051 seconds
[2025-06-01T17:10:35.633+0000] {processor.py:157} INFO - Started process (PID=1295) to work on /home/airflow/.local/lib/python3.8/site-packages/airflow/example_dags/example_trigger_target_dag.py
[2025-06-01T17:10:35.635+0000] {processor.py:829} INFO - Processing file /home/airflow/.local/lib/python3.8/site-packages/airflow/example_dags/example_trigger_target_dag.py for tasks to queue
[2025-06-01T17:10:35.635+0000] {logging_mixin.py:154} INFO - [2025-06-01T17:10:35.635+0000] {dagbag.py:536} INFO - Filling up the DagBag from /home/airflow/.local/lib/python3.8/site-packages/airflow/example_dags/example_trigger_target_dag.py
[2025-06-01T17:10:35.640+0000] {processor.py:839} INFO - DAG(s) dict_keys(['example_trigger_target_dag']) retrieved from /home/airflow/.local/lib/python3.8/site-packages/airflow/example_dags/example_trigger_target_dag.py
[2025-06-01T17:10:35.659+0000] {logging_mixin.py:154} INFO - [2025-06-01T17:10:35.659+0000] {dag.py:2941} INFO - Sync 1 DAGs
[2025-06-01T17:10:35.670+0000] {logging_mixin.py:154} INFO - [2025-06-01T17:10:35.670+0000] {dag.py:3722} INFO - Setting next_dagrun for example_trigger_target_dag to None, run_after=None
[2025-06-01T17:10:35.683+0000] {processor.py:179} INFO - Processing /home/airflow/.local/lib/python3.8/site-packages/airflow/example_dags/example_trigger_target_dag.py took 0.053 seconds
[2025-06-01T17:11:09.662+0000] {processor.py:157} INFO - Started process (PID=1368) to work on /home/airflow/.local/lib/python3.8/site-packages/airflow/example_dags/example_trigger_target_dag.py
[2025-06-01T17:11:09.663+0000] {processor.py:829} INFO - Processing file /home/airflow/.local/lib/python3.8/site-packages/airflow/example_dags/example_trigger_target_dag.py for tasks to queue
[2025-06-01T17:11:09.664+0000] {logging_mixin.py:154} INFO - [2025-06-01T17:11:09.664+0000] {dagbag.py:536} INFO - Filling up the DagBag from /home/airflow/.local/lib/python3.8/site-packages/airflow/example_dags/example_trigger_target_dag.py
[2025-06-01T17:11:09.669+0000] {processor.py:839} INFO - DAG(s) dict_keys(['example_trigger_target_dag']) retrieved from /home/airflow/.local/lib/python3.8/site-packages/airflow/example_dags/example_trigger_target_dag.py
[2025-06-01T17:11:09.687+0000] {logging_mixin.py:154} INFO - [2025-06-01T17:11:09.687+0000] {dag.py:2941} INFO - Sync 1 DAGs
[2025-06-01T17:11:09.697+0000] {logging_mixin.py:154} INFO - [2025-06-01T17:11:09.696+0000] {dag.py:3722} INFO - Setting next_dagrun for example_trigger_target_dag to None, run_after=None
[2025-06-01T17:11:09.711+0000] {processor.py:179} INFO - Processing /home/airflow/.local/lib/python3.8/site-packages/airflow/example_dags/example_trigger_target_dag.py took 0.052 seconds
[2025-06-01T17:11:42.186+0000] {processor.py:157} INFO - Started process (PID=1443) to work on /home/airflow/.local/lib/python3.8/site-packages/airflow/example_dags/example_trigger_target_dag.py
[2025-06-01T17:11:42.188+0000] {processor.py:829} INFO - Processing file /home/airflow/.local/lib/python3.8/site-packages/airflow/example_dags/example_trigger_target_dag.py for tasks to queue
[2025-06-01T17:11:42.188+0000] {logging_mixin.py:154} INFO - [2025-06-01T17:11:42.188+0000] {dagbag.py:536} INFO - Filling up the DagBag from /home/airflow/.local/lib/python3.8/site-packages/airflow/example_dags/example_trigger_target_dag.py
[2025-06-01T17:11:42.193+0000] {processor.py:839} INFO - DAG(s) dict_keys(['example_trigger_target_dag']) retrieved from /home/airflow/.local/lib/python3.8/site-packages/airflow/example_dags/example_trigger_target_dag.py
[2025-06-01T17:11:42.211+0000] {logging_mixin.py:154} INFO - [2025-06-01T17:11:42.210+0000] {dag.py:2941} INFO - Sync 1 DAGs
[2025-06-01T17:11:42.220+0000] {logging_mixin.py:154} INFO - [2025-06-01T17:11:42.219+0000] {dag.py:3722} INFO - Setting next_dagrun for example_trigger_target_dag to None, run_after=None
[2025-06-01T17:11:42.234+0000] {processor.py:179} INFO - Processing /home/airflow/.local/lib/python3.8/site-packages/airflow/example_dags/example_trigger_target_dag.py took 0.050 seconds
[2025-06-01T17:12:16.229+0000] {processor.py:157} INFO - Started process (PID=1517) to work on /home/airflow/.local/lib/python3.8/site-packages/airflow/example_dags/example_trigger_target_dag.py
[2025-06-01T17:12:16.230+0000] {processor.py:829} INFO - Processing file /home/airflow/.local/lib/python3.8/site-packages/airflow/example_dags/example_trigger_target_dag.py for tasks to queue
[2025-06-01T17:12:16.230+0000] {logging_mixin.py:154} INFO - [2025-06-01T17:12:16.230+0000] {dagbag.py:536} INFO - Filling up the DagBag from /home/airflow/.local/lib/python3.8/site-packages/airflow/example_dags/example_trigger_target_dag.py
[2025-06-01T17:12:16.235+0000] {processor.py:839} INFO - DAG(s) dict_keys(['example_trigger_target_dag']) retrieved from /home/airflow/.local/lib/python3.8/site-packages/airflow/example_dags/example_trigger_target_dag.py
[2025-06-01T17:12:16.252+0000] {logging_mixin.py:154} INFO - [2025-06-01T17:12:16.252+0000] {dag.py:2941} INFO - Sync 1 DAGs
[2025-06-01T17:12:16.261+0000] {logging_mixin.py:154} INFO - [2025-06-01T17:12:16.261+0000] {dag.py:3722} INFO - Setting next_dagrun for example_trigger_target_dag to None, run_after=None
[2025-06-01T17:12:16.275+0000] {processor.py:179} INFO - Processing /home/airflow/.local/lib/python3.8/site-packages/airflow/example_dags/example_trigger_target_dag.py took 0.049 seconds
[2025-06-01T17:12:50.000+0000] {processor.py:157} INFO - Started process (PID=1605) to work on /home/airflow/.local/lib/python3.8/site-packages/airflow/example_dags/example_trigger_target_dag.py
[2025-06-01T17:12:50.002+0000] {processor.py:829} INFO - Processing file /home/airflow/.local/lib/python3.8/site-packages/airflow/example_dags/example_trigger_target_dag.py for tasks to queue
[2025-06-01T17:12:50.002+0000] {logging_mixin.py:154} INFO - [2025-06-01T17:12:50.002+0000] {dagbag.py:536} INFO - Filling up the DagBag from /home/airflow/.local/lib/python3.8/site-packages/airflow/example_dags/example_trigger_target_dag.py
[2025-06-01T17:12:50.010+0000] {processor.py:839} INFO - DAG(s) dict_keys(['example_trigger_target_dag']) retrieved from /home/airflow/.local/lib/python3.8/site-packages/airflow/example_dags/example_trigger_target_dag.py
[2025-06-01T17:12:50.031+0000] {logging_mixin.py:154} INFO - [2025-06-01T17:12:50.031+0000] {dag.py:2941} INFO - Sync 1 DAGs
[2025-06-01T17:12:50.046+0000] {logging_mixin.py:154} INFO - [2025-06-01T17:12:50.045+0000] {dag.py:3722} INFO - Setting next_dagrun for example_trigger_target_dag to None, run_after=None
[2025-06-01T17:12:50.065+0000] {processor.py:179} INFO - Processing /home/airflow/.local/lib/python3.8/site-packages/airflow/example_dags/example_trigger_target_dag.py took 0.068 seconds
[2025-06-01T17:13:22.209+0000] {processor.py:157} INFO - Started process (PID=1669) to work on /home/airflow/.local/lib/python3.8/site-packages/airflow/example_dags/example_trigger_target_dag.py
[2025-06-01T17:13:22.209+0000] {processor.py:829} INFO - Processing file /home/airflow/.local/lib/python3.8/site-packages/airflow/example_dags/example_trigger_target_dag.py for tasks to queue
[2025-06-01T17:13:22.210+0000] {logging_mixin.py:154} INFO - [2025-06-01T17:13:22.210+0000] {dagbag.py:536} INFO - Filling up the DagBag from /home/airflow/.local/lib/python3.8/site-packages/airflow/example_dags/example_trigger_target_dag.py
[2025-06-01T17:13:22.214+0000] {processor.py:839} INFO - DAG(s) dict_keys(['example_trigger_target_dag']) retrieved from /home/airflow/.local/lib/python3.8/site-packages/airflow/example_dags/example_trigger_target_dag.py
[2025-06-01T17:13:22.230+0000] {logging_mixin.py:154} INFO - [2025-06-01T17:13:22.230+0000] {dag.py:2941} INFO - Sync 1 DAGs
[2025-06-01T17:13:22.238+0000] {logging_mixin.py:154} INFO - [2025-06-01T17:13:22.238+0000] {dag.py:3722} INFO - Setting next_dagrun for example_trigger_target_dag to None, run_after=None
[2025-06-01T17:13:22.251+0000] {processor.py:179} INFO - Processing /home/airflow/.local/lib/python3.8/site-packages/airflow/example_dags/example_trigger_target_dag.py took 0.046 seconds
[2025-06-01T17:13:56.041+0000] {processor.py:157} INFO - Started process (PID=1741) to work on /home/airflow/.local/lib/python3.8/site-packages/airflow/example_dags/example_trigger_target_dag.py
[2025-06-01T17:13:56.042+0000] {processor.py:829} INFO - Processing file /home/airflow/.local/lib/python3.8/site-packages/airflow/example_dags/example_trigger_target_dag.py for tasks to queue
[2025-06-01T17:13:56.042+0000] {logging_mixin.py:154} INFO - [2025-06-01T17:13:56.042+0000] {dagbag.py:536} INFO - Filling up the DagBag from /home/airflow/.local/lib/python3.8/site-packages/airflow/example_dags/example_trigger_target_dag.py
[2025-06-01T17:13:56.046+0000] {processor.py:839} INFO - DAG(s) dict_keys(['example_trigger_target_dag']) retrieved from /home/airflow/.local/lib/python3.8/site-packages/airflow/example_dags/example_trigger_target_dag.py
[2025-06-01T17:13:56.061+0000] {logging_mixin.py:154} INFO - [2025-06-01T17:13:56.061+0000] {dag.py:2941} INFO - Sync 1 DAGs
[2025-06-01T17:13:56.069+0000] {logging_mixin.py:154} INFO - [2025-06-01T17:13:56.069+0000] {dag.py:3722} INFO - Setting next_dagrun for example_trigger_target_dag to None, run_after=None
[2025-06-01T17:13:56.081+0000] {processor.py:179} INFO - Processing /home/airflow/.local/lib/python3.8/site-packages/airflow/example_dags/example_trigger_target_dag.py took 0.043 seconds
[2025-06-01T17:14:30.788+0000] {processor.py:157} INFO - Started process (PID=1805) to work on /home/airflow/.local/lib/python3.8/site-packages/airflow/example_dags/example_trigger_target_dag.py
[2025-06-01T17:14:30.789+0000] {processor.py:829} INFO - Processing file /home/airflow/.local/lib/python3.8/site-packages/airflow/example_dags/example_trigger_target_dag.py for tasks to queue
[2025-06-01T17:14:30.790+0000] {logging_mixin.py:154} INFO - [2025-06-01T17:14:30.790+0000] {dagbag.py:536} INFO - Filling up the DagBag from /home/airflow/.local/lib/python3.8/site-packages/airflow/example_dags/example_trigger_target_dag.py
[2025-06-01T17:14:30.795+0000] {processor.py:839} INFO - DAG(s) dict_keys(['example_trigger_target_dag']) retrieved from /home/airflow/.local/lib/python3.8/site-packages/airflow/example_dags/example_trigger_target_dag.py
[2025-06-01T17:14:30.811+0000] {logging_mixin.py:154} INFO - [2025-06-01T17:14:30.811+0000] {dag.py:2941} INFO - Sync 1 DAGs
[2025-06-01T17:14:30.819+0000] {logging_mixin.py:154} INFO - [2025-06-01T17:14:30.819+0000] {dag.py:3722} INFO - Setting next_dagrun for example_trigger_target_dag to None, run_after=None
[2025-06-01T17:14:30.831+0000] {processor.py:179} INFO - Processing /home/airflow/.local/lib/python3.8/site-packages/airflow/example_dags/example_trigger_target_dag.py took 0.047 seconds
[2025-06-01T17:15:02.547+0000] {processor.py:157} INFO - Started process (PID=1877) to work on /home/airflow/.local/lib/python3.8/site-packages/airflow/example_dags/example_trigger_target_dag.py
[2025-06-01T17:15:02.548+0000] {processor.py:829} INFO - Processing file /home/airflow/.local/lib/python3.8/site-packages/airflow/example_dags/example_trigger_target_dag.py for tasks to queue
[2025-06-01T17:15:02.549+0000] {logging_mixin.py:154} INFO - [2025-06-01T17:15:02.549+0000] {dagbag.py:536} INFO - Filling up the DagBag from /home/airflow/.local/lib/python3.8/site-packages/airflow/example_dags/example_trigger_target_dag.py
[2025-06-01T17:15:02.554+0000] {processor.py:839} INFO - DAG(s) dict_keys(['example_trigger_target_dag']) retrieved from /home/airflow/.local/lib/python3.8/site-packages/airflow/example_dags/example_trigger_target_dag.py
[2025-06-01T17:15:02.570+0000] {logging_mixin.py:154} INFO - [2025-06-01T17:15:02.570+0000] {dag.py:2941} INFO - Sync 1 DAGs
[2025-06-01T17:15:02.579+0000] {logging_mixin.py:154} INFO - [2025-06-01T17:15:02.578+0000] {dag.py:3722} INFO - Setting next_dagrun for example_trigger_target_dag to None, run_after=None
[2025-06-01T17:15:02.712+0000] {processor.py:179} INFO - Processing /home/airflow/.local/lib/python3.8/site-packages/airflow/example_dags/example_trigger_target_dag.py took 0.168 seconds
[2025-06-01T17:15:35.716+0000] {processor.py:157} INFO - Started process (PID=1948) to work on /home/airflow/.local/lib/python3.8/site-packages/airflow/example_dags/example_trigger_target_dag.py
[2025-06-01T17:15:35.718+0000] {processor.py:829} INFO - Processing file /home/airflow/.local/lib/python3.8/site-packages/airflow/example_dags/example_trigger_target_dag.py for tasks to queue
[2025-06-01T17:15:35.718+0000] {logging_mixin.py:154} INFO - [2025-06-01T17:15:35.718+0000] {dagbag.py:536} INFO - Filling up the DagBag from /home/airflow/.local/lib/python3.8/site-packages/airflow/example_dags/example_trigger_target_dag.py
[2025-06-01T17:15:35.723+0000] {processor.py:839} INFO - DAG(s) dict_keys(['example_trigger_target_dag']) retrieved from /home/airflow/.local/lib/python3.8/site-packages/airflow/example_dags/example_trigger_target_dag.py
[2025-06-01T17:15:35.740+0000] {logging_mixin.py:154} INFO - [2025-06-01T17:15:35.740+0000] {dag.py:2941} INFO - Sync 1 DAGs
[2025-06-01T17:15:35.749+0000] {logging_mixin.py:154} INFO - [2025-06-01T17:15:35.749+0000] {dag.py:3722} INFO - Setting next_dagrun for example_trigger_target_dag to None, run_after=None
[2025-06-01T17:15:35.761+0000] {processor.py:179} INFO - Processing /home/airflow/.local/lib/python3.8/site-packages/airflow/example_dags/example_trigger_target_dag.py took 0.048 seconds
[2025-06-01T17:16:09.025+0000] {processor.py:157} INFO - Started process (PID=2013) to work on /home/airflow/.local/lib/python3.8/site-packages/airflow/example_dags/example_trigger_target_dag.py
[2025-06-01T17:16:09.026+0000] {processor.py:829} INFO - Processing file /home/airflow/.local/lib/python3.8/site-packages/airflow/example_dags/example_trigger_target_dag.py for tasks to queue
[2025-06-01T17:16:09.026+0000] {logging_mixin.py:154} INFO - [2025-06-01T17:16:09.026+0000] {dagbag.py:536} INFO - Filling up the DagBag from /home/airflow/.local/lib/python3.8/site-packages/airflow/example_dags/example_trigger_target_dag.py
[2025-06-01T17:16:09.030+0000] {processor.py:839} INFO - DAG(s) dict_keys(['example_trigger_target_dag']) retrieved from /home/airflow/.local/lib/python3.8/site-packages/airflow/example_dags/example_trigger_target_dag.py
[2025-06-01T17:16:09.045+0000] {logging_mixin.py:154} INFO - [2025-06-01T17:16:09.045+0000] {dag.py:2941} INFO - Sync 1 DAGs
[2025-06-01T17:16:09.053+0000] {logging_mixin.py:154} INFO - [2025-06-01T17:16:09.053+0000] {dag.py:3722} INFO - Setting next_dagrun for example_trigger_target_dag to None, run_after=None
[2025-06-01T17:16:09.065+0000] {processor.py:179} INFO - Processing /home/airflow/.local/lib/python3.8/site-packages/airflow/example_dags/example_trigger_target_dag.py took 0.043 seconds
[2025-06-01T17:16:42.822+0000] {processor.py:157} INFO - Started process (PID=2086) to work on /home/airflow/.local/lib/python3.8/site-packages/airflow/example_dags/example_trigger_target_dag.py
[2025-06-01T17:16:42.826+0000] {processor.py:829} INFO - Processing file /home/airflow/.local/lib/python3.8/site-packages/airflow/example_dags/example_trigger_target_dag.py for tasks to queue
[2025-06-01T17:16:42.826+0000] {logging_mixin.py:154} INFO - [2025-06-01T17:16:42.826+0000] {dagbag.py:536} INFO - Filling up the DagBag from /home/airflow/.local/lib/python3.8/site-packages/airflow/example_dags/example_trigger_target_dag.py
[2025-06-01T17:16:42.831+0000] {processor.py:839} INFO - DAG(s) dict_keys(['example_trigger_target_dag']) retrieved from /home/airflow/.local/lib/python3.8/site-packages/airflow/example_dags/example_trigger_target_dag.py
[2025-06-01T17:16:42.847+0000] {logging_mixin.py:154} INFO - [2025-06-01T17:16:42.847+0000] {dag.py:2941} INFO - Sync 1 DAGs
[2025-06-01T17:16:42.857+0000] {logging_mixin.py:154} INFO - [2025-06-01T17:16:42.857+0000] {dag.py:3722} INFO - Setting next_dagrun for example_trigger_target_dag to None, run_after=None
[2025-06-01T17:16:42.869+0000] {processor.py:179} INFO - Processing /home/airflow/.local/lib/python3.8/site-packages/airflow/example_dags/example_trigger_target_dag.py took 0.051 seconds
[2025-06-01T17:17:16.612+0000] {processor.py:157} INFO - Started process (PID=2150) to work on /home/airflow/.local/lib/python3.8/site-packages/airflow/example_dags/example_trigger_target_dag.py
[2025-06-01T17:17:16.613+0000] {processor.py:829} INFO - Processing file /home/airflow/.local/lib/python3.8/site-packages/airflow/example_dags/example_trigger_target_dag.py for tasks to queue
[2025-06-01T17:17:16.614+0000] {logging_mixin.py:154} INFO - [2025-06-01T17:17:16.613+0000] {dagbag.py:536} INFO - Filling up the DagBag from /home/airflow/.local/lib/python3.8/site-packages/airflow/example_dags/example_trigger_target_dag.py
[2025-06-01T17:17:16.618+0000] {processor.py:839} INFO - DAG(s) dict_keys(['example_trigger_target_dag']) retrieved from /home/airflow/.local/lib/python3.8/site-packages/airflow/example_dags/example_trigger_target_dag.py
[2025-06-01T17:17:16.742+0000] {logging_mixin.py:154} INFO - [2025-06-01T17:17:16.742+0000] {dag.py:2941} INFO - Sync 1 DAGs
[2025-06-01T17:17:16.750+0000] {logging_mixin.py:154} INFO - [2025-06-01T17:17:16.750+0000] {dag.py:3722} INFO - Setting next_dagrun for example_trigger_target_dag to None, run_after=None
[2025-06-01T17:17:16.762+0000] {processor.py:179} INFO - Processing /home/airflow/.local/lib/python3.8/site-packages/airflow/example_dags/example_trigger_target_dag.py took 0.153 seconds
[2025-06-01T17:17:48.011+0000] {processor.py:157} INFO - Started process (PID=2222) to work on /home/airflow/.local/lib/python3.8/site-packages/airflow/example_dags/example_trigger_target_dag.py
[2025-06-01T17:17:48.012+0000] {processor.py:829} INFO - Processing file /home/airflow/.local/lib/python3.8/site-packages/airflow/example_dags/example_trigger_target_dag.py for tasks to queue
[2025-06-01T17:17:48.013+0000] {logging_mixin.py:154} INFO - [2025-06-01T17:17:48.012+0000] {dagbag.py:536} INFO - Filling up the DagBag from /home/airflow/.local/lib/python3.8/site-packages/airflow/example_dags/example_trigger_target_dag.py
[2025-06-01T17:17:48.018+0000] {processor.py:839} INFO - DAG(s) dict_keys(['example_trigger_target_dag']) retrieved from /home/airflow/.local/lib/python3.8/site-packages/airflow/example_dags/example_trigger_target_dag.py
[2025-06-01T17:17:48.033+0000] {logging_mixin.py:154} INFO - [2025-06-01T17:17:48.033+0000] {dag.py:2941} INFO - Sync 1 DAGs
[2025-06-01T17:17:48.042+0000] {logging_mixin.py:154} INFO - [2025-06-01T17:17:48.041+0000] {dag.py:3722} INFO - Setting next_dagrun for example_trigger_target_dag to None, run_after=None
[2025-06-01T17:17:48.054+0000] {processor.py:179} INFO - Processing /home/airflow/.local/lib/python3.8/site-packages/airflow/example_dags/example_trigger_target_dag.py took 0.046 seconds
[2025-06-01T17:18:21.194+0000] {processor.py:157} INFO - Started process (PID=2286) to work on /home/airflow/.local/lib/python3.8/site-packages/airflow/example_dags/example_trigger_target_dag.py
[2025-06-01T17:18:21.195+0000] {processor.py:829} INFO - Processing file /home/airflow/.local/lib/python3.8/site-packages/airflow/example_dags/example_trigger_target_dag.py for tasks to queue
[2025-06-01T17:18:21.196+0000] {logging_mixin.py:154} INFO - [2025-06-01T17:18:21.195+0000] {dagbag.py:536} INFO - Filling up the DagBag from /home/airflow/.local/lib/python3.8/site-packages/airflow/example_dags/example_trigger_target_dag.py
[2025-06-01T17:18:21.201+0000] {processor.py:839} INFO - DAG(s) dict_keys(['example_trigger_target_dag']) retrieved from /home/airflow/.local/lib/python3.8/site-packages/airflow/example_dags/example_trigger_target_dag.py
[2025-06-01T17:18:21.217+0000] {logging_mixin.py:154} INFO - [2025-06-01T17:18:21.217+0000] {dag.py:2941} INFO - Sync 1 DAGs
[2025-06-01T17:18:21.227+0000] {logging_mixin.py:154} INFO - [2025-06-01T17:18:21.227+0000] {dag.py:3722} INFO - Setting next_dagrun for example_trigger_target_dag to None, run_after=None
[2025-06-01T17:18:21.240+0000] {processor.py:179} INFO - Processing /home/airflow/.local/lib/python3.8/site-packages/airflow/example_dags/example_trigger_target_dag.py took 0.049 seconds
[2025-06-01T17:18:54.620+0000] {processor.py:157} INFO - Started process (PID=2358) to work on /home/airflow/.local/lib/python3.8/site-packages/airflow/example_dags/example_trigger_target_dag.py
[2025-06-01T17:18:54.621+0000] {processor.py:829} INFO - Processing file /home/airflow/.local/lib/python3.8/site-packages/airflow/example_dags/example_trigger_target_dag.py for tasks to queue
[2025-06-01T17:18:54.622+0000] {logging_mixin.py:154} INFO - [2025-06-01T17:18:54.622+0000] {dagbag.py:536} INFO - Filling up the DagBag from /home/airflow/.local/lib/python3.8/site-packages/airflow/example_dags/example_trigger_target_dag.py
[2025-06-01T17:18:54.627+0000] {processor.py:839} INFO - DAG(s) dict_keys(['example_trigger_target_dag']) retrieved from /home/airflow/.local/lib/python3.8/site-packages/airflow/example_dags/example_trigger_target_dag.py
[2025-06-01T17:18:54.644+0000] {logging_mixin.py:154} INFO - [2025-06-01T17:18:54.644+0000] {dag.py:2941} INFO - Sync 1 DAGs
[2025-06-01T17:18:54.653+0000] {logging_mixin.py:154} INFO - [2025-06-01T17:18:54.653+0000] {dag.py:3722} INFO - Setting next_dagrun for example_trigger_target_dag to None, run_after=None
[2025-06-01T17:18:54.668+0000] {processor.py:179} INFO - Processing /home/airflow/.local/lib/python3.8/site-packages/airflow/example_dags/example_trigger_target_dag.py took 0.052 seconds
[2025-06-01T17:19:27.851+0000] {processor.py:157} INFO - Started process (PID=2430) to work on /home/airflow/.local/lib/python3.8/site-packages/airflow/example_dags/example_trigger_target_dag.py
[2025-06-01T17:19:27.852+0000] {processor.py:829} INFO - Processing file /home/airflow/.local/lib/python3.8/site-packages/airflow/example_dags/example_trigger_target_dag.py for tasks to queue
[2025-06-01T17:19:27.852+0000] {logging_mixin.py:154} INFO - [2025-06-01T17:19:27.852+0000] {dagbag.py:536} INFO - Filling up the DagBag from /home/airflow/.local/lib/python3.8/site-packages/airflow/example_dags/example_trigger_target_dag.py
[2025-06-01T17:19:27.857+0000] {processor.py:839} INFO - DAG(s) dict_keys(['example_trigger_target_dag']) retrieved from /home/airflow/.local/lib/python3.8/site-packages/airflow/example_dags/example_trigger_target_dag.py
[2025-06-01T17:19:27.876+0000] {logging_mixin.py:154} INFO - [2025-06-01T17:19:27.876+0000] {dag.py:2941} INFO - Sync 1 DAGs
[2025-06-01T17:19:27.885+0000] {logging_mixin.py:154} INFO - [2025-06-01T17:19:27.885+0000] {dag.py:3722} INFO - Setting next_dagrun for example_trigger_target_dag to None, run_after=None
[2025-06-01T17:19:27.898+0000] {processor.py:179} INFO - Processing /home/airflow/.local/lib/python3.8/site-packages/airflow/example_dags/example_trigger_target_dag.py took 0.051 seconds
[2025-06-01T17:20:01.124+0000] {processor.py:157} INFO - Started process (PID=2494) to work on /home/airflow/.local/lib/python3.8/site-packages/airflow/example_dags/example_trigger_target_dag.py
[2025-06-01T17:20:01.125+0000] {processor.py:829} INFO - Processing file /home/airflow/.local/lib/python3.8/site-packages/airflow/example_dags/example_trigger_target_dag.py for tasks to queue
[2025-06-01T17:20:01.126+0000] {logging_mixin.py:154} INFO - [2025-06-01T17:20:01.126+0000] {dagbag.py:536} INFO - Filling up the DagBag from /home/airflow/.local/lib/python3.8/site-packages/airflow/example_dags/example_trigger_target_dag.py
[2025-06-01T17:20:01.132+0000] {processor.py:839} INFO - DAG(s) dict_keys(['example_trigger_target_dag']) retrieved from /home/airflow/.local/lib/python3.8/site-packages/airflow/example_dags/example_trigger_target_dag.py
[2025-06-01T17:20:01.149+0000] {logging_mixin.py:154} INFO - [2025-06-01T17:20:01.148+0000] {dag.py:2941} INFO - Sync 1 DAGs
[2025-06-01T17:20:01.159+0000] {logging_mixin.py:154} INFO - [2025-06-01T17:20:01.159+0000] {dag.py:3722} INFO - Setting next_dagrun for example_trigger_target_dag to None, run_after=None
[2025-06-01T17:20:01.172+0000] {processor.py:179} INFO - Processing /home/airflow/.local/lib/python3.8/site-packages/airflow/example_dags/example_trigger_target_dag.py took 0.050 seconds
[2025-06-01T17:20:34.408+0000] {processor.py:157} INFO - Started process (PID=2566) to work on /home/airflow/.local/lib/python3.8/site-packages/airflow/example_dags/example_trigger_target_dag.py
[2025-06-01T17:20:34.409+0000] {processor.py:829} INFO - Processing file /home/airflow/.local/lib/python3.8/site-packages/airflow/example_dags/example_trigger_target_dag.py for tasks to queue
[2025-06-01T17:20:34.409+0000] {logging_mixin.py:154} INFO - [2025-06-01T17:20:34.409+0000] {dagbag.py:536} INFO - Filling up the DagBag from /home/airflow/.local/lib/python3.8/site-packages/airflow/example_dags/example_trigger_target_dag.py
[2025-06-01T17:20:34.414+0000] {processor.py:839} INFO - DAG(s) dict_keys(['example_trigger_target_dag']) retrieved from /home/airflow/.local/lib/python3.8/site-packages/airflow/example_dags/example_trigger_target_dag.py
[2025-06-01T17:20:34.430+0000] {logging_mixin.py:154} INFO - [2025-06-01T17:20:34.429+0000] {dag.py:2941} INFO - Sync 1 DAGs
[2025-06-01T17:20:34.437+0000] {logging_mixin.py:154} INFO - [2025-06-01T17:20:34.437+0000] {dag.py:3722} INFO - Setting next_dagrun for example_trigger_target_dag to None, run_after=None
[2025-06-01T17:20:34.450+0000] {processor.py:179} INFO - Processing /home/airflow/.local/lib/python3.8/site-packages/airflow/example_dags/example_trigger_target_dag.py took 0.045 seconds
[2025-06-01T17:21:07.706+0000] {processor.py:157} INFO - Started process (PID=2631) to work on /home/airflow/.local/lib/python3.8/site-packages/airflow/example_dags/example_trigger_target_dag.py
[2025-06-01T17:21:07.706+0000] {processor.py:829} INFO - Processing file /home/airflow/.local/lib/python3.8/site-packages/airflow/example_dags/example_trigger_target_dag.py for tasks to queue
[2025-06-01T17:21:07.707+0000] {logging_mixin.py:154} INFO - [2025-06-01T17:21:07.707+0000] {dagbag.py:536} INFO - Filling up the DagBag from /home/airflow/.local/lib/python3.8/site-packages/airflow/example_dags/example_trigger_target_dag.py
[2025-06-01T17:21:07.712+0000] {processor.py:839} INFO - DAG(s) dict_keys(['example_trigger_target_dag']) retrieved from /home/airflow/.local/lib/python3.8/site-packages/airflow/example_dags/example_trigger_target_dag.py
[2025-06-01T17:21:07.728+0000] {logging_mixin.py:154} INFO - [2025-06-01T17:21:07.728+0000] {dag.py:2941} INFO - Sync 1 DAGs
[2025-06-01T17:21:07.737+0000] {logging_mixin.py:154} INFO - [2025-06-01T17:21:07.737+0000] {dag.py:3722} INFO - Setting next_dagrun for example_trigger_target_dag to None, run_after=None
[2025-06-01T17:21:07.750+0000] {processor.py:179} INFO - Processing /home/airflow/.local/lib/python3.8/site-packages/airflow/example_dags/example_trigger_target_dag.py took 0.048 seconds
[2025-06-01T17:21:41.091+0000] {processor.py:157} INFO - Started process (PID=2703) to work on /home/airflow/.local/lib/python3.8/site-packages/airflow/example_dags/example_trigger_target_dag.py
[2025-06-01T17:21:41.092+0000] {processor.py:829} INFO - Processing file /home/airflow/.local/lib/python3.8/site-packages/airflow/example_dags/example_trigger_target_dag.py for tasks to queue
[2025-06-01T17:21:41.093+0000] {logging_mixin.py:154} INFO - [2025-06-01T17:21:41.093+0000] {dagbag.py:536} INFO - Filling up the DagBag from /home/airflow/.local/lib/python3.8/site-packages/airflow/example_dags/example_trigger_target_dag.py
[2025-06-01T17:21:41.098+0000] {processor.py:839} INFO - DAG(s) dict_keys(['example_trigger_target_dag']) retrieved from /home/airflow/.local/lib/python3.8/site-packages/airflow/example_dags/example_trigger_target_dag.py
[2025-06-01T17:21:41.115+0000] {logging_mixin.py:154} INFO - [2025-06-01T17:21:41.115+0000] {dag.py:2941} INFO - Sync 1 DAGs
[2025-06-01T17:21:41.124+0000] {logging_mixin.py:154} INFO - [2025-06-01T17:21:41.124+0000] {dag.py:3722} INFO - Setting next_dagrun for example_trigger_target_dag to None, run_after=None
[2025-06-01T17:21:41.137+0000] {processor.py:179} INFO - Processing /home/airflow/.local/lib/python3.8/site-packages/airflow/example_dags/example_trigger_target_dag.py took 0.049 seconds
[2025-06-01T17:22:14.580+0000] {processor.py:157} INFO - Started process (PID=2775) to work on /home/airflow/.local/lib/python3.8/site-packages/airflow/example_dags/example_trigger_target_dag.py
[2025-06-01T17:22:14.581+0000] {processor.py:829} INFO - Processing file /home/airflow/.local/lib/python3.8/site-packages/airflow/example_dags/example_trigger_target_dag.py for tasks to queue
[2025-06-01T17:22:14.581+0000] {logging_mixin.py:154} INFO - [2025-06-01T17:22:14.581+0000] {dagbag.py:536} INFO - Filling up the DagBag from /home/airflow/.local/lib/python3.8/site-packages/airflow/example_dags/example_trigger_target_dag.py
[2025-06-01T17:22:14.588+0000] {processor.py:839} INFO - DAG(s) dict_keys(['example_trigger_target_dag']) retrieved from /home/airflow/.local/lib/python3.8/site-packages/airflow/example_dags/example_trigger_target_dag.py
[2025-06-01T17:22:14.604+0000] {logging_mixin.py:154} INFO - [2025-06-01T17:22:14.604+0000] {dag.py:2941} INFO - Sync 1 DAGs
[2025-06-01T17:22:14.612+0000] {logging_mixin.py:154} INFO - [2025-06-01T17:22:14.612+0000] {dag.py:3722} INFO - Setting next_dagrun for example_trigger_target_dag to None, run_after=None
[2025-06-01T17:22:14.625+0000] {processor.py:179} INFO - Processing /home/airflow/.local/lib/python3.8/site-packages/airflow/example_dags/example_trigger_target_dag.py took 0.048 seconds
[2025-06-01T17:22:47.908+0000] {processor.py:157} INFO - Started process (PID=2839) to work on /home/airflow/.local/lib/python3.8/site-packages/airflow/example_dags/example_trigger_target_dag.py
[2025-06-01T17:22:47.909+0000] {processor.py:829} INFO - Processing file /home/airflow/.local/lib/python3.8/site-packages/airflow/example_dags/example_trigger_target_dag.py for tasks to queue
[2025-06-01T17:22:47.910+0000] {logging_mixin.py:154} INFO - [2025-06-01T17:22:47.910+0000] {dagbag.py:536} INFO - Filling up the DagBag from /home/airflow/.local/lib/python3.8/site-packages/airflow/example_dags/example_trigger_target_dag.py
[2025-06-01T17:22:47.915+0000] {processor.py:839} INFO - DAG(s) dict_keys(['example_trigger_target_dag']) retrieved from /home/airflow/.local/lib/python3.8/site-packages/airflow/example_dags/example_trigger_target_dag.py
[2025-06-01T17:22:47.929+0000] {logging_mixin.py:154} INFO - [2025-06-01T17:22:47.929+0000] {dag.py:2941} INFO - Sync 1 DAGs
[2025-06-01T17:22:47.938+0000] {logging_mixin.py:154} INFO - [2025-06-01T17:22:47.938+0000] {dag.py:3722} INFO - Setting next_dagrun for example_trigger_target_dag to None, run_after=None
[2025-06-01T17:22:47.950+0000] {processor.py:179} INFO - Processing /home/airflow/.local/lib/python3.8/site-packages/airflow/example_dags/example_trigger_target_dag.py took 0.045 seconds
[2025-06-01T17:23:21.237+0000] {processor.py:157} INFO - Started process (PID=2911) to work on /home/airflow/.local/lib/python3.8/site-packages/airflow/example_dags/example_trigger_target_dag.py
[2025-06-01T17:23:21.238+0000] {processor.py:829} INFO - Processing file /home/airflow/.local/lib/python3.8/site-packages/airflow/example_dags/example_trigger_target_dag.py for tasks to queue
[2025-06-01T17:23:21.238+0000] {logging_mixin.py:154} INFO - [2025-06-01T17:23:21.238+0000] {dagbag.py:536} INFO - Filling up the DagBag from /home/airflow/.local/lib/python3.8/site-packages/airflow/example_dags/example_trigger_target_dag.py
[2025-06-01T17:23:21.244+0000] {processor.py:839} INFO - DAG(s) dict_keys(['example_trigger_target_dag']) retrieved from /home/airflow/.local/lib/python3.8/site-packages/airflow/example_dags/example_trigger_target_dag.py
[2025-06-01T17:23:21.259+0000] {logging_mixin.py:154} INFO - [2025-06-01T17:23:21.259+0000] {dag.py:2941} INFO - Sync 1 DAGs
[2025-06-01T17:23:21.267+0000] {logging_mixin.py:154} INFO - [2025-06-01T17:23:21.267+0000] {dag.py:3722} INFO - Setting next_dagrun for example_trigger_target_dag to None, run_after=None
[2025-06-01T17:23:21.280+0000] {processor.py:179} INFO - Processing /home/airflow/.local/lib/python3.8/site-packages/airflow/example_dags/example_trigger_target_dag.py took 0.047 seconds
[2025-06-01T17:23:54.521+0000] {processor.py:157} INFO - Started process (PID=2975) to work on /home/airflow/.local/lib/python3.8/site-packages/airflow/example_dags/example_trigger_target_dag.py
[2025-06-01T17:23:54.522+0000] {processor.py:829} INFO - Processing file /home/airflow/.local/lib/python3.8/site-packages/airflow/example_dags/example_trigger_target_dag.py for tasks to queue
[2025-06-01T17:23:54.523+0000] {logging_mixin.py:154} INFO - [2025-06-01T17:23:54.522+0000] {dagbag.py:536} INFO - Filling up the DagBag from /home/airflow/.local/lib/python3.8/site-packages/airflow/example_dags/example_trigger_target_dag.py
[2025-06-01T17:23:54.527+0000] {processor.py:839} INFO - DAG(s) dict_keys(['example_trigger_target_dag']) retrieved from /home/airflow/.local/lib/python3.8/site-packages/airflow/example_dags/example_trigger_target_dag.py
[2025-06-01T17:23:54.543+0000] {logging_mixin.py:154} INFO - [2025-06-01T17:23:54.543+0000] {dag.py:2941} INFO - Sync 1 DAGs
[2025-06-01T17:23:54.551+0000] {logging_mixin.py:154} INFO - [2025-06-01T17:23:54.551+0000] {dag.py:3722} INFO - Setting next_dagrun for example_trigger_target_dag to None, run_after=None
[2025-06-01T17:23:54.562+0000] {processor.py:179} INFO - Processing /home/airflow/.local/lib/python3.8/site-packages/airflow/example_dags/example_trigger_target_dag.py took 0.044 seconds
[2025-06-01T17:24:28.002+0000] {processor.py:157} INFO - Started process (PID=3047) to work on /home/airflow/.local/lib/python3.8/site-packages/airflow/example_dags/example_trigger_target_dag.py
[2025-06-01T17:24:28.004+0000] {processor.py:829} INFO - Processing file /home/airflow/.local/lib/python3.8/site-packages/airflow/example_dags/example_trigger_target_dag.py for tasks to queue
[2025-06-01T17:24:28.004+0000] {logging_mixin.py:154} INFO - [2025-06-01T17:24:28.004+0000] {dagbag.py:536} INFO - Filling up the DagBag from /home/airflow/.local/lib/python3.8/site-packages/airflow/example_dags/example_trigger_target_dag.py
[2025-06-01T17:24:28.009+0000] {processor.py:839} INFO - DAG(s) dict_keys(['example_trigger_target_dag']) retrieved from /home/airflow/.local/lib/python3.8/site-packages/airflow/example_dags/example_trigger_target_dag.py
[2025-06-01T17:24:28.026+0000] {logging_mixin.py:154} INFO - [2025-06-01T17:24:28.025+0000] {dag.py:2941} INFO - Sync 1 DAGs
[2025-06-01T17:24:28.034+0000] {logging_mixin.py:154} INFO - [2025-06-01T17:24:28.034+0000] {dag.py:3722} INFO - Setting next_dagrun for example_trigger_target_dag to None, run_after=None
[2025-06-01T17:24:28.046+0000] {processor.py:179} INFO - Processing /home/airflow/.local/lib/python3.8/site-packages/airflow/example_dags/example_trigger_target_dag.py took 0.047 seconds
[2025-06-01T17:25:00.441+0000] {processor.py:157} INFO - Started process (PID=3119) to work on /home/airflow/.local/lib/python3.8/site-packages/airflow/example_dags/example_trigger_target_dag.py
[2025-06-01T17:25:00.442+0000] {processor.py:829} INFO - Processing file /home/airflow/.local/lib/python3.8/site-packages/airflow/example_dags/example_trigger_target_dag.py for tasks to queue
[2025-06-01T17:25:00.442+0000] {logging_mixin.py:154} INFO - [2025-06-01T17:25:00.442+0000] {dagbag.py:536} INFO - Filling up the DagBag from /home/airflow/.local/lib/python3.8/site-packages/airflow/example_dags/example_trigger_target_dag.py
[2025-06-01T17:25:00.447+0000] {processor.py:839} INFO - DAG(s) dict_keys(['example_trigger_target_dag']) retrieved from /home/airflow/.local/lib/python3.8/site-packages/airflow/example_dags/example_trigger_target_dag.py
[2025-06-01T17:25:00.463+0000] {logging_mixin.py:154} INFO - [2025-06-01T17:25:00.462+0000] {dag.py:2941} INFO - Sync 1 DAGs
[2025-06-01T17:25:00.471+0000] {logging_mixin.py:154} INFO - [2025-06-01T17:25:00.471+0000] {dag.py:3722} INFO - Setting next_dagrun for example_trigger_target_dag to None, run_after=None
[2025-06-01T17:25:00.484+0000] {processor.py:179} INFO - Processing /home/airflow/.local/lib/python3.8/site-packages/airflow/example_dags/example_trigger_target_dag.py took 0.046 seconds
[2025-06-01T17:25:33.724+0000] {processor.py:157} INFO - Started process (PID=3183) to work on /home/airflow/.local/lib/python3.8/site-packages/airflow/example_dags/example_trigger_target_dag.py
[2025-06-01T17:25:33.726+0000] {processor.py:829} INFO - Processing file /home/airflow/.local/lib/python3.8/site-packages/airflow/example_dags/example_trigger_target_dag.py for tasks to queue
[2025-06-01T17:25:33.726+0000] {logging_mixin.py:154} INFO - [2025-06-01T17:25:33.726+0000] {dagbag.py:536} INFO - Filling up the DagBag from /home/airflow/.local/lib/python3.8/site-packages/airflow/example_dags/example_trigger_target_dag.py
[2025-06-01T17:25:33.731+0000] {processor.py:839} INFO - DAG(s) dict_keys(['example_trigger_target_dag']) retrieved from /home/airflow/.local/lib/python3.8/site-packages/airflow/example_dags/example_trigger_target_dag.py
[2025-06-01T17:25:33.750+0000] {logging_mixin.py:154} INFO - [2025-06-01T17:25:33.749+0000] {dag.py:2941} INFO - Sync 1 DAGs
[2025-06-01T17:25:33.759+0000] {logging_mixin.py:154} INFO - [2025-06-01T17:25:33.759+0000] {dag.py:3722} INFO - Setting next_dagrun for example_trigger_target_dag to None, run_after=None
[2025-06-01T17:25:33.777+0000] {processor.py:179} INFO - Processing /home/airflow/.local/lib/python3.8/site-packages/airflow/example_dags/example_trigger_target_dag.py took 0.055 seconds
[2025-06-01T17:26:07.006+0000] {processor.py:157} INFO - Started process (PID=3255) to work on /home/airflow/.local/lib/python3.8/site-packages/airflow/example_dags/example_trigger_target_dag.py
[2025-06-01T17:26:07.007+0000] {processor.py:829} INFO - Processing file /home/airflow/.local/lib/python3.8/site-packages/airflow/example_dags/example_trigger_target_dag.py for tasks to queue
[2025-06-01T17:26:07.008+0000] {logging_mixin.py:154} INFO - [2025-06-01T17:26:07.008+0000] {dagbag.py:536} INFO - Filling up the DagBag from /home/airflow/.local/lib/python3.8/site-packages/airflow/example_dags/example_trigger_target_dag.py
[2025-06-01T17:26:07.014+0000] {processor.py:839} INFO - DAG(s) dict_keys(['example_trigger_target_dag']) retrieved from /home/airflow/.local/lib/python3.8/site-packages/airflow/example_dags/example_trigger_target_dag.py
[2025-06-01T17:26:07.034+0000] {logging_mixin.py:154} INFO - [2025-06-01T17:26:07.034+0000] {dag.py:2941} INFO - Sync 1 DAGs
[2025-06-01T17:26:07.047+0000] {logging_mixin.py:154} INFO - [2025-06-01T17:26:07.047+0000] {dag.py:3722} INFO - Setting next_dagrun for example_trigger_target_dag to None, run_after=None
[2025-06-01T17:26:07.061+0000] {processor.py:179} INFO - Processing /home/airflow/.local/lib/python3.8/site-packages/airflow/example_dags/example_trigger_target_dag.py took 0.059 seconds
[2025-06-01T17:26:40.488+0000] {processor.py:157} INFO - Started process (PID=3319) to work on /home/airflow/.local/lib/python3.8/site-packages/airflow/example_dags/example_trigger_target_dag.py
[2025-06-01T17:26:40.489+0000] {processor.py:829} INFO - Processing file /home/airflow/.local/lib/python3.8/site-packages/airflow/example_dags/example_trigger_target_dag.py for tasks to queue
[2025-06-01T17:26:40.489+0000] {logging_mixin.py:154} INFO - [2025-06-01T17:26:40.489+0000] {dagbag.py:536} INFO - Filling up the DagBag from /home/airflow/.local/lib/python3.8/site-packages/airflow/example_dags/example_trigger_target_dag.py
[2025-06-01T17:26:40.495+0000] {processor.py:839} INFO - DAG(s) dict_keys(['example_trigger_target_dag']) retrieved from /home/airflow/.local/lib/python3.8/site-packages/airflow/example_dags/example_trigger_target_dag.py
[2025-06-01T17:26:40.511+0000] {logging_mixin.py:154} INFO - [2025-06-01T17:26:40.511+0000] {dag.py:2941} INFO - Sync 1 DAGs
[2025-06-01T17:26:40.519+0000] {logging_mixin.py:154} INFO - [2025-06-01T17:26:40.519+0000] {dag.py:3722} INFO - Setting next_dagrun for example_trigger_target_dag to None, run_after=None
[2025-06-01T17:26:40.530+0000] {processor.py:179} INFO - Processing /home/airflow/.local/lib/python3.8/site-packages/airflow/example_dags/example_trigger_target_dag.py took 0.045 seconds
[2025-06-01T17:27:13.917+0000] {processor.py:157} INFO - Started process (PID=3391) to work on /home/airflow/.local/lib/python3.8/site-packages/airflow/example_dags/example_trigger_target_dag.py
[2025-06-01T17:27:13.918+0000] {processor.py:829} INFO - Processing file /home/airflow/.local/lib/python3.8/site-packages/airflow/example_dags/example_trigger_target_dag.py for tasks to queue
[2025-06-01T17:27:13.918+0000] {logging_mixin.py:154} INFO - [2025-06-01T17:27:13.918+0000] {dagbag.py:536} INFO - Filling up the DagBag from /home/airflow/.local/lib/python3.8/site-packages/airflow/example_dags/example_trigger_target_dag.py
[2025-06-01T17:27:13.923+0000] {processor.py:839} INFO - DAG(s) dict_keys(['example_trigger_target_dag']) retrieved from /home/airflow/.local/lib/python3.8/site-packages/airflow/example_dags/example_trigger_target_dag.py
[2025-06-01T17:27:13.940+0000] {logging_mixin.py:154} INFO - [2025-06-01T17:27:13.940+0000] {dag.py:2941} INFO - Sync 1 DAGs
[2025-06-01T17:27:13.948+0000] {logging_mixin.py:154} INFO - [2025-06-01T17:27:13.948+0000] {dag.py:3722} INFO - Setting next_dagrun for example_trigger_target_dag to None, run_after=None
[2025-06-01T17:27:13.961+0000] {processor.py:179} INFO - Processing /home/airflow/.local/lib/python3.8/site-packages/airflow/example_dags/example_trigger_target_dag.py took 0.047 seconds
[2025-06-01T17:27:47.208+0000] {processor.py:157} INFO - Started process (PID=3455) to work on /home/airflow/.local/lib/python3.8/site-packages/airflow/example_dags/example_trigger_target_dag.py
[2025-06-01T17:27:47.210+0000] {processor.py:829} INFO - Processing file /home/airflow/.local/lib/python3.8/site-packages/airflow/example_dags/example_trigger_target_dag.py for tasks to queue
[2025-06-01T17:27:47.210+0000] {logging_mixin.py:154} INFO - [2025-06-01T17:27:47.210+0000] {dagbag.py:536} INFO - Filling up the DagBag from /home/airflow/.local/lib/python3.8/site-packages/airflow/example_dags/example_trigger_target_dag.py
[2025-06-01T17:27:47.216+0000] {processor.py:839} INFO - DAG(s) dict_keys(['example_trigger_target_dag']) retrieved from /home/airflow/.local/lib/python3.8/site-packages/airflow/example_dags/example_trigger_target_dag.py
[2025-06-01T17:27:47.233+0000] {logging_mixin.py:154} INFO - [2025-06-01T17:27:47.232+0000] {dag.py:2941} INFO - Sync 1 DAGs
[2025-06-01T17:27:47.241+0000] {logging_mixin.py:154} INFO - [2025-06-01T17:27:47.241+0000] {dag.py:3722} INFO - Setting next_dagrun for example_trigger_target_dag to None, run_after=None
[2025-06-01T17:27:47.254+0000] {processor.py:179} INFO - Processing /home/airflow/.local/lib/python3.8/site-packages/airflow/example_dags/example_trigger_target_dag.py took 0.049 seconds
[2025-06-01T17:28:20.602+0000] {processor.py:157} INFO - Started process (PID=3527) to work on /home/airflow/.local/lib/python3.8/site-packages/airflow/example_dags/example_trigger_target_dag.py
[2025-06-01T17:28:20.605+0000] {processor.py:829} INFO - Processing file /home/airflow/.local/lib/python3.8/site-packages/airflow/example_dags/example_trigger_target_dag.py for tasks to queue
[2025-06-01T17:28:20.605+0000] {logging_mixin.py:154} INFO - [2025-06-01T17:28:20.605+0000] {dagbag.py:536} INFO - Filling up the DagBag from /home/airflow/.local/lib/python3.8/site-packages/airflow/example_dags/example_trigger_target_dag.py
[2025-06-01T17:28:20.611+0000] {processor.py:839} INFO - DAG(s) dict_keys(['example_trigger_target_dag']) retrieved from /home/airflow/.local/lib/python3.8/site-packages/airflow/example_dags/example_trigger_target_dag.py
[2025-06-01T17:28:20.628+0000] {logging_mixin.py:154} INFO - [2025-06-01T17:28:20.628+0000] {dag.py:2941} INFO - Sync 1 DAGs
[2025-06-01T17:28:20.636+0000] {logging_mixin.py:154} INFO - [2025-06-01T17:28:20.636+0000] {dag.py:3722} INFO - Setting next_dagrun for example_trigger_target_dag to None, run_after=None
[2025-06-01T17:28:20.648+0000] {processor.py:179} INFO - Processing /home/airflow/.local/lib/python3.8/site-packages/airflow/example_dags/example_trigger_target_dag.py took 0.050 seconds
[2025-06-01T17:28:53.170+0000] {processor.py:157} INFO - Started process (PID=3599) to work on /home/airflow/.local/lib/python3.8/site-packages/airflow/example_dags/example_trigger_target_dag.py
[2025-06-01T17:28:53.171+0000] {processor.py:829} INFO - Processing file /home/airflow/.local/lib/python3.8/site-packages/airflow/example_dags/example_trigger_target_dag.py for tasks to queue
[2025-06-01T17:28:53.171+0000] {logging_mixin.py:154} INFO - [2025-06-01T17:28:53.171+0000] {dagbag.py:536} INFO - Filling up the DagBag from /home/airflow/.local/lib/python3.8/site-packages/airflow/example_dags/example_trigger_target_dag.py
[2025-06-01T17:28:53.176+0000] {processor.py:839} INFO - DAG(s) dict_keys(['example_trigger_target_dag']) retrieved from /home/airflow/.local/lib/python3.8/site-packages/airflow/example_dags/example_trigger_target_dag.py
[2025-06-01T17:28:53.192+0000] {logging_mixin.py:154} INFO - [2025-06-01T17:28:53.192+0000] {dag.py:2941} INFO - Sync 1 DAGs
[2025-06-01T17:28:53.200+0000] {logging_mixin.py:154} INFO - [2025-06-01T17:28:53.200+0000] {dag.py:3722} INFO - Setting next_dagrun for example_trigger_target_dag to None, run_after=None
[2025-06-01T17:28:53.213+0000] {processor.py:179} INFO - Processing /home/airflow/.local/lib/python3.8/site-packages/airflow/example_dags/example_trigger_target_dag.py took 0.047 seconds
