[2025-06-01T16:52:00.328+0000] {processor.py:157} INFO - Started process (PID=89) to work on /home/airflow/.local/lib/python3.8/site-packages/airflow/example_dags/example_setup_teardown_taskflow.py
[2025-06-01T16:52:00.329+0000] {processor.py:829} INFO - Processing file /home/airflow/.local/lib/python3.8/site-packages/airflow/example_dags/example_setup_teardown_taskflow.py for tasks to queue
[2025-06-01T16:52:00.330+0000] {logging_mixin.py:154} INFO - [2025-06-01T16:52:00.330+0000] {dagbag.py:536} INFO - Filling up the DagBag from /home/airflow/.local/lib/python3.8/site-packages/airflow/example_dags/example_setup_teardown_taskflow.py
[2025-06-01T16:52:00.338+0000] {processor.py:839} INFO - DAG(s) dict_keys(['example_setup_teardown_taskflow']) retrieved from /home/airflow/.local/lib/python3.8/site-packages/airflow/example_dags/example_setup_teardown_taskflow.py
[2025-06-01T16:52:00.348+0000] {logging_mixin.py:154} INFO - [2025-06-01T16:52:00.348+0000] {dag.py:2941} INFO - Sync 1 DAGs
[2025-06-01T16:52:00.370+0000] {logging_mixin.py:154} INFO - [2025-06-01T16:52:00.370+0000] {dag.py:3722} INFO - Setting next_dagrun for example_setup_teardown_taskflow to 2025-05-31T16:52:00.370070+00:00, run_after=2025-06-01T16:52:00.370070+00:00
[2025-06-01T16:52:00.385+0000] {processor.py:179} INFO - Processing /home/airflow/.local/lib/python3.8/site-packages/airflow/example_dags/example_setup_teardown_taskflow.py took 0.060 seconds
[2025-06-01T16:52:30.622+0000] {processor.py:157} INFO - Started process (PID=150) to work on /home/airflow/.local/lib/python3.8/site-packages/airflow/example_dags/example_setup_teardown_taskflow.py
[2025-06-01T16:52:30.623+0000] {processor.py:829} INFO - Processing file /home/airflow/.local/lib/python3.8/site-packages/airflow/example_dags/example_setup_teardown_taskflow.py for tasks to queue
[2025-06-01T16:52:30.625+0000] {logging_mixin.py:154} INFO - [2025-06-01T16:52:30.625+0000] {dagbag.py:536} INFO - Filling up the DagBag from /home/airflow/.local/lib/python3.8/site-packages/airflow/example_dags/example_setup_teardown_taskflow.py
[2025-06-01T16:52:30.632+0000] {processor.py:839} INFO - DAG(s) dict_keys(['example_setup_teardown_taskflow']) retrieved from /home/airflow/.local/lib/python3.8/site-packages/airflow/example_dags/example_setup_teardown_taskflow.py
[2025-06-01T16:52:30.650+0000] {logging_mixin.py:154} INFO - [2025-06-01T16:52:30.649+0000] {dag.py:2941} INFO - Sync 1 DAGs
[2025-06-01T16:52:30.665+0000] {logging_mixin.py:154} INFO - [2025-06-01T16:52:30.665+0000] {dag.py:3722} INFO - Setting next_dagrun for example_setup_teardown_taskflow to 2025-05-31T16:52:30.665119+00:00, run_after=2025-06-01T16:52:30.665119+00:00
[2025-06-01T16:52:30.678+0000] {processor.py:179} INFO - Processing /home/airflow/.local/lib/python3.8/site-packages/airflow/example_dags/example_setup_teardown_taskflow.py took 0.059 seconds
[2025-06-01T16:53:00.992+0000] {processor.py:157} INFO - Started process (PID=234) to work on /home/airflow/.local/lib/python3.8/site-packages/airflow/example_dags/example_setup_teardown_taskflow.py
[2025-06-01T16:53:00.993+0000] {processor.py:829} INFO - Processing file /home/airflow/.local/lib/python3.8/site-packages/airflow/example_dags/example_setup_teardown_taskflow.py for tasks to queue
[2025-06-01T16:53:00.994+0000] {logging_mixin.py:154} INFO - [2025-06-01T16:53:00.994+0000] {dagbag.py:536} INFO - Filling up the DagBag from /home/airflow/.local/lib/python3.8/site-packages/airflow/example_dags/example_setup_teardown_taskflow.py
[2025-06-01T16:53:01.001+0000] {processor.py:839} INFO - DAG(s) dict_keys(['example_setup_teardown_taskflow']) retrieved from /home/airflow/.local/lib/python3.8/site-packages/airflow/example_dags/example_setup_teardown_taskflow.py
[2025-06-01T16:53:01.018+0000] {logging_mixin.py:154} INFO - [2025-06-01T16:53:01.018+0000] {dag.py:2941} INFO - Sync 1 DAGs
[2025-06-01T16:53:01.033+0000] {logging_mixin.py:154} INFO - [2025-06-01T16:53:01.032+0000] {dag.py:3722} INFO - Setting next_dagrun for example_setup_teardown_taskflow to 2025-05-31T16:53:01.032759+00:00, run_after=2025-06-01T16:53:01.032759+00:00
[2025-06-01T16:53:01.048+0000] {processor.py:179} INFO - Processing /home/airflow/.local/lib/python3.8/site-packages/airflow/example_dags/example_setup_teardown_taskflow.py took 0.060 seconds
[2025-06-01T16:53:31.130+0000] {processor.py:157} INFO - Started process (PID=302) to work on /home/airflow/.local/lib/python3.8/site-packages/airflow/example_dags/example_setup_teardown_taskflow.py
[2025-06-01T16:53:31.131+0000] {processor.py:829} INFO - Processing file /home/airflow/.local/lib/python3.8/site-packages/airflow/example_dags/example_setup_teardown_taskflow.py for tasks to queue
[2025-06-01T16:53:31.133+0000] {logging_mixin.py:154} INFO - [2025-06-01T16:53:31.132+0000] {dagbag.py:536} INFO - Filling up the DagBag from /home/airflow/.local/lib/python3.8/site-packages/airflow/example_dags/example_setup_teardown_taskflow.py
[2025-06-01T16:53:31.140+0000] {processor.py:839} INFO - DAG(s) dict_keys(['example_setup_teardown_taskflow']) retrieved from /home/airflow/.local/lib/python3.8/site-packages/airflow/example_dags/example_setup_teardown_taskflow.py
[2025-06-01T16:53:31.156+0000] {logging_mixin.py:154} INFO - [2025-06-01T16:53:31.156+0000] {dag.py:2941} INFO - Sync 1 DAGs
[2025-06-01T16:53:31.170+0000] {logging_mixin.py:154} INFO - [2025-06-01T16:53:31.170+0000] {dag.py:3722} INFO - Setting next_dagrun for example_setup_teardown_taskflow to 2025-05-31T16:53:31.170207+00:00, run_after=2025-06-01T16:53:31.170207+00:00
[2025-06-01T16:53:31.182+0000] {processor.py:179} INFO - Processing /home/airflow/.local/lib/python3.8/site-packages/airflow/example_dags/example_setup_teardown_taskflow.py took 0.055 seconds
[2025-06-01T16:54:01.751+0000] {processor.py:157} INFO - Started process (PID=363) to work on /home/airflow/.local/lib/python3.8/site-packages/airflow/example_dags/example_setup_teardown_taskflow.py
[2025-06-01T16:54:01.752+0000] {processor.py:829} INFO - Processing file /home/airflow/.local/lib/python3.8/site-packages/airflow/example_dags/example_setup_teardown_taskflow.py for tasks to queue
[2025-06-01T16:54:01.753+0000] {logging_mixin.py:154} INFO - [2025-06-01T16:54:01.753+0000] {dagbag.py:536} INFO - Filling up the DagBag from /home/airflow/.local/lib/python3.8/site-packages/airflow/example_dags/example_setup_teardown_taskflow.py
[2025-06-01T16:54:01.761+0000] {processor.py:839} INFO - DAG(s) dict_keys(['example_setup_teardown_taskflow']) retrieved from /home/airflow/.local/lib/python3.8/site-packages/airflow/example_dags/example_setup_teardown_taskflow.py
[2025-06-01T16:54:01.777+0000] {logging_mixin.py:154} INFO - [2025-06-01T16:54:01.777+0000] {dag.py:2941} INFO - Sync 1 DAGs
[2025-06-01T16:54:01.795+0000] {logging_mixin.py:154} INFO - [2025-06-01T16:54:01.795+0000] {dag.py:3722} INFO - Setting next_dagrun for example_setup_teardown_taskflow to 2025-05-31T16:54:01.794864+00:00, run_after=2025-06-01T16:54:01.794864+00:00
[2025-06-01T16:54:01.810+0000] {processor.py:179} INFO - Processing /home/airflow/.local/lib/python3.8/site-packages/airflow/example_dags/example_setup_teardown_taskflow.py took 0.063 seconds
[2025-06-01T16:54:32.442+0000] {processor.py:157} INFO - Started process (PID=431) to work on /home/airflow/.local/lib/python3.8/site-packages/airflow/example_dags/example_setup_teardown_taskflow.py
[2025-06-01T16:54:32.443+0000] {processor.py:829} INFO - Processing file /home/airflow/.local/lib/python3.8/site-packages/airflow/example_dags/example_setup_teardown_taskflow.py for tasks to queue
[2025-06-01T16:54:32.445+0000] {logging_mixin.py:154} INFO - [2025-06-01T16:54:32.445+0000] {dagbag.py:536} INFO - Filling up the DagBag from /home/airflow/.local/lib/python3.8/site-packages/airflow/example_dags/example_setup_teardown_taskflow.py
[2025-06-01T16:54:32.451+0000] {processor.py:839} INFO - DAG(s) dict_keys(['example_setup_teardown_taskflow']) retrieved from /home/airflow/.local/lib/python3.8/site-packages/airflow/example_dags/example_setup_teardown_taskflow.py
[2025-06-01T16:54:32.467+0000] {logging_mixin.py:154} INFO - [2025-06-01T16:54:32.467+0000] {dag.py:2941} INFO - Sync 1 DAGs
[2025-06-01T16:54:32.483+0000] {logging_mixin.py:154} INFO - [2025-06-01T16:54:32.483+0000] {dag.py:3722} INFO - Setting next_dagrun for example_setup_teardown_taskflow to 2025-05-31T16:54:32.482964+00:00, run_after=2025-06-01T16:54:32.482964+00:00
[2025-06-01T16:54:32.495+0000] {processor.py:179} INFO - Processing /home/airflow/.local/lib/python3.8/site-packages/airflow/example_dags/example_setup_teardown_taskflow.py took 0.056 seconds
[2025-06-01T16:55:05.521+0000] {processor.py:157} INFO - Started process (PID=499) to work on /home/airflow/.local/lib/python3.8/site-packages/airflow/example_dags/example_setup_teardown_taskflow.py
[2025-06-01T16:55:05.522+0000] {processor.py:829} INFO - Processing file /home/airflow/.local/lib/python3.8/site-packages/airflow/example_dags/example_setup_teardown_taskflow.py for tasks to queue
[2025-06-01T16:55:05.524+0000] {logging_mixin.py:154} INFO - [2025-06-01T16:55:05.524+0000] {dagbag.py:536} INFO - Filling up the DagBag from /home/airflow/.local/lib/python3.8/site-packages/airflow/example_dags/example_setup_teardown_taskflow.py
[2025-06-01T16:55:05.530+0000] {processor.py:839} INFO - DAG(s) dict_keys(['example_setup_teardown_taskflow']) retrieved from /home/airflow/.local/lib/python3.8/site-packages/airflow/example_dags/example_setup_teardown_taskflow.py
[2025-06-01T16:55:05.546+0000] {logging_mixin.py:154} INFO - [2025-06-01T16:55:05.546+0000] {dag.py:2941} INFO - Sync 1 DAGs
[2025-06-01T16:55:05.560+0000] {logging_mixin.py:154} INFO - [2025-06-01T16:55:05.560+0000] {dag.py:3722} INFO - Setting next_dagrun for example_setup_teardown_taskflow to 2025-05-31T16:55:05.560252+00:00, run_after=2025-06-01T16:55:05.560252+00:00
[2025-06-01T16:55:05.572+0000] {processor.py:179} INFO - Processing /home/airflow/.local/lib/python3.8/site-packages/airflow/example_dags/example_setup_teardown_taskflow.py took 0.053 seconds
[2025-06-01T16:55:38.565+0000] {processor.py:157} INFO - Started process (PID=567) to work on /home/airflow/.local/lib/python3.8/site-packages/airflow/example_dags/example_setup_teardown_taskflow.py
[2025-06-01T16:55:38.566+0000] {processor.py:829} INFO - Processing file /home/airflow/.local/lib/python3.8/site-packages/airflow/example_dags/example_setup_teardown_taskflow.py for tasks to queue
[2025-06-01T16:55:38.568+0000] {logging_mixin.py:154} INFO - [2025-06-01T16:55:38.568+0000] {dagbag.py:536} INFO - Filling up the DagBag from /home/airflow/.local/lib/python3.8/site-packages/airflow/example_dags/example_setup_teardown_taskflow.py
[2025-06-01T16:55:38.576+0000] {processor.py:839} INFO - DAG(s) dict_keys(['example_setup_teardown_taskflow']) retrieved from /home/airflow/.local/lib/python3.8/site-packages/airflow/example_dags/example_setup_teardown_taskflow.py
[2025-06-01T16:55:38.593+0000] {logging_mixin.py:154} INFO - [2025-06-01T16:55:38.593+0000] {dag.py:2941} INFO - Sync 1 DAGs
[2025-06-01T16:55:38.607+0000] {logging_mixin.py:154} INFO - [2025-06-01T16:55:38.607+0000] {dag.py:3722} INFO - Setting next_dagrun for example_setup_teardown_taskflow to 2025-05-31T16:55:38.607210+00:00, run_after=2025-06-01T16:55:38.607210+00:00
[2025-06-01T16:55:38.623+0000] {processor.py:179} INFO - Processing /home/airflow/.local/lib/python3.8/site-packages/airflow/example_dags/example_setup_teardown_taskflow.py took 0.060 seconds
[2025-06-01T16:56:11.911+0000] {processor.py:157} INFO - Started process (PID=635) to work on /home/airflow/.local/lib/python3.8/site-packages/airflow/example_dags/example_setup_teardown_taskflow.py
[2025-06-01T16:56:11.912+0000] {processor.py:829} INFO - Processing file /home/airflow/.local/lib/python3.8/site-packages/airflow/example_dags/example_setup_teardown_taskflow.py for tasks to queue
[2025-06-01T16:56:11.914+0000] {logging_mixin.py:154} INFO - [2025-06-01T16:56:11.914+0000] {dagbag.py:536} INFO - Filling up the DagBag from /home/airflow/.local/lib/python3.8/site-packages/airflow/example_dags/example_setup_teardown_taskflow.py
[2025-06-01T16:56:11.920+0000] {processor.py:839} INFO - DAG(s) dict_keys(['example_setup_teardown_taskflow']) retrieved from /home/airflow/.local/lib/python3.8/site-packages/airflow/example_dags/example_setup_teardown_taskflow.py
[2025-06-01T16:56:11.938+0000] {logging_mixin.py:154} INFO - [2025-06-01T16:56:11.938+0000] {dag.py:2941} INFO - Sync 1 DAGs
[2025-06-01T16:56:11.953+0000] {logging_mixin.py:154} INFO - [2025-06-01T16:56:11.952+0000] {dag.py:3722} INFO - Setting next_dagrun for example_setup_teardown_taskflow to 2025-05-31T16:56:11.952772+00:00, run_after=2025-06-01T16:56:11.952772+00:00
[2025-06-01T16:56:11.965+0000] {processor.py:179} INFO - Processing /home/airflow/.local/lib/python3.8/site-packages/airflow/example_dags/example_setup_teardown_taskflow.py took 0.057 seconds
[2025-06-01T16:56:45.456+0000] {processor.py:157} INFO - Started process (PID=703) to work on /home/airflow/.local/lib/python3.8/site-packages/airflow/example_dags/example_setup_teardown_taskflow.py
[2025-06-01T16:56:45.457+0000] {processor.py:829} INFO - Processing file /home/airflow/.local/lib/python3.8/site-packages/airflow/example_dags/example_setup_teardown_taskflow.py for tasks to queue
[2025-06-01T16:56:45.459+0000] {logging_mixin.py:154} INFO - [2025-06-01T16:56:45.459+0000] {dagbag.py:536} INFO - Filling up the DagBag from /home/airflow/.local/lib/python3.8/site-packages/airflow/example_dags/example_setup_teardown_taskflow.py
[2025-06-01T16:56:45.466+0000] {processor.py:839} INFO - DAG(s) dict_keys(['example_setup_teardown_taskflow']) retrieved from /home/airflow/.local/lib/python3.8/site-packages/airflow/example_dags/example_setup_teardown_taskflow.py
[2025-06-01T16:56:45.481+0000] {logging_mixin.py:154} INFO - [2025-06-01T16:56:45.481+0000] {dag.py:2941} INFO - Sync 1 DAGs
[2025-06-01T16:56:45.496+0000] {logging_mixin.py:154} INFO - [2025-06-01T16:56:45.496+0000] {dag.py:3722} INFO - Setting next_dagrun for example_setup_teardown_taskflow to 2025-05-31T16:56:45.496343+00:00, run_after=2025-06-01T16:56:45.496343+00:00
[2025-06-01T16:56:45.508+0000] {processor.py:179} INFO - Processing /home/airflow/.local/lib/python3.8/site-packages/airflow/example_dags/example_setup_teardown_taskflow.py took 0.054 seconds
[2025-06-01T16:57:18.536+0000] {processor.py:157} INFO - Started process (PID=771) to work on /home/airflow/.local/lib/python3.8/site-packages/airflow/example_dags/example_setup_teardown_taskflow.py
[2025-06-01T16:57:18.536+0000] {processor.py:829} INFO - Processing file /home/airflow/.local/lib/python3.8/site-packages/airflow/example_dags/example_setup_teardown_taskflow.py for tasks to queue
[2025-06-01T16:57:18.538+0000] {logging_mixin.py:154} INFO - [2025-06-01T16:57:18.538+0000] {dagbag.py:536} INFO - Filling up the DagBag from /home/airflow/.local/lib/python3.8/site-packages/airflow/example_dags/example_setup_teardown_taskflow.py
[2025-06-01T16:57:18.545+0000] {processor.py:839} INFO - DAG(s) dict_keys(['example_setup_teardown_taskflow']) retrieved from /home/airflow/.local/lib/python3.8/site-packages/airflow/example_dags/example_setup_teardown_taskflow.py
[2025-06-01T16:57:18.562+0000] {logging_mixin.py:154} INFO - [2025-06-01T16:57:18.562+0000] {dag.py:2941} INFO - Sync 1 DAGs
[2025-06-01T16:57:18.576+0000] {logging_mixin.py:154} INFO - [2025-06-01T16:57:18.576+0000] {dag.py:3722} INFO - Setting next_dagrun for example_setup_teardown_taskflow to 2025-05-31T16:57:18.576433+00:00, run_after=2025-06-01T16:57:18.576433+00:00
[2025-06-01T16:57:18.590+0000] {processor.py:179} INFO - Processing /home/airflow/.local/lib/python3.8/site-packages/airflow/example_dags/example_setup_teardown_taskflow.py took 0.057 seconds
[2025-06-01T16:57:51.821+0000] {processor.py:157} INFO - Started process (PID=839) to work on /home/airflow/.local/lib/python3.8/site-packages/airflow/example_dags/example_setup_teardown_taskflow.py
[2025-06-01T16:57:51.822+0000] {processor.py:829} INFO - Processing file /home/airflow/.local/lib/python3.8/site-packages/airflow/example_dags/example_setup_teardown_taskflow.py for tasks to queue
[2025-06-01T16:57:51.824+0000] {logging_mixin.py:154} INFO - [2025-06-01T16:57:51.823+0000] {dagbag.py:536} INFO - Filling up the DagBag from /home/airflow/.local/lib/python3.8/site-packages/airflow/example_dags/example_setup_teardown_taskflow.py
[2025-06-01T16:57:51.830+0000] {processor.py:839} INFO - DAG(s) dict_keys(['example_setup_teardown_taskflow']) retrieved from /home/airflow/.local/lib/python3.8/site-packages/airflow/example_dags/example_setup_teardown_taskflow.py
[2025-06-01T16:57:51.845+0000] {logging_mixin.py:154} INFO - [2025-06-01T16:57:51.845+0000] {dag.py:2941} INFO - Sync 1 DAGs
[2025-06-01T16:57:51.860+0000] {logging_mixin.py:154} INFO - [2025-06-01T16:57:51.860+0000] {dag.py:3722} INFO - Setting next_dagrun for example_setup_teardown_taskflow to 2025-05-31T16:57:51.859986+00:00, run_after=2025-06-01T16:57:51.859986+00:00
[2025-06-01T16:57:51.873+0000] {processor.py:179} INFO - Processing /home/airflow/.local/lib/python3.8/site-packages/airflow/example_dags/example_setup_teardown_taskflow.py took 0.054 seconds
[2025-06-01T16:58:24.934+0000] {processor.py:157} INFO - Started process (PID=908) to work on /home/airflow/.local/lib/python3.8/site-packages/airflow/example_dags/example_setup_teardown_taskflow.py
[2025-06-01T16:58:24.935+0000] {processor.py:829} INFO - Processing file /home/airflow/.local/lib/python3.8/site-packages/airflow/example_dags/example_setup_teardown_taskflow.py for tasks to queue
[2025-06-01T16:58:24.937+0000] {logging_mixin.py:154} INFO - [2025-06-01T16:58:24.937+0000] {dagbag.py:536} INFO - Filling up the DagBag from /home/airflow/.local/lib/python3.8/site-packages/airflow/example_dags/example_setup_teardown_taskflow.py
[2025-06-01T16:58:24.945+0000] {processor.py:839} INFO - DAG(s) dict_keys(['example_setup_teardown_taskflow']) retrieved from /home/airflow/.local/lib/python3.8/site-packages/airflow/example_dags/example_setup_teardown_taskflow.py
[2025-06-01T16:58:24.961+0000] {logging_mixin.py:154} INFO - [2025-06-01T16:58:24.961+0000] {dag.py:2941} INFO - Sync 1 DAGs
[2025-06-01T16:58:24.975+0000] {logging_mixin.py:154} INFO - [2025-06-01T16:58:24.975+0000] {dag.py:3722} INFO - Setting next_dagrun for example_setup_teardown_taskflow to 2025-05-31T16:58:24.975396+00:00, run_after=2025-06-01T16:58:24.975396+00:00
[2025-06-01T16:58:24.988+0000] {processor.py:179} INFO - Processing /home/airflow/.local/lib/python3.8/site-packages/airflow/example_dags/example_setup_teardown_taskflow.py took 0.056 seconds
[2025-06-01T16:58:58.203+0000] {processor.py:157} INFO - Started process (PID=976) to work on /home/airflow/.local/lib/python3.8/site-packages/airflow/example_dags/example_setup_teardown_taskflow.py
[2025-06-01T16:58:58.204+0000] {processor.py:829} INFO - Processing file /home/airflow/.local/lib/python3.8/site-packages/airflow/example_dags/example_setup_teardown_taskflow.py for tasks to queue
[2025-06-01T16:58:58.205+0000] {logging_mixin.py:154} INFO - [2025-06-01T16:58:58.205+0000] {dagbag.py:536} INFO - Filling up the DagBag from /home/airflow/.local/lib/python3.8/site-packages/airflow/example_dags/example_setup_teardown_taskflow.py
[2025-06-01T16:58:58.214+0000] {processor.py:839} INFO - DAG(s) dict_keys(['example_setup_teardown_taskflow']) retrieved from /home/airflow/.local/lib/python3.8/site-packages/airflow/example_dags/example_setup_teardown_taskflow.py
[2025-06-01T16:58:58.233+0000] {logging_mixin.py:154} INFO - [2025-06-01T16:58:58.233+0000] {dag.py:2941} INFO - Sync 1 DAGs
[2025-06-01T16:58:58.249+0000] {logging_mixin.py:154} INFO - [2025-06-01T16:58:58.249+0000] {dag.py:3722} INFO - Setting next_dagrun for example_setup_teardown_taskflow to 2025-05-31T16:58:58.249300+00:00, run_after=2025-06-01T16:58:58.249300+00:00
[2025-06-01T16:58:58.264+0000] {processor.py:179} INFO - Processing /home/airflow/.local/lib/python3.8/site-packages/airflow/example_dags/example_setup_teardown_taskflow.py took 0.064 seconds
[2025-06-01T16:59:31.890+0000] {processor.py:157} INFO - Started process (PID=1044) to work on /home/airflow/.local/lib/python3.8/site-packages/airflow/example_dags/example_setup_teardown_taskflow.py
[2025-06-01T16:59:31.891+0000] {processor.py:829} INFO - Processing file /home/airflow/.local/lib/python3.8/site-packages/airflow/example_dags/example_setup_teardown_taskflow.py for tasks to queue
[2025-06-01T16:59:31.893+0000] {logging_mixin.py:154} INFO - [2025-06-01T16:59:31.893+0000] {dagbag.py:536} INFO - Filling up the DagBag from /home/airflow/.local/lib/python3.8/site-packages/airflow/example_dags/example_setup_teardown_taskflow.py
[2025-06-01T16:59:31.900+0000] {processor.py:839} INFO - DAG(s) dict_keys(['example_setup_teardown_taskflow']) retrieved from /home/airflow/.local/lib/python3.8/site-packages/airflow/example_dags/example_setup_teardown_taskflow.py
[2025-06-01T16:59:31.917+0000] {logging_mixin.py:154} INFO - [2025-06-01T16:59:31.917+0000] {dag.py:2941} INFO - Sync 1 DAGs
[2025-06-01T16:59:31.933+0000] {logging_mixin.py:154} INFO - [2025-06-01T16:59:31.933+0000] {dag.py:3722} INFO - Setting next_dagrun for example_setup_teardown_taskflow to 2025-05-31T16:59:31.933320+00:00, run_after=2025-06-01T16:59:31.933320+00:00
[2025-06-01T16:59:31.946+0000] {processor.py:179} INFO - Processing /home/airflow/.local/lib/python3.8/site-packages/airflow/example_dags/example_setup_teardown_taskflow.py took 0.059 seconds
[2025-06-01T17:00:39.165+0000] {processor.py:157} INFO - Started process (PID=85) to work on /home/airflow/.local/lib/python3.8/site-packages/airflow/example_dags/example_setup_teardown_taskflow.py
[2025-06-01T17:00:39.167+0000] {processor.py:829} INFO - Processing file /home/airflow/.local/lib/python3.8/site-packages/airflow/example_dags/example_setup_teardown_taskflow.py for tasks to queue
[2025-06-01T17:00:39.169+0000] {logging_mixin.py:154} INFO - [2025-06-01T17:00:39.169+0000] {dagbag.py:536} INFO - Filling up the DagBag from /home/airflow/.local/lib/python3.8/site-packages/airflow/example_dags/example_setup_teardown_taskflow.py
[2025-06-01T17:00:39.181+0000] {processor.py:839} INFO - DAG(s) dict_keys(['example_setup_teardown_taskflow']) retrieved from /home/airflow/.local/lib/python3.8/site-packages/airflow/example_dags/example_setup_teardown_taskflow.py
[2025-06-01T17:00:39.195+0000] {logging_mixin.py:154} INFO - [2025-06-01T17:00:39.195+0000] {dag.py:2941} INFO - Sync 1 DAGs
[2025-06-01T17:00:39.220+0000] {logging_mixin.py:154} INFO - [2025-06-01T17:00:39.220+0000] {dag.py:3722} INFO - Setting next_dagrun for example_setup_teardown_taskflow to 2025-05-31T17:00:39.220294+00:00, run_after=2025-06-01T17:00:39.220294+00:00
[2025-06-01T17:00:39.240+0000] {processor.py:179} INFO - Processing /home/airflow/.local/lib/python3.8/site-packages/airflow/example_dags/example_setup_teardown_taskflow.py took 0.079 seconds
[2025-06-01T17:01:11.434+0000] {processor.py:157} INFO - Started process (PID=148) to work on /home/airflow/.local/lib/python3.8/site-packages/airflow/example_dags/example_setup_teardown_taskflow.py
[2025-06-01T17:01:11.435+0000] {processor.py:829} INFO - Processing file /home/airflow/.local/lib/python3.8/site-packages/airflow/example_dags/example_setup_teardown_taskflow.py for tasks to queue
[2025-06-01T17:01:11.437+0000] {logging_mixin.py:154} INFO - [2025-06-01T17:01:11.437+0000] {dagbag.py:536} INFO - Filling up the DagBag from /home/airflow/.local/lib/python3.8/site-packages/airflow/example_dags/example_setup_teardown_taskflow.py
[2025-06-01T17:01:11.443+0000] {processor.py:839} INFO - DAG(s) dict_keys(['example_setup_teardown_taskflow']) retrieved from /home/airflow/.local/lib/python3.8/site-packages/airflow/example_dags/example_setup_teardown_taskflow.py
[2025-06-01T17:01:11.460+0000] {logging_mixin.py:154} INFO - [2025-06-01T17:01:11.460+0000] {dag.py:2941} INFO - Sync 1 DAGs
[2025-06-01T17:01:11.475+0000] {logging_mixin.py:154} INFO - [2025-06-01T17:01:11.475+0000] {dag.py:3722} INFO - Setting next_dagrun for example_setup_teardown_taskflow to 2025-05-31T17:01:11.475480+00:00, run_after=2025-06-01T17:01:11.475480+00:00
[2025-06-01T17:01:11.490+0000] {processor.py:179} INFO - Processing /home/airflow/.local/lib/python3.8/site-packages/airflow/example_dags/example_setup_teardown_taskflow.py took 0.059 seconds
[2025-06-01T17:01:44.933+0000] {processor.py:157} INFO - Started process (PID=219) to work on /home/airflow/.local/lib/python3.8/site-packages/airflow/example_dags/example_setup_teardown_taskflow.py
[2025-06-01T17:01:44.934+0000] {processor.py:829} INFO - Processing file /home/airflow/.local/lib/python3.8/site-packages/airflow/example_dags/example_setup_teardown_taskflow.py for tasks to queue
[2025-06-01T17:01:44.936+0000] {logging_mixin.py:154} INFO - [2025-06-01T17:01:44.936+0000] {dagbag.py:536} INFO - Filling up the DagBag from /home/airflow/.local/lib/python3.8/site-packages/airflow/example_dags/example_setup_teardown_taskflow.py
[2025-06-01T17:01:44.949+0000] {processor.py:839} INFO - DAG(s) dict_keys(['example_setup_teardown_taskflow']) retrieved from /home/airflow/.local/lib/python3.8/site-packages/airflow/example_dags/example_setup_teardown_taskflow.py
[2025-06-01T17:01:44.967+0000] {logging_mixin.py:154} INFO - [2025-06-01T17:01:44.966+0000] {dag.py:2941} INFO - Sync 1 DAGs
[2025-06-01T17:01:44.982+0000] {logging_mixin.py:154} INFO - [2025-06-01T17:01:44.982+0000] {dag.py:3722} INFO - Setting next_dagrun for example_setup_teardown_taskflow to 2025-05-31T17:01:44.982291+00:00, run_after=2025-06-01T17:01:44.982291+00:00
[2025-06-01T17:01:44.995+0000] {processor.py:179} INFO - Processing /home/airflow/.local/lib/python3.8/site-packages/airflow/example_dags/example_setup_teardown_taskflow.py took 0.065 seconds
[2025-06-01T17:02:17.379+0000] {processor.py:157} INFO - Started process (PID=282) to work on /home/airflow/.local/lib/python3.8/site-packages/airflow/example_dags/example_setup_teardown_taskflow.py
[2025-06-01T17:02:17.380+0000] {processor.py:829} INFO - Processing file /home/airflow/.local/lib/python3.8/site-packages/airflow/example_dags/example_setup_teardown_taskflow.py for tasks to queue
[2025-06-01T17:02:17.382+0000] {logging_mixin.py:154} INFO - [2025-06-01T17:02:17.381+0000] {dagbag.py:536} INFO - Filling up the DagBag from /home/airflow/.local/lib/python3.8/site-packages/airflow/example_dags/example_setup_teardown_taskflow.py
[2025-06-01T17:02:17.389+0000] {processor.py:839} INFO - DAG(s) dict_keys(['example_setup_teardown_taskflow']) retrieved from /home/airflow/.local/lib/python3.8/site-packages/airflow/example_dags/example_setup_teardown_taskflow.py
[2025-06-01T17:02:17.408+0000] {logging_mixin.py:154} INFO - [2025-06-01T17:02:17.407+0000] {dag.py:2941} INFO - Sync 1 DAGs
[2025-06-01T17:02:17.424+0000] {logging_mixin.py:154} INFO - [2025-06-01T17:02:17.424+0000] {dag.py:3722} INFO - Setting next_dagrun for example_setup_teardown_taskflow to 2025-05-31T17:02:17.423874+00:00, run_after=2025-06-01T17:02:17.423874+00:00
[2025-06-01T17:02:17.438+0000] {processor.py:179} INFO - Processing /home/airflow/.local/lib/python3.8/site-packages/airflow/example_dags/example_setup_teardown_taskflow.py took 0.062 seconds
[2025-06-01T17:02:50.857+0000] {processor.py:157} INFO - Started process (PID=353) to work on /home/airflow/.local/lib/python3.8/site-packages/airflow/example_dags/example_setup_teardown_taskflow.py
[2025-06-01T17:02:50.858+0000] {processor.py:829} INFO - Processing file /home/airflow/.local/lib/python3.8/site-packages/airflow/example_dags/example_setup_teardown_taskflow.py for tasks to queue
[2025-06-01T17:02:50.859+0000] {logging_mixin.py:154} INFO - [2025-06-01T17:02:50.859+0000] {dagbag.py:536} INFO - Filling up the DagBag from /home/airflow/.local/lib/python3.8/site-packages/airflow/example_dags/example_setup_teardown_taskflow.py
[2025-06-01T17:02:50.866+0000] {processor.py:839} INFO - DAG(s) dict_keys(['example_setup_teardown_taskflow']) retrieved from /home/airflow/.local/lib/python3.8/site-packages/airflow/example_dags/example_setup_teardown_taskflow.py
[2025-06-01T17:02:50.883+0000] {logging_mixin.py:154} INFO - [2025-06-01T17:02:50.883+0000] {dag.py:2941} INFO - Sync 1 DAGs
[2025-06-01T17:02:50.897+0000] {logging_mixin.py:154} INFO - [2025-06-01T17:02:50.897+0000] {dag.py:3722} INFO - Setting next_dagrun for example_setup_teardown_taskflow to 2025-05-31T17:02:50.897480+00:00, run_after=2025-06-01T17:02:50.897480+00:00
[2025-06-01T17:02:50.911+0000] {processor.py:179} INFO - Processing /home/airflow/.local/lib/python3.8/site-packages/airflow/example_dags/example_setup_teardown_taskflow.py took 0.057 seconds
[2025-06-01T17:03:24.384+0000] {processor.py:157} INFO - Started process (PID=416) to work on /home/airflow/.local/lib/python3.8/site-packages/airflow/example_dags/example_setup_teardown_taskflow.py
[2025-06-01T17:03:24.385+0000] {processor.py:829} INFO - Processing file /home/airflow/.local/lib/python3.8/site-packages/airflow/example_dags/example_setup_teardown_taskflow.py for tasks to queue
[2025-06-01T17:03:24.387+0000] {logging_mixin.py:154} INFO - [2025-06-01T17:03:24.387+0000] {dagbag.py:536} INFO - Filling up the DagBag from /home/airflow/.local/lib/python3.8/site-packages/airflow/example_dags/example_setup_teardown_taskflow.py
[2025-06-01T17:03:24.393+0000] {processor.py:839} INFO - DAG(s) dict_keys(['example_setup_teardown_taskflow']) retrieved from /home/airflow/.local/lib/python3.8/site-packages/airflow/example_dags/example_setup_teardown_taskflow.py
[2025-06-01T17:03:24.411+0000] {logging_mixin.py:154} INFO - [2025-06-01T17:03:24.411+0000] {dag.py:2941} INFO - Sync 1 DAGs
[2025-06-01T17:03:24.427+0000] {logging_mixin.py:154} INFO - [2025-06-01T17:03:24.427+0000] {dag.py:3722} INFO - Setting next_dagrun for example_setup_teardown_taskflow to 2025-05-31T17:03:24.427314+00:00, run_after=2025-06-01T17:03:24.427314+00:00
[2025-06-01T17:03:24.440+0000] {processor.py:179} INFO - Processing /home/airflow/.local/lib/python3.8/site-packages/airflow/example_dags/example_setup_teardown_taskflow.py took 0.059 seconds
[2025-06-01T17:03:58.002+0000] {processor.py:157} INFO - Started process (PID=487) to work on /home/airflow/.local/lib/python3.8/site-packages/airflow/example_dags/example_setup_teardown_taskflow.py
[2025-06-01T17:03:58.003+0000] {processor.py:829} INFO - Processing file /home/airflow/.local/lib/python3.8/site-packages/airflow/example_dags/example_setup_teardown_taskflow.py for tasks to queue
[2025-06-01T17:03:58.005+0000] {logging_mixin.py:154} INFO - [2025-06-01T17:03:58.005+0000] {dagbag.py:536} INFO - Filling up the DagBag from /home/airflow/.local/lib/python3.8/site-packages/airflow/example_dags/example_setup_teardown_taskflow.py
[2025-06-01T17:03:58.013+0000] {processor.py:839} INFO - DAG(s) dict_keys(['example_setup_teardown_taskflow']) retrieved from /home/airflow/.local/lib/python3.8/site-packages/airflow/example_dags/example_setup_teardown_taskflow.py
[2025-06-01T17:03:58.032+0000] {logging_mixin.py:154} INFO - [2025-06-01T17:03:58.032+0000] {dag.py:2941} INFO - Sync 1 DAGs
[2025-06-01T17:03:58.049+0000] {logging_mixin.py:154} INFO - [2025-06-01T17:03:58.049+0000] {dag.py:3722} INFO - Setting next_dagrun for example_setup_teardown_taskflow to 2025-05-31T17:03:58.049411+00:00, run_after=2025-06-01T17:03:58.049411+00:00
[2025-06-01T17:03:58.064+0000] {processor.py:179} INFO - Processing /home/airflow/.local/lib/python3.8/site-packages/airflow/example_dags/example_setup_teardown_taskflow.py took 0.065 seconds
[2025-06-01T17:04:30.590+0000] {processor.py:157} INFO - Started process (PID=550) to work on /home/airflow/.local/lib/python3.8/site-packages/airflow/example_dags/example_setup_teardown_taskflow.py
[2025-06-01T17:04:30.591+0000] {processor.py:829} INFO - Processing file /home/airflow/.local/lib/python3.8/site-packages/airflow/example_dags/example_setup_teardown_taskflow.py for tasks to queue
[2025-06-01T17:04:30.593+0000] {logging_mixin.py:154} INFO - [2025-06-01T17:04:30.592+0000] {dagbag.py:536} INFO - Filling up the DagBag from /home/airflow/.local/lib/python3.8/site-packages/airflow/example_dags/example_setup_teardown_taskflow.py
[2025-06-01T17:04:30.599+0000] {processor.py:839} INFO - DAG(s) dict_keys(['example_setup_teardown_taskflow']) retrieved from /home/airflow/.local/lib/python3.8/site-packages/airflow/example_dags/example_setup_teardown_taskflow.py
[2025-06-01T17:04:30.617+0000] {logging_mixin.py:154} INFO - [2025-06-01T17:04:30.617+0000] {dag.py:2941} INFO - Sync 1 DAGs
[2025-06-01T17:04:30.632+0000] {logging_mixin.py:154} INFO - [2025-06-01T17:04:30.632+0000] {dag.py:3722} INFO - Setting next_dagrun for example_setup_teardown_taskflow to 2025-05-31T17:04:30.632340+00:00, run_after=2025-06-01T17:04:30.632340+00:00
[2025-06-01T17:04:30.647+0000] {processor.py:179} INFO - Processing /home/airflow/.local/lib/python3.8/site-packages/airflow/example_dags/example_setup_teardown_taskflow.py took 0.060 seconds
[2025-06-01T17:05:03.896+0000] {processor.py:157} INFO - Started process (PID=621) to work on /home/airflow/.local/lib/python3.8/site-packages/airflow/example_dags/example_setup_teardown_taskflow.py
[2025-06-01T17:05:03.897+0000] {processor.py:829} INFO - Processing file /home/airflow/.local/lib/python3.8/site-packages/airflow/example_dags/example_setup_teardown_taskflow.py for tasks to queue
[2025-06-01T17:05:03.899+0000] {logging_mixin.py:154} INFO - [2025-06-01T17:05:03.899+0000] {dagbag.py:536} INFO - Filling up the DagBag from /home/airflow/.local/lib/python3.8/site-packages/airflow/example_dags/example_setup_teardown_taskflow.py
[2025-06-01T17:05:03.907+0000] {processor.py:839} INFO - DAG(s) dict_keys(['example_setup_teardown_taskflow']) retrieved from /home/airflow/.local/lib/python3.8/site-packages/airflow/example_dags/example_setup_teardown_taskflow.py
[2025-06-01T17:05:03.924+0000] {logging_mixin.py:154} INFO - [2025-06-01T17:05:03.923+0000] {dag.py:2941} INFO - Sync 1 DAGs
[2025-06-01T17:05:03.938+0000] {logging_mixin.py:154} INFO - [2025-06-01T17:05:03.938+0000] {dag.py:3722} INFO - Setting next_dagrun for example_setup_teardown_taskflow to 2025-05-31T17:05:03.937809+00:00, run_after=2025-06-01T17:05:03.937809+00:00
[2025-06-01T17:05:03.950+0000] {processor.py:179} INFO - Processing /home/airflow/.local/lib/python3.8/site-packages/airflow/example_dags/example_setup_teardown_taskflow.py took 0.057 seconds
[2025-06-01T17:05:37.524+0000] {processor.py:157} INFO - Started process (PID=685) to work on /home/airflow/.local/lib/python3.8/site-packages/airflow/example_dags/example_setup_teardown_taskflow.py
[2025-06-01T17:05:37.525+0000] {processor.py:829} INFO - Processing file /home/airflow/.local/lib/python3.8/site-packages/airflow/example_dags/example_setup_teardown_taskflow.py for tasks to queue
[2025-06-01T17:05:37.526+0000] {logging_mixin.py:154} INFO - [2025-06-01T17:05:37.526+0000] {dagbag.py:536} INFO - Filling up the DagBag from /home/airflow/.local/lib/python3.8/site-packages/airflow/example_dags/example_setup_teardown_taskflow.py
[2025-06-01T17:05:37.535+0000] {processor.py:839} INFO - DAG(s) dict_keys(['example_setup_teardown_taskflow']) retrieved from /home/airflow/.local/lib/python3.8/site-packages/airflow/example_dags/example_setup_teardown_taskflow.py
[2025-06-01T17:05:37.553+0000] {logging_mixin.py:154} INFO - [2025-06-01T17:05:37.552+0000] {dag.py:2941} INFO - Sync 1 DAGs
[2025-06-01T17:05:37.572+0000] {logging_mixin.py:154} INFO - [2025-06-01T17:05:37.572+0000] {dag.py:3722} INFO - Setting next_dagrun for example_setup_teardown_taskflow to 2025-05-31T17:05:37.572129+00:00, run_after=2025-06-01T17:05:37.572129+00:00
[2025-06-01T17:05:37.588+0000] {processor.py:179} INFO - Processing /home/airflow/.local/lib/python3.8/site-packages/airflow/example_dags/example_setup_teardown_taskflow.py took 0.067 seconds
[2025-06-01T17:06:10.211+0000] {processor.py:157} INFO - Started process (PID=757) to work on /home/airflow/.local/lib/python3.8/site-packages/airflow/example_dags/example_setup_teardown_taskflow.py
[2025-06-01T17:06:10.212+0000] {processor.py:829} INFO - Processing file /home/airflow/.local/lib/python3.8/site-packages/airflow/example_dags/example_setup_teardown_taskflow.py for tasks to queue
[2025-06-01T17:06:10.213+0000] {logging_mixin.py:154} INFO - [2025-06-01T17:06:10.212+0000] {dagbag.py:536} INFO - Filling up the DagBag from /home/airflow/.local/lib/python3.8/site-packages/airflow/example_dags/example_setup_teardown_taskflow.py
[2025-06-01T17:06:10.220+0000] {processor.py:839} INFO - DAG(s) dict_keys(['example_setup_teardown_taskflow']) retrieved from /home/airflow/.local/lib/python3.8/site-packages/airflow/example_dags/example_setup_teardown_taskflow.py
[2025-06-01T17:06:10.237+0000] {logging_mixin.py:154} INFO - [2025-06-01T17:06:10.237+0000] {dag.py:2941} INFO - Sync 1 DAGs
[2025-06-01T17:06:10.251+0000] {logging_mixin.py:154} INFO - [2025-06-01T17:06:10.251+0000] {dag.py:3722} INFO - Setting next_dagrun for example_setup_teardown_taskflow to 2025-05-31T17:06:10.251148+00:00, run_after=2025-06-01T17:06:10.251148+00:00
[2025-06-01T17:06:10.264+0000] {processor.py:179} INFO - Processing /home/airflow/.local/lib/python3.8/site-packages/airflow/example_dags/example_setup_teardown_taskflow.py took 0.056 seconds
[2025-06-01T17:06:43.802+0000] {processor.py:157} INFO - Started process (PID=829) to work on /home/airflow/.local/lib/python3.8/site-packages/airflow/example_dags/example_setup_teardown_taskflow.py
[2025-06-01T17:06:43.803+0000] {processor.py:829} INFO - Processing file /home/airflow/.local/lib/python3.8/site-packages/airflow/example_dags/example_setup_teardown_taskflow.py for tasks to queue
[2025-06-01T17:06:43.804+0000] {logging_mixin.py:154} INFO - [2025-06-01T17:06:43.804+0000] {dagbag.py:536} INFO - Filling up the DagBag from /home/airflow/.local/lib/python3.8/site-packages/airflow/example_dags/example_setup_teardown_taskflow.py
[2025-06-01T17:06:43.811+0000] {processor.py:839} INFO - DAG(s) dict_keys(['example_setup_teardown_taskflow']) retrieved from /home/airflow/.local/lib/python3.8/site-packages/airflow/example_dags/example_setup_teardown_taskflow.py
[2025-06-01T17:06:43.831+0000] {logging_mixin.py:154} INFO - [2025-06-01T17:06:43.831+0000] {dag.py:2941} INFO - Sync 1 DAGs
[2025-06-01T17:06:43.846+0000] {logging_mixin.py:154} INFO - [2025-06-01T17:06:43.846+0000] {dag.py:3722} INFO - Setting next_dagrun for example_setup_teardown_taskflow to 2025-05-31T17:06:43.846069+00:00, run_after=2025-06-01T17:06:43.846069+00:00
[2025-06-01T17:06:43.862+0000] {processor.py:179} INFO - Processing /home/airflow/.local/lib/python3.8/site-packages/airflow/example_dags/example_setup_teardown_taskflow.py took 0.063 seconds
[2025-06-01T17:07:17.360+0000] {processor.py:157} INFO - Started process (PID=894) to work on /home/airflow/.local/lib/python3.8/site-packages/airflow/example_dags/example_setup_teardown_taskflow.py
[2025-06-01T17:07:17.361+0000] {processor.py:829} INFO - Processing file /home/airflow/.local/lib/python3.8/site-packages/airflow/example_dags/example_setup_teardown_taskflow.py for tasks to queue
[2025-06-01T17:07:17.362+0000] {logging_mixin.py:154} INFO - [2025-06-01T17:07:17.361+0000] {dagbag.py:536} INFO - Filling up the DagBag from /home/airflow/.local/lib/python3.8/site-packages/airflow/example_dags/example_setup_teardown_taskflow.py
[2025-06-01T17:07:17.369+0000] {processor.py:839} INFO - DAG(s) dict_keys(['example_setup_teardown_taskflow']) retrieved from /home/airflow/.local/lib/python3.8/site-packages/airflow/example_dags/example_setup_teardown_taskflow.py
[2025-06-01T17:07:17.387+0000] {logging_mixin.py:154} INFO - [2025-06-01T17:07:17.387+0000] {dag.py:2941} INFO - Sync 1 DAGs
[2025-06-01T17:07:17.403+0000] {logging_mixin.py:154} INFO - [2025-06-01T17:07:17.403+0000] {dag.py:3722} INFO - Setting next_dagrun for example_setup_teardown_taskflow to 2025-05-31T17:07:17.403124+00:00, run_after=2025-06-01T17:07:17.403124+00:00
[2025-06-01T17:07:17.416+0000] {processor.py:179} INFO - Processing /home/airflow/.local/lib/python3.8/site-packages/airflow/example_dags/example_setup_teardown_taskflow.py took 0.059 seconds
[2025-06-01T17:07:50.460+0000] {processor.py:157} INFO - Started process (PID=966) to work on /home/airflow/.local/lib/python3.8/site-packages/airflow/example_dags/example_setup_teardown_taskflow.py
[2025-06-01T17:07:50.461+0000] {processor.py:829} INFO - Processing file /home/airflow/.local/lib/python3.8/site-packages/airflow/example_dags/example_setup_teardown_taskflow.py for tasks to queue
[2025-06-01T17:07:50.462+0000] {logging_mixin.py:154} INFO - [2025-06-01T17:07:50.461+0000] {dagbag.py:536} INFO - Filling up the DagBag from /home/airflow/.local/lib/python3.8/site-packages/airflow/example_dags/example_setup_teardown_taskflow.py
[2025-06-01T17:07:50.470+0000] {processor.py:839} INFO - DAG(s) dict_keys(['example_setup_teardown_taskflow']) retrieved from /home/airflow/.local/lib/python3.8/site-packages/airflow/example_dags/example_setup_teardown_taskflow.py
[2025-06-01T17:07:50.487+0000] {logging_mixin.py:154} INFO - [2025-06-01T17:07:50.487+0000] {dag.py:2941} INFO - Sync 1 DAGs
[2025-06-01T17:07:50.502+0000] {logging_mixin.py:154} INFO - [2025-06-01T17:07:50.502+0000] {dag.py:3722} INFO - Setting next_dagrun for example_setup_teardown_taskflow to 2025-05-31T17:07:50.502630+00:00, run_after=2025-06-01T17:07:50.502630+00:00
[2025-06-01T17:07:50.515+0000] {processor.py:179} INFO - Processing /home/airflow/.local/lib/python3.8/site-packages/airflow/example_dags/example_setup_teardown_taskflow.py took 0.058 seconds
[2025-06-01T17:08:23.012+0000] {processor.py:157} INFO - Started process (PID=1030) to work on /home/airflow/.local/lib/python3.8/site-packages/airflow/example_dags/example_setup_teardown_taskflow.py
[2025-06-01T17:08:23.013+0000] {processor.py:829} INFO - Processing file /home/airflow/.local/lib/python3.8/site-packages/airflow/example_dags/example_setup_teardown_taskflow.py for tasks to queue
[2025-06-01T17:08:23.014+0000] {logging_mixin.py:154} INFO - [2025-06-01T17:08:23.014+0000] {dagbag.py:536} INFO - Filling up the DagBag from /home/airflow/.local/lib/python3.8/site-packages/airflow/example_dags/example_setup_teardown_taskflow.py
[2025-06-01T17:08:23.022+0000] {processor.py:839} INFO - DAG(s) dict_keys(['example_setup_teardown_taskflow']) retrieved from /home/airflow/.local/lib/python3.8/site-packages/airflow/example_dags/example_setup_teardown_taskflow.py
[2025-06-01T17:08:23.039+0000] {logging_mixin.py:154} INFO - [2025-06-01T17:08:23.039+0000] {dag.py:2941} INFO - Sync 1 DAGs
[2025-06-01T17:08:23.054+0000] {logging_mixin.py:154} INFO - [2025-06-01T17:08:23.054+0000] {dag.py:3722} INFO - Setting next_dagrun for example_setup_teardown_taskflow to 2025-05-31T17:08:23.054558+00:00, run_after=2025-06-01T17:08:23.054558+00:00
[2025-06-01T17:08:23.069+0000] {processor.py:179} INFO - Processing /home/airflow/.local/lib/python3.8/site-packages/airflow/example_dags/example_setup_teardown_taskflow.py took 0.060 seconds
[2025-06-01T17:08:56.509+0000] {processor.py:157} INFO - Started process (PID=1102) to work on /home/airflow/.local/lib/python3.8/site-packages/airflow/example_dags/example_setup_teardown_taskflow.py
[2025-06-01T17:08:56.510+0000] {processor.py:829} INFO - Processing file /home/airflow/.local/lib/python3.8/site-packages/airflow/example_dags/example_setup_teardown_taskflow.py for tasks to queue
[2025-06-01T17:08:56.511+0000] {logging_mixin.py:154} INFO - [2025-06-01T17:08:56.511+0000] {dagbag.py:536} INFO - Filling up the DagBag from /home/airflow/.local/lib/python3.8/site-packages/airflow/example_dags/example_setup_teardown_taskflow.py
[2025-06-01T17:08:56.519+0000] {processor.py:839} INFO - DAG(s) dict_keys(['example_setup_teardown_taskflow']) retrieved from /home/airflow/.local/lib/python3.8/site-packages/airflow/example_dags/example_setup_teardown_taskflow.py
[2025-06-01T17:08:56.535+0000] {logging_mixin.py:154} INFO - [2025-06-01T17:08:56.535+0000] {dag.py:2941} INFO - Sync 1 DAGs
[2025-06-01T17:08:56.549+0000] {logging_mixin.py:154} INFO - [2025-06-01T17:08:56.548+0000] {dag.py:3722} INFO - Setting next_dagrun for example_setup_teardown_taskflow to 2025-05-31T17:08:56.548720+00:00, run_after=2025-06-01T17:08:56.548720+00:00
[2025-06-01T17:08:56.561+0000] {processor.py:179} INFO - Processing /home/airflow/.local/lib/python3.8/site-packages/airflow/example_dags/example_setup_teardown_taskflow.py took 0.054 seconds
[2025-06-01T17:09:30.143+0000] {processor.py:157} INFO - Started process (PID=1166) to work on /home/airflow/.local/lib/python3.8/site-packages/airflow/example_dags/example_setup_teardown_taskflow.py
[2025-06-01T17:09:30.144+0000] {processor.py:829} INFO - Processing file /home/airflow/.local/lib/python3.8/site-packages/airflow/example_dags/example_setup_teardown_taskflow.py for tasks to queue
[2025-06-01T17:09:30.144+0000] {logging_mixin.py:154} INFO - [2025-06-01T17:09:30.144+0000] {dagbag.py:536} INFO - Filling up the DagBag from /home/airflow/.local/lib/python3.8/site-packages/airflow/example_dags/example_setup_teardown_taskflow.py
[2025-06-01T17:09:30.152+0000] {processor.py:839} INFO - DAG(s) dict_keys(['example_setup_teardown_taskflow']) retrieved from /home/airflow/.local/lib/python3.8/site-packages/airflow/example_dags/example_setup_teardown_taskflow.py
[2025-06-01T17:09:30.167+0000] {logging_mixin.py:154} INFO - [2025-06-01T17:09:30.167+0000] {dag.py:2941} INFO - Sync 1 DAGs
[2025-06-01T17:09:30.181+0000] {logging_mixin.py:154} INFO - [2025-06-01T17:09:30.181+0000] {dag.py:3722} INFO - Setting next_dagrun for example_setup_teardown_taskflow to 2025-05-31T17:09:30.181608+00:00, run_after=2025-06-01T17:09:30.181608+00:00
[2025-06-01T17:09:30.194+0000] {processor.py:179} INFO - Processing /home/airflow/.local/lib/python3.8/site-packages/airflow/example_dags/example_setup_teardown_taskflow.py took 0.054 seconds
[2025-06-01T17:10:03.875+0000] {processor.py:157} INFO - Started process (PID=1240) to work on /home/airflow/.local/lib/python3.8/site-packages/airflow/example_dags/example_setup_teardown_taskflow.py
[2025-06-01T17:10:03.877+0000] {processor.py:829} INFO - Processing file /home/airflow/.local/lib/python3.8/site-packages/airflow/example_dags/example_setup_teardown_taskflow.py for tasks to queue
[2025-06-01T17:10:03.877+0000] {logging_mixin.py:154} INFO - [2025-06-01T17:10:03.877+0000] {dagbag.py:536} INFO - Filling up the DagBag from /home/airflow/.local/lib/python3.8/site-packages/airflow/example_dags/example_setup_teardown_taskflow.py
[2025-06-01T17:10:03.885+0000] {processor.py:839} INFO - DAG(s) dict_keys(['example_setup_teardown_taskflow']) retrieved from /home/airflow/.local/lib/python3.8/site-packages/airflow/example_dags/example_setup_teardown_taskflow.py
[2025-06-01T17:10:03.902+0000] {logging_mixin.py:154} INFO - [2025-06-01T17:10:03.901+0000] {dag.py:2941} INFO - Sync 1 DAGs
[2025-06-01T17:10:03.916+0000] {logging_mixin.py:154} INFO - [2025-06-01T17:10:03.916+0000] {dag.py:3722} INFO - Setting next_dagrun for example_setup_teardown_taskflow to 2025-05-31T17:10:03.916335+00:00, run_after=2025-06-01T17:10:03.916335+00:00
[2025-06-01T17:10:03.931+0000] {processor.py:179} INFO - Processing /home/airflow/.local/lib/python3.8/site-packages/airflow/example_dags/example_setup_teardown_taskflow.py took 0.058 seconds
[2025-06-01T17:10:36.090+0000] {processor.py:157} INFO - Started process (PID=1305) to work on /home/airflow/.local/lib/python3.8/site-packages/airflow/example_dags/example_setup_teardown_taskflow.py
[2025-06-01T17:10:36.090+0000] {processor.py:829} INFO - Processing file /home/airflow/.local/lib/python3.8/site-packages/airflow/example_dags/example_setup_teardown_taskflow.py for tasks to queue
[2025-06-01T17:10:36.091+0000] {logging_mixin.py:154} INFO - [2025-06-01T17:10:36.091+0000] {dagbag.py:536} INFO - Filling up the DagBag from /home/airflow/.local/lib/python3.8/site-packages/airflow/example_dags/example_setup_teardown_taskflow.py
[2025-06-01T17:10:36.099+0000] {processor.py:839} INFO - DAG(s) dict_keys(['example_setup_teardown_taskflow']) retrieved from /home/airflow/.local/lib/python3.8/site-packages/airflow/example_dags/example_setup_teardown_taskflow.py
[2025-06-01T17:10:36.120+0000] {logging_mixin.py:154} INFO - [2025-06-01T17:10:36.120+0000] {dag.py:2941} INFO - Sync 1 DAGs
[2025-06-01T17:10:36.136+0000] {logging_mixin.py:154} INFO - [2025-06-01T17:10:36.136+0000] {dag.py:3722} INFO - Setting next_dagrun for example_setup_teardown_taskflow to 2025-05-31T17:10:36.136413+00:00, run_after=2025-06-01T17:10:36.136413+00:00
[2025-06-01T17:10:36.151+0000] {processor.py:179} INFO - Processing /home/airflow/.local/lib/python3.8/site-packages/airflow/example_dags/example_setup_teardown_taskflow.py took 0.065 seconds
[2025-06-01T17:11:10.229+0000] {processor.py:157} INFO - Started process (PID=1378) to work on /home/airflow/.local/lib/python3.8/site-packages/airflow/example_dags/example_setup_teardown_taskflow.py
[2025-06-01T17:11:10.230+0000] {processor.py:829} INFO - Processing file /home/airflow/.local/lib/python3.8/site-packages/airflow/example_dags/example_setup_teardown_taskflow.py for tasks to queue
[2025-06-01T17:11:10.231+0000] {logging_mixin.py:154} INFO - [2025-06-01T17:11:10.231+0000] {dagbag.py:536} INFO - Filling up the DagBag from /home/airflow/.local/lib/python3.8/site-packages/airflow/example_dags/example_setup_teardown_taskflow.py
[2025-06-01T17:11:10.250+0000] {processor.py:839} INFO - DAG(s) dict_keys(['example_setup_teardown_taskflow']) retrieved from /home/airflow/.local/lib/python3.8/site-packages/airflow/example_dags/example_setup_teardown_taskflow.py
[2025-06-01T17:11:10.278+0000] {logging_mixin.py:154} INFO - [2025-06-01T17:11:10.277+0000] {dag.py:2941} INFO - Sync 1 DAGs
[2025-06-01T17:11:10.301+0000] {logging_mixin.py:154} INFO - [2025-06-01T17:11:10.300+0000] {dag.py:3722} INFO - Setting next_dagrun for example_setup_teardown_taskflow to 2025-05-31T17:11:10.300556+00:00, run_after=2025-06-01T17:11:10.300556+00:00
[2025-06-01T17:11:10.319+0000] {processor.py:179} INFO - Processing /home/airflow/.local/lib/python3.8/site-packages/airflow/example_dags/example_setup_teardown_taskflow.py took 0.095 seconds
[2025-06-01T17:11:42.619+0000] {processor.py:157} INFO - Started process (PID=1461) to work on /home/airflow/.local/lib/python3.8/site-packages/airflow/example_dags/example_setup_teardown_taskflow.py
[2025-06-01T17:11:42.621+0000] {processor.py:829} INFO - Processing file /home/airflow/.local/lib/python3.8/site-packages/airflow/example_dags/example_setup_teardown_taskflow.py for tasks to queue
[2025-06-01T17:11:42.622+0000] {logging_mixin.py:154} INFO - [2025-06-01T17:11:42.621+0000] {dagbag.py:536} INFO - Filling up the DagBag from /home/airflow/.local/lib/python3.8/site-packages/airflow/example_dags/example_setup_teardown_taskflow.py
[2025-06-01T17:11:42.630+0000] {processor.py:839} INFO - DAG(s) dict_keys(['example_setup_teardown_taskflow']) retrieved from /home/airflow/.local/lib/python3.8/site-packages/airflow/example_dags/example_setup_teardown_taskflow.py
[2025-06-01T17:11:42.648+0000] {logging_mixin.py:154} INFO - [2025-06-01T17:11:42.648+0000] {dag.py:2941} INFO - Sync 1 DAGs
[2025-06-01T17:11:42.662+0000] {logging_mixin.py:154} INFO - [2025-06-01T17:11:42.662+0000] {dag.py:3722} INFO - Setting next_dagrun for example_setup_teardown_taskflow to 2025-05-31T17:11:42.661999+00:00, run_after=2025-06-01T17:11:42.661999+00:00
[2025-06-01T17:11:42.676+0000] {processor.py:179} INFO - Processing /home/airflow/.local/lib/python3.8/site-packages/airflow/example_dags/example_setup_teardown_taskflow.py took 0.059 seconds
[2025-06-01T17:12:16.659+0000] {processor.py:157} INFO - Started process (PID=1527) to work on /home/airflow/.local/lib/python3.8/site-packages/airflow/example_dags/example_setup_teardown_taskflow.py
[2025-06-01T17:12:16.660+0000] {processor.py:829} INFO - Processing file /home/airflow/.local/lib/python3.8/site-packages/airflow/example_dags/example_setup_teardown_taskflow.py for tasks to queue
[2025-06-01T17:12:16.661+0000] {logging_mixin.py:154} INFO - [2025-06-01T17:12:16.661+0000] {dagbag.py:536} INFO - Filling up the DagBag from /home/airflow/.local/lib/python3.8/site-packages/airflow/example_dags/example_setup_teardown_taskflow.py
[2025-06-01T17:12:16.670+0000] {processor.py:839} INFO - DAG(s) dict_keys(['example_setup_teardown_taskflow']) retrieved from /home/airflow/.local/lib/python3.8/site-packages/airflow/example_dags/example_setup_teardown_taskflow.py
[2025-06-01T17:12:16.688+0000] {logging_mixin.py:154} INFO - [2025-06-01T17:12:16.688+0000] {dag.py:2941} INFO - Sync 1 DAGs
[2025-06-01T17:12:16.704+0000] {logging_mixin.py:154} INFO - [2025-06-01T17:12:16.704+0000] {dag.py:3722} INFO - Setting next_dagrun for example_setup_teardown_taskflow to 2025-05-31T17:12:16.704396+00:00, run_after=2025-06-01T17:12:16.704396+00:00
[2025-06-01T17:12:16.718+0000] {processor.py:179} INFO - Processing /home/airflow/.local/lib/python3.8/site-packages/airflow/example_dags/example_setup_teardown_taskflow.py took 0.062 seconds
[2025-06-01T17:12:50.996+0000] {processor.py:157} INFO - Started process (PID=1615) to work on /home/airflow/.local/lib/python3.8/site-packages/airflow/example_dags/example_setup_teardown_taskflow.py
[2025-06-01T17:12:50.997+0000] {processor.py:829} INFO - Processing file /home/airflow/.local/lib/python3.8/site-packages/airflow/example_dags/example_setup_teardown_taskflow.py for tasks to queue
[2025-06-01T17:12:50.998+0000] {logging_mixin.py:154} INFO - [2025-06-01T17:12:50.998+0000] {dagbag.py:536} INFO - Filling up the DagBag from /home/airflow/.local/lib/python3.8/site-packages/airflow/example_dags/example_setup_teardown_taskflow.py
[2025-06-01T17:12:51.011+0000] {processor.py:839} INFO - DAG(s) dict_keys(['example_setup_teardown_taskflow']) retrieved from /home/airflow/.local/lib/python3.8/site-packages/airflow/example_dags/example_setup_teardown_taskflow.py
[2025-06-01T17:12:51.032+0000] {logging_mixin.py:154} INFO - [2025-06-01T17:12:51.032+0000] {dag.py:2941} INFO - Sync 1 DAGs
[2025-06-01T17:12:51.051+0000] {logging_mixin.py:154} INFO - [2025-06-01T17:12:51.050+0000] {dag.py:3722} INFO - Setting next_dagrun for example_setup_teardown_taskflow to 2025-05-31T17:12:51.050676+00:00, run_after=2025-06-01T17:12:51.050676+00:00
[2025-06-01T17:12:51.187+0000] {processor.py:179} INFO - Processing /home/airflow/.local/lib/python3.8/site-packages/airflow/example_dags/example_setup_teardown_taskflow.py took 0.196 seconds
[2025-06-01T17:13:22.721+0000] {processor.py:157} INFO - Started process (PID=1679) to work on /home/airflow/.local/lib/python3.8/site-packages/airflow/example_dags/example_setup_teardown_taskflow.py
[2025-06-01T17:13:22.725+0000] {processor.py:829} INFO - Processing file /home/airflow/.local/lib/python3.8/site-packages/airflow/example_dags/example_setup_teardown_taskflow.py for tasks to queue
[2025-06-01T17:13:22.725+0000] {logging_mixin.py:154} INFO - [2025-06-01T17:13:22.725+0000] {dagbag.py:536} INFO - Filling up the DagBag from /home/airflow/.local/lib/python3.8/site-packages/airflow/example_dags/example_setup_teardown_taskflow.py
[2025-06-01T17:13:22.735+0000] {processor.py:839} INFO - DAG(s) dict_keys(['example_setup_teardown_taskflow']) retrieved from /home/airflow/.local/lib/python3.8/site-packages/airflow/example_dags/example_setup_teardown_taskflow.py
[2025-06-01T17:13:22.754+0000] {logging_mixin.py:154} INFO - [2025-06-01T17:13:22.754+0000] {dag.py:2941} INFO - Sync 1 DAGs
[2025-06-01T17:13:22.771+0000] {logging_mixin.py:154} INFO - [2025-06-01T17:13:22.771+0000] {dag.py:3722} INFO - Setting next_dagrun for example_setup_teardown_taskflow to 2025-05-31T17:13:22.771160+00:00, run_after=2025-06-01T17:13:22.771160+00:00
[2025-06-01T17:13:22.784+0000] {processor.py:179} INFO - Processing /home/airflow/.local/lib/python3.8/site-packages/airflow/example_dags/example_setup_teardown_taskflow.py took 0.066 seconds
[2025-06-01T17:13:56.461+0000] {processor.py:157} INFO - Started process (PID=1751) to work on /home/airflow/.local/lib/python3.8/site-packages/airflow/example_dags/example_setup_teardown_taskflow.py
[2025-06-01T17:13:56.462+0000] {processor.py:829} INFO - Processing file /home/airflow/.local/lib/python3.8/site-packages/airflow/example_dags/example_setup_teardown_taskflow.py for tasks to queue
[2025-06-01T17:13:56.462+0000] {logging_mixin.py:154} INFO - [2025-06-01T17:13:56.462+0000] {dagbag.py:536} INFO - Filling up the DagBag from /home/airflow/.local/lib/python3.8/site-packages/airflow/example_dags/example_setup_teardown_taskflow.py
[2025-06-01T17:13:56.469+0000] {processor.py:839} INFO - DAG(s) dict_keys(['example_setup_teardown_taskflow']) retrieved from /home/airflow/.local/lib/python3.8/site-packages/airflow/example_dags/example_setup_teardown_taskflow.py
[2025-06-01T17:13:56.486+0000] {logging_mixin.py:154} INFO - [2025-06-01T17:13:56.486+0000] {dag.py:2941} INFO - Sync 1 DAGs
[2025-06-01T17:13:56.500+0000] {logging_mixin.py:154} INFO - [2025-06-01T17:13:56.500+0000] {dag.py:3722} INFO - Setting next_dagrun for example_setup_teardown_taskflow to 2025-05-31T17:13:56.499975+00:00, run_after=2025-06-01T17:13:56.499975+00:00
[2025-06-01T17:13:56.512+0000] {processor.py:179} INFO - Processing /home/airflow/.local/lib/python3.8/site-packages/airflow/example_dags/example_setup_teardown_taskflow.py took 0.054 seconds
[2025-06-01T17:14:31.204+0000] {processor.py:157} INFO - Started process (PID=1815) to work on /home/airflow/.local/lib/python3.8/site-packages/airflow/example_dags/example_setup_teardown_taskflow.py
[2025-06-01T17:14:31.205+0000] {processor.py:829} INFO - Processing file /home/airflow/.local/lib/python3.8/site-packages/airflow/example_dags/example_setup_teardown_taskflow.py for tasks to queue
[2025-06-01T17:14:31.206+0000] {logging_mixin.py:154} INFO - [2025-06-01T17:14:31.206+0000] {dagbag.py:536} INFO - Filling up the DagBag from /home/airflow/.local/lib/python3.8/site-packages/airflow/example_dags/example_setup_teardown_taskflow.py
[2025-06-01T17:14:31.217+0000] {processor.py:839} INFO - DAG(s) dict_keys(['example_setup_teardown_taskflow']) retrieved from /home/airflow/.local/lib/python3.8/site-packages/airflow/example_dags/example_setup_teardown_taskflow.py
[2025-06-01T17:14:31.234+0000] {logging_mixin.py:154} INFO - [2025-06-01T17:14:31.234+0000] {dag.py:2941} INFO - Sync 1 DAGs
[2025-06-01T17:14:31.249+0000] {logging_mixin.py:154} INFO - [2025-06-01T17:14:31.249+0000] {dag.py:3722} INFO - Setting next_dagrun for example_setup_teardown_taskflow to 2025-05-31T17:14:31.248766+00:00, run_after=2025-06-01T17:14:31.248766+00:00
[2025-06-01T17:14:31.263+0000] {processor.py:179} INFO - Processing /home/airflow/.local/lib/python3.8/site-packages/airflow/example_dags/example_setup_teardown_taskflow.py took 0.062 seconds
[2025-06-01T17:15:03.512+0000] {processor.py:157} INFO - Started process (PID=1887) to work on /home/airflow/.local/lib/python3.8/site-packages/airflow/example_dags/example_setup_teardown_taskflow.py
[2025-06-01T17:15:03.513+0000] {processor.py:829} INFO - Processing file /home/airflow/.local/lib/python3.8/site-packages/airflow/example_dags/example_setup_teardown_taskflow.py for tasks to queue
[2025-06-01T17:15:03.514+0000] {logging_mixin.py:154} INFO - [2025-06-01T17:15:03.514+0000] {dagbag.py:536} INFO - Filling up the DagBag from /home/airflow/.local/lib/python3.8/site-packages/airflow/example_dags/example_setup_teardown_taskflow.py
[2025-06-01T17:15:03.522+0000] {processor.py:839} INFO - DAG(s) dict_keys(['example_setup_teardown_taskflow']) retrieved from /home/airflow/.local/lib/python3.8/site-packages/airflow/example_dags/example_setup_teardown_taskflow.py
[2025-06-01T17:15:03.538+0000] {logging_mixin.py:154} INFO - [2025-06-01T17:15:03.538+0000] {dag.py:2941} INFO - Sync 1 DAGs
[2025-06-01T17:15:03.658+0000] {logging_mixin.py:154} INFO - [2025-06-01T17:15:03.658+0000] {dag.py:3722} INFO - Setting next_dagrun for example_setup_teardown_taskflow to 2025-05-31T17:15:03.657809+00:00, run_after=2025-06-01T17:15:03.657809+00:00
[2025-06-01T17:15:03.669+0000] {processor.py:179} INFO - Processing /home/airflow/.local/lib/python3.8/site-packages/airflow/example_dags/example_setup_teardown_taskflow.py took 0.160 seconds
[2025-06-01T17:15:36.413+0000] {processor.py:157} INFO - Started process (PID=1959) to work on /home/airflow/.local/lib/python3.8/site-packages/airflow/example_dags/example_setup_teardown_taskflow.py
[2025-06-01T17:15:36.415+0000] {processor.py:829} INFO - Processing file /home/airflow/.local/lib/python3.8/site-packages/airflow/example_dags/example_setup_teardown_taskflow.py for tasks to queue
[2025-06-01T17:15:36.415+0000] {logging_mixin.py:154} INFO - [2025-06-01T17:15:36.415+0000] {dagbag.py:536} INFO - Filling up the DagBag from /home/airflow/.local/lib/python3.8/site-packages/airflow/example_dags/example_setup_teardown_taskflow.py
[2025-06-01T17:15:36.426+0000] {processor.py:839} INFO - DAG(s) dict_keys(['example_setup_teardown_taskflow']) retrieved from /home/airflow/.local/lib/python3.8/site-packages/airflow/example_dags/example_setup_teardown_taskflow.py
[2025-06-01T17:15:36.448+0000] {logging_mixin.py:154} INFO - [2025-06-01T17:15:36.447+0000] {dag.py:2941} INFO - Sync 1 DAGs
[2025-06-01T17:15:36.466+0000] {logging_mixin.py:154} INFO - [2025-06-01T17:15:36.465+0000] {dag.py:3722} INFO - Setting next_dagrun for example_setup_teardown_taskflow to 2025-05-31T17:15:36.465662+00:00, run_after=2025-06-01T17:15:36.465662+00:00
[2025-06-01T17:15:36.600+0000] {processor.py:179} INFO - Processing /home/airflow/.local/lib/python3.8/site-packages/airflow/example_dags/example_setup_teardown_taskflow.py took 0.191 seconds
[2025-06-01T17:16:09.495+0000] {processor.py:157} INFO - Started process (PID=2023) to work on /home/airflow/.local/lib/python3.8/site-packages/airflow/example_dags/example_setup_teardown_taskflow.py
[2025-06-01T17:16:09.496+0000] {processor.py:829} INFO - Processing file /home/airflow/.local/lib/python3.8/site-packages/airflow/example_dags/example_setup_teardown_taskflow.py for tasks to queue
[2025-06-01T17:16:09.497+0000] {logging_mixin.py:154} INFO - [2025-06-01T17:16:09.496+0000] {dagbag.py:536} INFO - Filling up the DagBag from /home/airflow/.local/lib/python3.8/site-packages/airflow/example_dags/example_setup_teardown_taskflow.py
[2025-06-01T17:16:09.505+0000] {processor.py:839} INFO - DAG(s) dict_keys(['example_setup_teardown_taskflow']) retrieved from /home/airflow/.local/lib/python3.8/site-packages/airflow/example_dags/example_setup_teardown_taskflow.py
[2025-06-01T17:16:09.521+0000] {logging_mixin.py:154} INFO - [2025-06-01T17:16:09.521+0000] {dag.py:2941} INFO - Sync 1 DAGs
[2025-06-01T17:16:09.537+0000] {logging_mixin.py:154} INFO - [2025-06-01T17:16:09.537+0000] {dag.py:3722} INFO - Setting next_dagrun for example_setup_teardown_taskflow to 2025-05-31T17:16:09.537486+00:00, run_after=2025-06-01T17:16:09.537486+00:00
[2025-06-01T17:16:09.550+0000] {processor.py:179} INFO - Processing /home/airflow/.local/lib/python3.8/site-packages/airflow/example_dags/example_setup_teardown_taskflow.py took 0.058 seconds
[2025-06-01T17:16:43.182+0000] {processor.py:157} INFO - Started process (PID=2096) to work on /home/airflow/.local/lib/python3.8/site-packages/airflow/example_dags/example_setup_teardown_taskflow.py
[2025-06-01T17:16:43.184+0000] {processor.py:829} INFO - Processing file /home/airflow/.local/lib/python3.8/site-packages/airflow/example_dags/example_setup_teardown_taskflow.py for tasks to queue
[2025-06-01T17:16:43.184+0000] {logging_mixin.py:154} INFO - [2025-06-01T17:16:43.184+0000] {dagbag.py:536} INFO - Filling up the DagBag from /home/airflow/.local/lib/python3.8/site-packages/airflow/example_dags/example_setup_teardown_taskflow.py
[2025-06-01T17:16:43.194+0000] {processor.py:839} INFO - DAG(s) dict_keys(['example_setup_teardown_taskflow']) retrieved from /home/airflow/.local/lib/python3.8/site-packages/airflow/example_dags/example_setup_teardown_taskflow.py
[2025-06-01T17:16:43.212+0000] {logging_mixin.py:154} INFO - [2025-06-01T17:16:43.212+0000] {dag.py:2941} INFO - Sync 1 DAGs
[2025-06-01T17:16:43.228+0000] {logging_mixin.py:154} INFO - [2025-06-01T17:16:43.228+0000] {dag.py:3722} INFO - Setting next_dagrun for example_setup_teardown_taskflow to 2025-05-31T17:16:43.228362+00:00, run_after=2025-06-01T17:16:43.228362+00:00
[2025-06-01T17:16:43.243+0000] {processor.py:179} INFO - Processing /home/airflow/.local/lib/python3.8/site-packages/airflow/example_dags/example_setup_teardown_taskflow.py took 0.064 seconds
[2025-06-01T17:17:17.702+0000] {processor.py:157} INFO - Started process (PID=2166) to work on /home/airflow/.local/lib/python3.8/site-packages/airflow/example_dags/example_setup_teardown_taskflow.py
[2025-06-01T17:17:17.703+0000] {processor.py:829} INFO - Processing file /home/airflow/.local/lib/python3.8/site-packages/airflow/example_dags/example_setup_teardown_taskflow.py for tasks to queue
[2025-06-01T17:17:17.704+0000] {logging_mixin.py:154} INFO - [2025-06-01T17:17:17.704+0000] {dagbag.py:536} INFO - Filling up the DagBag from /home/airflow/.local/lib/python3.8/site-packages/airflow/example_dags/example_setup_teardown_taskflow.py
[2025-06-01T17:17:17.713+0000] {processor.py:839} INFO - DAG(s) dict_keys(['example_setup_teardown_taskflow']) retrieved from /home/airflow/.local/lib/python3.8/site-packages/airflow/example_dags/example_setup_teardown_taskflow.py
[2025-06-01T17:17:17.868+0000] {logging_mixin.py:154} INFO - [2025-06-01T17:17:17.868+0000] {dag.py:2941} INFO - Sync 1 DAGs
[2025-06-01T17:17:17.881+0000] {logging_mixin.py:154} INFO - [2025-06-01T17:17:17.880+0000] {dag.py:3722} INFO - Setting next_dagrun for example_setup_teardown_taskflow to 2025-05-31T17:17:17.880802+00:00, run_after=2025-06-01T17:17:17.880802+00:00
[2025-06-01T17:17:17.892+0000] {processor.py:179} INFO - Processing /home/airflow/.local/lib/python3.8/site-packages/airflow/example_dags/example_setup_teardown_taskflow.py took 0.194 seconds
[2025-06-01T17:17:48.366+0000] {processor.py:157} INFO - Started process (PID=2232) to work on /home/airflow/.local/lib/python3.8/site-packages/airflow/example_dags/example_setup_teardown_taskflow.py
[2025-06-01T17:17:48.368+0000] {processor.py:829} INFO - Processing file /home/airflow/.local/lib/python3.8/site-packages/airflow/example_dags/example_setup_teardown_taskflow.py for tasks to queue
[2025-06-01T17:17:48.368+0000] {logging_mixin.py:154} INFO - [2025-06-01T17:17:48.368+0000] {dagbag.py:536} INFO - Filling up the DagBag from /home/airflow/.local/lib/python3.8/site-packages/airflow/example_dags/example_setup_teardown_taskflow.py
[2025-06-01T17:17:48.376+0000] {processor.py:839} INFO - DAG(s) dict_keys(['example_setup_teardown_taskflow']) retrieved from /home/airflow/.local/lib/python3.8/site-packages/airflow/example_dags/example_setup_teardown_taskflow.py
[2025-06-01T17:17:48.391+0000] {logging_mixin.py:154} INFO - [2025-06-01T17:17:48.391+0000] {dag.py:2941} INFO - Sync 1 DAGs
[2025-06-01T17:17:48.406+0000] {logging_mixin.py:154} INFO - [2025-06-01T17:17:48.406+0000] {dag.py:3722} INFO - Setting next_dagrun for example_setup_teardown_taskflow to 2025-05-31T17:17:48.406292+00:00, run_after=2025-06-01T17:17:48.406292+00:00
[2025-06-01T17:17:48.419+0000] {processor.py:179} INFO - Processing /home/airflow/.local/lib/python3.8/site-packages/airflow/example_dags/example_setup_teardown_taskflow.py took 0.056 seconds
[2025-06-01T17:18:21.597+0000] {processor.py:157} INFO - Started process (PID=2296) to work on /home/airflow/.local/lib/python3.8/site-packages/airflow/example_dags/example_setup_teardown_taskflow.py
[2025-06-01T17:18:21.598+0000] {processor.py:829} INFO - Processing file /home/airflow/.local/lib/python3.8/site-packages/airflow/example_dags/example_setup_teardown_taskflow.py for tasks to queue
[2025-06-01T17:18:21.598+0000] {logging_mixin.py:154} INFO - [2025-06-01T17:18:21.598+0000] {dagbag.py:536} INFO - Filling up the DagBag from /home/airflow/.local/lib/python3.8/site-packages/airflow/example_dags/example_setup_teardown_taskflow.py
[2025-06-01T17:18:21.606+0000] {processor.py:839} INFO - DAG(s) dict_keys(['example_setup_teardown_taskflow']) retrieved from /home/airflow/.local/lib/python3.8/site-packages/airflow/example_dags/example_setup_teardown_taskflow.py
[2025-06-01T17:18:21.622+0000] {logging_mixin.py:154} INFO - [2025-06-01T17:18:21.622+0000] {dag.py:2941} INFO - Sync 1 DAGs
[2025-06-01T17:18:21.637+0000] {logging_mixin.py:154} INFO - [2025-06-01T17:18:21.637+0000] {dag.py:3722} INFO - Setting next_dagrun for example_setup_teardown_taskflow to 2025-05-31T17:18:21.637111+00:00, run_after=2025-06-01T17:18:21.637111+00:00
[2025-06-01T17:18:21.651+0000] {processor.py:179} INFO - Processing /home/airflow/.local/lib/python3.8/site-packages/airflow/example_dags/example_setup_teardown_taskflow.py took 0.057 seconds
[2025-06-01T17:18:55.031+0000] {processor.py:157} INFO - Started process (PID=2368) to work on /home/airflow/.local/lib/python3.8/site-packages/airflow/example_dags/example_setup_teardown_taskflow.py
[2025-06-01T17:18:55.032+0000] {processor.py:829} INFO - Processing file /home/airflow/.local/lib/python3.8/site-packages/airflow/example_dags/example_setup_teardown_taskflow.py for tasks to queue
[2025-06-01T17:18:55.033+0000] {logging_mixin.py:154} INFO - [2025-06-01T17:18:55.032+0000] {dagbag.py:536} INFO - Filling up the DagBag from /home/airflow/.local/lib/python3.8/site-packages/airflow/example_dags/example_setup_teardown_taskflow.py
[2025-06-01T17:18:55.041+0000] {processor.py:839} INFO - DAG(s) dict_keys(['example_setup_teardown_taskflow']) retrieved from /home/airflow/.local/lib/python3.8/site-packages/airflow/example_dags/example_setup_teardown_taskflow.py
[2025-06-01T17:18:55.057+0000] {logging_mixin.py:154} INFO - [2025-06-01T17:18:55.057+0000] {dag.py:2941} INFO - Sync 1 DAGs
[2025-06-01T17:18:55.071+0000] {logging_mixin.py:154} INFO - [2025-06-01T17:18:55.071+0000] {dag.py:3722} INFO - Setting next_dagrun for example_setup_teardown_taskflow to 2025-05-31T17:18:55.071201+00:00, run_after=2025-06-01T17:18:55.071201+00:00
[2025-06-01T17:18:55.084+0000] {processor.py:179} INFO - Processing /home/airflow/.local/lib/python3.8/site-packages/airflow/example_dags/example_setup_teardown_taskflow.py took 0.056 seconds
[2025-06-01T17:19:28.251+0000] {processor.py:157} INFO - Started process (PID=2440) to work on /home/airflow/.local/lib/python3.8/site-packages/airflow/example_dags/example_setup_teardown_taskflow.py
[2025-06-01T17:19:28.251+0000] {processor.py:829} INFO - Processing file /home/airflow/.local/lib/python3.8/site-packages/airflow/example_dags/example_setup_teardown_taskflow.py for tasks to queue
[2025-06-01T17:19:28.252+0000] {logging_mixin.py:154} INFO - [2025-06-01T17:19:28.252+0000] {dagbag.py:536} INFO - Filling up the DagBag from /home/airflow/.local/lib/python3.8/site-packages/airflow/example_dags/example_setup_teardown_taskflow.py
[2025-06-01T17:19:28.259+0000] {processor.py:839} INFO - DAG(s) dict_keys(['example_setup_teardown_taskflow']) retrieved from /home/airflow/.local/lib/python3.8/site-packages/airflow/example_dags/example_setup_teardown_taskflow.py
[2025-06-01T17:19:28.276+0000] {logging_mixin.py:154} INFO - [2025-06-01T17:19:28.276+0000] {dag.py:2941} INFO - Sync 1 DAGs
[2025-06-01T17:19:28.291+0000] {logging_mixin.py:154} INFO - [2025-06-01T17:19:28.291+0000] {dag.py:3722} INFO - Setting next_dagrun for example_setup_teardown_taskflow to 2025-05-31T17:19:28.290828+00:00, run_after=2025-06-01T17:19:28.290828+00:00
[2025-06-01T17:19:28.302+0000] {processor.py:179} INFO - Processing /home/airflow/.local/lib/python3.8/site-packages/airflow/example_dags/example_setup_teardown_taskflow.py took 0.055 seconds
[2025-06-01T17:20:01.525+0000] {processor.py:157} INFO - Started process (PID=2504) to work on /home/airflow/.local/lib/python3.8/site-packages/airflow/example_dags/example_setup_teardown_taskflow.py
[2025-06-01T17:20:01.526+0000] {processor.py:829} INFO - Processing file /home/airflow/.local/lib/python3.8/site-packages/airflow/example_dags/example_setup_teardown_taskflow.py for tasks to queue
[2025-06-01T17:20:01.526+0000] {logging_mixin.py:154} INFO - [2025-06-01T17:20:01.526+0000] {dagbag.py:536} INFO - Filling up the DagBag from /home/airflow/.local/lib/python3.8/site-packages/airflow/example_dags/example_setup_teardown_taskflow.py
[2025-06-01T17:20:01.534+0000] {processor.py:839} INFO - DAG(s) dict_keys(['example_setup_teardown_taskflow']) retrieved from /home/airflow/.local/lib/python3.8/site-packages/airflow/example_dags/example_setup_teardown_taskflow.py
[2025-06-01T17:20:01.550+0000] {logging_mixin.py:154} INFO - [2025-06-01T17:20:01.549+0000] {dag.py:2941} INFO - Sync 1 DAGs
[2025-06-01T17:20:01.564+0000] {logging_mixin.py:154} INFO - [2025-06-01T17:20:01.564+0000] {dag.py:3722} INFO - Setting next_dagrun for example_setup_teardown_taskflow to 2025-05-31T17:20:01.564092+00:00, run_after=2025-06-01T17:20:01.564092+00:00
[2025-06-01T17:20:01.576+0000] {processor.py:179} INFO - Processing /home/airflow/.local/lib/python3.8/site-packages/airflow/example_dags/example_setup_teardown_taskflow.py took 0.054 seconds
[2025-06-01T17:20:34.780+0000] {processor.py:157} INFO - Started process (PID=2576) to work on /home/airflow/.local/lib/python3.8/site-packages/airflow/example_dags/example_setup_teardown_taskflow.py
[2025-06-01T17:20:34.781+0000] {processor.py:829} INFO - Processing file /home/airflow/.local/lib/python3.8/site-packages/airflow/example_dags/example_setup_teardown_taskflow.py for tasks to queue
[2025-06-01T17:20:34.782+0000] {logging_mixin.py:154} INFO - [2025-06-01T17:20:34.782+0000] {dagbag.py:536} INFO - Filling up the DagBag from /home/airflow/.local/lib/python3.8/site-packages/airflow/example_dags/example_setup_teardown_taskflow.py
[2025-06-01T17:20:34.789+0000] {processor.py:839} INFO - DAG(s) dict_keys(['example_setup_teardown_taskflow']) retrieved from /home/airflow/.local/lib/python3.8/site-packages/airflow/example_dags/example_setup_teardown_taskflow.py
[2025-06-01T17:20:34.805+0000] {logging_mixin.py:154} INFO - [2025-06-01T17:20:34.805+0000] {dag.py:2941} INFO - Sync 1 DAGs
[2025-06-01T17:20:34.820+0000] {logging_mixin.py:154} INFO - [2025-06-01T17:20:34.820+0000] {dag.py:3722} INFO - Setting next_dagrun for example_setup_teardown_taskflow to 2025-05-31T17:20:34.820437+00:00, run_after=2025-06-01T17:20:34.820437+00:00
[2025-06-01T17:20:34.833+0000] {processor.py:179} INFO - Processing /home/airflow/.local/lib/python3.8/site-packages/airflow/example_dags/example_setup_teardown_taskflow.py took 0.056 seconds
[2025-06-01T17:21:08.150+0000] {processor.py:157} INFO - Started process (PID=2641) to work on /home/airflow/.local/lib/python3.8/site-packages/airflow/example_dags/example_setup_teardown_taskflow.py
[2025-06-01T17:21:08.152+0000] {processor.py:829} INFO - Processing file /home/airflow/.local/lib/python3.8/site-packages/airflow/example_dags/example_setup_teardown_taskflow.py for tasks to queue
[2025-06-01T17:21:08.152+0000] {logging_mixin.py:154} INFO - [2025-06-01T17:21:08.152+0000] {dagbag.py:536} INFO - Filling up the DagBag from /home/airflow/.local/lib/python3.8/site-packages/airflow/example_dags/example_setup_teardown_taskflow.py
[2025-06-01T17:21:08.160+0000] {processor.py:839} INFO - DAG(s) dict_keys(['example_setup_teardown_taskflow']) retrieved from /home/airflow/.local/lib/python3.8/site-packages/airflow/example_dags/example_setup_teardown_taskflow.py
[2025-06-01T17:21:08.177+0000] {logging_mixin.py:154} INFO - [2025-06-01T17:21:08.177+0000] {dag.py:2941} INFO - Sync 1 DAGs
[2025-06-01T17:21:08.191+0000] {logging_mixin.py:154} INFO - [2025-06-01T17:21:08.191+0000] {dag.py:3722} INFO - Setting next_dagrun for example_setup_teardown_taskflow to 2025-05-31T17:21:08.191595+00:00, run_after=2025-06-01T17:21:08.191595+00:00
[2025-06-01T17:21:08.205+0000] {processor.py:179} INFO - Processing /home/airflow/.local/lib/python3.8/site-packages/airflow/example_dags/example_setup_teardown_taskflow.py took 0.057 seconds
[2025-06-01T17:21:41.512+0000] {processor.py:157} INFO - Started process (PID=2713) to work on /home/airflow/.local/lib/python3.8/site-packages/airflow/example_dags/example_setup_teardown_taskflow.py
[2025-06-01T17:21:41.513+0000] {processor.py:829} INFO - Processing file /home/airflow/.local/lib/python3.8/site-packages/airflow/example_dags/example_setup_teardown_taskflow.py for tasks to queue
[2025-06-01T17:21:41.513+0000] {logging_mixin.py:154} INFO - [2025-06-01T17:21:41.513+0000] {dagbag.py:536} INFO - Filling up the DagBag from /home/airflow/.local/lib/python3.8/site-packages/airflow/example_dags/example_setup_teardown_taskflow.py
[2025-06-01T17:21:41.521+0000] {processor.py:839} INFO - DAG(s) dict_keys(['example_setup_teardown_taskflow']) retrieved from /home/airflow/.local/lib/python3.8/site-packages/airflow/example_dags/example_setup_teardown_taskflow.py
[2025-06-01T17:21:41.537+0000] {logging_mixin.py:154} INFO - [2025-06-01T17:21:41.537+0000] {dag.py:2941} INFO - Sync 1 DAGs
[2025-06-01T17:21:41.554+0000] {logging_mixin.py:154} INFO - [2025-06-01T17:21:41.554+0000] {dag.py:3722} INFO - Setting next_dagrun for example_setup_teardown_taskflow to 2025-05-31T17:21:41.554090+00:00, run_after=2025-06-01T17:21:41.554090+00:00
[2025-06-01T17:21:41.569+0000] {processor.py:179} INFO - Processing /home/airflow/.local/lib/python3.8/site-packages/airflow/example_dags/example_setup_teardown_taskflow.py took 0.061 seconds
[2025-06-01T17:22:15.017+0000] {processor.py:157} INFO - Started process (PID=2785) to work on /home/airflow/.local/lib/python3.8/site-packages/airflow/example_dags/example_setup_teardown_taskflow.py
[2025-06-01T17:22:15.019+0000] {processor.py:829} INFO - Processing file /home/airflow/.local/lib/python3.8/site-packages/airflow/example_dags/example_setup_teardown_taskflow.py for tasks to queue
[2025-06-01T17:22:15.019+0000] {logging_mixin.py:154} INFO - [2025-06-01T17:22:15.019+0000] {dagbag.py:536} INFO - Filling up the DagBag from /home/airflow/.local/lib/python3.8/site-packages/airflow/example_dags/example_setup_teardown_taskflow.py
[2025-06-01T17:22:15.028+0000] {processor.py:839} INFO - DAG(s) dict_keys(['example_setup_teardown_taskflow']) retrieved from /home/airflow/.local/lib/python3.8/site-packages/airflow/example_dags/example_setup_teardown_taskflow.py
[2025-06-01T17:22:15.046+0000] {logging_mixin.py:154} INFO - [2025-06-01T17:22:15.045+0000] {dag.py:2941} INFO - Sync 1 DAGs
[2025-06-01T17:22:15.061+0000] {logging_mixin.py:154} INFO - [2025-06-01T17:22:15.061+0000] {dag.py:3722} INFO - Setting next_dagrun for example_setup_teardown_taskflow to 2025-05-31T17:22:15.061345+00:00, run_after=2025-06-01T17:22:15.061345+00:00
[2025-06-01T17:22:15.074+0000] {processor.py:179} INFO - Processing /home/airflow/.local/lib/python3.8/site-packages/airflow/example_dags/example_setup_teardown_taskflow.py took 0.061 seconds
[2025-06-01T17:22:48.314+0000] {processor.py:157} INFO - Started process (PID=2849) to work on /home/airflow/.local/lib/python3.8/site-packages/airflow/example_dags/example_setup_teardown_taskflow.py
[2025-06-01T17:22:48.315+0000] {processor.py:829} INFO - Processing file /home/airflow/.local/lib/python3.8/site-packages/airflow/example_dags/example_setup_teardown_taskflow.py for tasks to queue
[2025-06-01T17:22:48.316+0000] {logging_mixin.py:154} INFO - [2025-06-01T17:22:48.316+0000] {dagbag.py:536} INFO - Filling up the DagBag from /home/airflow/.local/lib/python3.8/site-packages/airflow/example_dags/example_setup_teardown_taskflow.py
[2025-06-01T17:22:48.323+0000] {processor.py:839} INFO - DAG(s) dict_keys(['example_setup_teardown_taskflow']) retrieved from /home/airflow/.local/lib/python3.8/site-packages/airflow/example_dags/example_setup_teardown_taskflow.py
[2025-06-01T17:22:48.340+0000] {logging_mixin.py:154} INFO - [2025-06-01T17:22:48.340+0000] {dag.py:2941} INFO - Sync 1 DAGs
[2025-06-01T17:22:48.354+0000] {logging_mixin.py:154} INFO - [2025-06-01T17:22:48.354+0000] {dag.py:3722} INFO - Setting next_dagrun for example_setup_teardown_taskflow to 2025-05-31T17:22:48.353902+00:00, run_after=2025-06-01T17:22:48.353902+00:00
[2025-06-01T17:22:48.368+0000] {processor.py:179} INFO - Processing /home/airflow/.local/lib/python3.8/site-packages/airflow/example_dags/example_setup_teardown_taskflow.py took 0.056 seconds
[2025-06-01T17:23:21.654+0000] {processor.py:157} INFO - Started process (PID=2921) to work on /home/airflow/.local/lib/python3.8/site-packages/airflow/example_dags/example_setup_teardown_taskflow.py
[2025-06-01T17:23:21.655+0000] {processor.py:829} INFO - Processing file /home/airflow/.local/lib/python3.8/site-packages/airflow/example_dags/example_setup_teardown_taskflow.py for tasks to queue
[2025-06-01T17:23:21.655+0000] {logging_mixin.py:154} INFO - [2025-06-01T17:23:21.655+0000] {dagbag.py:536} INFO - Filling up the DagBag from /home/airflow/.local/lib/python3.8/site-packages/airflow/example_dags/example_setup_teardown_taskflow.py
[2025-06-01T17:23:21.664+0000] {processor.py:839} INFO - DAG(s) dict_keys(['example_setup_teardown_taskflow']) retrieved from /home/airflow/.local/lib/python3.8/site-packages/airflow/example_dags/example_setup_teardown_taskflow.py
[2025-06-01T17:23:21.681+0000] {logging_mixin.py:154} INFO - [2025-06-01T17:23:21.681+0000] {dag.py:2941} INFO - Sync 1 DAGs
[2025-06-01T17:23:21.696+0000] {logging_mixin.py:154} INFO - [2025-06-01T17:23:21.696+0000] {dag.py:3722} INFO - Setting next_dagrun for example_setup_teardown_taskflow to 2025-05-31T17:23:21.696076+00:00, run_after=2025-06-01T17:23:21.696076+00:00
[2025-06-01T17:23:21.709+0000] {processor.py:179} INFO - Processing /home/airflow/.local/lib/python3.8/site-packages/airflow/example_dags/example_setup_teardown_taskflow.py took 0.058 seconds
[2025-06-01T17:23:54.920+0000] {processor.py:157} INFO - Started process (PID=2985) to work on /home/airflow/.local/lib/python3.8/site-packages/airflow/example_dags/example_setup_teardown_taskflow.py
[2025-06-01T17:23:54.921+0000] {processor.py:829} INFO - Processing file /home/airflow/.local/lib/python3.8/site-packages/airflow/example_dags/example_setup_teardown_taskflow.py for tasks to queue
[2025-06-01T17:23:54.922+0000] {logging_mixin.py:154} INFO - [2025-06-01T17:23:54.922+0000] {dagbag.py:536} INFO - Filling up the DagBag from /home/airflow/.local/lib/python3.8/site-packages/airflow/example_dags/example_setup_teardown_taskflow.py
[2025-06-01T17:23:54.929+0000] {processor.py:839} INFO - DAG(s) dict_keys(['example_setup_teardown_taskflow']) retrieved from /home/airflow/.local/lib/python3.8/site-packages/airflow/example_dags/example_setup_teardown_taskflow.py
[2025-06-01T17:23:54.945+0000] {logging_mixin.py:154} INFO - [2025-06-01T17:23:54.945+0000] {dag.py:2941} INFO - Sync 1 DAGs
[2025-06-01T17:23:54.958+0000] {logging_mixin.py:154} INFO - [2025-06-01T17:23:54.958+0000] {dag.py:3722} INFO - Setting next_dagrun for example_setup_teardown_taskflow to 2025-05-31T17:23:54.958618+00:00, run_after=2025-06-01T17:23:54.958618+00:00
[2025-06-01T17:23:54.971+0000] {processor.py:179} INFO - Processing /home/airflow/.local/lib/python3.8/site-packages/airflow/example_dags/example_setup_teardown_taskflow.py took 0.054 seconds
[2025-06-01T17:24:28.335+0000] {processor.py:157} INFO - Started process (PID=3057) to work on /home/airflow/.local/lib/python3.8/site-packages/airflow/example_dags/example_setup_teardown_taskflow.py
[2025-06-01T17:24:28.336+0000] {processor.py:829} INFO - Processing file /home/airflow/.local/lib/python3.8/site-packages/airflow/example_dags/example_setup_teardown_taskflow.py for tasks to queue
[2025-06-01T17:24:28.336+0000] {logging_mixin.py:154} INFO - [2025-06-01T17:24:28.336+0000] {dagbag.py:536} INFO - Filling up the DagBag from /home/airflow/.local/lib/python3.8/site-packages/airflow/example_dags/example_setup_teardown_taskflow.py
[2025-06-01T17:24:28.344+0000] {processor.py:839} INFO - DAG(s) dict_keys(['example_setup_teardown_taskflow']) retrieved from /home/airflow/.local/lib/python3.8/site-packages/airflow/example_dags/example_setup_teardown_taskflow.py
[2025-06-01T17:24:28.360+0000] {logging_mixin.py:154} INFO - [2025-06-01T17:24:28.360+0000] {dag.py:2941} INFO - Sync 1 DAGs
[2025-06-01T17:24:28.374+0000] {logging_mixin.py:154} INFO - [2025-06-01T17:24:28.374+0000] {dag.py:3722} INFO - Setting next_dagrun for example_setup_teardown_taskflow to 2025-05-31T17:24:28.374033+00:00, run_after=2025-06-01T17:24:28.374033+00:00
[2025-06-01T17:24:28.386+0000] {processor.py:179} INFO - Processing /home/airflow/.local/lib/python3.8/site-packages/airflow/example_dags/example_setup_teardown_taskflow.py took 0.054 seconds
[2025-06-01T17:25:00.888+0000] {processor.py:157} INFO - Started process (PID=3129) to work on /home/airflow/.local/lib/python3.8/site-packages/airflow/example_dags/example_setup_teardown_taskflow.py
[2025-06-01T17:25:00.890+0000] {processor.py:829} INFO - Processing file /home/airflow/.local/lib/python3.8/site-packages/airflow/example_dags/example_setup_teardown_taskflow.py for tasks to queue
[2025-06-01T17:25:00.891+0000] {logging_mixin.py:154} INFO - [2025-06-01T17:25:00.890+0000] {dagbag.py:536} INFO - Filling up the DagBag from /home/airflow/.local/lib/python3.8/site-packages/airflow/example_dags/example_setup_teardown_taskflow.py
[2025-06-01T17:25:00.903+0000] {processor.py:839} INFO - DAG(s) dict_keys(['example_setup_teardown_taskflow']) retrieved from /home/airflow/.local/lib/python3.8/site-packages/airflow/example_dags/example_setup_teardown_taskflow.py
[2025-06-01T17:25:00.929+0000] {logging_mixin.py:154} INFO - [2025-06-01T17:25:00.929+0000] {dag.py:2941} INFO - Sync 1 DAGs
[2025-06-01T17:25:00.952+0000] {logging_mixin.py:154} INFO - [2025-06-01T17:25:00.952+0000] {dag.py:3722} INFO - Setting next_dagrun for example_setup_teardown_taskflow to 2025-05-31T17:25:00.952532+00:00, run_after=2025-06-01T17:25:00.952532+00:00
[2025-06-01T17:25:00.969+0000] {processor.py:179} INFO - Processing /home/airflow/.local/lib/python3.8/site-packages/airflow/example_dags/example_setup_teardown_taskflow.py took 0.085 seconds
[2025-06-01T17:25:34.146+0000] {processor.py:157} INFO - Started process (PID=3193) to work on /home/airflow/.local/lib/python3.8/site-packages/airflow/example_dags/example_setup_teardown_taskflow.py
[2025-06-01T17:25:34.148+0000] {processor.py:829} INFO - Processing file /home/airflow/.local/lib/python3.8/site-packages/airflow/example_dags/example_setup_teardown_taskflow.py for tasks to queue
[2025-06-01T17:25:34.149+0000] {logging_mixin.py:154} INFO - [2025-06-01T17:25:34.148+0000] {dagbag.py:536} INFO - Filling up the DagBag from /home/airflow/.local/lib/python3.8/site-packages/airflow/example_dags/example_setup_teardown_taskflow.py
[2025-06-01T17:25:34.162+0000] {processor.py:839} INFO - DAG(s) dict_keys(['example_setup_teardown_taskflow']) retrieved from /home/airflow/.local/lib/python3.8/site-packages/airflow/example_dags/example_setup_teardown_taskflow.py
[2025-06-01T17:25:34.179+0000] {logging_mixin.py:154} INFO - [2025-06-01T17:25:34.179+0000] {dag.py:2941} INFO - Sync 1 DAGs
[2025-06-01T17:25:34.196+0000] {logging_mixin.py:154} INFO - [2025-06-01T17:25:34.196+0000] {dag.py:3722} INFO - Setting next_dagrun for example_setup_teardown_taskflow to 2025-05-31T17:25:34.196499+00:00, run_after=2025-06-01T17:25:34.196499+00:00
[2025-06-01T17:25:34.208+0000] {processor.py:179} INFO - Processing /home/airflow/.local/lib/python3.8/site-packages/airflow/example_dags/example_setup_teardown_taskflow.py took 0.065 seconds
[2025-06-01T17:26:07.421+0000] {processor.py:157} INFO - Started process (PID=3265) to work on /home/airflow/.local/lib/python3.8/site-packages/airflow/example_dags/example_setup_teardown_taskflow.py
[2025-06-01T17:26:07.422+0000] {processor.py:829} INFO - Processing file /home/airflow/.local/lib/python3.8/site-packages/airflow/example_dags/example_setup_teardown_taskflow.py for tasks to queue
[2025-06-01T17:26:07.423+0000] {logging_mixin.py:154} INFO - [2025-06-01T17:26:07.423+0000] {dagbag.py:536} INFO - Filling up the DagBag from /home/airflow/.local/lib/python3.8/site-packages/airflow/example_dags/example_setup_teardown_taskflow.py
[2025-06-01T17:26:07.431+0000] {processor.py:839} INFO - DAG(s) dict_keys(['example_setup_teardown_taskflow']) retrieved from /home/airflow/.local/lib/python3.8/site-packages/airflow/example_dags/example_setup_teardown_taskflow.py
[2025-06-01T17:26:07.447+0000] {logging_mixin.py:154} INFO - [2025-06-01T17:26:07.447+0000] {dag.py:2941} INFO - Sync 1 DAGs
[2025-06-01T17:26:07.462+0000] {logging_mixin.py:154} INFO - [2025-06-01T17:26:07.462+0000] {dag.py:3722} INFO - Setting next_dagrun for example_setup_teardown_taskflow to 2025-05-31T17:26:07.461860+00:00, run_after=2025-06-01T17:26:07.461860+00:00
[2025-06-01T17:26:07.473+0000] {processor.py:179} INFO - Processing /home/airflow/.local/lib/python3.8/site-packages/airflow/example_dags/example_setup_teardown_taskflow.py took 0.055 seconds
[2025-06-01T17:26:40.839+0000] {processor.py:157} INFO - Started process (PID=3329) to work on /home/airflow/.local/lib/python3.8/site-packages/airflow/example_dags/example_setup_teardown_taskflow.py
[2025-06-01T17:26:40.840+0000] {processor.py:829} INFO - Processing file /home/airflow/.local/lib/python3.8/site-packages/airflow/example_dags/example_setup_teardown_taskflow.py for tasks to queue
[2025-06-01T17:26:40.840+0000] {logging_mixin.py:154} INFO - [2025-06-01T17:26:40.840+0000] {dagbag.py:536} INFO - Filling up the DagBag from /home/airflow/.local/lib/python3.8/site-packages/airflow/example_dags/example_setup_teardown_taskflow.py
[2025-06-01T17:26:40.851+0000] {processor.py:839} INFO - DAG(s) dict_keys(['example_setup_teardown_taskflow']) retrieved from /home/airflow/.local/lib/python3.8/site-packages/airflow/example_dags/example_setup_teardown_taskflow.py
[2025-06-01T17:26:40.872+0000] {logging_mixin.py:154} INFO - [2025-06-01T17:26:40.872+0000] {dag.py:2941} INFO - Sync 1 DAGs
[2025-06-01T17:26:40.896+0000] {logging_mixin.py:154} INFO - [2025-06-01T17:26:40.895+0000] {dag.py:3722} INFO - Setting next_dagrun for example_setup_teardown_taskflow to 2025-05-31T17:26:40.895589+00:00, run_after=2025-06-01T17:26:40.895589+00:00
[2025-06-01T17:26:40.915+0000] {processor.py:179} INFO - Processing /home/airflow/.local/lib/python3.8/site-packages/airflow/example_dags/example_setup_teardown_taskflow.py took 0.080 seconds
[2025-06-01T17:27:14.262+0000] {processor.py:157} INFO - Started process (PID=3401) to work on /home/airflow/.local/lib/python3.8/site-packages/airflow/example_dags/example_setup_teardown_taskflow.py
[2025-06-01T17:27:14.263+0000] {processor.py:829} INFO - Processing file /home/airflow/.local/lib/python3.8/site-packages/airflow/example_dags/example_setup_teardown_taskflow.py for tasks to queue
[2025-06-01T17:27:14.264+0000] {logging_mixin.py:154} INFO - [2025-06-01T17:27:14.263+0000] {dagbag.py:536} INFO - Filling up the DagBag from /home/airflow/.local/lib/python3.8/site-packages/airflow/example_dags/example_setup_teardown_taskflow.py
[2025-06-01T17:27:14.271+0000] {processor.py:839} INFO - DAG(s) dict_keys(['example_setup_teardown_taskflow']) retrieved from /home/airflow/.local/lib/python3.8/site-packages/airflow/example_dags/example_setup_teardown_taskflow.py
[2025-06-01T17:27:14.287+0000] {logging_mixin.py:154} INFO - [2025-06-01T17:27:14.287+0000] {dag.py:2941} INFO - Sync 1 DAGs
[2025-06-01T17:27:14.301+0000] {logging_mixin.py:154} INFO - [2025-06-01T17:27:14.301+0000] {dag.py:3722} INFO - Setting next_dagrun for example_setup_teardown_taskflow to 2025-05-31T17:27:14.301435+00:00, run_after=2025-06-01T17:27:14.301435+00:00
[2025-06-01T17:27:14.313+0000] {processor.py:179} INFO - Processing /home/airflow/.local/lib/python3.8/site-packages/airflow/example_dags/example_setup_teardown_taskflow.py took 0.053 seconds
[2025-06-01T17:27:47.593+0000] {processor.py:157} INFO - Started process (PID=3473) to work on /home/airflow/.local/lib/python3.8/site-packages/airflow/example_dags/example_setup_teardown_taskflow.py
[2025-06-01T17:27:47.594+0000] {processor.py:829} INFO - Processing file /home/airflow/.local/lib/python3.8/site-packages/airflow/example_dags/example_setup_teardown_taskflow.py for tasks to queue
[2025-06-01T17:27:47.594+0000] {logging_mixin.py:154} INFO - [2025-06-01T17:27:47.594+0000] {dagbag.py:536} INFO - Filling up the DagBag from /home/airflow/.local/lib/python3.8/site-packages/airflow/example_dags/example_setup_teardown_taskflow.py
[2025-06-01T17:27:47.602+0000] {processor.py:839} INFO - DAG(s) dict_keys(['example_setup_teardown_taskflow']) retrieved from /home/airflow/.local/lib/python3.8/site-packages/airflow/example_dags/example_setup_teardown_taskflow.py
[2025-06-01T17:27:47.621+0000] {logging_mixin.py:154} INFO - [2025-06-01T17:27:47.620+0000] {dag.py:2941} INFO - Sync 1 DAGs
[2025-06-01T17:27:47.638+0000] {logging_mixin.py:154} INFO - [2025-06-01T17:27:47.638+0000] {dag.py:3722} INFO - Setting next_dagrun for example_setup_teardown_taskflow to 2025-05-31T17:27:47.638006+00:00, run_after=2025-06-01T17:27:47.638006+00:00
[2025-06-01T17:27:47.653+0000] {processor.py:179} INFO - Processing /home/airflow/.local/lib/python3.8/site-packages/airflow/example_dags/example_setup_teardown_taskflow.py took 0.063 seconds
[2025-06-01T17:28:21.035+0000] {processor.py:157} INFO - Started process (PID=3537) to work on /home/airflow/.local/lib/python3.8/site-packages/airflow/example_dags/example_setup_teardown_taskflow.py
[2025-06-01T17:28:21.037+0000] {processor.py:829} INFO - Processing file /home/airflow/.local/lib/python3.8/site-packages/airflow/example_dags/example_setup_teardown_taskflow.py for tasks to queue
[2025-06-01T17:28:21.037+0000] {logging_mixin.py:154} INFO - [2025-06-01T17:28:21.037+0000] {dagbag.py:536} INFO - Filling up the DagBag from /home/airflow/.local/lib/python3.8/site-packages/airflow/example_dags/example_setup_teardown_taskflow.py
[2025-06-01T17:28:21.044+0000] {processor.py:839} INFO - DAG(s) dict_keys(['example_setup_teardown_taskflow']) retrieved from /home/airflow/.local/lib/python3.8/site-packages/airflow/example_dags/example_setup_teardown_taskflow.py
[2025-06-01T17:28:21.060+0000] {logging_mixin.py:154} INFO - [2025-06-01T17:28:21.060+0000] {dag.py:2941} INFO - Sync 1 DAGs
[2025-06-01T17:28:21.074+0000] {logging_mixin.py:154} INFO - [2025-06-01T17:28:21.074+0000] {dag.py:3722} INFO - Setting next_dagrun for example_setup_teardown_taskflow to 2025-05-31T17:28:21.074574+00:00, run_after=2025-06-01T17:28:21.074574+00:00
[2025-06-01T17:28:21.087+0000] {processor.py:179} INFO - Processing /home/airflow/.local/lib/python3.8/site-packages/airflow/example_dags/example_setup_teardown_taskflow.py took 0.054 seconds
[2025-06-01T17:28:53.614+0000] {processor.py:157} INFO - Started process (PID=3609) to work on /home/airflow/.local/lib/python3.8/site-packages/airflow/example_dags/example_setup_teardown_taskflow.py
[2025-06-01T17:28:53.616+0000] {processor.py:829} INFO - Processing file /home/airflow/.local/lib/python3.8/site-packages/airflow/example_dags/example_setup_teardown_taskflow.py for tasks to queue
[2025-06-01T17:28:53.616+0000] {logging_mixin.py:154} INFO - [2025-06-01T17:28:53.616+0000] {dagbag.py:536} INFO - Filling up the DagBag from /home/airflow/.local/lib/python3.8/site-packages/airflow/example_dags/example_setup_teardown_taskflow.py
[2025-06-01T17:28:53.626+0000] {processor.py:839} INFO - DAG(s) dict_keys(['example_setup_teardown_taskflow']) retrieved from /home/airflow/.local/lib/python3.8/site-packages/airflow/example_dags/example_setup_teardown_taskflow.py
[2025-06-01T17:28:53.645+0000] {logging_mixin.py:154} INFO - [2025-06-01T17:28:53.645+0000] {dag.py:2941} INFO - Sync 1 DAGs
[2025-06-01T17:28:53.662+0000] {logging_mixin.py:154} INFO - [2025-06-01T17:28:53.662+0000] {dag.py:3722} INFO - Setting next_dagrun for example_setup_teardown_taskflow to 2025-05-31T17:28:53.662254+00:00, run_after=2025-06-01T17:28:53.662254+00:00
[2025-06-01T17:28:53.678+0000] {processor.py:179} INFO - Processing /home/airflow/.local/lib/python3.8/site-packages/airflow/example_dags/example_setup_teardown_taskflow.py took 0.067 seconds
