[2025-06-01T16:44:00.658+0000] {processor.py:153} INFO - Started process (PID=69) to work on /home/airflow/.local/lib/python3.7/site-packages/airflow/example_dags/example_skip_dag.py
[2025-06-01T16:44:00.659+0000] {processor.py:743} INFO - Processing file /home/airflow/.local/lib/python3.7/site-packages/airflow/example_dags/example_skip_dag.py for tasks to queue
[2025-06-01T16:44:00.659+0000] {logging_mixin.py:137} INFO - [2025-06-01T16:44:00.659+0000] {dagbag.py:538} INFO - Filling up the DagBag from /home/airflow/.local/lib/python3.7/site-packages/airflow/example_dags/example_skip_dag.py
[2025-06-01T16:44:00.674+0000] {processor.py:753} INFO - DAG(s) dict_keys(['example_skip_dag']) retrieved from /home/airflow/.local/lib/python3.7/site-packages/airflow/example_dags/example_skip_dag.py
[2025-06-01T16:44:00.700+0000] {logging_mixin.py:137} INFO - [2025-06-01T16:44:00.700+0000] {dag.py:2676} INFO - Sync 1 DAGs
[2025-06-01T16:44:00.726+0000] {logging_mixin.py:137} INFO - [2025-06-01T16:44:00.726+0000] {dag.py:3427} INFO - Setting next_dagrun for example_skip_dag to 2025-05-31T16:44:00.726002+00:00, run_after=2025-06-01T16:44:00.726002+00:00
[2025-06-01T16:44:00.746+0000] {processor.py:175} INFO - Processing /home/airflow/.local/lib/python3.7/site-packages/airflow/example_dags/example_skip_dag.py took 0.091 seconds
[2025-06-01T16:44:33.946+0000] {processor.py:153} INFO - Started process (PID=128) to work on /home/airflow/.local/lib/python3.7/site-packages/airflow/example_dags/example_skip_dag.py
[2025-06-01T16:44:33.948+0000] {processor.py:743} INFO - Processing file /home/airflow/.local/lib/python3.7/site-packages/airflow/example_dags/example_skip_dag.py for tasks to queue
[2025-06-01T16:44:33.948+0000] {logging_mixin.py:137} INFO - [2025-06-01T16:44:33.948+0000] {dagbag.py:538} INFO - Filling up the DagBag from /home/airflow/.local/lib/python3.7/site-packages/airflow/example_dags/example_skip_dag.py
[2025-06-01T16:44:33.959+0000] {processor.py:753} INFO - DAG(s) dict_keys(['example_skip_dag']) retrieved from /home/airflow/.local/lib/python3.7/site-packages/airflow/example_dags/example_skip_dag.py
[2025-06-01T16:44:33.989+0000] {logging_mixin.py:137} INFO - [2025-06-01T16:44:33.989+0000] {dag.py:2676} INFO - Sync 1 DAGs
[2025-06-01T16:44:34.006+0000] {logging_mixin.py:137} INFO - [2025-06-01T16:44:34.006+0000] {dag.py:3427} INFO - Setting next_dagrun for example_skip_dag to 2025-05-31T16:44:34.006604+00:00, run_after=2025-06-01T16:44:34.006604+00:00
[2025-06-01T16:44:34.020+0000] {processor.py:175} INFO - Processing /home/airflow/.local/lib/python3.7/site-packages/airflow/example_dags/example_skip_dag.py took 0.077 seconds
[2025-06-01T16:45:07.437+0000] {processor.py:153} INFO - Started process (PID=187) to work on /home/airflow/.local/lib/python3.7/site-packages/airflow/example_dags/example_skip_dag.py
[2025-06-01T16:45:07.439+0000] {processor.py:743} INFO - Processing file /home/airflow/.local/lib/python3.7/site-packages/airflow/example_dags/example_skip_dag.py for tasks to queue
[2025-06-01T16:45:07.439+0000] {logging_mixin.py:137} INFO - [2025-06-01T16:45:07.439+0000] {dagbag.py:538} INFO - Filling up the DagBag from /home/airflow/.local/lib/python3.7/site-packages/airflow/example_dags/example_skip_dag.py
[2025-06-01T16:45:07.451+0000] {processor.py:753} INFO - DAG(s) dict_keys(['example_skip_dag']) retrieved from /home/airflow/.local/lib/python3.7/site-packages/airflow/example_dags/example_skip_dag.py
[2025-06-01T16:45:07.484+0000] {logging_mixin.py:137} INFO - [2025-06-01T16:45:07.484+0000] {dag.py:2676} INFO - Sync 1 DAGs
[2025-06-01T16:45:07.504+0000] {logging_mixin.py:137} INFO - [2025-06-01T16:45:07.503+0000] {dag.py:3427} INFO - Setting next_dagrun for example_skip_dag to 2025-05-31T16:45:07.503346+00:00, run_after=2025-06-01T16:45:07.503346+00:00
[2025-06-01T16:45:07.518+0000] {processor.py:175} INFO - Processing /home/airflow/.local/lib/python3.7/site-packages/airflow/example_dags/example_skip_dag.py took 0.084 seconds
[2025-06-01T16:45:40.807+0000] {processor.py:153} INFO - Started process (PID=246) to work on /home/airflow/.local/lib/python3.7/site-packages/airflow/example_dags/example_skip_dag.py
[2025-06-01T16:45:40.808+0000] {processor.py:743} INFO - Processing file /home/airflow/.local/lib/python3.7/site-packages/airflow/example_dags/example_skip_dag.py for tasks to queue
[2025-06-01T16:45:40.809+0000] {logging_mixin.py:137} INFO - [2025-06-01T16:45:40.809+0000] {dagbag.py:538} INFO - Filling up the DagBag from /home/airflow/.local/lib/python3.7/site-packages/airflow/example_dags/example_skip_dag.py
[2025-06-01T16:45:40.820+0000] {processor.py:753} INFO - DAG(s) dict_keys(['example_skip_dag']) retrieved from /home/airflow/.local/lib/python3.7/site-packages/airflow/example_dags/example_skip_dag.py
[2025-06-01T16:45:40.847+0000] {logging_mixin.py:137} INFO - [2025-06-01T16:45:40.847+0000] {dag.py:2676} INFO - Sync 1 DAGs
[2025-06-01T16:45:40.863+0000] {logging_mixin.py:137} INFO - [2025-06-01T16:45:40.863+0000] {dag.py:3427} INFO - Setting next_dagrun for example_skip_dag to 2025-05-31T16:45:40.862886+00:00, run_after=2025-06-01T16:45:40.862886+00:00
[2025-06-01T16:45:40.878+0000] {processor.py:175} INFO - Processing /home/airflow/.local/lib/python3.7/site-packages/airflow/example_dags/example_skip_dag.py took 0.073 seconds
[2025-06-01T16:46:14.156+0000] {processor.py:153} INFO - Started process (PID=305) to work on /home/airflow/.local/lib/python3.7/site-packages/airflow/example_dags/example_skip_dag.py
[2025-06-01T16:46:14.157+0000] {processor.py:743} INFO - Processing file /home/airflow/.local/lib/python3.7/site-packages/airflow/example_dags/example_skip_dag.py for tasks to queue
[2025-06-01T16:46:14.157+0000] {logging_mixin.py:137} INFO - [2025-06-01T16:46:14.157+0000] {dagbag.py:538} INFO - Filling up the DagBag from /home/airflow/.local/lib/python3.7/site-packages/airflow/example_dags/example_skip_dag.py
[2025-06-01T16:46:14.168+0000] {processor.py:753} INFO - DAG(s) dict_keys(['example_skip_dag']) retrieved from /home/airflow/.local/lib/python3.7/site-packages/airflow/example_dags/example_skip_dag.py
[2025-06-01T16:46:14.197+0000] {logging_mixin.py:137} INFO - [2025-06-01T16:46:14.197+0000] {dag.py:2676} INFO - Sync 1 DAGs
[2025-06-01T16:46:14.217+0000] {logging_mixin.py:137} INFO - [2025-06-01T16:46:14.217+0000] {dag.py:3427} INFO - Setting next_dagrun for example_skip_dag to 2025-05-31T16:46:14.216832+00:00, run_after=2025-06-01T16:46:14.216832+00:00
[2025-06-01T16:46:14.231+0000] {processor.py:175} INFO - Processing /home/airflow/.local/lib/python3.7/site-packages/airflow/example_dags/example_skip_dag.py took 0.078 seconds
[2025-06-01T16:46:46.375+0000] {processor.py:153} INFO - Started process (PID=364) to work on /home/airflow/.local/lib/python3.7/site-packages/airflow/example_dags/example_skip_dag.py
[2025-06-01T16:46:46.376+0000] {processor.py:743} INFO - Processing file /home/airflow/.local/lib/python3.7/site-packages/airflow/example_dags/example_skip_dag.py for tasks to queue
[2025-06-01T16:46:46.376+0000] {logging_mixin.py:137} INFO - [2025-06-01T16:46:46.376+0000] {dagbag.py:538} INFO - Filling up the DagBag from /home/airflow/.local/lib/python3.7/site-packages/airflow/example_dags/example_skip_dag.py
[2025-06-01T16:46:46.387+0000] {processor.py:753} INFO - DAG(s) dict_keys(['example_skip_dag']) retrieved from /home/airflow/.local/lib/python3.7/site-packages/airflow/example_dags/example_skip_dag.py
[2025-06-01T16:46:46.414+0000] {logging_mixin.py:137} INFO - [2025-06-01T16:46:46.414+0000] {dag.py:2676} INFO - Sync 1 DAGs
[2025-06-01T16:46:46.431+0000] {logging_mixin.py:137} INFO - [2025-06-01T16:46:46.431+0000] {dag.py:3427} INFO - Setting next_dagrun for example_skip_dag to 2025-05-31T16:46:46.431456+00:00, run_after=2025-06-01T16:46:46.431456+00:00
[2025-06-01T16:46:46.444+0000] {processor.py:175} INFO - Processing /home/airflow/.local/lib/python3.7/site-packages/airflow/example_dags/example_skip_dag.py took 0.072 seconds
[2025-06-01T16:47:19.889+0000] {processor.py:153} INFO - Started process (PID=423) to work on /home/airflow/.local/lib/python3.7/site-packages/airflow/example_dags/example_skip_dag.py
[2025-06-01T16:47:19.891+0000] {processor.py:743} INFO - Processing file /home/airflow/.local/lib/python3.7/site-packages/airflow/example_dags/example_skip_dag.py for tasks to queue
[2025-06-01T16:47:19.891+0000] {logging_mixin.py:137} INFO - [2025-06-01T16:47:19.891+0000] {dagbag.py:538} INFO - Filling up the DagBag from /home/airflow/.local/lib/python3.7/site-packages/airflow/example_dags/example_skip_dag.py
[2025-06-01T16:47:19.902+0000] {processor.py:753} INFO - DAG(s) dict_keys(['example_skip_dag']) retrieved from /home/airflow/.local/lib/python3.7/site-packages/airflow/example_dags/example_skip_dag.py
[2025-06-01T16:47:19.929+0000] {logging_mixin.py:137} INFO - [2025-06-01T16:47:19.929+0000] {dag.py:2676} INFO - Sync 1 DAGs
[2025-06-01T16:47:19.946+0000] {logging_mixin.py:137} INFO - [2025-06-01T16:47:19.946+0000] {dag.py:3427} INFO - Setting next_dagrun for example_skip_dag to 2025-05-31T16:47:19.946253+00:00, run_after=2025-06-01T16:47:19.946253+00:00
[2025-06-01T16:47:19.958+0000] {processor.py:175} INFO - Processing /home/airflow/.local/lib/python3.7/site-packages/airflow/example_dags/example_skip_dag.py took 0.072 seconds
[2025-06-01T16:51:59.821+0000] {processor.py:157} INFO - Started process (PID=78) to work on /home/airflow/.local/lib/python3.8/site-packages/airflow/example_dags/example_skip_dag.py
[2025-06-01T16:51:59.822+0000] {processor.py:829} INFO - Processing file /home/airflow/.local/lib/python3.8/site-packages/airflow/example_dags/example_skip_dag.py for tasks to queue
[2025-06-01T16:51:59.825+0000] {logging_mixin.py:154} INFO - [2025-06-01T16:51:59.825+0000] {dagbag.py:536} INFO - Filling up the DagBag from /home/airflow/.local/lib/python3.8/site-packages/airflow/example_dags/example_skip_dag.py
[2025-06-01T16:51:59.833+0000] {processor.py:839} INFO - DAG(s) dict_keys(['example_skip_dag']) retrieved from /home/airflow/.local/lib/python3.8/site-packages/airflow/example_dags/example_skip_dag.py
[2025-06-01T16:51:59.847+0000] {logging_mixin.py:154} INFO - [2025-06-01T16:51:59.847+0000] {dag.py:2941} INFO - Sync 1 DAGs
[2025-06-01T16:51:59.865+0000] {logging_mixin.py:154} INFO - [2025-06-01T16:51:59.865+0000] {dag.py:3722} INFO - Setting next_dagrun for example_skip_dag to 2025-05-31T16:51:59.864894+00:00, run_after=2025-06-01T16:51:59.864894+00:00
[2025-06-01T16:51:59.881+0000] {processor.py:179} INFO - Processing /home/airflow/.local/lib/python3.8/site-packages/airflow/example_dags/example_skip_dag.py took 0.064 seconds
[2025-06-01T16:52:30.128+0000] {processor.py:157} INFO - Started process (PID=139) to work on /home/airflow/.local/lib/python3.8/site-packages/airflow/example_dags/example_skip_dag.py
[2025-06-01T16:52:30.129+0000] {processor.py:829} INFO - Processing file /home/airflow/.local/lib/python3.8/site-packages/airflow/example_dags/example_skip_dag.py for tasks to queue
[2025-06-01T16:52:30.130+0000] {logging_mixin.py:154} INFO - [2025-06-01T16:52:30.130+0000] {dagbag.py:536} INFO - Filling up the DagBag from /home/airflow/.local/lib/python3.8/site-packages/airflow/example_dags/example_skip_dag.py
[2025-06-01T16:52:30.136+0000] {processor.py:839} INFO - DAG(s) dict_keys(['example_skip_dag']) retrieved from /home/airflow/.local/lib/python3.8/site-packages/airflow/example_dags/example_skip_dag.py
[2025-06-01T16:52:30.153+0000] {logging_mixin.py:154} INFO - [2025-06-01T16:52:30.153+0000] {dag.py:2941} INFO - Sync 1 DAGs
[2025-06-01T16:52:30.167+0000] {logging_mixin.py:154} INFO - [2025-06-01T16:52:30.167+0000] {dag.py:3722} INFO - Setting next_dagrun for example_skip_dag to 2025-05-31T16:52:30.167541+00:00, run_after=2025-06-01T16:52:30.167541+00:00
[2025-06-01T16:52:30.180+0000] {processor.py:179} INFO - Processing /home/airflow/.local/lib/python3.8/site-packages/airflow/example_dags/example_skip_dag.py took 0.055 seconds
[2025-06-01T16:53:00.526+0000] {processor.py:157} INFO - Started process (PID=223) to work on /home/airflow/.local/lib/python3.8/site-packages/airflow/example_dags/example_skip_dag.py
[2025-06-01T16:53:00.527+0000] {processor.py:829} INFO - Processing file /home/airflow/.local/lib/python3.8/site-packages/airflow/example_dags/example_skip_dag.py for tasks to queue
[2025-06-01T16:53:00.529+0000] {logging_mixin.py:154} INFO - [2025-06-01T16:53:00.529+0000] {dagbag.py:536} INFO - Filling up the DagBag from /home/airflow/.local/lib/python3.8/site-packages/airflow/example_dags/example_skip_dag.py
[2025-06-01T16:53:00.534+0000] {processor.py:839} INFO - DAG(s) dict_keys(['example_skip_dag']) retrieved from /home/airflow/.local/lib/python3.8/site-packages/airflow/example_dags/example_skip_dag.py
[2025-06-01T16:53:00.552+0000] {logging_mixin.py:154} INFO - [2025-06-01T16:53:00.552+0000] {dag.py:2941} INFO - Sync 1 DAGs
[2025-06-01T16:53:00.569+0000] {logging_mixin.py:154} INFO - [2025-06-01T16:53:00.569+0000] {dag.py:3722} INFO - Setting next_dagrun for example_skip_dag to 2025-05-31T16:53:00.569016+00:00, run_after=2025-06-01T16:53:00.569016+00:00
[2025-06-01T16:53:00.583+0000] {processor.py:179} INFO - Processing /home/airflow/.local/lib/python3.8/site-packages/airflow/example_dags/example_skip_dag.py took 0.060 seconds
[2025-06-01T16:53:30.647+0000] {processor.py:157} INFO - Started process (PID=291) to work on /home/airflow/.local/lib/python3.8/site-packages/airflow/example_dags/example_skip_dag.py
[2025-06-01T16:53:30.648+0000] {processor.py:829} INFO - Processing file /home/airflow/.local/lib/python3.8/site-packages/airflow/example_dags/example_skip_dag.py for tasks to queue
[2025-06-01T16:53:30.650+0000] {logging_mixin.py:154} INFO - [2025-06-01T16:53:30.650+0000] {dagbag.py:536} INFO - Filling up the DagBag from /home/airflow/.local/lib/python3.8/site-packages/airflow/example_dags/example_skip_dag.py
[2025-06-01T16:53:30.655+0000] {processor.py:839} INFO - DAG(s) dict_keys(['example_skip_dag']) retrieved from /home/airflow/.local/lib/python3.8/site-packages/airflow/example_dags/example_skip_dag.py
[2025-06-01T16:53:30.671+0000] {logging_mixin.py:154} INFO - [2025-06-01T16:53:30.671+0000] {dag.py:2941} INFO - Sync 1 DAGs
[2025-06-01T16:53:30.687+0000] {logging_mixin.py:154} INFO - [2025-06-01T16:53:30.686+0000] {dag.py:3722} INFO - Setting next_dagrun for example_skip_dag to 2025-05-31T16:53:30.686655+00:00, run_after=2025-06-01T16:53:30.686655+00:00
[2025-06-01T16:53:30.699+0000] {processor.py:179} INFO - Processing /home/airflow/.local/lib/python3.8/site-packages/airflow/example_dags/example_skip_dag.py took 0.055 seconds
[2025-06-01T16:54:01.208+0000] {processor.py:157} INFO - Started process (PID=352) to work on /home/airflow/.local/lib/python3.8/site-packages/airflow/example_dags/example_skip_dag.py
[2025-06-01T16:54:01.209+0000] {processor.py:829} INFO - Processing file /home/airflow/.local/lib/python3.8/site-packages/airflow/example_dags/example_skip_dag.py for tasks to queue
[2025-06-01T16:54:01.211+0000] {logging_mixin.py:154} INFO - [2025-06-01T16:54:01.211+0000] {dagbag.py:536} INFO - Filling up the DagBag from /home/airflow/.local/lib/python3.8/site-packages/airflow/example_dags/example_skip_dag.py
[2025-06-01T16:54:01.216+0000] {processor.py:839} INFO - DAG(s) dict_keys(['example_skip_dag']) retrieved from /home/airflow/.local/lib/python3.8/site-packages/airflow/example_dags/example_skip_dag.py
[2025-06-01T16:54:01.234+0000] {logging_mixin.py:154} INFO - [2025-06-01T16:54:01.233+0000] {dag.py:2941} INFO - Sync 1 DAGs
[2025-06-01T16:54:01.251+0000] {logging_mixin.py:154} INFO - [2025-06-01T16:54:01.251+0000] {dag.py:3722} INFO - Setting next_dagrun for example_skip_dag to 2025-05-31T16:54:01.251067+00:00, run_after=2025-06-01T16:54:01.251067+00:00
[2025-06-01T16:54:01.266+0000] {processor.py:179} INFO - Processing /home/airflow/.local/lib/python3.8/site-packages/airflow/example_dags/example_skip_dag.py took 0.061 seconds
[2025-06-01T16:54:31.956+0000] {processor.py:157} INFO - Started process (PID=420) to work on /home/airflow/.local/lib/python3.8/site-packages/airflow/example_dags/example_skip_dag.py
[2025-06-01T16:54:31.957+0000] {processor.py:829} INFO - Processing file /home/airflow/.local/lib/python3.8/site-packages/airflow/example_dags/example_skip_dag.py for tasks to queue
[2025-06-01T16:54:31.959+0000] {logging_mixin.py:154} INFO - [2025-06-01T16:54:31.959+0000] {dagbag.py:536} INFO - Filling up the DagBag from /home/airflow/.local/lib/python3.8/site-packages/airflow/example_dags/example_skip_dag.py
[2025-06-01T16:54:31.964+0000] {processor.py:839} INFO - DAG(s) dict_keys(['example_skip_dag']) retrieved from /home/airflow/.local/lib/python3.8/site-packages/airflow/example_dags/example_skip_dag.py
[2025-06-01T16:54:31.980+0000] {logging_mixin.py:154} INFO - [2025-06-01T16:54:31.980+0000] {dag.py:2941} INFO - Sync 1 DAGs
[2025-06-01T16:54:31.994+0000] {logging_mixin.py:154} INFO - [2025-06-01T16:54:31.994+0000] {dag.py:3722} INFO - Setting next_dagrun for example_skip_dag to 2025-05-31T16:54:31.993969+00:00, run_after=2025-06-01T16:54:31.993969+00:00
[2025-06-01T16:54:32.005+0000] {processor.py:179} INFO - Processing /home/airflow/.local/lib/python3.8/site-packages/airflow/example_dags/example_skip_dag.py took 0.053 seconds
[2025-06-01T16:55:05.057+0000] {processor.py:157} INFO - Started process (PID=488) to work on /home/airflow/.local/lib/python3.8/site-packages/airflow/example_dags/example_skip_dag.py
[2025-06-01T16:55:05.058+0000] {processor.py:829} INFO - Processing file /home/airflow/.local/lib/python3.8/site-packages/airflow/example_dags/example_skip_dag.py for tasks to queue
[2025-06-01T16:55:05.059+0000] {logging_mixin.py:154} INFO - [2025-06-01T16:55:05.059+0000] {dagbag.py:536} INFO - Filling up the DagBag from /home/airflow/.local/lib/python3.8/site-packages/airflow/example_dags/example_skip_dag.py
[2025-06-01T16:55:05.064+0000] {processor.py:839} INFO - DAG(s) dict_keys(['example_skip_dag']) retrieved from /home/airflow/.local/lib/python3.8/site-packages/airflow/example_dags/example_skip_dag.py
[2025-06-01T16:55:05.084+0000] {logging_mixin.py:154} INFO - [2025-06-01T16:55:05.084+0000] {dag.py:2941} INFO - Sync 1 DAGs
[2025-06-01T16:55:05.101+0000] {logging_mixin.py:154} INFO - [2025-06-01T16:55:05.101+0000] {dag.py:3722} INFO - Setting next_dagrun for example_skip_dag to 2025-05-31T16:55:05.100907+00:00, run_after=2025-06-01T16:55:05.100907+00:00
[2025-06-01T16:55:05.113+0000] {processor.py:179} INFO - Processing /home/airflow/.local/lib/python3.8/site-packages/airflow/example_dags/example_skip_dag.py took 0.059 seconds
[2025-06-01T16:55:38.154+0000] {processor.py:157} INFO - Started process (PID=556) to work on /home/airflow/.local/lib/python3.8/site-packages/airflow/example_dags/example_skip_dag.py
[2025-06-01T16:55:38.155+0000] {processor.py:829} INFO - Processing file /home/airflow/.local/lib/python3.8/site-packages/airflow/example_dags/example_skip_dag.py for tasks to queue
[2025-06-01T16:55:38.157+0000] {logging_mixin.py:154} INFO - [2025-06-01T16:55:38.157+0000] {dagbag.py:536} INFO - Filling up the DagBag from /home/airflow/.local/lib/python3.8/site-packages/airflow/example_dags/example_skip_dag.py
[2025-06-01T16:55:38.161+0000] {processor.py:839} INFO - DAG(s) dict_keys(['example_skip_dag']) retrieved from /home/airflow/.local/lib/python3.8/site-packages/airflow/example_dags/example_skip_dag.py
[2025-06-01T16:55:38.178+0000] {logging_mixin.py:154} INFO - [2025-06-01T16:55:38.178+0000] {dag.py:2941} INFO - Sync 1 DAGs
[2025-06-01T16:55:38.195+0000] {logging_mixin.py:154} INFO - [2025-06-01T16:55:38.194+0000] {dag.py:3722} INFO - Setting next_dagrun for example_skip_dag to 2025-05-31T16:55:38.194642+00:00, run_after=2025-06-01T16:55:38.194642+00:00
[2025-06-01T16:55:38.208+0000] {processor.py:179} INFO - Processing /home/airflow/.local/lib/python3.8/site-packages/airflow/example_dags/example_skip_dag.py took 0.057 seconds
[2025-06-01T16:56:11.474+0000] {processor.py:157} INFO - Started process (PID=624) to work on /home/airflow/.local/lib/python3.8/site-packages/airflow/example_dags/example_skip_dag.py
[2025-06-01T16:56:11.475+0000] {processor.py:829} INFO - Processing file /home/airflow/.local/lib/python3.8/site-packages/airflow/example_dags/example_skip_dag.py for tasks to queue
[2025-06-01T16:56:11.476+0000] {logging_mixin.py:154} INFO - [2025-06-01T16:56:11.476+0000] {dagbag.py:536} INFO - Filling up the DagBag from /home/airflow/.local/lib/python3.8/site-packages/airflow/example_dags/example_skip_dag.py
[2025-06-01T16:56:11.481+0000] {processor.py:839} INFO - DAG(s) dict_keys(['example_skip_dag']) retrieved from /home/airflow/.local/lib/python3.8/site-packages/airflow/example_dags/example_skip_dag.py
[2025-06-01T16:56:11.498+0000] {logging_mixin.py:154} INFO - [2025-06-01T16:56:11.498+0000] {dag.py:2941} INFO - Sync 1 DAGs
[2025-06-01T16:56:11.513+0000] {logging_mixin.py:154} INFO - [2025-06-01T16:56:11.513+0000] {dag.py:3722} INFO - Setting next_dagrun for example_skip_dag to 2025-05-31T16:56:11.513514+00:00, run_after=2025-06-01T16:56:11.513514+00:00
[2025-06-01T16:56:11.527+0000] {processor.py:179} INFO - Processing /home/airflow/.local/lib/python3.8/site-packages/airflow/example_dags/example_skip_dag.py took 0.057 seconds
[2025-06-01T16:56:45.018+0000] {processor.py:157} INFO - Started process (PID=692) to work on /home/airflow/.local/lib/python3.8/site-packages/airflow/example_dags/example_skip_dag.py
[2025-06-01T16:56:45.019+0000] {processor.py:829} INFO - Processing file /home/airflow/.local/lib/python3.8/site-packages/airflow/example_dags/example_skip_dag.py for tasks to queue
[2025-06-01T16:56:45.020+0000] {logging_mixin.py:154} INFO - [2025-06-01T16:56:45.020+0000] {dagbag.py:536} INFO - Filling up the DagBag from /home/airflow/.local/lib/python3.8/site-packages/airflow/example_dags/example_skip_dag.py
[2025-06-01T16:56:45.025+0000] {processor.py:839} INFO - DAG(s) dict_keys(['example_skip_dag']) retrieved from /home/airflow/.local/lib/python3.8/site-packages/airflow/example_dags/example_skip_dag.py
[2025-06-01T16:56:45.040+0000] {logging_mixin.py:154} INFO - [2025-06-01T16:56:45.040+0000] {dag.py:2941} INFO - Sync 1 DAGs
[2025-06-01T16:56:45.055+0000] {logging_mixin.py:154} INFO - [2025-06-01T16:56:45.055+0000] {dag.py:3722} INFO - Setting next_dagrun for example_skip_dag to 2025-05-31T16:56:45.055050+00:00, run_after=2025-06-01T16:56:45.055050+00:00
[2025-06-01T16:56:45.068+0000] {processor.py:179} INFO - Processing /home/airflow/.local/lib/python3.8/site-packages/airflow/example_dags/example_skip_dag.py took 0.053 seconds
[2025-06-01T16:57:18.136+0000] {processor.py:157} INFO - Started process (PID=760) to work on /home/airflow/.local/lib/python3.8/site-packages/airflow/example_dags/example_skip_dag.py
[2025-06-01T16:57:18.137+0000] {processor.py:829} INFO - Processing file /home/airflow/.local/lib/python3.8/site-packages/airflow/example_dags/example_skip_dag.py for tasks to queue
[2025-06-01T16:57:18.139+0000] {logging_mixin.py:154} INFO - [2025-06-01T16:57:18.139+0000] {dagbag.py:536} INFO - Filling up the DagBag from /home/airflow/.local/lib/python3.8/site-packages/airflow/example_dags/example_skip_dag.py
[2025-06-01T16:57:18.146+0000] {processor.py:839} INFO - DAG(s) dict_keys(['example_skip_dag']) retrieved from /home/airflow/.local/lib/python3.8/site-packages/airflow/example_dags/example_skip_dag.py
[2025-06-01T16:57:18.164+0000] {logging_mixin.py:154} INFO - [2025-06-01T16:57:18.164+0000] {dag.py:2941} INFO - Sync 1 DAGs
[2025-06-01T16:57:18.179+0000] {logging_mixin.py:154} INFO - [2025-06-01T16:57:18.179+0000] {dag.py:3722} INFO - Setting next_dagrun for example_skip_dag to 2025-05-31T16:57:18.179467+00:00, run_after=2025-06-01T16:57:18.179467+00:00
[2025-06-01T16:57:18.193+0000] {processor.py:179} INFO - Processing /home/airflow/.local/lib/python3.8/site-packages/airflow/example_dags/example_skip_dag.py took 0.060 seconds
[2025-06-01T16:57:51.393+0000] {processor.py:157} INFO - Started process (PID=828) to work on /home/airflow/.local/lib/python3.8/site-packages/airflow/example_dags/example_skip_dag.py
[2025-06-01T16:57:51.394+0000] {processor.py:829} INFO - Processing file /home/airflow/.local/lib/python3.8/site-packages/airflow/example_dags/example_skip_dag.py for tasks to queue
[2025-06-01T16:57:51.395+0000] {logging_mixin.py:154} INFO - [2025-06-01T16:57:51.395+0000] {dagbag.py:536} INFO - Filling up the DagBag from /home/airflow/.local/lib/python3.8/site-packages/airflow/example_dags/example_skip_dag.py
[2025-06-01T16:57:51.400+0000] {processor.py:839} INFO - DAG(s) dict_keys(['example_skip_dag']) retrieved from /home/airflow/.local/lib/python3.8/site-packages/airflow/example_dags/example_skip_dag.py
[2025-06-01T16:57:51.416+0000] {logging_mixin.py:154} INFO - [2025-06-01T16:57:51.416+0000] {dag.py:2941} INFO - Sync 1 DAGs
[2025-06-01T16:57:51.430+0000] {logging_mixin.py:154} INFO - [2025-06-01T16:57:51.430+0000] {dag.py:3722} INFO - Setting next_dagrun for example_skip_dag to 2025-05-31T16:57:51.429887+00:00, run_after=2025-06-01T16:57:51.429887+00:00
[2025-06-01T16:57:51.442+0000] {processor.py:179} INFO - Processing /home/airflow/.local/lib/python3.8/site-packages/airflow/example_dags/example_skip_dag.py took 0.052 seconds
[2025-06-01T16:58:24.533+0000] {processor.py:157} INFO - Started process (PID=897) to work on /home/airflow/.local/lib/python3.8/site-packages/airflow/example_dags/example_skip_dag.py
[2025-06-01T16:58:24.534+0000] {processor.py:829} INFO - Processing file /home/airflow/.local/lib/python3.8/site-packages/airflow/example_dags/example_skip_dag.py for tasks to queue
[2025-06-01T16:58:24.536+0000] {logging_mixin.py:154} INFO - [2025-06-01T16:58:24.536+0000] {dagbag.py:536} INFO - Filling up the DagBag from /home/airflow/.local/lib/python3.8/site-packages/airflow/example_dags/example_skip_dag.py
[2025-06-01T16:58:24.542+0000] {processor.py:839} INFO - DAG(s) dict_keys(['example_skip_dag']) retrieved from /home/airflow/.local/lib/python3.8/site-packages/airflow/example_dags/example_skip_dag.py
[2025-06-01T16:58:24.558+0000] {logging_mixin.py:154} INFO - [2025-06-01T16:58:24.558+0000] {dag.py:2941} INFO - Sync 1 DAGs
[2025-06-01T16:58:24.574+0000] {logging_mixin.py:154} INFO - [2025-06-01T16:58:24.574+0000] {dag.py:3722} INFO - Setting next_dagrun for example_skip_dag to 2025-05-31T16:58:24.573871+00:00, run_after=2025-06-01T16:58:24.573871+00:00
[2025-06-01T16:58:24.586+0000] {processor.py:179} INFO - Processing /home/airflow/.local/lib/python3.8/site-packages/airflow/example_dags/example_skip_dag.py took 0.056 seconds
[2025-06-01T16:58:57.716+0000] {processor.py:157} INFO - Started process (PID=965) to work on /home/airflow/.local/lib/python3.8/site-packages/airflow/example_dags/example_skip_dag.py
[2025-06-01T16:58:57.717+0000] {processor.py:829} INFO - Processing file /home/airflow/.local/lib/python3.8/site-packages/airflow/example_dags/example_skip_dag.py for tasks to queue
[2025-06-01T16:58:57.718+0000] {logging_mixin.py:154} INFO - [2025-06-01T16:58:57.718+0000] {dagbag.py:536} INFO - Filling up the DagBag from /home/airflow/.local/lib/python3.8/site-packages/airflow/example_dags/example_skip_dag.py
[2025-06-01T16:58:57.723+0000] {processor.py:839} INFO - DAG(s) dict_keys(['example_skip_dag']) retrieved from /home/airflow/.local/lib/python3.8/site-packages/airflow/example_dags/example_skip_dag.py
[2025-06-01T16:58:57.740+0000] {logging_mixin.py:154} INFO - [2025-06-01T16:58:57.740+0000] {dag.py:2941} INFO - Sync 1 DAGs
[2025-06-01T16:58:57.756+0000] {logging_mixin.py:154} INFO - [2025-06-01T16:58:57.755+0000] {dag.py:3722} INFO - Setting next_dagrun for example_skip_dag to 2025-05-31T16:58:57.755758+00:00, run_after=2025-06-01T16:58:57.755758+00:00
[2025-06-01T16:58:57.768+0000] {processor.py:179} INFO - Processing /home/airflow/.local/lib/python3.8/site-packages/airflow/example_dags/example_skip_dag.py took 0.055 seconds
[2025-06-01T16:59:31.376+0000] {processor.py:157} INFO - Started process (PID=1033) to work on /home/airflow/.local/lib/python3.8/site-packages/airflow/example_dags/example_skip_dag.py
[2025-06-01T16:59:31.377+0000] {processor.py:829} INFO - Processing file /home/airflow/.local/lib/python3.8/site-packages/airflow/example_dags/example_skip_dag.py for tasks to queue
[2025-06-01T16:59:31.379+0000] {logging_mixin.py:154} INFO - [2025-06-01T16:59:31.379+0000] {dagbag.py:536} INFO - Filling up the DagBag from /home/airflow/.local/lib/python3.8/site-packages/airflow/example_dags/example_skip_dag.py
[2025-06-01T16:59:31.384+0000] {processor.py:839} INFO - DAG(s) dict_keys(['example_skip_dag']) retrieved from /home/airflow/.local/lib/python3.8/site-packages/airflow/example_dags/example_skip_dag.py
[2025-06-01T16:59:31.401+0000] {logging_mixin.py:154} INFO - [2025-06-01T16:59:31.401+0000] {dag.py:2941} INFO - Sync 1 DAGs
[2025-06-01T16:59:31.418+0000] {logging_mixin.py:154} INFO - [2025-06-01T16:59:31.418+0000] {dag.py:3722} INFO - Setting next_dagrun for example_skip_dag to 2025-05-31T16:59:31.418541+00:00, run_after=2025-06-01T16:59:31.418541+00:00
[2025-06-01T16:59:31.431+0000] {processor.py:179} INFO - Processing /home/airflow/.local/lib/python3.8/site-packages/airflow/example_dags/example_skip_dag.py took 0.058 seconds
[2025-06-01T17:00:38.522+0000] {processor.py:157} INFO - Started process (PID=74) to work on /home/airflow/.local/lib/python3.8/site-packages/airflow/example_dags/example_skip_dag.py
[2025-06-01T17:00:38.524+0000] {processor.py:829} INFO - Processing file /home/airflow/.local/lib/python3.8/site-packages/airflow/example_dags/example_skip_dag.py for tasks to queue
[2025-06-01T17:00:38.526+0000] {logging_mixin.py:154} INFO - [2025-06-01T17:00:38.526+0000] {dagbag.py:536} INFO - Filling up the DagBag from /home/airflow/.local/lib/python3.8/site-packages/airflow/example_dags/example_skip_dag.py
[2025-06-01T17:00:38.536+0000] {processor.py:839} INFO - DAG(s) dict_keys(['example_skip_dag']) retrieved from /home/airflow/.local/lib/python3.8/site-packages/airflow/example_dags/example_skip_dag.py
[2025-06-01T17:00:38.552+0000] {logging_mixin.py:154} INFO - [2025-06-01T17:00:38.551+0000] {dag.py:2941} INFO - Sync 1 DAGs
[2025-06-01T17:00:38.583+0000] {logging_mixin.py:154} INFO - [2025-06-01T17:00:38.583+0000] {dag.py:3722} INFO - Setting next_dagrun for example_skip_dag to 2025-05-31T17:00:38.583044+00:00, run_after=2025-06-01T17:00:38.583044+00:00
[2025-06-01T17:00:38.605+0000] {processor.py:179} INFO - Processing /home/airflow/.local/lib/python3.8/site-packages/airflow/example_dags/example_skip_dag.py took 0.090 seconds
[2025-06-01T17:01:11.005+0000] {processor.py:157} INFO - Started process (PID=137) to work on /home/airflow/.local/lib/python3.8/site-packages/airflow/example_dags/example_skip_dag.py
[2025-06-01T17:01:11.006+0000] {processor.py:829} INFO - Processing file /home/airflow/.local/lib/python3.8/site-packages/airflow/example_dags/example_skip_dag.py for tasks to queue
[2025-06-01T17:01:11.008+0000] {logging_mixin.py:154} INFO - [2025-06-01T17:01:11.008+0000] {dagbag.py:536} INFO - Filling up the DagBag from /home/airflow/.local/lib/python3.8/site-packages/airflow/example_dags/example_skip_dag.py
[2025-06-01T17:01:11.013+0000] {processor.py:839} INFO - DAG(s) dict_keys(['example_skip_dag']) retrieved from /home/airflow/.local/lib/python3.8/site-packages/airflow/example_dags/example_skip_dag.py
[2025-06-01T17:01:11.032+0000] {logging_mixin.py:154} INFO - [2025-06-01T17:01:11.031+0000] {dag.py:2941} INFO - Sync 1 DAGs
[2025-06-01T17:01:11.048+0000] {logging_mixin.py:154} INFO - [2025-06-01T17:01:11.048+0000] {dag.py:3722} INFO - Setting next_dagrun for example_skip_dag to 2025-05-31T17:01:11.047798+00:00, run_after=2025-06-01T17:01:11.047798+00:00
[2025-06-01T17:01:11.061+0000] {processor.py:179} INFO - Processing /home/airflow/.local/lib/python3.8/site-packages/airflow/example_dags/example_skip_dag.py took 0.060 seconds
[2025-06-01T17:01:44.442+0000] {processor.py:157} INFO - Started process (PID=208) to work on /home/airflow/.local/lib/python3.8/site-packages/airflow/example_dags/example_skip_dag.py
[2025-06-01T17:01:44.443+0000] {processor.py:829} INFO - Processing file /home/airflow/.local/lib/python3.8/site-packages/airflow/example_dags/example_skip_dag.py for tasks to queue
[2025-06-01T17:01:44.444+0000] {logging_mixin.py:154} INFO - [2025-06-01T17:01:44.444+0000] {dagbag.py:536} INFO - Filling up the DagBag from /home/airflow/.local/lib/python3.8/site-packages/airflow/example_dags/example_skip_dag.py
[2025-06-01T17:01:44.449+0000] {processor.py:839} INFO - DAG(s) dict_keys(['example_skip_dag']) retrieved from /home/airflow/.local/lib/python3.8/site-packages/airflow/example_dags/example_skip_dag.py
[2025-06-01T17:01:44.468+0000] {logging_mixin.py:154} INFO - [2025-06-01T17:01:44.468+0000] {dag.py:2941} INFO - Sync 1 DAGs
[2025-06-01T17:01:44.483+0000] {logging_mixin.py:154} INFO - [2025-06-01T17:01:44.483+0000] {dag.py:3722} INFO - Setting next_dagrun for example_skip_dag to 2025-05-31T17:01:44.483268+00:00, run_after=2025-06-01T17:01:44.483268+00:00
[2025-06-01T17:01:44.497+0000] {processor.py:179} INFO - Processing /home/airflow/.local/lib/python3.8/site-packages/airflow/example_dags/example_skip_dag.py took 0.059 seconds
[2025-06-01T17:02:16.955+0000] {processor.py:157} INFO - Started process (PID=271) to work on /home/airflow/.local/lib/python3.8/site-packages/airflow/example_dags/example_skip_dag.py
[2025-06-01T17:02:16.956+0000] {processor.py:829} INFO - Processing file /home/airflow/.local/lib/python3.8/site-packages/airflow/example_dags/example_skip_dag.py for tasks to queue
[2025-06-01T17:02:16.958+0000] {logging_mixin.py:154} INFO - [2025-06-01T17:02:16.958+0000] {dagbag.py:536} INFO - Filling up the DagBag from /home/airflow/.local/lib/python3.8/site-packages/airflow/example_dags/example_skip_dag.py
[2025-06-01T17:02:16.963+0000] {processor.py:839} INFO - DAG(s) dict_keys(['example_skip_dag']) retrieved from /home/airflow/.local/lib/python3.8/site-packages/airflow/example_dags/example_skip_dag.py
[2025-06-01T17:02:16.982+0000] {logging_mixin.py:154} INFO - [2025-06-01T17:02:16.981+0000] {dag.py:2941} INFO - Sync 1 DAGs
[2025-06-01T17:02:16.998+0000] {logging_mixin.py:154} INFO - [2025-06-01T17:02:16.998+0000] {dag.py:3722} INFO - Setting next_dagrun for example_skip_dag to 2025-05-31T17:02:16.998254+00:00, run_after=2025-06-01T17:02:16.998254+00:00
[2025-06-01T17:02:17.013+0000] {processor.py:179} INFO - Processing /home/airflow/.local/lib/python3.8/site-packages/airflow/example_dags/example_skip_dag.py took 0.060 seconds
[2025-06-01T17:02:50.447+0000] {processor.py:157} INFO - Started process (PID=342) to work on /home/airflow/.local/lib/python3.8/site-packages/airflow/example_dags/example_skip_dag.py
[2025-06-01T17:02:50.449+0000] {processor.py:829} INFO - Processing file /home/airflow/.local/lib/python3.8/site-packages/airflow/example_dags/example_skip_dag.py for tasks to queue
[2025-06-01T17:02:50.451+0000] {logging_mixin.py:154} INFO - [2025-06-01T17:02:50.450+0000] {dagbag.py:536} INFO - Filling up the DagBag from /home/airflow/.local/lib/python3.8/site-packages/airflow/example_dags/example_skip_dag.py
[2025-06-01T17:02:50.456+0000] {processor.py:839} INFO - DAG(s) dict_keys(['example_skip_dag']) retrieved from /home/airflow/.local/lib/python3.8/site-packages/airflow/example_dags/example_skip_dag.py
[2025-06-01T17:02:50.474+0000] {logging_mixin.py:154} INFO - [2025-06-01T17:02:50.474+0000] {dag.py:2941} INFO - Sync 1 DAGs
[2025-06-01T17:02:50.489+0000] {logging_mixin.py:154} INFO - [2025-06-01T17:02:50.489+0000] {dag.py:3722} INFO - Setting next_dagrun for example_skip_dag to 2025-05-31T17:02:50.488870+00:00, run_after=2025-06-01T17:02:50.488870+00:00
[2025-06-01T17:02:50.501+0000] {processor.py:179} INFO - Processing /home/airflow/.local/lib/python3.8/site-packages/airflow/example_dags/example_skip_dag.py took 0.057 seconds
[2025-06-01T17:03:23.832+0000] {processor.py:157} INFO - Started process (PID=405) to work on /home/airflow/.local/lib/python3.8/site-packages/airflow/example_dags/example_skip_dag.py
[2025-06-01T17:03:23.833+0000] {processor.py:829} INFO - Processing file /home/airflow/.local/lib/python3.8/site-packages/airflow/example_dags/example_skip_dag.py for tasks to queue
[2025-06-01T17:03:23.835+0000] {logging_mixin.py:154} INFO - [2025-06-01T17:03:23.835+0000] {dagbag.py:536} INFO - Filling up the DagBag from /home/airflow/.local/lib/python3.8/site-packages/airflow/example_dags/example_skip_dag.py
[2025-06-01T17:03:23.840+0000] {processor.py:839} INFO - DAG(s) dict_keys(['example_skip_dag']) retrieved from /home/airflow/.local/lib/python3.8/site-packages/airflow/example_dags/example_skip_dag.py
[2025-06-01T17:03:23.857+0000] {logging_mixin.py:154} INFO - [2025-06-01T17:03:23.857+0000] {dag.py:2941} INFO - Sync 1 DAGs
[2025-06-01T17:03:23.873+0000] {logging_mixin.py:154} INFO - [2025-06-01T17:03:23.873+0000] {dag.py:3722} INFO - Setting next_dagrun for example_skip_dag to 2025-05-31T17:03:23.872811+00:00, run_after=2025-06-01T17:03:23.872811+00:00
[2025-06-01T17:03:23.886+0000] {processor.py:179} INFO - Processing /home/airflow/.local/lib/python3.8/site-packages/airflow/example_dags/example_skip_dag.py took 0.057 seconds
[2025-06-01T17:03:57.529+0000] {processor.py:157} INFO - Started process (PID=476) to work on /home/airflow/.local/lib/python3.8/site-packages/airflow/example_dags/example_skip_dag.py
[2025-06-01T17:03:57.530+0000] {processor.py:829} INFO - Processing file /home/airflow/.local/lib/python3.8/site-packages/airflow/example_dags/example_skip_dag.py for tasks to queue
[2025-06-01T17:03:57.532+0000] {logging_mixin.py:154} INFO - [2025-06-01T17:03:57.532+0000] {dagbag.py:536} INFO - Filling up the DagBag from /home/airflow/.local/lib/python3.8/site-packages/airflow/example_dags/example_skip_dag.py
[2025-06-01T17:03:57.537+0000] {processor.py:839} INFO - DAG(s) dict_keys(['example_skip_dag']) retrieved from /home/airflow/.local/lib/python3.8/site-packages/airflow/example_dags/example_skip_dag.py
[2025-06-01T17:03:57.556+0000] {logging_mixin.py:154} INFO - [2025-06-01T17:03:57.556+0000] {dag.py:2941} INFO - Sync 1 DAGs
[2025-06-01T17:03:57.574+0000] {logging_mixin.py:154} INFO - [2025-06-01T17:03:57.574+0000] {dag.py:3722} INFO - Setting next_dagrun for example_skip_dag to 2025-05-31T17:03:57.573797+00:00, run_after=2025-06-01T17:03:57.573797+00:00
[2025-06-01T17:03:57.588+0000] {processor.py:179} INFO - Processing /home/airflow/.local/lib/python3.8/site-packages/airflow/example_dags/example_skip_dag.py took 0.062 seconds
[2025-06-01T17:04:30.135+0000] {processor.py:157} INFO - Started process (PID=539) to work on /home/airflow/.local/lib/python3.8/site-packages/airflow/example_dags/example_skip_dag.py
[2025-06-01T17:04:30.136+0000] {processor.py:829} INFO - Processing file /home/airflow/.local/lib/python3.8/site-packages/airflow/example_dags/example_skip_dag.py for tasks to queue
[2025-06-01T17:04:30.138+0000] {logging_mixin.py:154} INFO - [2025-06-01T17:04:30.138+0000] {dagbag.py:536} INFO - Filling up the DagBag from /home/airflow/.local/lib/python3.8/site-packages/airflow/example_dags/example_skip_dag.py
[2025-06-01T17:04:30.144+0000] {processor.py:839} INFO - DAG(s) dict_keys(['example_skip_dag']) retrieved from /home/airflow/.local/lib/python3.8/site-packages/airflow/example_dags/example_skip_dag.py
[2025-06-01T17:04:30.163+0000] {logging_mixin.py:154} INFO - [2025-06-01T17:04:30.162+0000] {dag.py:2941} INFO - Sync 1 DAGs
[2025-06-01T17:04:30.179+0000] {logging_mixin.py:154} INFO - [2025-06-01T17:04:30.178+0000] {dag.py:3722} INFO - Setting next_dagrun for example_skip_dag to 2025-05-31T17:04:30.178681+00:00, run_after=2025-06-01T17:04:30.178681+00:00
[2025-06-01T17:04:30.192+0000] {processor.py:179} INFO - Processing /home/airflow/.local/lib/python3.8/site-packages/airflow/example_dags/example_skip_dag.py took 0.060 seconds
[2025-06-01T17:05:03.455+0000] {processor.py:157} INFO - Started process (PID=610) to work on /home/airflow/.local/lib/python3.8/site-packages/airflow/example_dags/example_skip_dag.py
[2025-06-01T17:05:03.457+0000] {processor.py:829} INFO - Processing file /home/airflow/.local/lib/python3.8/site-packages/airflow/example_dags/example_skip_dag.py for tasks to queue
[2025-06-01T17:05:03.459+0000] {logging_mixin.py:154} INFO - [2025-06-01T17:05:03.458+0000] {dagbag.py:536} INFO - Filling up the DagBag from /home/airflow/.local/lib/python3.8/site-packages/airflow/example_dags/example_skip_dag.py
[2025-06-01T17:05:03.464+0000] {processor.py:839} INFO - DAG(s) dict_keys(['example_skip_dag']) retrieved from /home/airflow/.local/lib/python3.8/site-packages/airflow/example_dags/example_skip_dag.py
[2025-06-01T17:05:03.481+0000] {logging_mixin.py:154} INFO - [2025-06-01T17:05:03.480+0000] {dag.py:2941} INFO - Sync 1 DAGs
[2025-06-01T17:05:03.496+0000] {logging_mixin.py:154} INFO - [2025-06-01T17:05:03.495+0000] {dag.py:3722} INFO - Setting next_dagrun for example_skip_dag to 2025-05-31T17:05:03.495648+00:00, run_after=2025-06-01T17:05:03.495648+00:00
[2025-06-01T17:05:03.508+0000] {processor.py:179} INFO - Processing /home/airflow/.local/lib/python3.8/site-packages/airflow/example_dags/example_skip_dag.py took 0.055 seconds
[2025-06-01T17:05:36.969+0000] {processor.py:157} INFO - Started process (PID=674) to work on /home/airflow/.local/lib/python3.8/site-packages/airflow/example_dags/example_skip_dag.py
[2025-06-01T17:05:36.970+0000] {processor.py:829} INFO - Processing file /home/airflow/.local/lib/python3.8/site-packages/airflow/example_dags/example_skip_dag.py for tasks to queue
[2025-06-01T17:05:36.970+0000] {logging_mixin.py:154} INFO - [2025-06-01T17:05:36.970+0000] {dagbag.py:536} INFO - Filling up the DagBag from /home/airflow/.local/lib/python3.8/site-packages/airflow/example_dags/example_skip_dag.py
[2025-06-01T17:05:36.978+0000] {processor.py:839} INFO - DAG(s) dict_keys(['example_skip_dag']) retrieved from /home/airflow/.local/lib/python3.8/site-packages/airflow/example_dags/example_skip_dag.py
[2025-06-01T17:05:36.996+0000] {logging_mixin.py:154} INFO - [2025-06-01T17:05:36.996+0000] {dag.py:2941} INFO - Sync 1 DAGs
[2025-06-01T17:05:37.012+0000] {logging_mixin.py:154} INFO - [2025-06-01T17:05:37.012+0000] {dag.py:3722} INFO - Setting next_dagrun for example_skip_dag to 2025-05-31T17:05:37.012507+00:00, run_after=2025-06-01T17:05:37.012507+00:00
[2025-06-01T17:05:37.030+0000] {processor.py:179} INFO - Processing /home/airflow/.local/lib/python3.8/site-packages/airflow/example_dags/example_skip_dag.py took 0.064 seconds
[2025-06-01T17:06:09.745+0000] {processor.py:157} INFO - Started process (PID=746) to work on /home/airflow/.local/lib/python3.8/site-packages/airflow/example_dags/example_skip_dag.py
[2025-06-01T17:06:09.746+0000] {processor.py:829} INFO - Processing file /home/airflow/.local/lib/python3.8/site-packages/airflow/example_dags/example_skip_dag.py for tasks to queue
[2025-06-01T17:06:09.746+0000] {logging_mixin.py:154} INFO - [2025-06-01T17:06:09.746+0000] {dagbag.py:536} INFO - Filling up the DagBag from /home/airflow/.local/lib/python3.8/site-packages/airflow/example_dags/example_skip_dag.py
[2025-06-01T17:06:09.753+0000] {processor.py:839} INFO - DAG(s) dict_keys(['example_skip_dag']) retrieved from /home/airflow/.local/lib/python3.8/site-packages/airflow/example_dags/example_skip_dag.py
[2025-06-01T17:06:09.769+0000] {logging_mixin.py:154} INFO - [2025-06-01T17:06:09.769+0000] {dag.py:2941} INFO - Sync 1 DAGs
[2025-06-01T17:06:09.785+0000] {logging_mixin.py:154} INFO - [2025-06-01T17:06:09.784+0000] {dag.py:3722} INFO - Setting next_dagrun for example_skip_dag to 2025-05-31T17:06:09.784669+00:00, run_after=2025-06-01T17:06:09.784669+00:00
[2025-06-01T17:06:09.799+0000] {processor.py:179} INFO - Processing /home/airflow/.local/lib/python3.8/site-packages/airflow/example_dags/example_skip_dag.py took 0.057 seconds
[2025-06-01T17:06:43.351+0000] {processor.py:157} INFO - Started process (PID=817) to work on /home/airflow/.local/lib/python3.8/site-packages/airflow/example_dags/example_skip_dag.py
[2025-06-01T17:06:43.353+0000] {processor.py:829} INFO - Processing file /home/airflow/.local/lib/python3.8/site-packages/airflow/example_dags/example_skip_dag.py for tasks to queue
[2025-06-01T17:06:43.353+0000] {logging_mixin.py:154} INFO - [2025-06-01T17:06:43.353+0000] {dagbag.py:536} INFO - Filling up the DagBag from /home/airflow/.local/lib/python3.8/site-packages/airflow/example_dags/example_skip_dag.py
[2025-06-01T17:06:43.360+0000] {processor.py:839} INFO - DAG(s) dict_keys(['example_skip_dag']) retrieved from /home/airflow/.local/lib/python3.8/site-packages/airflow/example_dags/example_skip_dag.py
[2025-06-01T17:06:43.377+0000] {logging_mixin.py:154} INFO - [2025-06-01T17:06:43.377+0000] {dag.py:2941} INFO - Sync 1 DAGs
[2025-06-01T17:06:43.394+0000] {logging_mixin.py:154} INFO - [2025-06-01T17:06:43.394+0000] {dag.py:3722} INFO - Setting next_dagrun for example_skip_dag to 2025-05-31T17:06:43.394338+00:00, run_after=2025-06-01T17:06:43.394338+00:00
[2025-06-01T17:06:43.408+0000] {processor.py:179} INFO - Processing /home/airflow/.local/lib/python3.8/site-packages/airflow/example_dags/example_skip_dag.py took 0.059 seconds
[2025-06-01T17:07:16.849+0000] {processor.py:157} INFO - Started process (PID=883) to work on /home/airflow/.local/lib/python3.8/site-packages/airflow/example_dags/example_skip_dag.py
[2025-06-01T17:07:16.851+0000] {processor.py:829} INFO - Processing file /home/airflow/.local/lib/python3.8/site-packages/airflow/example_dags/example_skip_dag.py for tasks to queue
[2025-06-01T17:07:16.851+0000] {logging_mixin.py:154} INFO - [2025-06-01T17:07:16.851+0000] {dagbag.py:536} INFO - Filling up the DagBag from /home/airflow/.local/lib/python3.8/site-packages/airflow/example_dags/example_skip_dag.py
[2025-06-01T17:07:16.858+0000] {processor.py:839} INFO - DAG(s) dict_keys(['example_skip_dag']) retrieved from /home/airflow/.local/lib/python3.8/site-packages/airflow/example_dags/example_skip_dag.py
[2025-06-01T17:07:16.878+0000] {logging_mixin.py:154} INFO - [2025-06-01T17:07:16.878+0000] {dag.py:2941} INFO - Sync 1 DAGs
[2025-06-01T17:07:16.894+0000] {logging_mixin.py:154} INFO - [2025-06-01T17:07:16.893+0000] {dag.py:3722} INFO - Setting next_dagrun for example_skip_dag to 2025-05-31T17:07:16.893637+00:00, run_after=2025-06-01T17:07:16.893637+00:00
[2025-06-01T17:07:16.908+0000] {processor.py:179} INFO - Processing /home/airflow/.local/lib/python3.8/site-packages/airflow/example_dags/example_skip_dag.py took 0.062 seconds
[2025-06-01T17:07:49.899+0000] {processor.py:157} INFO - Started process (PID=955) to work on /home/airflow/.local/lib/python3.8/site-packages/airflow/example_dags/example_skip_dag.py
[2025-06-01T17:07:49.900+0000] {processor.py:829} INFO - Processing file /home/airflow/.local/lib/python3.8/site-packages/airflow/example_dags/example_skip_dag.py for tasks to queue
[2025-06-01T17:07:49.900+0000] {logging_mixin.py:154} INFO - [2025-06-01T17:07:49.900+0000] {dagbag.py:536} INFO - Filling up the DagBag from /home/airflow/.local/lib/python3.8/site-packages/airflow/example_dags/example_skip_dag.py
[2025-06-01T17:07:49.907+0000] {processor.py:839} INFO - DAG(s) dict_keys(['example_skip_dag']) retrieved from /home/airflow/.local/lib/python3.8/site-packages/airflow/example_dags/example_skip_dag.py
[2025-06-01T17:07:49.930+0000] {logging_mixin.py:154} INFO - [2025-06-01T17:07:49.930+0000] {dag.py:2941} INFO - Sync 1 DAGs
[2025-06-01T17:07:49.955+0000] {logging_mixin.py:154} INFO - [2025-06-01T17:07:49.954+0000] {dag.py:3722} INFO - Setting next_dagrun for example_skip_dag to 2025-05-31T17:07:49.954625+00:00, run_after=2025-06-01T17:07:49.954625+00:00
[2025-06-01T17:07:49.970+0000] {processor.py:179} INFO - Processing /home/airflow/.local/lib/python3.8/site-packages/airflow/example_dags/example_skip_dag.py took 0.074 seconds
[2025-06-01T17:08:22.521+0000] {processor.py:157} INFO - Started process (PID=1019) to work on /home/airflow/.local/lib/python3.8/site-packages/airflow/example_dags/example_skip_dag.py
[2025-06-01T17:08:22.522+0000] {processor.py:829} INFO - Processing file /home/airflow/.local/lib/python3.8/site-packages/airflow/example_dags/example_skip_dag.py for tasks to queue
[2025-06-01T17:08:22.523+0000] {logging_mixin.py:154} INFO - [2025-06-01T17:08:22.523+0000] {dagbag.py:536} INFO - Filling up the DagBag from /home/airflow/.local/lib/python3.8/site-packages/airflow/example_dags/example_skip_dag.py
[2025-06-01T17:08:22.529+0000] {processor.py:839} INFO - DAG(s) dict_keys(['example_skip_dag']) retrieved from /home/airflow/.local/lib/python3.8/site-packages/airflow/example_dags/example_skip_dag.py
[2025-06-01T17:08:22.547+0000] {logging_mixin.py:154} INFO - [2025-06-01T17:08:22.547+0000] {dag.py:2941} INFO - Sync 1 DAGs
[2025-06-01T17:08:22.562+0000] {logging_mixin.py:154} INFO - [2025-06-01T17:08:22.562+0000] {dag.py:3722} INFO - Setting next_dagrun for example_skip_dag to 2025-05-31T17:08:22.562421+00:00, run_after=2025-06-01T17:08:22.562421+00:00
[2025-06-01T17:08:22.575+0000] {processor.py:179} INFO - Processing /home/airflow/.local/lib/python3.8/site-packages/airflow/example_dags/example_skip_dag.py took 0.057 seconds
[2025-06-01T17:08:56.058+0000] {processor.py:157} INFO - Started process (PID=1091) to work on /home/airflow/.local/lib/python3.8/site-packages/airflow/example_dags/example_skip_dag.py
[2025-06-01T17:08:56.059+0000] {processor.py:829} INFO - Processing file /home/airflow/.local/lib/python3.8/site-packages/airflow/example_dags/example_skip_dag.py for tasks to queue
[2025-06-01T17:08:56.059+0000] {logging_mixin.py:154} INFO - [2025-06-01T17:08:56.059+0000] {dagbag.py:536} INFO - Filling up the DagBag from /home/airflow/.local/lib/python3.8/site-packages/airflow/example_dags/example_skip_dag.py
[2025-06-01T17:08:56.065+0000] {processor.py:839} INFO - DAG(s) dict_keys(['example_skip_dag']) retrieved from /home/airflow/.local/lib/python3.8/site-packages/airflow/example_dags/example_skip_dag.py
[2025-06-01T17:08:56.082+0000] {logging_mixin.py:154} INFO - [2025-06-01T17:08:56.081+0000] {dag.py:2941} INFO - Sync 1 DAGs
[2025-06-01T17:08:56.097+0000] {logging_mixin.py:154} INFO - [2025-06-01T17:08:56.097+0000] {dag.py:3722} INFO - Setting next_dagrun for example_skip_dag to 2025-05-31T17:08:56.096824+00:00, run_after=2025-06-01T17:08:56.096824+00:00
[2025-06-01T17:08:56.110+0000] {processor.py:179} INFO - Processing /home/airflow/.local/lib/python3.8/site-packages/airflow/example_dags/example_skip_dag.py took 0.054 seconds
[2025-06-01T17:09:29.742+0000] {processor.py:157} INFO - Started process (PID=1155) to work on /home/airflow/.local/lib/python3.8/site-packages/airflow/example_dags/example_skip_dag.py
[2025-06-01T17:09:29.743+0000] {processor.py:829} INFO - Processing file /home/airflow/.local/lib/python3.8/site-packages/airflow/example_dags/example_skip_dag.py for tasks to queue
[2025-06-01T17:09:29.744+0000] {logging_mixin.py:154} INFO - [2025-06-01T17:09:29.744+0000] {dagbag.py:536} INFO - Filling up the DagBag from /home/airflow/.local/lib/python3.8/site-packages/airflow/example_dags/example_skip_dag.py
[2025-06-01T17:09:29.749+0000] {processor.py:839} INFO - DAG(s) dict_keys(['example_skip_dag']) retrieved from /home/airflow/.local/lib/python3.8/site-packages/airflow/example_dags/example_skip_dag.py
[2025-06-01T17:09:29.765+0000] {logging_mixin.py:154} INFO - [2025-06-01T17:09:29.765+0000] {dag.py:2941} INFO - Sync 1 DAGs
[2025-06-01T17:09:29.780+0000] {logging_mixin.py:154} INFO - [2025-06-01T17:09:29.780+0000] {dag.py:3722} INFO - Setting next_dagrun for example_skip_dag to 2025-05-31T17:09:29.780092+00:00, run_after=2025-06-01T17:09:29.780092+00:00
[2025-06-01T17:09:29.793+0000] {processor.py:179} INFO - Processing /home/airflow/.local/lib/python3.8/site-packages/airflow/example_dags/example_skip_dag.py took 0.053 seconds
[2025-06-01T17:10:03.399+0000] {processor.py:157} INFO - Started process (PID=1229) to work on /home/airflow/.local/lib/python3.8/site-packages/airflow/example_dags/example_skip_dag.py
[2025-06-01T17:10:03.400+0000] {processor.py:829} INFO - Processing file /home/airflow/.local/lib/python3.8/site-packages/airflow/example_dags/example_skip_dag.py for tasks to queue
[2025-06-01T17:10:03.400+0000] {logging_mixin.py:154} INFO - [2025-06-01T17:10:03.400+0000] {dagbag.py:536} INFO - Filling up the DagBag from /home/airflow/.local/lib/python3.8/site-packages/airflow/example_dags/example_skip_dag.py
[2025-06-01T17:10:03.406+0000] {processor.py:839} INFO - DAG(s) dict_keys(['example_skip_dag']) retrieved from /home/airflow/.local/lib/python3.8/site-packages/airflow/example_dags/example_skip_dag.py
[2025-06-01T17:10:03.425+0000] {logging_mixin.py:154} INFO - [2025-06-01T17:10:03.425+0000] {dag.py:2941} INFO - Sync 1 DAGs
[2025-06-01T17:10:03.441+0000] {logging_mixin.py:154} INFO - [2025-06-01T17:10:03.441+0000] {dag.py:3722} INFO - Setting next_dagrun for example_skip_dag to 2025-05-31T17:10:03.440995+00:00, run_after=2025-06-01T17:10:03.440995+00:00
[2025-06-01T17:10:03.455+0000] {processor.py:179} INFO - Processing /home/airflow/.local/lib/python3.8/site-packages/airflow/example_dags/example_skip_dag.py took 0.059 seconds
[2025-06-01T17:10:35.619+0000] {processor.py:157} INFO - Started process (PID=1294) to work on /home/airflow/.local/lib/python3.8/site-packages/airflow/example_dags/example_skip_dag.py
[2025-06-01T17:10:35.622+0000] {processor.py:829} INFO - Processing file /home/airflow/.local/lib/python3.8/site-packages/airflow/example_dags/example_skip_dag.py for tasks to queue
[2025-06-01T17:10:35.623+0000] {logging_mixin.py:154} INFO - [2025-06-01T17:10:35.623+0000] {dagbag.py:536} INFO - Filling up the DagBag from /home/airflow/.local/lib/python3.8/site-packages/airflow/example_dags/example_skip_dag.py
[2025-06-01T17:10:35.629+0000] {processor.py:839} INFO - DAG(s) dict_keys(['example_skip_dag']) retrieved from /home/airflow/.local/lib/python3.8/site-packages/airflow/example_dags/example_skip_dag.py
[2025-06-01T17:10:35.648+0000] {logging_mixin.py:154} INFO - [2025-06-01T17:10:35.648+0000] {dag.py:2941} INFO - Sync 1 DAGs
[2025-06-01T17:10:35.667+0000] {logging_mixin.py:154} INFO - [2025-06-01T17:10:35.667+0000] {dag.py:3722} INFO - Setting next_dagrun for example_skip_dag to 2025-05-31T17:10:35.666865+00:00, run_after=2025-06-01T17:10:35.666865+00:00
[2025-06-01T17:10:35.680+0000] {processor.py:179} INFO - Processing /home/airflow/.local/lib/python3.8/site-packages/airflow/example_dags/example_skip_dag.py took 0.064 seconds
[2025-06-01T17:11:09.591+0000] {processor.py:157} INFO - Started process (PID=1367) to work on /home/airflow/.local/lib/python3.8/site-packages/airflow/example_dags/example_skip_dag.py
[2025-06-01T17:11:09.592+0000] {processor.py:829} INFO - Processing file /home/airflow/.local/lib/python3.8/site-packages/airflow/example_dags/example_skip_dag.py for tasks to queue
[2025-06-01T17:11:09.592+0000] {logging_mixin.py:154} INFO - [2025-06-01T17:11:09.592+0000] {dagbag.py:536} INFO - Filling up the DagBag from /home/airflow/.local/lib/python3.8/site-packages/airflow/example_dags/example_skip_dag.py
[2025-06-01T17:11:09.600+0000] {processor.py:839} INFO - DAG(s) dict_keys(['example_skip_dag']) retrieved from /home/airflow/.local/lib/python3.8/site-packages/airflow/example_dags/example_skip_dag.py
[2025-06-01T17:11:09.618+0000] {logging_mixin.py:154} INFO - [2025-06-01T17:11:09.618+0000] {dag.py:2941} INFO - Sync 1 DAGs
[2025-06-01T17:11:09.636+0000] {logging_mixin.py:154} INFO - [2025-06-01T17:11:09.635+0000] {dag.py:3722} INFO - Setting next_dagrun for example_skip_dag to 2025-05-31T17:11:09.635739+00:00, run_after=2025-06-01T17:11:09.635739+00:00
[2025-06-01T17:11:09.651+0000] {processor.py:179} INFO - Processing /home/airflow/.local/lib/python3.8/site-packages/airflow/example_dags/example_skip_dag.py took 0.063 seconds
[2025-06-01T17:11:42.123+0000] {processor.py:157} INFO - Started process (PID=1442) to work on /home/airflow/.local/lib/python3.8/site-packages/airflow/example_dags/example_skip_dag.py
[2025-06-01T17:11:42.124+0000] {processor.py:829} INFO - Processing file /home/airflow/.local/lib/python3.8/site-packages/airflow/example_dags/example_skip_dag.py for tasks to queue
[2025-06-01T17:11:42.124+0000] {logging_mixin.py:154} INFO - [2025-06-01T17:11:42.124+0000] {dagbag.py:536} INFO - Filling up the DagBag from /home/airflow/.local/lib/python3.8/site-packages/airflow/example_dags/example_skip_dag.py
[2025-06-01T17:11:42.130+0000] {processor.py:839} INFO - DAG(s) dict_keys(['example_skip_dag']) retrieved from /home/airflow/.local/lib/python3.8/site-packages/airflow/example_dags/example_skip_dag.py
[2025-06-01T17:11:42.146+0000] {logging_mixin.py:154} INFO - [2025-06-01T17:11:42.146+0000] {dag.py:2941} INFO - Sync 1 DAGs
[2025-06-01T17:11:42.163+0000] {logging_mixin.py:154} INFO - [2025-06-01T17:11:42.163+0000] {dag.py:3722} INFO - Setting next_dagrun for example_skip_dag to 2025-05-31T17:11:42.162969+00:00, run_after=2025-06-01T17:11:42.162969+00:00
[2025-06-01T17:11:42.182+0000] {processor.py:179} INFO - Processing /home/airflow/.local/lib/python3.8/site-packages/airflow/example_dags/example_skip_dag.py took 0.062 seconds
[2025-06-01T17:12:16.194+0000] {processor.py:157} INFO - Started process (PID=1516) to work on /home/airflow/.local/lib/python3.8/site-packages/airflow/example_dags/example_skip_dag.py
[2025-06-01T17:12:16.195+0000] {processor.py:829} INFO - Processing file /home/airflow/.local/lib/python3.8/site-packages/airflow/example_dags/example_skip_dag.py for tasks to queue
[2025-06-01T17:12:16.195+0000] {logging_mixin.py:154} INFO - [2025-06-01T17:12:16.195+0000] {dagbag.py:536} INFO - Filling up the DagBag from /home/airflow/.local/lib/python3.8/site-packages/airflow/example_dags/example_skip_dag.py
[2025-06-01T17:12:16.205+0000] {processor.py:839} INFO - DAG(s) dict_keys(['example_skip_dag']) retrieved from /home/airflow/.local/lib/python3.8/site-packages/airflow/example_dags/example_skip_dag.py
[2025-06-01T17:12:16.227+0000] {logging_mixin.py:154} INFO - [2025-06-01T17:12:16.227+0000] {dag.py:2941} INFO - Sync 1 DAGs
[2025-06-01T17:12:16.243+0000] {logging_mixin.py:154} INFO - [2025-06-01T17:12:16.243+0000] {dag.py:3722} INFO - Setting next_dagrun for example_skip_dag to 2025-05-31T17:12:16.243061+00:00, run_after=2025-06-01T17:12:16.243061+00:00
[2025-06-01T17:12:16.256+0000] {processor.py:179} INFO - Processing /home/airflow/.local/lib/python3.8/site-packages/airflow/example_dags/example_skip_dag.py took 0.065 seconds
[2025-06-01T17:12:49.981+0000] {processor.py:157} INFO - Started process (PID=1604) to work on /home/airflow/.local/lib/python3.8/site-packages/airflow/example_dags/example_skip_dag.py
[2025-06-01T17:12:49.982+0000] {processor.py:829} INFO - Processing file /home/airflow/.local/lib/python3.8/site-packages/airflow/example_dags/example_skip_dag.py for tasks to queue
[2025-06-01T17:12:49.983+0000] {logging_mixin.py:154} INFO - [2025-06-01T17:12:49.982+0000] {dagbag.py:536} INFO - Filling up the DagBag from /home/airflow/.local/lib/python3.8/site-packages/airflow/example_dags/example_skip_dag.py
[2025-06-01T17:12:49.989+0000] {processor.py:839} INFO - DAG(s) dict_keys(['example_skip_dag']) retrieved from /home/airflow/.local/lib/python3.8/site-packages/airflow/example_dags/example_skip_dag.py
[2025-06-01T17:12:50.008+0000] {logging_mixin.py:154} INFO - [2025-06-01T17:12:50.008+0000] {dag.py:2941} INFO - Sync 1 DAGs
[2025-06-01T17:12:50.030+0000] {logging_mixin.py:154} INFO - [2025-06-01T17:12:50.029+0000] {dag.py:3722} INFO - Setting next_dagrun for example_skip_dag to 2025-05-31T17:12:50.029432+00:00, run_after=2025-06-01T17:12:50.029432+00:00
[2025-06-01T17:12:50.050+0000] {processor.py:179} INFO - Processing /home/airflow/.local/lib/python3.8/site-packages/airflow/example_dags/example_skip_dag.py took 0.072 seconds
[2025-06-01T17:13:22.197+0000] {processor.py:157} INFO - Started process (PID=1668) to work on /home/airflow/.local/lib/python3.8/site-packages/airflow/example_dags/example_skip_dag.py
[2025-06-01T17:13:22.198+0000] {processor.py:829} INFO - Processing file /home/airflow/.local/lib/python3.8/site-packages/airflow/example_dags/example_skip_dag.py for tasks to queue
[2025-06-01T17:13:22.199+0000] {logging_mixin.py:154} INFO - [2025-06-01T17:13:22.199+0000] {dagbag.py:536} INFO - Filling up the DagBag from /home/airflow/.local/lib/python3.8/site-packages/airflow/example_dags/example_skip_dag.py
[2025-06-01T17:13:22.205+0000] {processor.py:839} INFO - DAG(s) dict_keys(['example_skip_dag']) retrieved from /home/airflow/.local/lib/python3.8/site-packages/airflow/example_dags/example_skip_dag.py
[2025-06-01T17:13:22.220+0000] {logging_mixin.py:154} INFO - [2025-06-01T17:13:22.220+0000] {dag.py:2941} INFO - Sync 1 DAGs
[2025-06-01T17:13:22.235+0000] {logging_mixin.py:154} INFO - [2025-06-01T17:13:22.235+0000] {dag.py:3722} INFO - Setting next_dagrun for example_skip_dag to 2025-05-31T17:13:22.235335+00:00, run_after=2025-06-01T17:13:22.235335+00:00
[2025-06-01T17:13:22.248+0000] {processor.py:179} INFO - Processing /home/airflow/.local/lib/python3.8/site-packages/airflow/example_dags/example_skip_dag.py took 0.053 seconds
[2025-06-01T17:13:56.034+0000] {processor.py:157} INFO - Started process (PID=1740) to work on /home/airflow/.local/lib/python3.8/site-packages/airflow/example_dags/example_skip_dag.py
[2025-06-01T17:13:56.037+0000] {processor.py:829} INFO - Processing file /home/airflow/.local/lib/python3.8/site-packages/airflow/example_dags/example_skip_dag.py for tasks to queue
[2025-06-01T17:13:56.037+0000] {logging_mixin.py:154} INFO - [2025-06-01T17:13:56.037+0000] {dagbag.py:536} INFO - Filling up the DagBag from /home/airflow/.local/lib/python3.8/site-packages/airflow/example_dags/example_skip_dag.py
[2025-06-01T17:13:56.043+0000] {processor.py:839} INFO - DAG(s) dict_keys(['example_skip_dag']) retrieved from /home/airflow/.local/lib/python3.8/site-packages/airflow/example_dags/example_skip_dag.py
[2025-06-01T17:13:56.059+0000] {logging_mixin.py:154} INFO - [2025-06-01T17:13:56.059+0000] {dag.py:2941} INFO - Sync 1 DAGs
[2025-06-01T17:13:56.074+0000] {logging_mixin.py:154} INFO - [2025-06-01T17:13:56.074+0000] {dag.py:3722} INFO - Setting next_dagrun for example_skip_dag to 2025-05-31T17:13:56.073780+00:00, run_after=2025-06-01T17:13:56.073780+00:00
[2025-06-01T17:13:56.085+0000] {processor.py:179} INFO - Processing /home/airflow/.local/lib/python3.8/site-packages/airflow/example_dags/example_skip_dag.py took 0.053 seconds
[2025-06-01T17:14:30.716+0000] {processor.py:157} INFO - Started process (PID=1804) to work on /home/airflow/.local/lib/python3.8/site-packages/airflow/example_dags/example_skip_dag.py
[2025-06-01T17:14:30.717+0000] {processor.py:829} INFO - Processing file /home/airflow/.local/lib/python3.8/site-packages/airflow/example_dags/example_skip_dag.py for tasks to queue
[2025-06-01T17:14:30.718+0000] {logging_mixin.py:154} INFO - [2025-06-01T17:14:30.718+0000] {dagbag.py:536} INFO - Filling up the DagBag from /home/airflow/.local/lib/python3.8/site-packages/airflow/example_dags/example_skip_dag.py
[2025-06-01T17:14:30.724+0000] {processor.py:839} INFO - DAG(s) dict_keys(['example_skip_dag']) retrieved from /home/airflow/.local/lib/python3.8/site-packages/airflow/example_dags/example_skip_dag.py
[2025-06-01T17:14:30.740+0000] {logging_mixin.py:154} INFO - [2025-06-01T17:14:30.740+0000] {dag.py:2941} INFO - Sync 1 DAGs
[2025-06-01T17:14:30.755+0000] {logging_mixin.py:154} INFO - [2025-06-01T17:14:30.755+0000] {dag.py:3722} INFO - Setting next_dagrun for example_skip_dag to 2025-05-31T17:14:30.754713+00:00, run_after=2025-06-01T17:14:30.754713+00:00
[2025-06-01T17:14:30.767+0000] {processor.py:179} INFO - Processing /home/airflow/.local/lib/python3.8/site-packages/airflow/example_dags/example_skip_dag.py took 0.054 seconds
[2025-06-01T17:15:02.431+0000] {processor.py:157} INFO - Started process (PID=1876) to work on /home/airflow/.local/lib/python3.8/site-packages/airflow/example_dags/example_skip_dag.py
[2025-06-01T17:15:02.433+0000] {processor.py:829} INFO - Processing file /home/airflow/.local/lib/python3.8/site-packages/airflow/example_dags/example_skip_dag.py for tasks to queue
[2025-06-01T17:15:02.433+0000] {logging_mixin.py:154} INFO - [2025-06-01T17:15:02.433+0000] {dagbag.py:536} INFO - Filling up the DagBag from /home/airflow/.local/lib/python3.8/site-packages/airflow/example_dags/example_skip_dag.py
[2025-06-01T17:15:02.439+0000] {processor.py:839} INFO - DAG(s) dict_keys(['example_skip_dag']) retrieved from /home/airflow/.local/lib/python3.8/site-packages/airflow/example_dags/example_skip_dag.py
[2025-06-01T17:15:02.455+0000] {logging_mixin.py:154} INFO - [2025-06-01T17:15:02.455+0000] {dag.py:2941} INFO - Sync 1 DAGs
[2025-06-01T17:15:02.574+0000] {logging_mixin.py:154} INFO - [2025-06-01T17:15:02.574+0000] {dag.py:3722} INFO - Setting next_dagrun for example_skip_dag to 2025-05-31T17:15:02.574416+00:00, run_after=2025-06-01T17:15:02.574416+00:00
[2025-06-01T17:15:02.587+0000] {processor.py:179} INFO - Processing /home/airflow/.local/lib/python3.8/site-packages/airflow/example_dags/example_skip_dag.py took 0.158 seconds
[2025-06-01T17:15:35.676+0000] {processor.py:157} INFO - Started process (PID=1947) to work on /home/airflow/.local/lib/python3.8/site-packages/airflow/example_dags/example_skip_dag.py
[2025-06-01T17:15:35.677+0000] {processor.py:829} INFO - Processing file /home/airflow/.local/lib/python3.8/site-packages/airflow/example_dags/example_skip_dag.py for tasks to queue
[2025-06-01T17:15:35.678+0000] {logging_mixin.py:154} INFO - [2025-06-01T17:15:35.678+0000] {dagbag.py:536} INFO - Filling up the DagBag from /home/airflow/.local/lib/python3.8/site-packages/airflow/example_dags/example_skip_dag.py
[2025-06-01T17:15:35.684+0000] {processor.py:839} INFO - DAG(s) dict_keys(['example_skip_dag']) retrieved from /home/airflow/.local/lib/python3.8/site-packages/airflow/example_dags/example_skip_dag.py
[2025-06-01T17:15:35.701+0000] {logging_mixin.py:154} INFO - [2025-06-01T17:15:35.701+0000] {dag.py:2941} INFO - Sync 1 DAGs
[2025-06-01T17:15:35.717+0000] {logging_mixin.py:154} INFO - [2025-06-01T17:15:35.717+0000] {dag.py:3722} INFO - Setting next_dagrun for example_skip_dag to 2025-05-31T17:15:35.717243+00:00, run_after=2025-06-01T17:15:35.717243+00:00
[2025-06-01T17:15:35.732+0000] {processor.py:179} INFO - Processing /home/airflow/.local/lib/python3.8/site-packages/airflow/example_dags/example_skip_dag.py took 0.058 seconds
[2025-06-01T17:16:09.020+0000] {processor.py:157} INFO - Started process (PID=2012) to work on /home/airflow/.local/lib/python3.8/site-packages/airflow/example_dags/example_skip_dag.py
[2025-06-01T17:16:09.021+0000] {processor.py:829} INFO - Processing file /home/airflow/.local/lib/python3.8/site-packages/airflow/example_dags/example_skip_dag.py for tasks to queue
[2025-06-01T17:16:09.022+0000] {logging_mixin.py:154} INFO - [2025-06-01T17:16:09.021+0000] {dagbag.py:536} INFO - Filling up the DagBag from /home/airflow/.local/lib/python3.8/site-packages/airflow/example_dags/example_skip_dag.py
[2025-06-01T17:16:09.028+0000] {processor.py:839} INFO - DAG(s) dict_keys(['example_skip_dag']) retrieved from /home/airflow/.local/lib/python3.8/site-packages/airflow/example_dags/example_skip_dag.py
[2025-06-01T17:16:09.043+0000] {logging_mixin.py:154} INFO - [2025-06-01T17:16:09.043+0000] {dag.py:2941} INFO - Sync 1 DAGs
[2025-06-01T17:16:09.057+0000] {logging_mixin.py:154} INFO - [2025-06-01T17:16:09.057+0000] {dag.py:3722} INFO - Setting next_dagrun for example_skip_dag to 2025-05-31T17:16:09.057555+00:00, run_after=2025-06-01T17:16:09.057555+00:00
[2025-06-01T17:16:09.069+0000] {processor.py:179} INFO - Processing /home/airflow/.local/lib/python3.8/site-packages/airflow/example_dags/example_skip_dag.py took 0.052 seconds
[2025-06-01T17:16:42.777+0000] {processor.py:157} INFO - Started process (PID=2085) to work on /home/airflow/.local/lib/python3.8/site-packages/airflow/example_dags/example_skip_dag.py
[2025-06-01T17:16:42.778+0000] {processor.py:829} INFO - Processing file /home/airflow/.local/lib/python3.8/site-packages/airflow/example_dags/example_skip_dag.py for tasks to queue
[2025-06-01T17:16:42.779+0000] {logging_mixin.py:154} INFO - [2025-06-01T17:16:42.779+0000] {dagbag.py:536} INFO - Filling up the DagBag from /home/airflow/.local/lib/python3.8/site-packages/airflow/example_dags/example_skip_dag.py
[2025-06-01T17:16:42.785+0000] {processor.py:839} INFO - DAG(s) dict_keys(['example_skip_dag']) retrieved from /home/airflow/.local/lib/python3.8/site-packages/airflow/example_dags/example_skip_dag.py
[2025-06-01T17:16:42.801+0000] {logging_mixin.py:154} INFO - [2025-06-01T17:16:42.801+0000] {dag.py:2941} INFO - Sync 1 DAGs
[2025-06-01T17:16:42.816+0000] {logging_mixin.py:154} INFO - [2025-06-01T17:16:42.816+0000] {dag.py:3722} INFO - Setting next_dagrun for example_skip_dag to 2025-05-31T17:16:42.816171+00:00, run_after=2025-06-01T17:16:42.816171+00:00
[2025-06-01T17:16:42.834+0000] {processor.py:179} INFO - Processing /home/airflow/.local/lib/python3.8/site-packages/airflow/example_dags/example_skip_dag.py took 0.060 seconds
[2025-06-01T17:17:16.576+0000] {processor.py:157} INFO - Started process (PID=2149) to work on /home/airflow/.local/lib/python3.8/site-packages/airflow/example_dags/example_skip_dag.py
[2025-06-01T17:17:16.577+0000] {processor.py:829} INFO - Processing file /home/airflow/.local/lib/python3.8/site-packages/airflow/example_dags/example_skip_dag.py for tasks to queue
[2025-06-01T17:17:16.578+0000] {logging_mixin.py:154} INFO - [2025-06-01T17:17:16.578+0000] {dagbag.py:536} INFO - Filling up the DagBag from /home/airflow/.local/lib/python3.8/site-packages/airflow/example_dags/example_skip_dag.py
[2025-06-01T17:17:16.583+0000] {processor.py:839} INFO - DAG(s) dict_keys(['example_skip_dag']) retrieved from /home/airflow/.local/lib/python3.8/site-packages/airflow/example_dags/example_skip_dag.py
[2025-06-01T17:17:16.708+0000] {logging_mixin.py:154} INFO - [2025-06-01T17:17:16.708+0000] {dag.py:2941} INFO - Sync 1 DAGs
[2025-06-01T17:17:16.721+0000] {logging_mixin.py:154} INFO - [2025-06-01T17:17:16.721+0000] {dag.py:3722} INFO - Setting next_dagrun for example_skip_dag to 2025-05-31T17:17:16.721519+00:00, run_after=2025-06-01T17:17:16.721519+00:00
[2025-06-01T17:17:16.734+0000] {processor.py:179} INFO - Processing /home/airflow/.local/lib/python3.8/site-packages/airflow/example_dags/example_skip_dag.py took 0.161 seconds
[2025-06-01T17:17:47.988+0000] {processor.py:157} INFO - Started process (PID=2221) to work on /home/airflow/.local/lib/python3.8/site-packages/airflow/example_dags/example_skip_dag.py
[2025-06-01T17:17:47.989+0000] {processor.py:829} INFO - Processing file /home/airflow/.local/lib/python3.8/site-packages/airflow/example_dags/example_skip_dag.py for tasks to queue
[2025-06-01T17:17:47.989+0000] {logging_mixin.py:154} INFO - [2025-06-01T17:17:47.989+0000] {dagbag.py:536} INFO - Filling up the DagBag from /home/airflow/.local/lib/python3.8/site-packages/airflow/example_dags/example_skip_dag.py
[2025-06-01T17:17:47.995+0000] {processor.py:839} INFO - DAG(s) dict_keys(['example_skip_dag']) retrieved from /home/airflow/.local/lib/python3.8/site-packages/airflow/example_dags/example_skip_dag.py
[2025-06-01T17:17:48.010+0000] {logging_mixin.py:154} INFO - [2025-06-01T17:17:48.010+0000] {dag.py:2941} INFO - Sync 1 DAGs
[2025-06-01T17:17:48.025+0000] {logging_mixin.py:154} INFO - [2025-06-01T17:17:48.025+0000] {dag.py:3722} INFO - Setting next_dagrun for example_skip_dag to 2025-05-31T17:17:48.025224+00:00, run_after=2025-06-01T17:17:48.025224+00:00
[2025-06-01T17:17:48.036+0000] {processor.py:179} INFO - Processing /home/airflow/.local/lib/python3.8/site-packages/airflow/example_dags/example_skip_dag.py took 0.051 seconds
[2025-06-01T17:18:21.146+0000] {processor.py:157} INFO - Started process (PID=2285) to work on /home/airflow/.local/lib/python3.8/site-packages/airflow/example_dags/example_skip_dag.py
[2025-06-01T17:18:21.147+0000] {processor.py:829} INFO - Processing file /home/airflow/.local/lib/python3.8/site-packages/airflow/example_dags/example_skip_dag.py for tasks to queue
[2025-06-01T17:18:21.147+0000] {logging_mixin.py:154} INFO - [2025-06-01T17:18:21.147+0000] {dagbag.py:536} INFO - Filling up the DagBag from /home/airflow/.local/lib/python3.8/site-packages/airflow/example_dags/example_skip_dag.py
[2025-06-01T17:18:21.153+0000] {processor.py:839} INFO - DAG(s) dict_keys(['example_skip_dag']) retrieved from /home/airflow/.local/lib/python3.8/site-packages/airflow/example_dags/example_skip_dag.py
[2025-06-01T17:18:21.169+0000] {logging_mixin.py:154} INFO - [2025-06-01T17:18:21.169+0000] {dag.py:2941} INFO - Sync 1 DAGs
[2025-06-01T17:18:21.183+0000] {logging_mixin.py:154} INFO - [2025-06-01T17:18:21.183+0000] {dag.py:3722} INFO - Setting next_dagrun for example_skip_dag to 2025-05-31T17:18:21.183688+00:00, run_after=2025-06-01T17:18:21.183688+00:00
[2025-06-01T17:18:21.197+0000] {processor.py:179} INFO - Processing /home/airflow/.local/lib/python3.8/site-packages/airflow/example_dags/example_skip_dag.py took 0.054 seconds
[2025-06-01T17:18:54.613+0000] {processor.py:157} INFO - Started process (PID=2357) to work on /home/airflow/.local/lib/python3.8/site-packages/airflow/example_dags/example_skip_dag.py
[2025-06-01T17:18:54.615+0000] {processor.py:829} INFO - Processing file /home/airflow/.local/lib/python3.8/site-packages/airflow/example_dags/example_skip_dag.py for tasks to queue
[2025-06-01T17:18:54.615+0000] {logging_mixin.py:154} INFO - [2025-06-01T17:18:54.615+0000] {dagbag.py:536} INFO - Filling up the DagBag from /home/airflow/.local/lib/python3.8/site-packages/airflow/example_dags/example_skip_dag.py
[2025-06-01T17:18:54.623+0000] {processor.py:839} INFO - DAG(s) dict_keys(['example_skip_dag']) retrieved from /home/airflow/.local/lib/python3.8/site-packages/airflow/example_dags/example_skip_dag.py
[2025-06-01T17:18:54.640+0000] {logging_mixin.py:154} INFO - [2025-06-01T17:18:54.640+0000] {dag.py:2941} INFO - Sync 1 DAGs
[2025-06-01T17:18:54.656+0000] {logging_mixin.py:154} INFO - [2025-06-01T17:18:54.656+0000] {dag.py:3722} INFO - Setting next_dagrun for example_skip_dag to 2025-05-31T17:18:54.656464+00:00, run_after=2025-06-01T17:18:54.656464+00:00
[2025-06-01T17:18:54.669+0000] {processor.py:179} INFO - Processing /home/airflow/.local/lib/python3.8/site-packages/airflow/example_dags/example_skip_dag.py took 0.059 seconds
[2025-06-01T17:19:27.785+0000] {processor.py:157} INFO - Started process (PID=2429) to work on /home/airflow/.local/lib/python3.8/site-packages/airflow/example_dags/example_skip_dag.py
[2025-06-01T17:19:27.786+0000] {processor.py:829} INFO - Processing file /home/airflow/.local/lib/python3.8/site-packages/airflow/example_dags/example_skip_dag.py for tasks to queue
[2025-06-01T17:19:27.787+0000] {logging_mixin.py:154} INFO - [2025-06-01T17:19:27.786+0000] {dagbag.py:536} INFO - Filling up the DagBag from /home/airflow/.local/lib/python3.8/site-packages/airflow/example_dags/example_skip_dag.py
[2025-06-01T17:19:27.793+0000] {processor.py:839} INFO - DAG(s) dict_keys(['example_skip_dag']) retrieved from /home/airflow/.local/lib/python3.8/site-packages/airflow/example_dags/example_skip_dag.py
[2025-06-01T17:19:27.813+0000] {logging_mixin.py:154} INFO - [2025-06-01T17:19:27.813+0000] {dag.py:2941} INFO - Sync 1 DAGs
[2025-06-01T17:19:27.832+0000] {logging_mixin.py:154} INFO - [2025-06-01T17:19:27.831+0000] {dag.py:3722} INFO - Setting next_dagrun for example_skip_dag to 2025-05-31T17:19:27.831603+00:00, run_after=2025-06-01T17:19:27.831603+00:00
[2025-06-01T17:19:27.847+0000] {processor.py:179} INFO - Processing /home/airflow/.local/lib/python3.8/site-packages/airflow/example_dags/example_skip_dag.py took 0.066 seconds
[2025-06-01T17:20:01.071+0000] {processor.py:157} INFO - Started process (PID=2493) to work on /home/airflow/.local/lib/python3.8/site-packages/airflow/example_dags/example_skip_dag.py
[2025-06-01T17:20:01.072+0000] {processor.py:829} INFO - Processing file /home/airflow/.local/lib/python3.8/site-packages/airflow/example_dags/example_skip_dag.py for tasks to queue
[2025-06-01T17:20:01.072+0000] {logging_mixin.py:154} INFO - [2025-06-01T17:20:01.072+0000] {dagbag.py:536} INFO - Filling up the DagBag from /home/airflow/.local/lib/python3.8/site-packages/airflow/example_dags/example_skip_dag.py
[2025-06-01T17:20:01.078+0000] {processor.py:839} INFO - DAG(s) dict_keys(['example_skip_dag']) retrieved from /home/airflow/.local/lib/python3.8/site-packages/airflow/example_dags/example_skip_dag.py
[2025-06-01T17:20:01.093+0000] {logging_mixin.py:154} INFO - [2025-06-01T17:20:01.093+0000] {dag.py:2941} INFO - Sync 1 DAGs
[2025-06-01T17:20:01.108+0000] {logging_mixin.py:154} INFO - [2025-06-01T17:20:01.108+0000] {dag.py:3722} INFO - Setting next_dagrun for example_skip_dag to 2025-05-31T17:20:01.108391+00:00, run_after=2025-06-01T17:20:01.108391+00:00
[2025-06-01T17:20:01.122+0000] {processor.py:179} INFO - Processing /home/airflow/.local/lib/python3.8/site-packages/airflow/example_dags/example_skip_dag.py took 0.054 seconds
[2025-06-01T17:20:34.347+0000] {processor.py:157} INFO - Started process (PID=2565) to work on /home/airflow/.local/lib/python3.8/site-packages/airflow/example_dags/example_skip_dag.py
[2025-06-01T17:20:34.348+0000] {processor.py:829} INFO - Processing file /home/airflow/.local/lib/python3.8/site-packages/airflow/example_dags/example_skip_dag.py for tasks to queue
[2025-06-01T17:20:34.348+0000] {logging_mixin.py:154} INFO - [2025-06-01T17:20:34.348+0000] {dagbag.py:536} INFO - Filling up the DagBag from /home/airflow/.local/lib/python3.8/site-packages/airflow/example_dags/example_skip_dag.py
[2025-06-01T17:20:34.354+0000] {processor.py:839} INFO - DAG(s) dict_keys(['example_skip_dag']) retrieved from /home/airflow/.local/lib/python3.8/site-packages/airflow/example_dags/example_skip_dag.py
[2025-06-01T17:20:34.370+0000] {logging_mixin.py:154} INFO - [2025-06-01T17:20:34.369+0000] {dag.py:2941} INFO - Sync 1 DAGs
[2025-06-01T17:20:34.383+0000] {logging_mixin.py:154} INFO - [2025-06-01T17:20:34.383+0000] {dag.py:3722} INFO - Setting next_dagrun for example_skip_dag to 2025-05-31T17:20:34.383691+00:00, run_after=2025-06-01T17:20:34.383691+00:00
[2025-06-01T17:20:34.396+0000] {processor.py:179} INFO - Processing /home/airflow/.local/lib/python3.8/site-packages/airflow/example_dags/example_skip_dag.py took 0.052 seconds
[2025-06-01T17:21:07.700+0000] {processor.py:157} INFO - Started process (PID=2630) to work on /home/airflow/.local/lib/python3.8/site-packages/airflow/example_dags/example_skip_dag.py
[2025-06-01T17:21:07.700+0000] {processor.py:829} INFO - Processing file /home/airflow/.local/lib/python3.8/site-packages/airflow/example_dags/example_skip_dag.py for tasks to queue
[2025-06-01T17:21:07.701+0000] {logging_mixin.py:154} INFO - [2025-06-01T17:21:07.701+0000] {dagbag.py:536} INFO - Filling up the DagBag from /home/airflow/.local/lib/python3.8/site-packages/airflow/example_dags/example_skip_dag.py
[2025-06-01T17:21:07.707+0000] {processor.py:839} INFO - DAG(s) dict_keys(['example_skip_dag']) retrieved from /home/airflow/.local/lib/python3.8/site-packages/airflow/example_dags/example_skip_dag.py
[2025-06-01T17:21:07.725+0000] {logging_mixin.py:154} INFO - [2025-06-01T17:21:07.725+0000] {dag.py:2941} INFO - Sync 1 DAGs
[2025-06-01T17:21:07.740+0000] {logging_mixin.py:154} INFO - [2025-06-01T17:21:07.740+0000] {dag.py:3722} INFO - Setting next_dagrun for example_skip_dag to 2025-05-31T17:21:07.739825+00:00, run_after=2025-06-01T17:21:07.739825+00:00
[2025-06-01T17:21:07.753+0000] {processor.py:179} INFO - Processing /home/airflow/.local/lib/python3.8/site-packages/airflow/example_dags/example_skip_dag.py took 0.056 seconds
[2025-06-01T17:21:41.079+0000] {processor.py:157} INFO - Started process (PID=2702) to work on /home/airflow/.local/lib/python3.8/site-packages/airflow/example_dags/example_skip_dag.py
[2025-06-01T17:21:41.080+0000] {processor.py:829} INFO - Processing file /home/airflow/.local/lib/python3.8/site-packages/airflow/example_dags/example_skip_dag.py for tasks to queue
[2025-06-01T17:21:41.081+0000] {logging_mixin.py:154} INFO - [2025-06-01T17:21:41.081+0000] {dagbag.py:536} INFO - Filling up the DagBag from /home/airflow/.local/lib/python3.8/site-packages/airflow/example_dags/example_skip_dag.py
[2025-06-01T17:21:41.087+0000] {processor.py:839} INFO - DAG(s) dict_keys(['example_skip_dag']) retrieved from /home/airflow/.local/lib/python3.8/site-packages/airflow/example_dags/example_skip_dag.py
[2025-06-01T17:21:41.103+0000] {logging_mixin.py:154} INFO - [2025-06-01T17:21:41.102+0000] {dag.py:2941} INFO - Sync 1 DAGs
[2025-06-01T17:21:41.120+0000] {logging_mixin.py:154} INFO - [2025-06-01T17:21:41.120+0000] {dag.py:3722} INFO - Setting next_dagrun for example_skip_dag to 2025-05-31T17:21:41.120357+00:00, run_after=2025-06-01T17:21:41.120357+00:00
[2025-06-01T17:21:41.134+0000] {processor.py:179} INFO - Processing /home/airflow/.local/lib/python3.8/site-packages/airflow/example_dags/example_skip_dag.py took 0.058 seconds
[2025-06-01T17:22:14.574+0000] {processor.py:157} INFO - Started process (PID=2774) to work on /home/airflow/.local/lib/python3.8/site-packages/airflow/example_dags/example_skip_dag.py
[2025-06-01T17:22:14.576+0000] {processor.py:829} INFO - Processing file /home/airflow/.local/lib/python3.8/site-packages/airflow/example_dags/example_skip_dag.py for tasks to queue
[2025-06-01T17:22:14.576+0000] {logging_mixin.py:154} INFO - [2025-06-01T17:22:14.576+0000] {dagbag.py:536} INFO - Filling up the DagBag from /home/airflow/.local/lib/python3.8/site-packages/airflow/example_dags/example_skip_dag.py
[2025-06-01T17:22:14.582+0000] {processor.py:839} INFO - DAG(s) dict_keys(['example_skip_dag']) retrieved from /home/airflow/.local/lib/python3.8/site-packages/airflow/example_dags/example_skip_dag.py
[2025-06-01T17:22:14.602+0000] {logging_mixin.py:154} INFO - [2025-06-01T17:22:14.601+0000] {dag.py:2941} INFO - Sync 1 DAGs
[2025-06-01T17:22:14.616+0000] {logging_mixin.py:154} INFO - [2025-06-01T17:22:14.616+0000] {dag.py:3722} INFO - Setting next_dagrun for example_skip_dag to 2025-05-31T17:22:14.615962+00:00, run_after=2025-06-01T17:22:14.615962+00:00
[2025-06-01T17:22:14.628+0000] {processor.py:179} INFO - Processing /home/airflow/.local/lib/python3.8/site-packages/airflow/example_dags/example_skip_dag.py took 0.058 seconds
[2025-06-01T17:22:47.857+0000] {processor.py:157} INFO - Started process (PID=2838) to work on /home/airflow/.local/lib/python3.8/site-packages/airflow/example_dags/example_skip_dag.py
[2025-06-01T17:22:47.858+0000] {processor.py:829} INFO - Processing file /home/airflow/.local/lib/python3.8/site-packages/airflow/example_dags/example_skip_dag.py for tasks to queue
[2025-06-01T17:22:47.858+0000] {logging_mixin.py:154} INFO - [2025-06-01T17:22:47.858+0000] {dagbag.py:536} INFO - Filling up the DagBag from /home/airflow/.local/lib/python3.8/site-packages/airflow/example_dags/example_skip_dag.py
[2025-06-01T17:22:47.864+0000] {processor.py:839} INFO - DAG(s) dict_keys(['example_skip_dag']) retrieved from /home/airflow/.local/lib/python3.8/site-packages/airflow/example_dags/example_skip_dag.py
[2025-06-01T17:22:47.880+0000] {logging_mixin.py:154} INFO - [2025-06-01T17:22:47.880+0000] {dag.py:2941} INFO - Sync 1 DAGs
[2025-06-01T17:22:47.894+0000] {logging_mixin.py:154} INFO - [2025-06-01T17:22:47.894+0000] {dag.py:3722} INFO - Setting next_dagrun for example_skip_dag to 2025-05-31T17:22:47.894022+00:00, run_after=2025-06-01T17:22:47.894022+00:00
[2025-06-01T17:22:47.906+0000] {processor.py:179} INFO - Processing /home/airflow/.local/lib/python3.8/site-packages/airflow/example_dags/example_skip_dag.py took 0.052 seconds
[2025-06-01T17:23:21.231+0000] {processor.py:157} INFO - Started process (PID=2910) to work on /home/airflow/.local/lib/python3.8/site-packages/airflow/example_dags/example_skip_dag.py
[2025-06-01T17:23:21.232+0000] {processor.py:829} INFO - Processing file /home/airflow/.local/lib/python3.8/site-packages/airflow/example_dags/example_skip_dag.py for tasks to queue
[2025-06-01T17:23:21.233+0000] {logging_mixin.py:154} INFO - [2025-06-01T17:23:21.232+0000] {dagbag.py:536} INFO - Filling up the DagBag from /home/airflow/.local/lib/python3.8/site-packages/airflow/example_dags/example_skip_dag.py
[2025-06-01T17:23:21.239+0000] {processor.py:839} INFO - DAG(s) dict_keys(['example_skip_dag']) retrieved from /home/airflow/.local/lib/python3.8/site-packages/airflow/example_dags/example_skip_dag.py
[2025-06-01T17:23:21.255+0000] {logging_mixin.py:154} INFO - [2025-06-01T17:23:21.255+0000] {dag.py:2941} INFO - Sync 1 DAGs
[2025-06-01T17:23:21.270+0000] {logging_mixin.py:154} INFO - [2025-06-01T17:23:21.270+0000] {dag.py:3722} INFO - Setting next_dagrun for example_skip_dag to 2025-05-31T17:23:21.270084+00:00, run_after=2025-06-01T17:23:21.270084+00:00
[2025-06-01T17:23:21.282+0000] {processor.py:179} INFO - Processing /home/airflow/.local/lib/python3.8/site-packages/airflow/example_dags/example_skip_dag.py took 0.055 seconds
[2025-06-01T17:23:54.510+0000] {processor.py:157} INFO - Started process (PID=2974) to work on /home/airflow/.local/lib/python3.8/site-packages/airflow/example_dags/example_skip_dag.py
[2025-06-01T17:23:54.512+0000] {processor.py:829} INFO - Processing file /home/airflow/.local/lib/python3.8/site-packages/airflow/example_dags/example_skip_dag.py for tasks to queue
[2025-06-01T17:23:54.512+0000] {logging_mixin.py:154} INFO - [2025-06-01T17:23:54.512+0000] {dagbag.py:536} INFO - Filling up the DagBag from /home/airflow/.local/lib/python3.8/site-packages/airflow/example_dags/example_skip_dag.py
[2025-06-01T17:23:54.518+0000] {processor.py:839} INFO - DAG(s) dict_keys(['example_skip_dag']) retrieved from /home/airflow/.local/lib/python3.8/site-packages/airflow/example_dags/example_skip_dag.py
[2025-06-01T17:23:54.534+0000] {logging_mixin.py:154} INFO - [2025-06-01T17:23:54.534+0000] {dag.py:2941} INFO - Sync 1 DAGs
[2025-06-01T17:23:54.549+0000] {logging_mixin.py:154} INFO - [2025-06-01T17:23:54.549+0000] {dag.py:3722} INFO - Setting next_dagrun for example_skip_dag to 2025-05-31T17:23:54.549062+00:00, run_after=2025-06-01T17:23:54.549062+00:00
[2025-06-01T17:23:54.560+0000] {processor.py:179} INFO - Processing /home/airflow/.local/lib/python3.8/site-packages/airflow/example_dags/example_skip_dag.py took 0.053 seconds
[2025-06-01T17:24:27.934+0000] {processor.py:157} INFO - Started process (PID=3046) to work on /home/airflow/.local/lib/python3.8/site-packages/airflow/example_dags/example_skip_dag.py
[2025-06-01T17:24:27.935+0000] {processor.py:829} INFO - Processing file /home/airflow/.local/lib/python3.8/site-packages/airflow/example_dags/example_skip_dag.py for tasks to queue
[2025-06-01T17:24:27.936+0000] {logging_mixin.py:154} INFO - [2025-06-01T17:24:27.936+0000] {dagbag.py:536} INFO - Filling up the DagBag from /home/airflow/.local/lib/python3.8/site-packages/airflow/example_dags/example_skip_dag.py
[2025-06-01T17:24:27.942+0000] {processor.py:839} INFO - DAG(s) dict_keys(['example_skip_dag']) retrieved from /home/airflow/.local/lib/python3.8/site-packages/airflow/example_dags/example_skip_dag.py
[2025-06-01T17:24:27.957+0000] {logging_mixin.py:154} INFO - [2025-06-01T17:24:27.957+0000] {dag.py:2941} INFO - Sync 1 DAGs
[2025-06-01T17:24:27.971+0000] {logging_mixin.py:154} INFO - [2025-06-01T17:24:27.971+0000] {dag.py:3722} INFO - Setting next_dagrun for example_skip_dag to 2025-05-31T17:24:27.970884+00:00, run_after=2025-06-01T17:24:27.970884+00:00
[2025-06-01T17:24:27.983+0000] {processor.py:179} INFO - Processing /home/airflow/.local/lib/python3.8/site-packages/airflow/example_dags/example_skip_dag.py took 0.052 seconds
[2025-06-01T17:25:00.420+0000] {processor.py:157} INFO - Started process (PID=3118) to work on /home/airflow/.local/lib/python3.8/site-packages/airflow/example_dags/example_skip_dag.py
[2025-06-01T17:25:00.421+0000] {processor.py:829} INFO - Processing file /home/airflow/.local/lib/python3.8/site-packages/airflow/example_dags/example_skip_dag.py for tasks to queue
[2025-06-01T17:25:00.421+0000] {logging_mixin.py:154} INFO - [2025-06-01T17:25:00.421+0000] {dagbag.py:536} INFO - Filling up the DagBag from /home/airflow/.local/lib/python3.8/site-packages/airflow/example_dags/example_skip_dag.py
[2025-06-01T17:25:00.428+0000] {processor.py:839} INFO - DAG(s) dict_keys(['example_skip_dag']) retrieved from /home/airflow/.local/lib/python3.8/site-packages/airflow/example_dags/example_skip_dag.py
[2025-06-01T17:25:00.444+0000] {logging_mixin.py:154} INFO - [2025-06-01T17:25:00.444+0000] {dag.py:2941} INFO - Sync 1 DAGs
[2025-06-01T17:25:00.459+0000] {logging_mixin.py:154} INFO - [2025-06-01T17:25:00.459+0000] {dag.py:3722} INFO - Setting next_dagrun for example_skip_dag to 2025-05-31T17:25:00.459174+00:00, run_after=2025-06-01T17:25:00.459174+00:00
[2025-06-01T17:25:00.471+0000] {processor.py:179} INFO - Processing /home/airflow/.local/lib/python3.8/site-packages/airflow/example_dags/example_skip_dag.py took 0.054 seconds
[2025-06-01T17:25:33.666+0000] {processor.py:157} INFO - Started process (PID=3182) to work on /home/airflow/.local/lib/python3.8/site-packages/airflow/example_dags/example_skip_dag.py
[2025-06-01T17:25:33.667+0000] {processor.py:829} INFO - Processing file /home/airflow/.local/lib/python3.8/site-packages/airflow/example_dags/example_skip_dag.py for tasks to queue
[2025-06-01T17:25:33.668+0000] {logging_mixin.py:154} INFO - [2025-06-01T17:25:33.668+0000] {dagbag.py:536} INFO - Filling up the DagBag from /home/airflow/.local/lib/python3.8/site-packages/airflow/example_dags/example_skip_dag.py
[2025-06-01T17:25:33.674+0000] {processor.py:839} INFO - DAG(s) dict_keys(['example_skip_dag']) retrieved from /home/airflow/.local/lib/python3.8/site-packages/airflow/example_dags/example_skip_dag.py
[2025-06-01T17:25:33.690+0000] {logging_mixin.py:154} INFO - [2025-06-01T17:25:33.689+0000] {dag.py:2941} INFO - Sync 1 DAGs
[2025-06-01T17:25:33.704+0000] {logging_mixin.py:154} INFO - [2025-06-01T17:25:33.704+0000] {dag.py:3722} INFO - Setting next_dagrun for example_skip_dag to 2025-05-31T17:25:33.704347+00:00, run_after=2025-06-01T17:25:33.704347+00:00
[2025-06-01T17:25:33.716+0000] {processor.py:179} INFO - Processing /home/airflow/.local/lib/python3.8/site-packages/airflow/example_dags/example_skip_dag.py took 0.053 seconds
[2025-06-01T17:26:06.991+0000] {processor.py:157} INFO - Started process (PID=3254) to work on /home/airflow/.local/lib/python3.8/site-packages/airflow/example_dags/example_skip_dag.py
[2025-06-01T17:26:06.992+0000] {processor.py:829} INFO - Processing file /home/airflow/.local/lib/python3.8/site-packages/airflow/example_dags/example_skip_dag.py for tasks to queue
[2025-06-01T17:26:06.993+0000] {logging_mixin.py:154} INFO - [2025-06-01T17:26:06.993+0000] {dagbag.py:536} INFO - Filling up the DagBag from /home/airflow/.local/lib/python3.8/site-packages/airflow/example_dags/example_skip_dag.py
[2025-06-01T17:26:07.001+0000] {processor.py:839} INFO - DAG(s) dict_keys(['example_skip_dag']) retrieved from /home/airflow/.local/lib/python3.8/site-packages/airflow/example_dags/example_skip_dag.py
[2025-06-01T17:26:07.022+0000] {logging_mixin.py:154} INFO - [2025-06-01T17:26:07.022+0000] {dag.py:2941} INFO - Sync 1 DAGs
[2025-06-01T17:26:07.045+0000] {logging_mixin.py:154} INFO - [2025-06-01T17:26:07.044+0000] {dag.py:3722} INFO - Setting next_dagrun for example_skip_dag to 2025-05-31T17:26:07.044716+00:00, run_after=2025-06-01T17:26:07.044716+00:00
[2025-06-01T17:26:07.058+0000] {processor.py:179} INFO - Processing /home/airflow/.local/lib/python3.8/site-packages/airflow/example_dags/example_skip_dag.py took 0.071 seconds
[2025-06-01T17:26:40.421+0000] {processor.py:157} INFO - Started process (PID=3318) to work on /home/airflow/.local/lib/python3.8/site-packages/airflow/example_dags/example_skip_dag.py
[2025-06-01T17:26:40.422+0000] {processor.py:829} INFO - Processing file /home/airflow/.local/lib/python3.8/site-packages/airflow/example_dags/example_skip_dag.py for tasks to queue
[2025-06-01T17:26:40.423+0000] {logging_mixin.py:154} INFO - [2025-06-01T17:26:40.423+0000] {dagbag.py:536} INFO - Filling up the DagBag from /home/airflow/.local/lib/python3.8/site-packages/airflow/example_dags/example_skip_dag.py
[2025-06-01T17:26:40.428+0000] {processor.py:839} INFO - DAG(s) dict_keys(['example_skip_dag']) retrieved from /home/airflow/.local/lib/python3.8/site-packages/airflow/example_dags/example_skip_dag.py
[2025-06-01T17:26:40.444+0000] {logging_mixin.py:154} INFO - [2025-06-01T17:26:40.444+0000] {dag.py:2941} INFO - Sync 1 DAGs
[2025-06-01T17:26:40.458+0000] {logging_mixin.py:154} INFO - [2025-06-01T17:26:40.458+0000] {dag.py:3722} INFO - Setting next_dagrun for example_skip_dag to 2025-05-31T17:26:40.457835+00:00, run_after=2025-06-01T17:26:40.457835+00:00
[2025-06-01T17:26:40.469+0000] {processor.py:179} INFO - Processing /home/airflow/.local/lib/python3.8/site-packages/airflow/example_dags/example_skip_dag.py took 0.051 seconds
[2025-06-01T17:27:13.870+0000] {processor.py:157} INFO - Started process (PID=3390) to work on /home/airflow/.local/lib/python3.8/site-packages/airflow/example_dags/example_skip_dag.py
[2025-06-01T17:27:13.871+0000] {processor.py:829} INFO - Processing file /home/airflow/.local/lib/python3.8/site-packages/airflow/example_dags/example_skip_dag.py for tasks to queue
[2025-06-01T17:27:13.872+0000] {logging_mixin.py:154} INFO - [2025-06-01T17:27:13.871+0000] {dagbag.py:536} INFO - Filling up the DagBag from /home/airflow/.local/lib/python3.8/site-packages/airflow/example_dags/example_skip_dag.py
[2025-06-01T17:27:13.877+0000] {processor.py:839} INFO - DAG(s) dict_keys(['example_skip_dag']) retrieved from /home/airflow/.local/lib/python3.8/site-packages/airflow/example_dags/example_skip_dag.py
[2025-06-01T17:27:13.893+0000] {logging_mixin.py:154} INFO - [2025-06-01T17:27:13.893+0000] {dag.py:2941} INFO - Sync 1 DAGs
[2025-06-01T17:27:13.908+0000] {logging_mixin.py:154} INFO - [2025-06-01T17:27:13.908+0000] {dag.py:3722} INFO - Setting next_dagrun for example_skip_dag to 2025-05-31T17:27:13.907819+00:00, run_after=2025-06-01T17:27:13.907819+00:00
[2025-06-01T17:27:13.920+0000] {processor.py:179} INFO - Processing /home/airflow/.local/lib/python3.8/site-packages/airflow/example_dags/example_skip_dag.py took 0.052 seconds
[2025-06-01T17:27:47.167+0000] {processor.py:157} INFO - Started process (PID=3454) to work on /home/airflow/.local/lib/python3.8/site-packages/airflow/example_dags/example_skip_dag.py
[2025-06-01T17:27:47.169+0000] {processor.py:829} INFO - Processing file /home/airflow/.local/lib/python3.8/site-packages/airflow/example_dags/example_skip_dag.py for tasks to queue
[2025-06-01T17:27:47.169+0000] {logging_mixin.py:154} INFO - [2025-06-01T17:27:47.169+0000] {dagbag.py:536} INFO - Filling up the DagBag from /home/airflow/.local/lib/python3.8/site-packages/airflow/example_dags/example_skip_dag.py
[2025-06-01T17:27:47.176+0000] {processor.py:839} INFO - DAG(s) dict_keys(['example_skip_dag']) retrieved from /home/airflow/.local/lib/python3.8/site-packages/airflow/example_dags/example_skip_dag.py
[2025-06-01T17:27:47.193+0000] {logging_mixin.py:154} INFO - [2025-06-01T17:27:47.193+0000] {dag.py:2941} INFO - Sync 1 DAGs
[2025-06-01T17:27:47.209+0000] {logging_mixin.py:154} INFO - [2025-06-01T17:27:47.209+0000] {dag.py:3722} INFO - Setting next_dagrun for example_skip_dag to 2025-05-31T17:27:47.208781+00:00, run_after=2025-06-01T17:27:47.208781+00:00
[2025-06-01T17:27:47.221+0000] {processor.py:179} INFO - Processing /home/airflow/.local/lib/python3.8/site-packages/airflow/example_dags/example_skip_dag.py took 0.057 seconds
[2025-06-01T17:28:20.537+0000] {processor.py:157} INFO - Started process (PID=3526) to work on /home/airflow/.local/lib/python3.8/site-packages/airflow/example_dags/example_skip_dag.py
[2025-06-01T17:28:20.538+0000] {processor.py:829} INFO - Processing file /home/airflow/.local/lib/python3.8/site-packages/airflow/example_dags/example_skip_dag.py for tasks to queue
[2025-06-01T17:28:20.539+0000] {logging_mixin.py:154} INFO - [2025-06-01T17:28:20.538+0000] {dagbag.py:536} INFO - Filling up the DagBag from /home/airflow/.local/lib/python3.8/site-packages/airflow/example_dags/example_skip_dag.py
[2025-06-01T17:28:20.545+0000] {processor.py:839} INFO - DAG(s) dict_keys(['example_skip_dag']) retrieved from /home/airflow/.local/lib/python3.8/site-packages/airflow/example_dags/example_skip_dag.py
[2025-06-01T17:28:20.561+0000] {logging_mixin.py:154} INFO - [2025-06-01T17:28:20.561+0000] {dag.py:2941} INFO - Sync 1 DAGs
[2025-06-01T17:28:20.576+0000] {logging_mixin.py:154} INFO - [2025-06-01T17:28:20.576+0000] {dag.py:3722} INFO - Setting next_dagrun for example_skip_dag to 2025-05-31T17:28:20.575942+00:00, run_after=2025-06-01T17:28:20.575942+00:00
[2025-06-01T17:28:20.588+0000] {processor.py:179} INFO - Processing /home/airflow/.local/lib/python3.8/site-packages/airflow/example_dags/example_skip_dag.py took 0.054 seconds
[2025-06-01T17:28:53.119+0000] {processor.py:157} INFO - Started process (PID=3598) to work on /home/airflow/.local/lib/python3.8/site-packages/airflow/example_dags/example_skip_dag.py
[2025-06-01T17:28:53.120+0000] {processor.py:829} INFO - Processing file /home/airflow/.local/lib/python3.8/site-packages/airflow/example_dags/example_skip_dag.py for tasks to queue
[2025-06-01T17:28:53.121+0000] {logging_mixin.py:154} INFO - [2025-06-01T17:28:53.121+0000] {dagbag.py:536} INFO - Filling up the DagBag from /home/airflow/.local/lib/python3.8/site-packages/airflow/example_dags/example_skip_dag.py
[2025-06-01T17:28:53.127+0000] {processor.py:839} INFO - DAG(s) dict_keys(['example_skip_dag']) retrieved from /home/airflow/.local/lib/python3.8/site-packages/airflow/example_dags/example_skip_dag.py
[2025-06-01T17:28:53.144+0000] {logging_mixin.py:154} INFO - [2025-06-01T17:28:53.143+0000] {dag.py:2941} INFO - Sync 1 DAGs
[2025-06-01T17:28:53.162+0000] {logging_mixin.py:154} INFO - [2025-06-01T17:28:53.162+0000] {dag.py:3722} INFO - Setting next_dagrun for example_skip_dag to 2025-05-31T17:28:53.162027+00:00, run_after=2025-06-01T17:28:53.162027+00:00
[2025-06-01T17:28:53.175+0000] {processor.py:179} INFO - Processing /home/airflow/.local/lib/python3.8/site-packages/airflow/example_dags/example_skip_dag.py took 0.058 seconds
