[2025-06-01T16:43:59.476+0000] {processor.py:153} INFO - Started process (PID=52) to work on /home/airflow/.local/lib/python3.7/site-packages/airflow/example_dags/example_latest_only.py
[2025-06-01T16:43:59.477+0000] {processor.py:743} INFO - Processing file /home/airflow/.local/lib/python3.7/site-packages/airflow/example_dags/example_latest_only.py for tasks to queue
[2025-06-01T16:43:59.477+0000] {logging_mixin.py:137} INFO - [2025-06-01T16:43:59.477+0000] {dagbag.py:538} INFO - Filling up the DagBag from /home/airflow/.local/lib/python3.7/site-packages/airflow/example_dags/example_latest_only.py
[2025-06-01T16:43:59.495+0000] {processor.py:753} INFO - DAG(s) dict_keys(['latest_only']) retrieved from /home/airflow/.local/lib/python3.7/site-packages/airflow/example_dags/example_latest_only.py
[2025-06-01T16:43:59.517+0000] {logging_mixin.py:137} INFO - [2025-06-01T16:43:59.517+0000] {dag.py:2676} INFO - Sync 1 DAGs
[2025-06-01T16:43:59.542+0000] {logging_mixin.py:137} INFO - [2025-06-01T16:43:59.541+0000] {dag.py:3427} INFO - Setting next_dagrun for latest_only to 2025-06-01T12:43:59.541666+00:00, run_after=2025-06-01T16:43:59.541666+00:00
[2025-06-01T16:43:59.565+0000] {processor.py:175} INFO - Processing /home/airflow/.local/lib/python3.7/site-packages/airflow/example_dags/example_latest_only.py took 0.092 seconds
[2025-06-01T16:44:33.049+0000] {processor.py:153} INFO - Started process (PID=111) to work on /home/airflow/.local/lib/python3.7/site-packages/airflow/example_dags/example_latest_only.py
[2025-06-01T16:44:33.050+0000] {processor.py:743} INFO - Processing file /home/airflow/.local/lib/python3.7/site-packages/airflow/example_dags/example_latest_only.py for tasks to queue
[2025-06-01T16:44:33.051+0000] {logging_mixin.py:137} INFO - [2025-06-01T16:44:33.051+0000] {dagbag.py:538} INFO - Filling up the DagBag from /home/airflow/.local/lib/python3.7/site-packages/airflow/example_dags/example_latest_only.py
[2025-06-01T16:44:33.062+0000] {processor.py:753} INFO - DAG(s) dict_keys(['latest_only']) retrieved from /home/airflow/.local/lib/python3.7/site-packages/airflow/example_dags/example_latest_only.py
[2025-06-01T16:44:33.093+0000] {logging_mixin.py:137} INFO - [2025-06-01T16:44:33.093+0000] {dag.py:2676} INFO - Sync 1 DAGs
[2025-06-01T16:44:33.110+0000] {logging_mixin.py:137} INFO - [2025-06-01T16:44:33.110+0000] {dag.py:3427} INFO - Setting next_dagrun for latest_only to 2025-06-01T12:44:33.110463+00:00, run_after=2025-06-01T16:44:33.110463+00:00
[2025-06-01T16:44:33.124+0000] {processor.py:175} INFO - Processing /home/airflow/.local/lib/python3.7/site-packages/airflow/example_dags/example_latest_only.py took 0.077 seconds
[2025-06-01T16:45:06.461+0000] {processor.py:153} INFO - Started process (PID=170) to work on /home/airflow/.local/lib/python3.7/site-packages/airflow/example_dags/example_latest_only.py
[2025-06-01T16:45:06.462+0000] {processor.py:743} INFO - Processing file /home/airflow/.local/lib/python3.7/site-packages/airflow/example_dags/example_latest_only.py for tasks to queue
[2025-06-01T16:45:06.462+0000] {logging_mixin.py:137} INFO - [2025-06-01T16:45:06.462+0000] {dagbag.py:538} INFO - Filling up the DagBag from /home/airflow/.local/lib/python3.7/site-packages/airflow/example_dags/example_latest_only.py
[2025-06-01T16:45:06.474+0000] {processor.py:753} INFO - DAG(s) dict_keys(['latest_only']) retrieved from /home/airflow/.local/lib/python3.7/site-packages/airflow/example_dags/example_latest_only.py
[2025-06-01T16:45:06.502+0000] {logging_mixin.py:137} INFO - [2025-06-01T16:45:06.502+0000] {dag.py:2676} INFO - Sync 1 DAGs
[2025-06-01T16:45:06.517+0000] {logging_mixin.py:137} INFO - [2025-06-01T16:45:06.517+0000] {dag.py:3427} INFO - Setting next_dagrun for latest_only to 2025-06-01T12:45:06.517593+00:00, run_after=2025-06-01T16:45:06.517593+00:00
[2025-06-01T16:45:06.529+0000] {processor.py:175} INFO - Processing /home/airflow/.local/lib/python3.7/site-packages/airflow/example_dags/example_latest_only.py took 0.071 seconds
[2025-06-01T16:45:39.805+0000] {processor.py:153} INFO - Started process (PID=229) to work on /home/airflow/.local/lib/python3.7/site-packages/airflow/example_dags/example_latest_only.py
[2025-06-01T16:45:39.806+0000] {processor.py:743} INFO - Processing file /home/airflow/.local/lib/python3.7/site-packages/airflow/example_dags/example_latest_only.py for tasks to queue
[2025-06-01T16:45:39.807+0000] {logging_mixin.py:137} INFO - [2025-06-01T16:45:39.807+0000] {dagbag.py:538} INFO - Filling up the DagBag from /home/airflow/.local/lib/python3.7/site-packages/airflow/example_dags/example_latest_only.py
[2025-06-01T16:45:39.817+0000] {processor.py:753} INFO - DAG(s) dict_keys(['latest_only']) retrieved from /home/airflow/.local/lib/python3.7/site-packages/airflow/example_dags/example_latest_only.py
[2025-06-01T16:45:39.843+0000] {logging_mixin.py:137} INFO - [2025-06-01T16:45:39.843+0000] {dag.py:2676} INFO - Sync 1 DAGs
[2025-06-01T16:45:39.860+0000] {logging_mixin.py:137} INFO - [2025-06-01T16:45:39.860+0000] {dag.py:3427} INFO - Setting next_dagrun for latest_only to 2025-06-01T12:45:39.860022+00:00, run_after=2025-06-01T16:45:39.860022+00:00
[2025-06-01T16:45:39.874+0000] {processor.py:175} INFO - Processing /home/airflow/.local/lib/python3.7/site-packages/airflow/example_dags/example_latest_only.py took 0.071 seconds
[2025-06-01T16:46:13.269+0000] {processor.py:153} INFO - Started process (PID=288) to work on /home/airflow/.local/lib/python3.7/site-packages/airflow/example_dags/example_latest_only.py
[2025-06-01T16:46:13.270+0000] {processor.py:743} INFO - Processing file /home/airflow/.local/lib/python3.7/site-packages/airflow/example_dags/example_latest_only.py for tasks to queue
[2025-06-01T16:46:13.270+0000] {logging_mixin.py:137} INFO - [2025-06-01T16:46:13.270+0000] {dagbag.py:538} INFO - Filling up the DagBag from /home/airflow/.local/lib/python3.7/site-packages/airflow/example_dags/example_latest_only.py
[2025-06-01T16:46:13.280+0000] {processor.py:753} INFO - DAG(s) dict_keys(['latest_only']) retrieved from /home/airflow/.local/lib/python3.7/site-packages/airflow/example_dags/example_latest_only.py
[2025-06-01T16:46:13.307+0000] {logging_mixin.py:137} INFO - [2025-06-01T16:46:13.307+0000] {dag.py:2676} INFO - Sync 1 DAGs
[2025-06-01T16:46:13.323+0000] {logging_mixin.py:137} INFO - [2025-06-01T16:46:13.323+0000] {dag.py:3427} INFO - Setting next_dagrun for latest_only to 2025-06-01T12:46:13.323559+00:00, run_after=2025-06-01T16:46:13.323559+00:00
[2025-06-01T16:46:13.335+0000] {processor.py:175} INFO - Processing /home/airflow/.local/lib/python3.7/site-packages/airflow/example_dags/example_latest_only.py took 0.069 seconds
[2025-06-01T16:46:45.436+0000] {processor.py:153} INFO - Started process (PID=347) to work on /home/airflow/.local/lib/python3.7/site-packages/airflow/example_dags/example_latest_only.py
[2025-06-01T16:46:45.438+0000] {processor.py:743} INFO - Processing file /home/airflow/.local/lib/python3.7/site-packages/airflow/example_dags/example_latest_only.py for tasks to queue
[2025-06-01T16:46:45.438+0000] {logging_mixin.py:137} INFO - [2025-06-01T16:46:45.438+0000] {dagbag.py:538} INFO - Filling up the DagBag from /home/airflow/.local/lib/python3.7/site-packages/airflow/example_dags/example_latest_only.py
[2025-06-01T16:46:45.449+0000] {processor.py:753} INFO - DAG(s) dict_keys(['latest_only']) retrieved from /home/airflow/.local/lib/python3.7/site-packages/airflow/example_dags/example_latest_only.py
[2025-06-01T16:46:45.478+0000] {logging_mixin.py:137} INFO - [2025-06-01T16:46:45.478+0000] {dag.py:2676} INFO - Sync 1 DAGs
[2025-06-01T16:46:45.494+0000] {logging_mixin.py:137} INFO - [2025-06-01T16:46:45.494+0000] {dag.py:3427} INFO - Setting next_dagrun for latest_only to 2025-06-01T12:46:45.494558+00:00, run_after=2025-06-01T16:46:45.494558+00:00
[2025-06-01T16:46:45.507+0000] {processor.py:175} INFO - Processing /home/airflow/.local/lib/python3.7/site-packages/airflow/example_dags/example_latest_only.py took 0.073 seconds
[2025-06-01T16:47:18.915+0000] {processor.py:153} INFO - Started process (PID=406) to work on /home/airflow/.local/lib/python3.7/site-packages/airflow/example_dags/example_latest_only.py
[2025-06-01T16:47:18.916+0000] {processor.py:743} INFO - Processing file /home/airflow/.local/lib/python3.7/site-packages/airflow/example_dags/example_latest_only.py for tasks to queue
[2025-06-01T16:47:18.916+0000] {logging_mixin.py:137} INFO - [2025-06-01T16:47:18.916+0000] {dagbag.py:538} INFO - Filling up the DagBag from /home/airflow/.local/lib/python3.7/site-packages/airflow/example_dags/example_latest_only.py
[2025-06-01T16:47:18.927+0000] {processor.py:753} INFO - DAG(s) dict_keys(['latest_only']) retrieved from /home/airflow/.local/lib/python3.7/site-packages/airflow/example_dags/example_latest_only.py
[2025-06-01T16:47:18.954+0000] {logging_mixin.py:137} INFO - [2025-06-01T16:47:18.954+0000] {dag.py:2676} INFO - Sync 1 DAGs
[2025-06-01T16:47:18.970+0000] {logging_mixin.py:137} INFO - [2025-06-01T16:47:18.970+0000] {dag.py:3427} INFO - Setting next_dagrun for latest_only to 2025-06-01T12:47:18.970495+00:00, run_after=2025-06-01T16:47:18.970495+00:00
[2025-06-01T16:47:18.985+0000] {processor.py:175} INFO - Processing /home/airflow/.local/lib/python3.7/site-packages/airflow/example_dags/example_latest_only.py took 0.072 seconds
[2025-06-01T16:51:58.965+0000] {processor.py:157} INFO - Started process (PID=51) to work on /home/airflow/.local/lib/python3.8/site-packages/airflow/example_dags/example_latest_only.py
[2025-06-01T16:51:58.965+0000] {processor.py:829} INFO - Processing file /home/airflow/.local/lib/python3.8/site-packages/airflow/example_dags/example_latest_only.py for tasks to queue
[2025-06-01T16:51:58.967+0000] {logging_mixin.py:154} INFO - [2025-06-01T16:51:58.967+0000] {dagbag.py:536} INFO - Filling up the DagBag from /home/airflow/.local/lib/python3.8/site-packages/airflow/example_dags/example_latest_only.py
[2025-06-01T16:51:58.974+0000] {processor.py:839} INFO - DAG(s) dict_keys(['latest_only']) retrieved from /home/airflow/.local/lib/python3.8/site-packages/airflow/example_dags/example_latest_only.py
[2025-06-01T16:51:58.985+0000] {logging_mixin.py:154} INFO - [2025-06-01T16:51:58.985+0000] {dag.py:2941} INFO - Sync 1 DAGs
[2025-06-01T16:51:59.002+0000] {logging_mixin.py:154} INFO - [2025-06-01T16:51:59.002+0000] {dag.py:3722} INFO - Setting next_dagrun for latest_only to 2025-06-01T12:51:59.001984+00:00, run_after=2025-06-01T16:51:59.001984+00:00
[2025-06-01T16:51:59.020+0000] {processor.py:179} INFO - Processing /home/airflow/.local/lib/python3.8/site-packages/airflow/example_dags/example_latest_only.py took 0.058 seconds
[2025-06-01T16:52:29.394+0000] {processor.py:157} INFO - Started process (PID=120) to work on /home/airflow/.local/lib/python3.8/site-packages/airflow/example_dags/example_latest_only.py
[2025-06-01T16:52:29.395+0000] {processor.py:829} INFO - Processing file /home/airflow/.local/lib/python3.8/site-packages/airflow/example_dags/example_latest_only.py for tasks to queue
[2025-06-01T16:52:29.397+0000] {logging_mixin.py:154} INFO - [2025-06-01T16:52:29.397+0000] {dagbag.py:536} INFO - Filling up the DagBag from /home/airflow/.local/lib/python3.8/site-packages/airflow/example_dags/example_latest_only.py
[2025-06-01T16:52:29.402+0000] {processor.py:839} INFO - DAG(s) dict_keys(['latest_only']) retrieved from /home/airflow/.local/lib/python3.8/site-packages/airflow/example_dags/example_latest_only.py
[2025-06-01T16:52:29.421+0000] {logging_mixin.py:154} INFO - [2025-06-01T16:52:29.421+0000] {dag.py:2941} INFO - Sync 1 DAGs
[2025-06-01T16:52:29.439+0000] {logging_mixin.py:154} INFO - [2025-06-01T16:52:29.438+0000] {dag.py:3722} INFO - Setting next_dagrun for latest_only to 2025-06-01T12:52:29.438777+00:00, run_after=2025-06-01T16:52:29.438777+00:00
[2025-06-01T16:52:29.455+0000] {processor.py:179} INFO - Processing /home/airflow/.local/lib/python3.8/site-packages/airflow/example_dags/example_latest_only.py took 0.065 seconds
[2025-06-01T16:52:59.722+0000] {processor.py:157} INFO - Started process (PID=204) to work on /home/airflow/.local/lib/python3.8/site-packages/airflow/example_dags/example_latest_only.py
[2025-06-01T16:52:59.724+0000] {processor.py:829} INFO - Processing file /home/airflow/.local/lib/python3.8/site-packages/airflow/example_dags/example_latest_only.py for tasks to queue
[2025-06-01T16:52:59.726+0000] {logging_mixin.py:154} INFO - [2025-06-01T16:52:59.726+0000] {dagbag.py:536} INFO - Filling up the DagBag from /home/airflow/.local/lib/python3.8/site-packages/airflow/example_dags/example_latest_only.py
[2025-06-01T16:52:59.730+0000] {processor.py:839} INFO - DAG(s) dict_keys(['latest_only']) retrieved from /home/airflow/.local/lib/python3.8/site-packages/airflow/example_dags/example_latest_only.py
[2025-06-01T16:52:59.748+0000] {logging_mixin.py:154} INFO - [2025-06-01T16:52:59.747+0000] {dag.py:2941} INFO - Sync 1 DAGs
[2025-06-01T16:52:59.765+0000] {logging_mixin.py:154} INFO - [2025-06-01T16:52:59.765+0000] {dag.py:3722} INFO - Setting next_dagrun for latest_only to 2025-06-01T12:52:59.765285+00:00, run_after=2025-06-01T16:52:59.765285+00:00
[2025-06-01T16:52:59.780+0000] {processor.py:179} INFO - Processing /home/airflow/.local/lib/python3.8/site-packages/airflow/example_dags/example_latest_only.py took 0.061 seconds
[2025-06-01T16:53:29.905+0000] {processor.py:157} INFO - Started process (PID=272) to work on /home/airflow/.local/lib/python3.8/site-packages/airflow/example_dags/example_latest_only.py
[2025-06-01T16:53:29.906+0000] {processor.py:829} INFO - Processing file /home/airflow/.local/lib/python3.8/site-packages/airflow/example_dags/example_latest_only.py for tasks to queue
[2025-06-01T16:53:29.907+0000] {logging_mixin.py:154} INFO - [2025-06-01T16:53:29.907+0000] {dagbag.py:536} INFO - Filling up the DagBag from /home/airflow/.local/lib/python3.8/site-packages/airflow/example_dags/example_latest_only.py
[2025-06-01T16:53:29.911+0000] {processor.py:839} INFO - DAG(s) dict_keys(['latest_only']) retrieved from /home/airflow/.local/lib/python3.8/site-packages/airflow/example_dags/example_latest_only.py
[2025-06-01T16:53:29.928+0000] {logging_mixin.py:154} INFO - [2025-06-01T16:53:29.928+0000] {dag.py:2941} INFO - Sync 1 DAGs
[2025-06-01T16:53:29.944+0000] {logging_mixin.py:154} INFO - [2025-06-01T16:53:29.944+0000] {dag.py:3722} INFO - Setting next_dagrun for latest_only to 2025-06-01T12:53:29.944508+00:00, run_after=2025-06-01T16:53:29.944508+00:00
[2025-06-01T16:53:29.957+0000] {processor.py:179} INFO - Processing /home/airflow/.local/lib/python3.8/site-packages/airflow/example_dags/example_latest_only.py took 0.055 seconds
[2025-06-01T16:54:00.310+0000] {processor.py:157} INFO - Started process (PID=333) to work on /home/airflow/.local/lib/python3.8/site-packages/airflow/example_dags/example_latest_only.py
[2025-06-01T16:54:00.311+0000] {processor.py:829} INFO - Processing file /home/airflow/.local/lib/python3.8/site-packages/airflow/example_dags/example_latest_only.py for tasks to queue
[2025-06-01T16:54:00.313+0000] {logging_mixin.py:154} INFO - [2025-06-01T16:54:00.313+0000] {dagbag.py:536} INFO - Filling up the DagBag from /home/airflow/.local/lib/python3.8/site-packages/airflow/example_dags/example_latest_only.py
[2025-06-01T16:54:00.317+0000] {processor.py:839} INFO - DAG(s) dict_keys(['latest_only']) retrieved from /home/airflow/.local/lib/python3.8/site-packages/airflow/example_dags/example_latest_only.py
[2025-06-01T16:54:00.332+0000] {logging_mixin.py:154} INFO - [2025-06-01T16:54:00.332+0000] {dag.py:2941} INFO - Sync 1 DAGs
[2025-06-01T16:54:00.346+0000] {logging_mixin.py:154} INFO - [2025-06-01T16:54:00.345+0000] {dag.py:3722} INFO - Setting next_dagrun for latest_only to 2025-06-01T12:54:00.345770+00:00, run_after=2025-06-01T16:54:00.345770+00:00
[2025-06-01T16:54:00.358+0000] {processor.py:179} INFO - Processing /home/airflow/.local/lib/python3.8/site-packages/airflow/example_dags/example_latest_only.py took 0.051 seconds
[2025-06-01T16:54:31.089+0000] {processor.py:157} INFO - Started process (PID=401) to work on /home/airflow/.local/lib/python3.8/site-packages/airflow/example_dags/example_latest_only.py
[2025-06-01T16:54:31.091+0000] {processor.py:829} INFO - Processing file /home/airflow/.local/lib/python3.8/site-packages/airflow/example_dags/example_latest_only.py for tasks to queue
[2025-06-01T16:54:31.092+0000] {logging_mixin.py:154} INFO - [2025-06-01T16:54:31.092+0000] {dagbag.py:536} INFO - Filling up the DagBag from /home/airflow/.local/lib/python3.8/site-packages/airflow/example_dags/example_latest_only.py
[2025-06-01T16:54:31.096+0000] {processor.py:839} INFO - DAG(s) dict_keys(['latest_only']) retrieved from /home/airflow/.local/lib/python3.8/site-packages/airflow/example_dags/example_latest_only.py
[2025-06-01T16:54:31.112+0000] {logging_mixin.py:154} INFO - [2025-06-01T16:54:31.112+0000] {dag.py:2941} INFO - Sync 1 DAGs
[2025-06-01T16:54:31.127+0000] {logging_mixin.py:154} INFO - [2025-06-01T16:54:31.127+0000] {dag.py:3722} INFO - Setting next_dagrun for latest_only to 2025-06-01T12:54:31.127180+00:00, run_after=2025-06-01T16:54:31.127180+00:00
[2025-06-01T16:54:31.140+0000] {processor.py:179} INFO - Processing /home/airflow/.local/lib/python3.8/site-packages/airflow/example_dags/example_latest_only.py took 0.053 seconds
[2025-06-01T16:55:04.356+0000] {processor.py:157} INFO - Started process (PID=469) to work on /home/airflow/.local/lib/python3.8/site-packages/airflow/example_dags/example_latest_only.py
[2025-06-01T16:55:04.358+0000] {processor.py:829} INFO - Processing file /home/airflow/.local/lib/python3.8/site-packages/airflow/example_dags/example_latest_only.py for tasks to queue
[2025-06-01T16:55:04.359+0000] {logging_mixin.py:154} INFO - [2025-06-01T16:55:04.359+0000] {dagbag.py:536} INFO - Filling up the DagBag from /home/airflow/.local/lib/python3.8/site-packages/airflow/example_dags/example_latest_only.py
[2025-06-01T16:55:04.363+0000] {processor.py:839} INFO - DAG(s) dict_keys(['latest_only']) retrieved from /home/airflow/.local/lib/python3.8/site-packages/airflow/example_dags/example_latest_only.py
[2025-06-01T16:55:04.380+0000] {logging_mixin.py:154} INFO - [2025-06-01T16:55:04.379+0000] {dag.py:2941} INFO - Sync 1 DAGs
[2025-06-01T16:55:04.394+0000] {logging_mixin.py:154} INFO - [2025-06-01T16:55:04.394+0000] {dag.py:3722} INFO - Setting next_dagrun for latest_only to 2025-06-01T12:55:04.394202+00:00, run_after=2025-06-01T16:55:04.394202+00:00
[2025-06-01T16:55:04.407+0000] {processor.py:179} INFO - Processing /home/airflow/.local/lib/python3.8/site-packages/airflow/example_dags/example_latest_only.py took 0.054 seconds
[2025-06-01T16:55:37.435+0000] {processor.py:157} INFO - Started process (PID=537) to work on /home/airflow/.local/lib/python3.8/site-packages/airflow/example_dags/example_latest_only.py
[2025-06-01T16:55:37.436+0000] {processor.py:829} INFO - Processing file /home/airflow/.local/lib/python3.8/site-packages/airflow/example_dags/example_latest_only.py for tasks to queue
[2025-06-01T16:55:37.438+0000] {logging_mixin.py:154} INFO - [2025-06-01T16:55:37.438+0000] {dagbag.py:536} INFO - Filling up the DagBag from /home/airflow/.local/lib/python3.8/site-packages/airflow/example_dags/example_latest_only.py
[2025-06-01T16:55:37.442+0000] {processor.py:839} INFO - DAG(s) dict_keys(['latest_only']) retrieved from /home/airflow/.local/lib/python3.8/site-packages/airflow/example_dags/example_latest_only.py
[2025-06-01T16:55:37.457+0000] {logging_mixin.py:154} INFO - [2025-06-01T16:55:37.456+0000] {dag.py:2941} INFO - Sync 1 DAGs
[2025-06-01T16:55:37.471+0000] {logging_mixin.py:154} INFO - [2025-06-01T16:55:37.471+0000] {dag.py:3722} INFO - Setting next_dagrun for latest_only to 2025-06-01T12:55:37.471260+00:00, run_after=2025-06-01T16:55:37.471260+00:00
[2025-06-01T16:55:37.485+0000] {processor.py:179} INFO - Processing /home/airflow/.local/lib/python3.8/site-packages/airflow/example_dags/example_latest_only.py took 0.053 seconds
[2025-06-01T16:56:10.738+0000] {processor.py:157} INFO - Started process (PID=605) to work on /home/airflow/.local/lib/python3.8/site-packages/airflow/example_dags/example_latest_only.py
[2025-06-01T16:56:10.740+0000] {processor.py:829} INFO - Processing file /home/airflow/.local/lib/python3.8/site-packages/airflow/example_dags/example_latest_only.py for tasks to queue
[2025-06-01T16:56:10.741+0000] {logging_mixin.py:154} INFO - [2025-06-01T16:56:10.741+0000] {dagbag.py:536} INFO - Filling up the DagBag from /home/airflow/.local/lib/python3.8/site-packages/airflow/example_dags/example_latest_only.py
[2025-06-01T16:56:10.746+0000] {processor.py:839} INFO - DAG(s) dict_keys(['latest_only']) retrieved from /home/airflow/.local/lib/python3.8/site-packages/airflow/example_dags/example_latest_only.py
[2025-06-01T16:56:10.763+0000] {logging_mixin.py:154} INFO - [2025-06-01T16:56:10.763+0000] {dag.py:2941} INFO - Sync 1 DAGs
[2025-06-01T16:56:10.779+0000] {logging_mixin.py:154} INFO - [2025-06-01T16:56:10.779+0000] {dag.py:3722} INFO - Setting next_dagrun for latest_only to 2025-06-01T12:56:10.779509+00:00, run_after=2025-06-01T16:56:10.779509+00:00
[2025-06-01T16:56:10.793+0000] {processor.py:179} INFO - Processing /home/airflow/.local/lib/python3.8/site-packages/airflow/example_dags/example_latest_only.py took 0.057 seconds
[2025-06-01T16:56:44.257+0000] {processor.py:157} INFO - Started process (PID=673) to work on /home/airflow/.local/lib/python3.8/site-packages/airflow/example_dags/example_latest_only.py
[2025-06-01T16:56:44.258+0000] {processor.py:829} INFO - Processing file /home/airflow/.local/lib/python3.8/site-packages/airflow/example_dags/example_latest_only.py for tasks to queue
[2025-06-01T16:56:44.260+0000] {logging_mixin.py:154} INFO - [2025-06-01T16:56:44.259+0000] {dagbag.py:536} INFO - Filling up the DagBag from /home/airflow/.local/lib/python3.8/site-packages/airflow/example_dags/example_latest_only.py
[2025-06-01T16:56:44.263+0000] {processor.py:839} INFO - DAG(s) dict_keys(['latest_only']) retrieved from /home/airflow/.local/lib/python3.8/site-packages/airflow/example_dags/example_latest_only.py
[2025-06-01T16:56:44.278+0000] {logging_mixin.py:154} INFO - [2025-06-01T16:56:44.278+0000] {dag.py:2941} INFO - Sync 1 DAGs
[2025-06-01T16:56:44.293+0000] {logging_mixin.py:154} INFO - [2025-06-01T16:56:44.293+0000] {dag.py:3722} INFO - Setting next_dagrun for latest_only to 2025-06-01T12:56:44.292879+00:00, run_after=2025-06-01T16:56:44.292879+00:00
[2025-06-01T16:56:44.305+0000] {processor.py:179} INFO - Processing /home/airflow/.local/lib/python3.8/site-packages/airflow/example_dags/example_latest_only.py took 0.050 seconds
[2025-06-01T16:57:17.396+0000] {processor.py:157} INFO - Started process (PID=741) to work on /home/airflow/.local/lib/python3.8/site-packages/airflow/example_dags/example_latest_only.py
[2025-06-01T16:57:17.397+0000] {processor.py:829} INFO - Processing file /home/airflow/.local/lib/python3.8/site-packages/airflow/example_dags/example_latest_only.py for tasks to queue
[2025-06-01T16:57:17.399+0000] {logging_mixin.py:154} INFO - [2025-06-01T16:57:17.399+0000] {dagbag.py:536} INFO - Filling up the DagBag from /home/airflow/.local/lib/python3.8/site-packages/airflow/example_dags/example_latest_only.py
[2025-06-01T16:57:17.403+0000] {processor.py:839} INFO - DAG(s) dict_keys(['latest_only']) retrieved from /home/airflow/.local/lib/python3.8/site-packages/airflow/example_dags/example_latest_only.py
[2025-06-01T16:57:17.418+0000] {logging_mixin.py:154} INFO - [2025-06-01T16:57:17.418+0000] {dag.py:2941} INFO - Sync 1 DAGs
[2025-06-01T16:57:17.434+0000] {logging_mixin.py:154} INFO - [2025-06-01T16:57:17.434+0000] {dag.py:3722} INFO - Setting next_dagrun for latest_only to 2025-06-01T12:57:17.433999+00:00, run_after=2025-06-01T16:57:17.433999+00:00
[2025-06-01T16:57:17.448+0000] {processor.py:179} INFO - Processing /home/airflow/.local/lib/python3.8/site-packages/airflow/example_dags/example_latest_only.py took 0.054 seconds
[2025-06-01T16:57:50.618+0000] {processor.py:157} INFO - Started process (PID=809) to work on /home/airflow/.local/lib/python3.8/site-packages/airflow/example_dags/example_latest_only.py
[2025-06-01T16:57:50.619+0000] {processor.py:829} INFO - Processing file /home/airflow/.local/lib/python3.8/site-packages/airflow/example_dags/example_latest_only.py for tasks to queue
[2025-06-01T16:57:50.620+0000] {logging_mixin.py:154} INFO - [2025-06-01T16:57:50.620+0000] {dagbag.py:536} INFO - Filling up the DagBag from /home/airflow/.local/lib/python3.8/site-packages/airflow/example_dags/example_latest_only.py
[2025-06-01T16:57:50.625+0000] {processor.py:839} INFO - DAG(s) dict_keys(['latest_only']) retrieved from /home/airflow/.local/lib/python3.8/site-packages/airflow/example_dags/example_latest_only.py
[2025-06-01T16:57:50.641+0000] {logging_mixin.py:154} INFO - [2025-06-01T16:57:50.641+0000] {dag.py:2941} INFO - Sync 1 DAGs
[2025-06-01T16:57:50.655+0000] {logging_mixin.py:154} INFO - [2025-06-01T16:57:50.655+0000] {dag.py:3722} INFO - Setting next_dagrun for latest_only to 2025-06-01T12:57:50.655542+00:00, run_after=2025-06-01T16:57:50.655542+00:00
[2025-06-01T16:57:50.668+0000] {processor.py:179} INFO - Processing /home/airflow/.local/lib/python3.8/site-packages/airflow/example_dags/example_latest_only.py took 0.053 seconds
[2025-06-01T16:58:23.802+0000] {processor.py:157} INFO - Started process (PID=878) to work on /home/airflow/.local/lib/python3.8/site-packages/airflow/example_dags/example_latest_only.py
[2025-06-01T16:58:23.803+0000] {processor.py:829} INFO - Processing file /home/airflow/.local/lib/python3.8/site-packages/airflow/example_dags/example_latest_only.py for tasks to queue
[2025-06-01T16:58:23.805+0000] {logging_mixin.py:154} INFO - [2025-06-01T16:58:23.804+0000] {dagbag.py:536} INFO - Filling up the DagBag from /home/airflow/.local/lib/python3.8/site-packages/airflow/example_dags/example_latest_only.py
[2025-06-01T16:58:23.810+0000] {processor.py:839} INFO - DAG(s) dict_keys(['latest_only']) retrieved from /home/airflow/.local/lib/python3.8/site-packages/airflow/example_dags/example_latest_only.py
[2025-06-01T16:58:23.827+0000] {logging_mixin.py:154} INFO - [2025-06-01T16:58:23.827+0000] {dag.py:2941} INFO - Sync 1 DAGs
[2025-06-01T16:58:23.842+0000] {logging_mixin.py:154} INFO - [2025-06-01T16:58:23.842+0000] {dag.py:3722} INFO - Setting next_dagrun for latest_only to 2025-06-01T12:58:23.841894+00:00, run_after=2025-06-01T16:58:23.841894+00:00
[2025-06-01T16:58:23.855+0000] {processor.py:179} INFO - Processing /home/airflow/.local/lib/python3.8/site-packages/airflow/example_dags/example_latest_only.py took 0.055 seconds
[2025-06-01T16:58:56.929+0000] {processor.py:157} INFO - Started process (PID=946) to work on /home/airflow/.local/lib/python3.8/site-packages/airflow/example_dags/example_latest_only.py
[2025-06-01T16:58:56.929+0000] {processor.py:829} INFO - Processing file /home/airflow/.local/lib/python3.8/site-packages/airflow/example_dags/example_latest_only.py for tasks to queue
[2025-06-01T16:58:56.931+0000] {logging_mixin.py:154} INFO - [2025-06-01T16:58:56.931+0000] {dagbag.py:536} INFO - Filling up the DagBag from /home/airflow/.local/lib/python3.8/site-packages/airflow/example_dags/example_latest_only.py
[2025-06-01T16:58:56.935+0000] {processor.py:839} INFO - DAG(s) dict_keys(['latest_only']) retrieved from /home/airflow/.local/lib/python3.8/site-packages/airflow/example_dags/example_latest_only.py
[2025-06-01T16:58:56.952+0000] {logging_mixin.py:154} INFO - [2025-06-01T16:58:56.952+0000] {dag.py:2941} INFO - Sync 1 DAGs
[2025-06-01T16:58:56.968+0000] {logging_mixin.py:154} INFO - [2025-06-01T16:58:56.968+0000] {dag.py:3722} INFO - Setting next_dagrun for latest_only to 2025-06-01T12:58:56.968368+00:00, run_after=2025-06-01T16:58:56.968368+00:00
[2025-06-01T16:58:56.981+0000] {processor.py:179} INFO - Processing /home/airflow/.local/lib/python3.8/site-packages/airflow/example_dags/example_latest_only.py took 0.055 seconds
[2025-06-01T16:59:30.368+0000] {processor.py:157} INFO - Started process (PID=1014) to work on /home/airflow/.local/lib/python3.8/site-packages/airflow/example_dags/example_latest_only.py
[2025-06-01T16:59:30.369+0000] {processor.py:829} INFO - Processing file /home/airflow/.local/lib/python3.8/site-packages/airflow/example_dags/example_latest_only.py for tasks to queue
[2025-06-01T16:59:30.371+0000] {logging_mixin.py:154} INFO - [2025-06-01T16:59:30.371+0000] {dagbag.py:536} INFO - Filling up the DagBag from /home/airflow/.local/lib/python3.8/site-packages/airflow/example_dags/example_latest_only.py
[2025-06-01T16:59:30.375+0000] {processor.py:839} INFO - DAG(s) dict_keys(['latest_only']) retrieved from /home/airflow/.local/lib/python3.8/site-packages/airflow/example_dags/example_latest_only.py
[2025-06-01T16:59:30.395+0000] {logging_mixin.py:154} INFO - [2025-06-01T16:59:30.395+0000] {dag.py:2941} INFO - Sync 1 DAGs
[2025-06-01T16:59:30.413+0000] {logging_mixin.py:154} INFO - [2025-06-01T16:59:30.413+0000] {dag.py:3722} INFO - Setting next_dagrun for latest_only to 2025-06-01T12:59:30.412989+00:00, run_after=2025-06-01T16:59:30.412989+00:00
[2025-06-01T16:59:30.427+0000] {processor.py:179} INFO - Processing /home/airflow/.local/lib/python3.8/site-packages/airflow/example_dags/example_latest_only.py took 0.062 seconds
[2025-06-01T17:00:37.515+0000] {processor.py:157} INFO - Started process (PID=55) to work on /home/airflow/.local/lib/python3.8/site-packages/airflow/example_dags/example_latest_only.py
[2025-06-01T17:00:37.517+0000] {processor.py:829} INFO - Processing file /home/airflow/.local/lib/python3.8/site-packages/airflow/example_dags/example_latest_only.py for tasks to queue
[2025-06-01T17:00:37.519+0000] {logging_mixin.py:154} INFO - [2025-06-01T17:00:37.518+0000] {dagbag.py:536} INFO - Filling up the DagBag from /home/airflow/.local/lib/python3.8/site-packages/airflow/example_dags/example_latest_only.py
[2025-06-01T17:00:37.526+0000] {processor.py:839} INFO - DAG(s) dict_keys(['latest_only']) retrieved from /home/airflow/.local/lib/python3.8/site-packages/airflow/example_dags/example_latest_only.py
[2025-06-01T17:00:37.540+0000] {logging_mixin.py:154} INFO - [2025-06-01T17:00:37.540+0000] {dag.py:2941} INFO - Sync 1 DAGs
[2025-06-01T17:00:37.559+0000] {logging_mixin.py:154} INFO - [2025-06-01T17:00:37.559+0000] {dag.py:3722} INFO - Setting next_dagrun for latest_only to 2025-06-01T13:00:37.559607+00:00, run_after=2025-06-01T17:00:37.559607+00:00
[2025-06-01T17:00:37.576+0000] {processor.py:179} INFO - Processing /home/airflow/.local/lib/python3.8/site-packages/airflow/example_dags/example_latest_only.py took 0.064 seconds
[2025-06-01T17:01:10.173+0000] {processor.py:157} INFO - Started process (PID=118) to work on /home/airflow/.local/lib/python3.8/site-packages/airflow/example_dags/example_latest_only.py
[2025-06-01T17:01:10.174+0000] {processor.py:829} INFO - Processing file /home/airflow/.local/lib/python3.8/site-packages/airflow/example_dags/example_latest_only.py for tasks to queue
[2025-06-01T17:01:10.175+0000] {logging_mixin.py:154} INFO - [2025-06-01T17:01:10.175+0000] {dagbag.py:536} INFO - Filling up the DagBag from /home/airflow/.local/lib/python3.8/site-packages/airflow/example_dags/example_latest_only.py
[2025-06-01T17:01:10.179+0000] {processor.py:839} INFO - DAG(s) dict_keys(['latest_only']) retrieved from /home/airflow/.local/lib/python3.8/site-packages/airflow/example_dags/example_latest_only.py
[2025-06-01T17:01:10.195+0000] {logging_mixin.py:154} INFO - [2025-06-01T17:01:10.194+0000] {dag.py:2941} INFO - Sync 1 DAGs
[2025-06-01T17:01:10.209+0000] {logging_mixin.py:154} INFO - [2025-06-01T17:01:10.209+0000] {dag.py:3722} INFO - Setting next_dagrun for latest_only to 2025-06-01T13:01:10.209014+00:00, run_after=2025-06-01T17:01:10.209014+00:00
[2025-06-01T17:01:10.221+0000] {processor.py:179} INFO - Processing /home/airflow/.local/lib/python3.8/site-packages/airflow/example_dags/example_latest_only.py took 0.051 seconds
[2025-06-01T17:01:43.598+0000] {processor.py:157} INFO - Started process (PID=189) to work on /home/airflow/.local/lib/python3.8/site-packages/airflow/example_dags/example_latest_only.py
[2025-06-01T17:01:43.599+0000] {processor.py:829} INFO - Processing file /home/airflow/.local/lib/python3.8/site-packages/airflow/example_dags/example_latest_only.py for tasks to queue
[2025-06-01T17:01:43.601+0000] {logging_mixin.py:154} INFO - [2025-06-01T17:01:43.601+0000] {dagbag.py:536} INFO - Filling up the DagBag from /home/airflow/.local/lib/python3.8/site-packages/airflow/example_dags/example_latest_only.py
[2025-06-01T17:01:43.605+0000] {processor.py:839} INFO - DAG(s) dict_keys(['latest_only']) retrieved from /home/airflow/.local/lib/python3.8/site-packages/airflow/example_dags/example_latest_only.py
[2025-06-01T17:01:43.623+0000] {logging_mixin.py:154} INFO - [2025-06-01T17:01:43.623+0000] {dag.py:2941} INFO - Sync 1 DAGs
[2025-06-01T17:01:43.641+0000] {logging_mixin.py:154} INFO - [2025-06-01T17:01:43.641+0000] {dag.py:3722} INFO - Setting next_dagrun for latest_only to 2025-06-01T13:01:43.641484+00:00, run_after=2025-06-01T17:01:43.641484+00:00
[2025-06-01T17:01:43.660+0000] {processor.py:179} INFO - Processing /home/airflow/.local/lib/python3.8/site-packages/airflow/example_dags/example_latest_only.py took 0.066 seconds
[2025-06-01T17:02:16.201+0000] {processor.py:157} INFO - Started process (PID=252) to work on /home/airflow/.local/lib/python3.8/site-packages/airflow/example_dags/example_latest_only.py
[2025-06-01T17:02:16.201+0000] {processor.py:829} INFO - Processing file /home/airflow/.local/lib/python3.8/site-packages/airflow/example_dags/example_latest_only.py for tasks to queue
[2025-06-01T17:02:16.203+0000] {logging_mixin.py:154} INFO - [2025-06-01T17:02:16.203+0000] {dagbag.py:536} INFO - Filling up the DagBag from /home/airflow/.local/lib/python3.8/site-packages/airflow/example_dags/example_latest_only.py
[2025-06-01T17:02:16.207+0000] {processor.py:839} INFO - DAG(s) dict_keys(['latest_only']) retrieved from /home/airflow/.local/lib/python3.8/site-packages/airflow/example_dags/example_latest_only.py
[2025-06-01T17:02:16.223+0000] {logging_mixin.py:154} INFO - [2025-06-01T17:02:16.223+0000] {dag.py:2941} INFO - Sync 1 DAGs
[2025-06-01T17:02:16.241+0000] {logging_mixin.py:154} INFO - [2025-06-01T17:02:16.240+0000] {dag.py:3722} INFO - Setting next_dagrun for latest_only to 2025-06-01T13:02:16.240656+00:00, run_after=2025-06-01T17:02:16.240656+00:00
[2025-06-01T17:02:16.256+0000] {processor.py:179} INFO - Processing /home/airflow/.local/lib/python3.8/site-packages/airflow/example_dags/example_latest_only.py took 0.058 seconds
[2025-06-01T17:02:49.689+0000] {processor.py:157} INFO - Started process (PID=323) to work on /home/airflow/.local/lib/python3.8/site-packages/airflow/example_dags/example_latest_only.py
[2025-06-01T17:02:49.691+0000] {processor.py:829} INFO - Processing file /home/airflow/.local/lib/python3.8/site-packages/airflow/example_dags/example_latest_only.py for tasks to queue
[2025-06-01T17:02:49.692+0000] {logging_mixin.py:154} INFO - [2025-06-01T17:02:49.692+0000] {dagbag.py:536} INFO - Filling up the DagBag from /home/airflow/.local/lib/python3.8/site-packages/airflow/example_dags/example_latest_only.py
[2025-06-01T17:02:49.697+0000] {processor.py:839} INFO - DAG(s) dict_keys(['latest_only']) retrieved from /home/airflow/.local/lib/python3.8/site-packages/airflow/example_dags/example_latest_only.py
[2025-06-01T17:02:49.716+0000] {logging_mixin.py:154} INFO - [2025-06-01T17:02:49.716+0000] {dag.py:2941} INFO - Sync 1 DAGs
[2025-06-01T17:02:49.733+0000] {logging_mixin.py:154} INFO - [2025-06-01T17:02:49.733+0000] {dag.py:3722} INFO - Setting next_dagrun for latest_only to 2025-06-01T13:02:49.733576+00:00, run_after=2025-06-01T17:02:49.733576+00:00
[2025-06-01T17:02:49.751+0000] {processor.py:179} INFO - Processing /home/airflow/.local/lib/python3.8/site-packages/airflow/example_dags/example_latest_only.py took 0.065 seconds
[2025-06-01T17:03:22.959+0000] {processor.py:157} INFO - Started process (PID=386) to work on /home/airflow/.local/lib/python3.8/site-packages/airflow/example_dags/example_latest_only.py
[2025-06-01T17:03:22.960+0000] {processor.py:829} INFO - Processing file /home/airflow/.local/lib/python3.8/site-packages/airflow/example_dags/example_latest_only.py for tasks to queue
[2025-06-01T17:03:22.962+0000] {logging_mixin.py:154} INFO - [2025-06-01T17:03:22.962+0000] {dagbag.py:536} INFO - Filling up the DagBag from /home/airflow/.local/lib/python3.8/site-packages/airflow/example_dags/example_latest_only.py
[2025-06-01T17:03:22.967+0000] {processor.py:839} INFO - DAG(s) dict_keys(['latest_only']) retrieved from /home/airflow/.local/lib/python3.8/site-packages/airflow/example_dags/example_latest_only.py
[2025-06-01T17:03:22.983+0000] {logging_mixin.py:154} INFO - [2025-06-01T17:03:22.983+0000] {dag.py:2941} INFO - Sync 1 DAGs
[2025-06-01T17:03:22.998+0000] {logging_mixin.py:154} INFO - [2025-06-01T17:03:22.998+0000] {dag.py:3722} INFO - Setting next_dagrun for latest_only to 2025-06-01T13:03:22.997785+00:00, run_after=2025-06-01T17:03:22.997785+00:00
[2025-06-01T17:03:23.011+0000] {processor.py:179} INFO - Processing /home/airflow/.local/lib/python3.8/site-packages/airflow/example_dags/example_latest_only.py took 0.054 seconds
[2025-06-01T17:03:56.487+0000] {processor.py:157} INFO - Started process (PID=457) to work on /home/airflow/.local/lib/python3.8/site-packages/airflow/example_dags/example_latest_only.py
[2025-06-01T17:03:56.488+0000] {processor.py:829} INFO - Processing file /home/airflow/.local/lib/python3.8/site-packages/airflow/example_dags/example_latest_only.py for tasks to queue
[2025-06-01T17:03:56.490+0000] {logging_mixin.py:154} INFO - [2025-06-01T17:03:56.489+0000] {dagbag.py:536} INFO - Filling up the DagBag from /home/airflow/.local/lib/python3.8/site-packages/airflow/example_dags/example_latest_only.py
[2025-06-01T17:03:56.494+0000] {processor.py:839} INFO - DAG(s) dict_keys(['latest_only']) retrieved from /home/airflow/.local/lib/python3.8/site-packages/airflow/example_dags/example_latest_only.py
[2025-06-01T17:03:56.509+0000] {logging_mixin.py:154} INFO - [2025-06-01T17:03:56.509+0000] {dag.py:2941} INFO - Sync 1 DAGs
[2025-06-01T17:03:56.524+0000] {logging_mixin.py:154} INFO - [2025-06-01T17:03:56.524+0000] {dag.py:3722} INFO - Setting next_dagrun for latest_only to 2025-06-01T13:03:56.524222+00:00, run_after=2025-06-01T17:03:56.524222+00:00
[2025-06-01T17:03:56.537+0000] {processor.py:179} INFO - Processing /home/airflow/.local/lib/python3.8/site-packages/airflow/example_dags/example_latest_only.py took 0.053 seconds
[2025-06-01T17:04:29.101+0000] {processor.py:157} INFO - Started process (PID=520) to work on /home/airflow/.local/lib/python3.8/site-packages/airflow/example_dags/example_latest_only.py
[2025-06-01T17:04:29.102+0000] {processor.py:829} INFO - Processing file /home/airflow/.local/lib/python3.8/site-packages/airflow/example_dags/example_latest_only.py for tasks to queue
[2025-06-01T17:04:29.104+0000] {logging_mixin.py:154} INFO - [2025-06-01T17:04:29.103+0000] {dagbag.py:536} INFO - Filling up the DagBag from /home/airflow/.local/lib/python3.8/site-packages/airflow/example_dags/example_latest_only.py
[2025-06-01T17:04:29.108+0000] {processor.py:839} INFO - DAG(s) dict_keys(['latest_only']) retrieved from /home/airflow/.local/lib/python3.8/site-packages/airflow/example_dags/example_latest_only.py
[2025-06-01T17:04:29.126+0000] {logging_mixin.py:154} INFO - [2025-06-01T17:04:29.126+0000] {dag.py:2941} INFO - Sync 1 DAGs
[2025-06-01T17:04:29.141+0000] {logging_mixin.py:154} INFO - [2025-06-01T17:04:29.140+0000] {dag.py:3722} INFO - Setting next_dagrun for latest_only to 2025-06-01T13:04:29.140635+00:00, run_after=2025-06-01T17:04:29.140635+00:00
[2025-06-01T17:04:29.153+0000] {processor.py:179} INFO - Processing /home/airflow/.local/lib/python3.8/site-packages/airflow/example_dags/example_latest_only.py took 0.055 seconds
[2025-06-01T17:05:02.709+0000] {processor.py:157} INFO - Started process (PID=591) to work on /home/airflow/.local/lib/python3.8/site-packages/airflow/example_dags/example_latest_only.py
[2025-06-01T17:05:02.710+0000] {processor.py:829} INFO - Processing file /home/airflow/.local/lib/python3.8/site-packages/airflow/example_dags/example_latest_only.py for tasks to queue
[2025-06-01T17:05:02.712+0000] {logging_mixin.py:154} INFO - [2025-06-01T17:05:02.712+0000] {dagbag.py:536} INFO - Filling up the DagBag from /home/airflow/.local/lib/python3.8/site-packages/airflow/example_dags/example_latest_only.py
[2025-06-01T17:05:02.717+0000] {processor.py:839} INFO - DAG(s) dict_keys(['latest_only']) retrieved from /home/airflow/.local/lib/python3.8/site-packages/airflow/example_dags/example_latest_only.py
[2025-06-01T17:05:02.734+0000] {logging_mixin.py:154} INFO - [2025-06-01T17:05:02.733+0000] {dag.py:2941} INFO - Sync 1 DAGs
[2025-06-01T17:05:02.748+0000] {logging_mixin.py:154} INFO - [2025-06-01T17:05:02.748+0000] {dag.py:3722} INFO - Setting next_dagrun for latest_only to 2025-06-01T13:05:02.748175+00:00, run_after=2025-06-01T17:05:02.748175+00:00
[2025-06-01T17:05:02.761+0000] {processor.py:179} INFO - Processing /home/airflow/.local/lib/python3.8/site-packages/airflow/example_dags/example_latest_only.py took 0.055 seconds
[2025-06-01T17:05:36.017+0000] {processor.py:157} INFO - Started process (PID=654) to work on /home/airflow/.local/lib/python3.8/site-packages/airflow/example_dags/example_latest_only.py
[2025-06-01T17:05:36.018+0000] {processor.py:829} INFO - Processing file /home/airflow/.local/lib/python3.8/site-packages/airflow/example_dags/example_latest_only.py for tasks to queue
[2025-06-01T17:05:36.020+0000] {logging_mixin.py:154} INFO - [2025-06-01T17:05:36.020+0000] {dagbag.py:536} INFO - Filling up the DagBag from /home/airflow/.local/lib/python3.8/site-packages/airflow/example_dags/example_latest_only.py
[2025-06-01T17:05:36.024+0000] {processor.py:839} INFO - DAG(s) dict_keys(['latest_only']) retrieved from /home/airflow/.local/lib/python3.8/site-packages/airflow/example_dags/example_latest_only.py
[2025-06-01T17:05:36.043+0000] {logging_mixin.py:154} INFO - [2025-06-01T17:05:36.043+0000] {dag.py:2941} INFO - Sync 1 DAGs
[2025-06-01T17:05:36.060+0000] {logging_mixin.py:154} INFO - [2025-06-01T17:05:36.060+0000] {dag.py:3722} INFO - Setting next_dagrun for latest_only to 2025-06-01T13:05:36.060109+00:00, run_after=2025-06-01T17:05:36.060109+00:00
[2025-06-01T17:05:36.075+0000] {processor.py:179} INFO - Processing /home/airflow/.local/lib/python3.8/site-packages/airflow/example_dags/example_latest_only.py took 0.061 seconds
[2025-06-01T17:06:08.823+0000] {processor.py:157} INFO - Started process (PID=726) to work on /home/airflow/.local/lib/python3.8/site-packages/airflow/example_dags/example_latest_only.py
[2025-06-01T17:06:08.824+0000] {processor.py:829} INFO - Processing file /home/airflow/.local/lib/python3.8/site-packages/airflow/example_dags/example_latest_only.py for tasks to queue
[2025-06-01T17:06:08.825+0000] {logging_mixin.py:154} INFO - [2025-06-01T17:06:08.824+0000] {dagbag.py:536} INFO - Filling up the DagBag from /home/airflow/.local/lib/python3.8/site-packages/airflow/example_dags/example_latest_only.py
[2025-06-01T17:06:08.831+0000] {processor.py:839} INFO - DAG(s) dict_keys(['latest_only']) retrieved from /home/airflow/.local/lib/python3.8/site-packages/airflow/example_dags/example_latest_only.py
[2025-06-01T17:06:08.849+0000] {logging_mixin.py:154} INFO - [2025-06-01T17:06:08.849+0000] {dag.py:2941} INFO - Sync 1 DAGs
[2025-06-01T17:06:08.865+0000] {logging_mixin.py:154} INFO - [2025-06-01T17:06:08.864+0000] {dag.py:3722} INFO - Setting next_dagrun for latest_only to 2025-06-01T13:06:08.864668+00:00, run_after=2025-06-01T17:06:08.864668+00:00
[2025-06-01T17:06:08.878+0000] {processor.py:179} INFO - Processing /home/airflow/.local/lib/python3.8/site-packages/airflow/example_dags/example_latest_only.py took 0.058 seconds
[2025-06-01T17:06:42.371+0000] {processor.py:157} INFO - Started process (PID=791) to work on /home/airflow/.local/lib/python3.8/site-packages/airflow/example_dags/example_latest_only.py
[2025-06-01T17:06:42.372+0000] {processor.py:829} INFO - Processing file /home/airflow/.local/lib/python3.8/site-packages/airflow/example_dags/example_latest_only.py for tasks to queue
[2025-06-01T17:06:42.373+0000] {logging_mixin.py:154} INFO - [2025-06-01T17:06:42.373+0000] {dagbag.py:536} INFO - Filling up the DagBag from /home/airflow/.local/lib/python3.8/site-packages/airflow/example_dags/example_latest_only.py
[2025-06-01T17:06:42.378+0000] {processor.py:839} INFO - DAG(s) dict_keys(['latest_only']) retrieved from /home/airflow/.local/lib/python3.8/site-packages/airflow/example_dags/example_latest_only.py
[2025-06-01T17:06:42.392+0000] {logging_mixin.py:154} INFO - [2025-06-01T17:06:42.392+0000] {dag.py:2941} INFO - Sync 1 DAGs
[2025-06-01T17:06:42.406+0000] {logging_mixin.py:154} INFO - [2025-06-01T17:06:42.406+0000] {dag.py:3722} INFO - Setting next_dagrun for latest_only to 2025-06-01T13:06:42.406106+00:00, run_after=2025-06-01T17:06:42.406106+00:00
[2025-06-01T17:06:42.418+0000] {processor.py:179} INFO - Processing /home/airflow/.local/lib/python3.8/site-packages/airflow/example_dags/example_latest_only.py took 0.050 seconds
[2025-06-01T17:07:15.937+0000] {processor.py:157} INFO - Started process (PID=864) to work on /home/airflow/.local/lib/python3.8/site-packages/airflow/example_dags/example_latest_only.py
[2025-06-01T17:07:15.939+0000] {processor.py:829} INFO - Processing file /home/airflow/.local/lib/python3.8/site-packages/airflow/example_dags/example_latest_only.py for tasks to queue
[2025-06-01T17:07:15.939+0000] {logging_mixin.py:154} INFO - [2025-06-01T17:07:15.939+0000] {dagbag.py:536} INFO - Filling up the DagBag from /home/airflow/.local/lib/python3.8/site-packages/airflow/example_dags/example_latest_only.py
[2025-06-01T17:07:15.945+0000] {processor.py:839} INFO - DAG(s) dict_keys(['latest_only']) retrieved from /home/airflow/.local/lib/python3.8/site-packages/airflow/example_dags/example_latest_only.py
[2025-06-01T17:07:15.961+0000] {logging_mixin.py:154} INFO - [2025-06-01T17:07:15.961+0000] {dag.py:2941} INFO - Sync 1 DAGs
[2025-06-01T17:07:15.979+0000] {logging_mixin.py:154} INFO - [2025-06-01T17:07:15.979+0000] {dag.py:3722} INFO - Setting next_dagrun for latest_only to 2025-06-01T13:07:15.979509+00:00, run_after=2025-06-01T17:07:15.979509+00:00
[2025-06-01T17:07:15.994+0000] {processor.py:179} INFO - Processing /home/airflow/.local/lib/python3.8/site-packages/airflow/example_dags/example_latest_only.py took 0.060 seconds
[2025-06-01T17:07:49.070+0000] {processor.py:157} INFO - Started process (PID=936) to work on /home/airflow/.local/lib/python3.8/site-packages/airflow/example_dags/example_latest_only.py
[2025-06-01T17:07:49.072+0000] {processor.py:829} INFO - Processing file /home/airflow/.local/lib/python3.8/site-packages/airflow/example_dags/example_latest_only.py for tasks to queue
[2025-06-01T17:07:49.072+0000] {logging_mixin.py:154} INFO - [2025-06-01T17:07:49.072+0000] {dagbag.py:536} INFO - Filling up the DagBag from /home/airflow/.local/lib/python3.8/site-packages/airflow/example_dags/example_latest_only.py
[2025-06-01T17:07:49.077+0000] {processor.py:839} INFO - DAG(s) dict_keys(['latest_only']) retrieved from /home/airflow/.local/lib/python3.8/site-packages/airflow/example_dags/example_latest_only.py
[2025-06-01T17:07:49.095+0000] {logging_mixin.py:154} INFO - [2025-06-01T17:07:49.095+0000] {dag.py:2941} INFO - Sync 1 DAGs
[2025-06-01T17:07:49.111+0000] {logging_mixin.py:154} INFO - [2025-06-01T17:07:49.111+0000] {dag.py:3722} INFO - Setting next_dagrun for latest_only to 2025-06-01T13:07:49.111445+00:00, run_after=2025-06-01T17:07:49.111445+00:00
[2025-06-01T17:07:49.125+0000] {processor.py:179} INFO - Processing /home/airflow/.local/lib/python3.8/site-packages/airflow/example_dags/example_latest_only.py took 0.058 seconds
[2025-06-01T17:08:21.786+0000] {processor.py:157} INFO - Started process (PID=1000) to work on /home/airflow/.local/lib/python3.8/site-packages/airflow/example_dags/example_latest_only.py
[2025-06-01T17:08:21.787+0000] {processor.py:829} INFO - Processing file /home/airflow/.local/lib/python3.8/site-packages/airflow/example_dags/example_latest_only.py for tasks to queue
[2025-06-01T17:08:21.787+0000] {logging_mixin.py:154} INFO - [2025-06-01T17:08:21.787+0000] {dagbag.py:536} INFO - Filling up the DagBag from /home/airflow/.local/lib/python3.8/site-packages/airflow/example_dags/example_latest_only.py
[2025-06-01T17:08:21.792+0000] {processor.py:839} INFO - DAG(s) dict_keys(['latest_only']) retrieved from /home/airflow/.local/lib/python3.8/site-packages/airflow/example_dags/example_latest_only.py
[2025-06-01T17:08:21.812+0000] {logging_mixin.py:154} INFO - [2025-06-01T17:08:21.811+0000] {dag.py:2941} INFO - Sync 1 DAGs
[2025-06-01T17:08:21.831+0000] {logging_mixin.py:154} INFO - [2025-06-01T17:08:21.830+0000] {dag.py:3722} INFO - Setting next_dagrun for latest_only to 2025-06-01T13:08:21.830705+00:00, run_after=2025-06-01T17:08:21.830705+00:00
[2025-06-01T17:08:21.844+0000] {processor.py:179} INFO - Processing /home/airflow/.local/lib/python3.8/site-packages/airflow/example_dags/example_latest_only.py took 0.061 seconds
[2025-06-01T17:08:55.208+0000] {processor.py:157} INFO - Started process (PID=1072) to work on /home/airflow/.local/lib/python3.8/site-packages/airflow/example_dags/example_latest_only.py
[2025-06-01T17:08:55.209+0000] {processor.py:829} INFO - Processing file /home/airflow/.local/lib/python3.8/site-packages/airflow/example_dags/example_latest_only.py for tasks to queue
[2025-06-01T17:08:55.210+0000] {logging_mixin.py:154} INFO - [2025-06-01T17:08:55.209+0000] {dagbag.py:536} INFO - Filling up the DagBag from /home/airflow/.local/lib/python3.8/site-packages/airflow/example_dags/example_latest_only.py
[2025-06-01T17:08:55.214+0000] {processor.py:839} INFO - DAG(s) dict_keys(['latest_only']) retrieved from /home/airflow/.local/lib/python3.8/site-packages/airflow/example_dags/example_latest_only.py
[2025-06-01T17:08:55.231+0000] {logging_mixin.py:154} INFO - [2025-06-01T17:08:55.231+0000] {dag.py:2941} INFO - Sync 1 DAGs
[2025-06-01T17:08:55.246+0000] {logging_mixin.py:154} INFO - [2025-06-01T17:08:55.246+0000] {dag.py:3722} INFO - Setting next_dagrun for latest_only to 2025-06-01T13:08:55.246309+00:00, run_after=2025-06-01T17:08:55.246309+00:00
[2025-06-01T17:08:55.260+0000] {processor.py:179} INFO - Processing /home/airflow/.local/lib/python3.8/site-packages/airflow/example_dags/example_latest_only.py took 0.055 seconds
[2025-06-01T17:09:29.033+0000] {processor.py:157} INFO - Started process (PID=1136) to work on /home/airflow/.local/lib/python3.8/site-packages/airflow/example_dags/example_latest_only.py
[2025-06-01T17:09:29.034+0000] {processor.py:829} INFO - Processing file /home/airflow/.local/lib/python3.8/site-packages/airflow/example_dags/example_latest_only.py for tasks to queue
[2025-06-01T17:09:29.034+0000] {logging_mixin.py:154} INFO - [2025-06-01T17:09:29.034+0000] {dagbag.py:536} INFO - Filling up the DagBag from /home/airflow/.local/lib/python3.8/site-packages/airflow/example_dags/example_latest_only.py
[2025-06-01T17:09:29.039+0000] {processor.py:839} INFO - DAG(s) dict_keys(['latest_only']) retrieved from /home/airflow/.local/lib/python3.8/site-packages/airflow/example_dags/example_latest_only.py
[2025-06-01T17:09:29.057+0000] {logging_mixin.py:154} INFO - [2025-06-01T17:09:29.057+0000] {dag.py:2941} INFO - Sync 1 DAGs
[2025-06-01T17:09:29.071+0000] {logging_mixin.py:154} INFO - [2025-06-01T17:09:29.071+0000] {dag.py:3722} INFO - Setting next_dagrun for latest_only to 2025-06-01T13:09:29.071318+00:00, run_after=2025-06-01T17:09:29.071318+00:00
[2025-06-01T17:09:29.084+0000] {processor.py:179} INFO - Processing /home/airflow/.local/lib/python3.8/site-packages/airflow/example_dags/example_latest_only.py took 0.053 seconds
[2025-06-01T17:10:02.504+0000] {processor.py:157} INFO - Started process (PID=1210) to work on /home/airflow/.local/lib/python3.8/site-packages/airflow/example_dags/example_latest_only.py
[2025-06-01T17:10:02.505+0000] {processor.py:829} INFO - Processing file /home/airflow/.local/lib/python3.8/site-packages/airflow/example_dags/example_latest_only.py for tasks to queue
[2025-06-01T17:10:02.505+0000] {logging_mixin.py:154} INFO - [2025-06-01T17:10:02.505+0000] {dagbag.py:536} INFO - Filling up the DagBag from /home/airflow/.local/lib/python3.8/site-packages/airflow/example_dags/example_latest_only.py
[2025-06-01T17:10:02.511+0000] {processor.py:839} INFO - DAG(s) dict_keys(['latest_only']) retrieved from /home/airflow/.local/lib/python3.8/site-packages/airflow/example_dags/example_latest_only.py
[2025-06-01T17:10:02.528+0000] {logging_mixin.py:154} INFO - [2025-06-01T17:10:02.528+0000] {dag.py:2941} INFO - Sync 1 DAGs
[2025-06-01T17:10:02.550+0000] {logging_mixin.py:154} INFO - [2025-06-01T17:10:02.550+0000] {dag.py:3722} INFO - Setting next_dagrun for latest_only to 2025-06-01T13:10:02.550094+00:00, run_after=2025-06-01T17:10:02.550094+00:00
[2025-06-01T17:10:02.566+0000] {processor.py:179} INFO - Processing /home/airflow/.local/lib/python3.8/site-packages/airflow/example_dags/example_latest_only.py took 0.066 seconds
[2025-06-01T17:10:34.785+0000] {processor.py:157} INFO - Started process (PID=1275) to work on /home/airflow/.local/lib/python3.8/site-packages/airflow/example_dags/example_latest_only.py
[2025-06-01T17:10:34.786+0000] {processor.py:829} INFO - Processing file /home/airflow/.local/lib/python3.8/site-packages/airflow/example_dags/example_latest_only.py for tasks to queue
[2025-06-01T17:10:34.787+0000] {logging_mixin.py:154} INFO - [2025-06-01T17:10:34.786+0000] {dagbag.py:536} INFO - Filling up the DagBag from /home/airflow/.local/lib/python3.8/site-packages/airflow/example_dags/example_latest_only.py
[2025-06-01T17:10:34.792+0000] {processor.py:839} INFO - DAG(s) dict_keys(['latest_only']) retrieved from /home/airflow/.local/lib/python3.8/site-packages/airflow/example_dags/example_latest_only.py
[2025-06-01T17:10:34.807+0000] {logging_mixin.py:154} INFO - [2025-06-01T17:10:34.806+0000] {dag.py:2941} INFO - Sync 1 DAGs
[2025-06-01T17:10:34.821+0000] {logging_mixin.py:154} INFO - [2025-06-01T17:10:34.820+0000] {dag.py:3722} INFO - Setting next_dagrun for latest_only to 2025-06-01T13:10:34.820662+00:00, run_after=2025-06-01T17:10:34.820662+00:00
[2025-06-01T17:10:34.835+0000] {processor.py:179} INFO - Processing /home/airflow/.local/lib/python3.8/site-packages/airflow/example_dags/example_latest_only.py took 0.053 seconds
[2025-06-01T17:11:08.616+0000] {processor.py:157} INFO - Started process (PID=1348) to work on /home/airflow/.local/lib/python3.8/site-packages/airflow/example_dags/example_latest_only.py
[2025-06-01T17:11:08.617+0000] {processor.py:829} INFO - Processing file /home/airflow/.local/lib/python3.8/site-packages/airflow/example_dags/example_latest_only.py for tasks to queue
[2025-06-01T17:11:08.618+0000] {logging_mixin.py:154} INFO - [2025-06-01T17:11:08.617+0000] {dagbag.py:536} INFO - Filling up the DagBag from /home/airflow/.local/lib/python3.8/site-packages/airflow/example_dags/example_latest_only.py
[2025-06-01T17:11:08.623+0000] {processor.py:839} INFO - DAG(s) dict_keys(['latest_only']) retrieved from /home/airflow/.local/lib/python3.8/site-packages/airflow/example_dags/example_latest_only.py
[2025-06-01T17:11:08.641+0000] {logging_mixin.py:154} INFO - [2025-06-01T17:11:08.640+0000] {dag.py:2941} INFO - Sync 1 DAGs
[2025-06-01T17:11:08.657+0000] {logging_mixin.py:154} INFO - [2025-06-01T17:11:08.657+0000] {dag.py:3722} INFO - Setting next_dagrun for latest_only to 2025-06-01T13:11:08.656992+00:00, run_after=2025-06-01T17:11:08.656992+00:00
[2025-06-01T17:11:08.669+0000] {processor.py:179} INFO - Processing /home/airflow/.local/lib/python3.8/site-packages/airflow/example_dags/example_latest_only.py took 0.056 seconds
[2025-06-01T17:11:41.427+0000] {processor.py:157} INFO - Started process (PID=1423) to work on /home/airflow/.local/lib/python3.8/site-packages/airflow/example_dags/example_latest_only.py
[2025-06-01T17:11:41.429+0000] {processor.py:829} INFO - Processing file /home/airflow/.local/lib/python3.8/site-packages/airflow/example_dags/example_latest_only.py for tasks to queue
[2025-06-01T17:11:41.429+0000] {logging_mixin.py:154} INFO - [2025-06-01T17:11:41.429+0000] {dagbag.py:536} INFO - Filling up the DagBag from /home/airflow/.local/lib/python3.8/site-packages/airflow/example_dags/example_latest_only.py
[2025-06-01T17:11:41.435+0000] {processor.py:839} INFO - DAG(s) dict_keys(['latest_only']) retrieved from /home/airflow/.local/lib/python3.8/site-packages/airflow/example_dags/example_latest_only.py
[2025-06-01T17:11:41.453+0000] {logging_mixin.py:154} INFO - [2025-06-01T17:11:41.453+0000] {dag.py:2941} INFO - Sync 1 DAGs
[2025-06-01T17:11:41.473+0000] {logging_mixin.py:154} INFO - [2025-06-01T17:11:41.473+0000] {dag.py:3722} INFO - Setting next_dagrun for latest_only to 2025-06-01T13:11:41.473138+00:00, run_after=2025-06-01T17:11:41.473138+00:00
[2025-06-01T17:11:41.489+0000] {processor.py:179} INFO - Processing /home/airflow/.local/lib/python3.8/site-packages/airflow/example_dags/example_latest_only.py took 0.065 seconds
[2025-06-01T17:12:15.131+0000] {processor.py:157} INFO - Started process (PID=1497) to work on /home/airflow/.local/lib/python3.8/site-packages/airflow/example_dags/example_latest_only.py
[2025-06-01T17:12:15.133+0000] {processor.py:829} INFO - Processing file /home/airflow/.local/lib/python3.8/site-packages/airflow/example_dags/example_latest_only.py for tasks to queue
[2025-06-01T17:12:15.133+0000] {logging_mixin.py:154} INFO - [2025-06-01T17:12:15.133+0000] {dagbag.py:536} INFO - Filling up the DagBag from /home/airflow/.local/lib/python3.8/site-packages/airflow/example_dags/example_latest_only.py
[2025-06-01T17:12:15.140+0000] {processor.py:839} INFO - DAG(s) dict_keys(['latest_only']) retrieved from /home/airflow/.local/lib/python3.8/site-packages/airflow/example_dags/example_latest_only.py
[2025-06-01T17:12:15.163+0000] {logging_mixin.py:154} INFO - [2025-06-01T17:12:15.162+0000] {dag.py:2941} INFO - Sync 1 DAGs
[2025-06-01T17:12:15.188+0000] {logging_mixin.py:154} INFO - [2025-06-01T17:12:15.188+0000] {dag.py:3722} INFO - Setting next_dagrun for latest_only to 2025-06-01T13:12:15.187694+00:00, run_after=2025-06-01T17:12:15.187694+00:00
[2025-06-01T17:12:15.219+0000] {processor.py:179} INFO - Processing /home/airflow/.local/lib/python3.8/site-packages/airflow/example_dags/example_latest_only.py took 0.091 seconds
[2025-06-01T17:12:48.763+0000] {processor.py:157} INFO - Started process (PID=1581) to work on /home/airflow/.local/lib/python3.8/site-packages/airflow/example_dags/example_latest_only.py
[2025-06-01T17:12:48.773+0000] {processor.py:829} INFO - Processing file /home/airflow/.local/lib/python3.8/site-packages/airflow/example_dags/example_latest_only.py for tasks to queue
[2025-06-01T17:12:48.774+0000] {logging_mixin.py:154} INFO - [2025-06-01T17:12:48.774+0000] {dagbag.py:536} INFO - Filling up the DagBag from /home/airflow/.local/lib/python3.8/site-packages/airflow/example_dags/example_latest_only.py
[2025-06-01T17:12:48.786+0000] {processor.py:839} INFO - DAG(s) dict_keys(['latest_only']) retrieved from /home/airflow/.local/lib/python3.8/site-packages/airflow/example_dags/example_latest_only.py
[2025-06-01T17:12:48.819+0000] {logging_mixin.py:154} INFO - [2025-06-01T17:12:48.819+0000] {dag.py:2941} INFO - Sync 1 DAGs
[2025-06-01T17:12:48.855+0000] {logging_mixin.py:154} INFO - [2025-06-01T17:12:48.855+0000] {dag.py:3722} INFO - Setting next_dagrun for latest_only to 2025-06-01T13:12:48.854745+00:00, run_after=2025-06-01T17:12:48.854745+00:00
[2025-06-01T17:12:48.875+0000] {processor.py:179} INFO - Processing /home/airflow/.local/lib/python3.8/site-packages/airflow/example_dags/example_latest_only.py took 0.117 seconds
[2025-06-01T17:13:21.258+0000] {processor.py:157} INFO - Started process (PID=1649) to work on /home/airflow/.local/lib/python3.8/site-packages/airflow/example_dags/example_latest_only.py
[2025-06-01T17:13:21.259+0000] {processor.py:829} INFO - Processing file /home/airflow/.local/lib/python3.8/site-packages/airflow/example_dags/example_latest_only.py for tasks to queue
[2025-06-01T17:13:21.259+0000] {logging_mixin.py:154} INFO - [2025-06-01T17:13:21.259+0000] {dagbag.py:536} INFO - Filling up the DagBag from /home/airflow/.local/lib/python3.8/site-packages/airflow/example_dags/example_latest_only.py
[2025-06-01T17:13:21.264+0000] {processor.py:839} INFO - DAG(s) dict_keys(['latest_only']) retrieved from /home/airflow/.local/lib/python3.8/site-packages/airflow/example_dags/example_latest_only.py
[2025-06-01T17:13:21.279+0000] {logging_mixin.py:154} INFO - [2025-06-01T17:13:21.279+0000] {dag.py:2941} INFO - Sync 1 DAGs
[2025-06-01T17:13:21.292+0000] {logging_mixin.py:154} INFO - [2025-06-01T17:13:21.292+0000] {dag.py:3722} INFO - Setting next_dagrun for latest_only to 2025-06-01T13:13:21.292371+00:00, run_after=2025-06-01T17:13:21.292371+00:00
[2025-06-01T17:13:21.305+0000] {processor.py:179} INFO - Processing /home/airflow/.local/lib/python3.8/site-packages/airflow/example_dags/example_latest_only.py took 0.050 seconds
[2025-06-01T17:13:55.251+0000] {processor.py:157} INFO - Started process (PID=1721) to work on /home/airflow/.local/lib/python3.8/site-packages/airflow/example_dags/example_latest_only.py
[2025-06-01T17:13:55.252+0000] {processor.py:829} INFO - Processing file /home/airflow/.local/lib/python3.8/site-packages/airflow/example_dags/example_latest_only.py for tasks to queue
[2025-06-01T17:13:55.253+0000] {logging_mixin.py:154} INFO - [2025-06-01T17:13:55.253+0000] {dagbag.py:536} INFO - Filling up the DagBag from /home/airflow/.local/lib/python3.8/site-packages/airflow/example_dags/example_latest_only.py
[2025-06-01T17:13:55.258+0000] {processor.py:839} INFO - DAG(s) dict_keys(['latest_only']) retrieved from /home/airflow/.local/lib/python3.8/site-packages/airflow/example_dags/example_latest_only.py
[2025-06-01T17:13:55.273+0000] {logging_mixin.py:154} INFO - [2025-06-01T17:13:55.272+0000] {dag.py:2941} INFO - Sync 1 DAGs
[2025-06-01T17:13:55.287+0000] {logging_mixin.py:154} INFO - [2025-06-01T17:13:55.286+0000] {dag.py:3722} INFO - Setting next_dagrun for latest_only to 2025-06-01T13:13:55.286728+00:00, run_after=2025-06-01T17:13:55.286728+00:00
[2025-06-01T17:13:55.299+0000] {processor.py:179} INFO - Processing /home/airflow/.local/lib/python3.8/site-packages/airflow/example_dags/example_latest_only.py took 0.051 seconds
[2025-06-01T17:14:28.982+0000] {processor.py:157} INFO - Started process (PID=1785) to work on /home/airflow/.local/lib/python3.8/site-packages/airflow/example_dags/example_latest_only.py
[2025-06-01T17:14:28.983+0000] {processor.py:829} INFO - Processing file /home/airflow/.local/lib/python3.8/site-packages/airflow/example_dags/example_latest_only.py for tasks to queue
[2025-06-01T17:14:28.983+0000] {logging_mixin.py:154} INFO - [2025-06-01T17:14:28.983+0000] {dagbag.py:536} INFO - Filling up the DagBag from /home/airflow/.local/lib/python3.8/site-packages/airflow/example_dags/example_latest_only.py
[2025-06-01T17:14:28.988+0000] {processor.py:839} INFO - DAG(s) dict_keys(['latest_only']) retrieved from /home/airflow/.local/lib/python3.8/site-packages/airflow/example_dags/example_latest_only.py
[2025-06-01T17:14:29.004+0000] {logging_mixin.py:154} INFO - [2025-06-01T17:14:29.004+0000] {dag.py:2941} INFO - Sync 1 DAGs
[2025-06-01T17:14:29.129+0000] {logging_mixin.py:154} INFO - [2025-06-01T17:14:29.129+0000] {dag.py:3722} INFO - Setting next_dagrun for latest_only to 2025-06-01T13:14:29.128851+00:00, run_after=2025-06-01T17:14:29.128851+00:00
[2025-06-01T17:14:29.141+0000] {processor.py:179} INFO - Processing /home/airflow/.local/lib/python3.8/site-packages/airflow/example_dags/example_latest_only.py took 0.163 seconds
[2025-06-01T17:15:01.107+0000] {processor.py:157} INFO - Started process (PID=1857) to work on /home/airflow/.local/lib/python3.8/site-packages/airflow/example_dags/example_latest_only.py
[2025-06-01T17:15:01.108+0000] {processor.py:829} INFO - Processing file /home/airflow/.local/lib/python3.8/site-packages/airflow/example_dags/example_latest_only.py for tasks to queue
[2025-06-01T17:15:01.109+0000] {logging_mixin.py:154} INFO - [2025-06-01T17:15:01.109+0000] {dagbag.py:536} INFO - Filling up the DagBag from /home/airflow/.local/lib/python3.8/site-packages/airflow/example_dags/example_latest_only.py
[2025-06-01T17:15:01.113+0000] {processor.py:839} INFO - DAG(s) dict_keys(['latest_only']) retrieved from /home/airflow/.local/lib/python3.8/site-packages/airflow/example_dags/example_latest_only.py
[2025-06-01T17:15:01.128+0000] {logging_mixin.py:154} INFO - [2025-06-01T17:15:01.128+0000] {dag.py:2941} INFO - Sync 1 DAGs
[2025-06-01T17:15:01.142+0000] {logging_mixin.py:154} INFO - [2025-06-01T17:15:01.141+0000] {dag.py:3722} INFO - Setting next_dagrun for latest_only to 2025-06-01T13:15:01.141777+00:00, run_after=2025-06-01T17:15:01.141777+00:00
[2025-06-01T17:15:01.154+0000] {processor.py:179} INFO - Processing /home/airflow/.local/lib/python3.8/site-packages/airflow/example_dags/example_latest_only.py took 0.049 seconds
[2025-06-01T17:15:34.770+0000] {processor.py:157} INFO - Started process (PID=1921) to work on /home/airflow/.local/lib/python3.8/site-packages/airflow/example_dags/example_latest_only.py
[2025-06-01T17:15:34.771+0000] {processor.py:829} INFO - Processing file /home/airflow/.local/lib/python3.8/site-packages/airflow/example_dags/example_latest_only.py for tasks to queue
[2025-06-01T17:15:34.772+0000] {logging_mixin.py:154} INFO - [2025-06-01T17:15:34.771+0000] {dagbag.py:536} INFO - Filling up the DagBag from /home/airflow/.local/lib/python3.8/site-packages/airflow/example_dags/example_latest_only.py
[2025-06-01T17:15:34.776+0000] {processor.py:839} INFO - DAG(s) dict_keys(['latest_only']) retrieved from /home/airflow/.local/lib/python3.8/site-packages/airflow/example_dags/example_latest_only.py
[2025-06-01T17:15:34.793+0000] {logging_mixin.py:154} INFO - [2025-06-01T17:15:34.793+0000] {dag.py:2941} INFO - Sync 1 DAGs
[2025-06-01T17:15:34.808+0000] {logging_mixin.py:154} INFO - [2025-06-01T17:15:34.808+0000] {dag.py:3722} INFO - Setting next_dagrun for latest_only to 2025-06-01T13:15:34.808535+00:00, run_after=2025-06-01T17:15:34.808535+00:00
[2025-06-01T17:15:34.821+0000] {processor.py:179} INFO - Processing /home/airflow/.local/lib/python3.8/site-packages/airflow/example_dags/example_latest_only.py took 0.054 seconds
[2025-06-01T17:16:08.237+0000] {processor.py:157} INFO - Started process (PID=1993) to work on /home/airflow/.local/lib/python3.8/site-packages/airflow/example_dags/example_latest_only.py
[2025-06-01T17:16:08.238+0000] {processor.py:829} INFO - Processing file /home/airflow/.local/lib/python3.8/site-packages/airflow/example_dags/example_latest_only.py for tasks to queue
[2025-06-01T17:16:08.239+0000] {logging_mixin.py:154} INFO - [2025-06-01T17:16:08.238+0000] {dagbag.py:536} INFO - Filling up the DagBag from /home/airflow/.local/lib/python3.8/site-packages/airflow/example_dags/example_latest_only.py
[2025-06-01T17:16:08.243+0000] {processor.py:839} INFO - DAG(s) dict_keys(['latest_only']) retrieved from /home/airflow/.local/lib/python3.8/site-packages/airflow/example_dags/example_latest_only.py
[2025-06-01T17:16:08.257+0000] {logging_mixin.py:154} INFO - [2025-06-01T17:16:08.257+0000] {dag.py:2941} INFO - Sync 1 DAGs
[2025-06-01T17:16:08.271+0000] {logging_mixin.py:154} INFO - [2025-06-01T17:16:08.271+0000] {dag.py:3722} INFO - Setting next_dagrun for latest_only to 2025-06-01T13:16:08.270933+00:00, run_after=2025-06-01T17:16:08.270933+00:00
[2025-06-01T17:16:08.282+0000] {processor.py:179} INFO - Processing /home/airflow/.local/lib/python3.8/site-packages/airflow/example_dags/example_latest_only.py took 0.048 seconds
[2025-06-01T17:16:41.428+0000] {processor.py:157} INFO - Started process (PID=2066) to work on /home/airflow/.local/lib/python3.8/site-packages/airflow/example_dags/example_latest_only.py
[2025-06-01T17:16:41.430+0000] {processor.py:829} INFO - Processing file /home/airflow/.local/lib/python3.8/site-packages/airflow/example_dags/example_latest_only.py for tasks to queue
[2025-06-01T17:16:41.431+0000] {logging_mixin.py:154} INFO - [2025-06-01T17:16:41.430+0000] {dagbag.py:536} INFO - Filling up the DagBag from /home/airflow/.local/lib/python3.8/site-packages/airflow/example_dags/example_latest_only.py
[2025-06-01T17:16:41.436+0000] {processor.py:839} INFO - DAG(s) dict_keys(['latest_only']) retrieved from /home/airflow/.local/lib/python3.8/site-packages/airflow/example_dags/example_latest_only.py
[2025-06-01T17:16:41.454+0000] {logging_mixin.py:154} INFO - [2025-06-01T17:16:41.454+0000] {dag.py:2941} INFO - Sync 1 DAGs
[2025-06-01T17:16:41.577+0000] {logging_mixin.py:154} INFO - [2025-06-01T17:16:41.576+0000] {dag.py:3722} INFO - Setting next_dagrun for latest_only to 2025-06-01T13:16:41.576710+00:00, run_after=2025-06-01T17:16:41.576710+00:00
[2025-06-01T17:16:41.591+0000] {processor.py:179} INFO - Processing /home/airflow/.local/lib/python3.8/site-packages/airflow/example_dags/example_latest_only.py took 0.167 seconds
[2025-06-01T17:17:14.615+0000] {processor.py:157} INFO - Started process (PID=2130) to work on /home/airflow/.local/lib/python3.8/site-packages/airflow/example_dags/example_latest_only.py
[2025-06-01T17:17:14.617+0000] {processor.py:829} INFO - Processing file /home/airflow/.local/lib/python3.8/site-packages/airflow/example_dags/example_latest_only.py for tasks to queue
[2025-06-01T17:17:14.617+0000] {logging_mixin.py:154} INFO - [2025-06-01T17:17:14.617+0000] {dagbag.py:536} INFO - Filling up the DagBag from /home/airflow/.local/lib/python3.8/site-packages/airflow/example_dags/example_latest_only.py
[2025-06-01T17:17:14.623+0000] {processor.py:839} INFO - DAG(s) dict_keys(['latest_only']) retrieved from /home/airflow/.local/lib/python3.8/site-packages/airflow/example_dags/example_latest_only.py
[2025-06-01T17:17:14.639+0000] {logging_mixin.py:154} INFO - [2025-06-01T17:17:14.639+0000] {dag.py:2941} INFO - Sync 1 DAGs
[2025-06-01T17:17:14.782+0000] {logging_mixin.py:154} INFO - [2025-06-01T17:17:14.782+0000] {dag.py:3722} INFO - Setting next_dagrun for latest_only to 2025-06-01T13:17:14.781923+00:00, run_after=2025-06-01T17:17:14.781923+00:00
[2025-06-01T17:17:14.793+0000] {processor.py:179} INFO - Processing /home/airflow/.local/lib/python3.8/site-packages/airflow/example_dags/example_latest_only.py took 0.181 seconds
[2025-06-01T17:17:47.217+0000] {processor.py:157} INFO - Started process (PID=2202) to work on /home/airflow/.local/lib/python3.8/site-packages/airflow/example_dags/example_latest_only.py
[2025-06-01T17:17:47.218+0000] {processor.py:829} INFO - Processing file /home/airflow/.local/lib/python3.8/site-packages/airflow/example_dags/example_latest_only.py for tasks to queue
[2025-06-01T17:17:47.219+0000] {logging_mixin.py:154} INFO - [2025-06-01T17:17:47.218+0000] {dagbag.py:536} INFO - Filling up the DagBag from /home/airflow/.local/lib/python3.8/site-packages/airflow/example_dags/example_latest_only.py
[2025-06-01T17:17:47.223+0000] {processor.py:839} INFO - DAG(s) dict_keys(['latest_only']) retrieved from /home/airflow/.local/lib/python3.8/site-packages/airflow/example_dags/example_latest_only.py
[2025-06-01T17:17:47.239+0000] {logging_mixin.py:154} INFO - [2025-06-01T17:17:47.239+0000] {dag.py:2941} INFO - Sync 1 DAGs
[2025-06-01T17:17:47.255+0000] {logging_mixin.py:154} INFO - [2025-06-01T17:17:47.254+0000] {dag.py:3722} INFO - Setting next_dagrun for latest_only to 2025-06-01T13:17:47.254561+00:00, run_after=2025-06-01T17:17:47.254561+00:00
[2025-06-01T17:17:47.268+0000] {processor.py:179} INFO - Processing /home/airflow/.local/lib/python3.8/site-packages/airflow/example_dags/example_latest_only.py took 0.054 seconds
[2025-06-01T17:18:20.427+0000] {processor.py:157} INFO - Started process (PID=2266) to work on /home/airflow/.local/lib/python3.8/site-packages/airflow/example_dags/example_latest_only.py
[2025-06-01T17:18:20.428+0000] {processor.py:829} INFO - Processing file /home/airflow/.local/lib/python3.8/site-packages/airflow/example_dags/example_latest_only.py for tasks to queue
[2025-06-01T17:18:20.429+0000] {logging_mixin.py:154} INFO - [2025-06-01T17:18:20.429+0000] {dagbag.py:536} INFO - Filling up the DagBag from /home/airflow/.local/lib/python3.8/site-packages/airflow/example_dags/example_latest_only.py
[2025-06-01T17:18:20.433+0000] {processor.py:839} INFO - DAG(s) dict_keys(['latest_only']) retrieved from /home/airflow/.local/lib/python3.8/site-packages/airflow/example_dags/example_latest_only.py
[2025-06-01T17:18:20.448+0000] {logging_mixin.py:154} INFO - [2025-06-01T17:18:20.448+0000] {dag.py:2941} INFO - Sync 1 DAGs
[2025-06-01T17:18:20.462+0000] {logging_mixin.py:154} INFO - [2025-06-01T17:18:20.462+0000] {dag.py:3722} INFO - Setting next_dagrun for latest_only to 2025-06-01T13:18:20.461852+00:00, run_after=2025-06-01T17:18:20.461852+00:00
[2025-06-01T17:18:20.474+0000] {processor.py:179} INFO - Processing /home/airflow/.local/lib/python3.8/site-packages/airflow/example_dags/example_latest_only.py took 0.050 seconds
[2025-06-01T17:18:53.764+0000] {processor.py:157} INFO - Started process (PID=2338) to work on /home/airflow/.local/lib/python3.8/site-packages/airflow/example_dags/example_latest_only.py
[2025-06-01T17:18:53.765+0000] {processor.py:829} INFO - Processing file /home/airflow/.local/lib/python3.8/site-packages/airflow/example_dags/example_latest_only.py for tasks to queue
[2025-06-01T17:18:53.765+0000] {logging_mixin.py:154} INFO - [2025-06-01T17:18:53.765+0000] {dagbag.py:536} INFO - Filling up the DagBag from /home/airflow/.local/lib/python3.8/site-packages/airflow/example_dags/example_latest_only.py
[2025-06-01T17:18:53.770+0000] {processor.py:839} INFO - DAG(s) dict_keys(['latest_only']) retrieved from /home/airflow/.local/lib/python3.8/site-packages/airflow/example_dags/example_latest_only.py
[2025-06-01T17:18:53.786+0000] {logging_mixin.py:154} INFO - [2025-06-01T17:18:53.785+0000] {dag.py:2941} INFO - Sync 1 DAGs
[2025-06-01T17:18:53.801+0000] {logging_mixin.py:154} INFO - [2025-06-01T17:18:53.801+0000] {dag.py:3722} INFO - Setting next_dagrun for latest_only to 2025-06-01T13:18:53.801072+00:00, run_after=2025-06-01T17:18:53.801072+00:00
[2025-06-01T17:18:53.813+0000] {processor.py:179} INFO - Processing /home/airflow/.local/lib/python3.8/site-packages/airflow/example_dags/example_latest_only.py took 0.052 seconds
[2025-06-01T17:19:27.058+0000] {processor.py:157} INFO - Started process (PID=2410) to work on /home/airflow/.local/lib/python3.8/site-packages/airflow/example_dags/example_latest_only.py
[2025-06-01T17:19:27.059+0000] {processor.py:829} INFO - Processing file /home/airflow/.local/lib/python3.8/site-packages/airflow/example_dags/example_latest_only.py for tasks to queue
[2025-06-01T17:19:27.060+0000] {logging_mixin.py:154} INFO - [2025-06-01T17:19:27.059+0000] {dagbag.py:536} INFO - Filling up the DagBag from /home/airflow/.local/lib/python3.8/site-packages/airflow/example_dags/example_latest_only.py
[2025-06-01T17:19:27.064+0000] {processor.py:839} INFO - DAG(s) dict_keys(['latest_only']) retrieved from /home/airflow/.local/lib/python3.8/site-packages/airflow/example_dags/example_latest_only.py
[2025-06-01T17:19:27.080+0000] {logging_mixin.py:154} INFO - [2025-06-01T17:19:27.080+0000] {dag.py:2941} INFO - Sync 1 DAGs
[2025-06-01T17:19:27.095+0000] {logging_mixin.py:154} INFO - [2025-06-01T17:19:27.095+0000] {dag.py:3722} INFO - Setting next_dagrun for latest_only to 2025-06-01T13:19:27.095252+00:00, run_after=2025-06-01T17:19:27.095252+00:00
[2025-06-01T17:19:27.107+0000] {processor.py:179} INFO - Processing /home/airflow/.local/lib/python3.8/site-packages/airflow/example_dags/example_latest_only.py took 0.052 seconds
[2025-06-01T17:20:00.372+0000] {processor.py:157} INFO - Started process (PID=2474) to work on /home/airflow/.local/lib/python3.8/site-packages/airflow/example_dags/example_latest_only.py
[2025-06-01T17:20:00.373+0000] {processor.py:829} INFO - Processing file /home/airflow/.local/lib/python3.8/site-packages/airflow/example_dags/example_latest_only.py for tasks to queue
[2025-06-01T17:20:00.374+0000] {logging_mixin.py:154} INFO - [2025-06-01T17:20:00.374+0000] {dagbag.py:536} INFO - Filling up the DagBag from /home/airflow/.local/lib/python3.8/site-packages/airflow/example_dags/example_latest_only.py
[2025-06-01T17:20:00.379+0000] {processor.py:839} INFO - DAG(s) dict_keys(['latest_only']) retrieved from /home/airflow/.local/lib/python3.8/site-packages/airflow/example_dags/example_latest_only.py
[2025-06-01T17:20:00.394+0000] {logging_mixin.py:154} INFO - [2025-06-01T17:20:00.393+0000] {dag.py:2941} INFO - Sync 1 DAGs
[2025-06-01T17:20:00.408+0000] {logging_mixin.py:154} INFO - [2025-06-01T17:20:00.408+0000] {dag.py:3722} INFO - Setting next_dagrun for latest_only to 2025-06-01T13:20:00.407989+00:00, run_after=2025-06-01T17:20:00.407989+00:00
[2025-06-01T17:20:00.420+0000] {processor.py:179} INFO - Processing /home/airflow/.local/lib/python3.8/site-packages/airflow/example_dags/example_latest_only.py took 0.050 seconds
[2025-06-01T17:20:33.606+0000] {processor.py:157} INFO - Started process (PID=2546) to work on /home/airflow/.local/lib/python3.8/site-packages/airflow/example_dags/example_latest_only.py
[2025-06-01T17:20:33.608+0000] {processor.py:829} INFO - Processing file /home/airflow/.local/lib/python3.8/site-packages/airflow/example_dags/example_latest_only.py for tasks to queue
[2025-06-01T17:20:33.608+0000] {logging_mixin.py:154} INFO - [2025-06-01T17:20:33.608+0000] {dagbag.py:536} INFO - Filling up the DagBag from /home/airflow/.local/lib/python3.8/site-packages/airflow/example_dags/example_latest_only.py
[2025-06-01T17:20:33.614+0000] {processor.py:839} INFO - DAG(s) dict_keys(['latest_only']) retrieved from /home/airflow/.local/lib/python3.8/site-packages/airflow/example_dags/example_latest_only.py
[2025-06-01T17:20:33.631+0000] {logging_mixin.py:154} INFO - [2025-06-01T17:20:33.631+0000] {dag.py:2941} INFO - Sync 1 DAGs
[2025-06-01T17:20:33.648+0000] {logging_mixin.py:154} INFO - [2025-06-01T17:20:33.648+0000] {dag.py:3722} INFO - Setting next_dagrun for latest_only to 2025-06-01T13:20:33.648015+00:00, run_after=2025-06-01T17:20:33.648015+00:00
[2025-06-01T17:20:33.660+0000] {processor.py:179} INFO - Processing /home/airflow/.local/lib/python3.8/site-packages/airflow/example_dags/example_latest_only.py took 0.057 seconds
[2025-06-01T17:21:06.896+0000] {processor.py:157} INFO - Started process (PID=2611) to work on /home/airflow/.local/lib/python3.8/site-packages/airflow/example_dags/example_latest_only.py
[2025-06-01T17:21:06.897+0000] {processor.py:829} INFO - Processing file /home/airflow/.local/lib/python3.8/site-packages/airflow/example_dags/example_latest_only.py for tasks to queue
[2025-06-01T17:21:06.898+0000] {logging_mixin.py:154} INFO - [2025-06-01T17:21:06.898+0000] {dagbag.py:536} INFO - Filling up the DagBag from /home/airflow/.local/lib/python3.8/site-packages/airflow/example_dags/example_latest_only.py
[2025-06-01T17:21:06.906+0000] {processor.py:839} INFO - DAG(s) dict_keys(['latest_only']) retrieved from /home/airflow/.local/lib/python3.8/site-packages/airflow/example_dags/example_latest_only.py
[2025-06-01T17:21:06.928+0000] {logging_mixin.py:154} INFO - [2025-06-01T17:21:06.928+0000] {dag.py:2941} INFO - Sync 1 DAGs
[2025-06-01T17:21:06.949+0000] {logging_mixin.py:154} INFO - [2025-06-01T17:21:06.949+0000] {dag.py:3722} INFO - Setting next_dagrun for latest_only to 2025-06-01T13:21:06.949179+00:00, run_after=2025-06-01T17:21:06.949179+00:00
[2025-06-01T17:21:06.966+0000] {processor.py:179} INFO - Processing /home/airflow/.local/lib/python3.8/site-packages/airflow/example_dags/example_latest_only.py took 0.074 seconds
[2025-06-01T17:21:40.063+0000] {processor.py:157} INFO - Started process (PID=2683) to work on /home/airflow/.local/lib/python3.8/site-packages/airflow/example_dags/example_latest_only.py
[2025-06-01T17:21:40.064+0000] {processor.py:829} INFO - Processing file /home/airflow/.local/lib/python3.8/site-packages/airflow/example_dags/example_latest_only.py for tasks to queue
[2025-06-01T17:21:40.065+0000] {logging_mixin.py:154} INFO - [2025-06-01T17:21:40.065+0000] {dagbag.py:536} INFO - Filling up the DagBag from /home/airflow/.local/lib/python3.8/site-packages/airflow/example_dags/example_latest_only.py
[2025-06-01T17:21:40.070+0000] {processor.py:839} INFO - DAG(s) dict_keys(['latest_only']) retrieved from /home/airflow/.local/lib/python3.8/site-packages/airflow/example_dags/example_latest_only.py
[2025-06-01T17:21:40.085+0000] {logging_mixin.py:154} INFO - [2025-06-01T17:21:40.085+0000] {dag.py:2941} INFO - Sync 1 DAGs
[2025-06-01T17:21:40.100+0000] {logging_mixin.py:154} INFO - [2025-06-01T17:21:40.100+0000] {dag.py:3722} INFO - Setting next_dagrun for latest_only to 2025-06-01T13:21:40.100351+00:00, run_after=2025-06-01T17:21:40.100351+00:00
[2025-06-01T17:21:40.113+0000] {processor.py:179} INFO - Processing /home/airflow/.local/lib/python3.8/site-packages/airflow/example_dags/example_latest_only.py took 0.052 seconds
[2025-06-01T17:22:13.625+0000] {processor.py:157} INFO - Started process (PID=2754) to work on /home/airflow/.local/lib/python3.8/site-packages/airflow/example_dags/example_latest_only.py
[2025-06-01T17:22:13.626+0000] {processor.py:829} INFO - Processing file /home/airflow/.local/lib/python3.8/site-packages/airflow/example_dags/example_latest_only.py for tasks to queue
[2025-06-01T17:22:13.627+0000] {logging_mixin.py:154} INFO - [2025-06-01T17:22:13.626+0000] {dagbag.py:536} INFO - Filling up the DagBag from /home/airflow/.local/lib/python3.8/site-packages/airflow/example_dags/example_latest_only.py
[2025-06-01T17:22:13.633+0000] {processor.py:839} INFO - DAG(s) dict_keys(['latest_only']) retrieved from /home/airflow/.local/lib/python3.8/site-packages/airflow/example_dags/example_latest_only.py
[2025-06-01T17:22:13.665+0000] {logging_mixin.py:154} INFO - [2025-06-01T17:22:13.665+0000] {dag.py:2941} INFO - Sync 1 DAGs
[2025-06-01T17:22:13.687+0000] {logging_mixin.py:154} INFO - [2025-06-01T17:22:13.687+0000] {dag.py:3722} INFO - Setting next_dagrun for latest_only to 2025-06-01T13:22:13.686970+00:00, run_after=2025-06-01T17:22:13.686970+00:00
[2025-06-01T17:22:13.701+0000] {processor.py:179} INFO - Processing /home/airflow/.local/lib/python3.8/site-packages/airflow/example_dags/example_latest_only.py took 0.080 seconds
[2025-06-01T17:22:47.186+0000] {processor.py:157} INFO - Started process (PID=2819) to work on /home/airflow/.local/lib/python3.8/site-packages/airflow/example_dags/example_latest_only.py
[2025-06-01T17:22:47.187+0000] {processor.py:829} INFO - Processing file /home/airflow/.local/lib/python3.8/site-packages/airflow/example_dags/example_latest_only.py for tasks to queue
[2025-06-01T17:22:47.188+0000] {logging_mixin.py:154} INFO - [2025-06-01T17:22:47.188+0000] {dagbag.py:536} INFO - Filling up the DagBag from /home/airflow/.local/lib/python3.8/site-packages/airflow/example_dags/example_latest_only.py
[2025-06-01T17:22:47.193+0000] {processor.py:839} INFO - DAG(s) dict_keys(['latest_only']) retrieved from /home/airflow/.local/lib/python3.8/site-packages/airflow/example_dags/example_latest_only.py
[2025-06-01T17:22:47.207+0000] {logging_mixin.py:154} INFO - [2025-06-01T17:22:47.207+0000] {dag.py:2941} INFO - Sync 1 DAGs
[2025-06-01T17:22:47.221+0000] {logging_mixin.py:154} INFO - [2025-06-01T17:22:47.221+0000] {dag.py:3722} INFO - Setting next_dagrun for latest_only to 2025-06-01T13:22:47.221048+00:00, run_after=2025-06-01T17:22:47.221048+00:00
[2025-06-01T17:22:47.233+0000] {processor.py:179} INFO - Processing /home/airflow/.local/lib/python3.8/site-packages/airflow/example_dags/example_latest_only.py took 0.050 seconds
[2025-06-01T17:23:20.380+0000] {processor.py:157} INFO - Started process (PID=2891) to work on /home/airflow/.local/lib/python3.8/site-packages/airflow/example_dags/example_latest_only.py
[2025-06-01T17:23:20.381+0000] {processor.py:829} INFO - Processing file /home/airflow/.local/lib/python3.8/site-packages/airflow/example_dags/example_latest_only.py for tasks to queue
[2025-06-01T17:23:20.382+0000] {logging_mixin.py:154} INFO - [2025-06-01T17:23:20.382+0000] {dagbag.py:536} INFO - Filling up the DagBag from /home/airflow/.local/lib/python3.8/site-packages/airflow/example_dags/example_latest_only.py
[2025-06-01T17:23:20.387+0000] {processor.py:839} INFO - DAG(s) dict_keys(['latest_only']) retrieved from /home/airflow/.local/lib/python3.8/site-packages/airflow/example_dags/example_latest_only.py
[2025-06-01T17:23:20.402+0000] {logging_mixin.py:154} INFO - [2025-06-01T17:23:20.402+0000] {dag.py:2941} INFO - Sync 1 DAGs
[2025-06-01T17:23:20.417+0000] {logging_mixin.py:154} INFO - [2025-06-01T17:23:20.417+0000] {dag.py:3722} INFO - Setting next_dagrun for latest_only to 2025-06-01T13:23:20.416844+00:00, run_after=2025-06-01T17:23:20.416844+00:00
[2025-06-01T17:23:20.431+0000] {processor.py:179} INFO - Processing /home/airflow/.local/lib/python3.8/site-packages/airflow/example_dags/example_latest_only.py took 0.053 seconds
[2025-06-01T17:23:53.572+0000] {processor.py:157} INFO - Started process (PID=2955) to work on /home/airflow/.local/lib/python3.8/site-packages/airflow/example_dags/example_latest_only.py
[2025-06-01T17:23:53.573+0000] {processor.py:829} INFO - Processing file /home/airflow/.local/lib/python3.8/site-packages/airflow/example_dags/example_latest_only.py for tasks to queue
[2025-06-01T17:23:53.573+0000] {logging_mixin.py:154} INFO - [2025-06-01T17:23:53.573+0000] {dagbag.py:536} INFO - Filling up the DagBag from /home/airflow/.local/lib/python3.8/site-packages/airflow/example_dags/example_latest_only.py
[2025-06-01T17:23:53.578+0000] {processor.py:839} INFO - DAG(s) dict_keys(['latest_only']) retrieved from /home/airflow/.local/lib/python3.8/site-packages/airflow/example_dags/example_latest_only.py
[2025-06-01T17:23:53.592+0000] {logging_mixin.py:154} INFO - [2025-06-01T17:23:53.592+0000] {dag.py:2941} INFO - Sync 1 DAGs
[2025-06-01T17:23:53.606+0000] {logging_mixin.py:154} INFO - [2025-06-01T17:23:53.605+0000] {dag.py:3722} INFO - Setting next_dagrun for latest_only to 2025-06-01T13:23:53.605767+00:00, run_after=2025-06-01T17:23:53.605767+00:00
[2025-06-01T17:23:53.618+0000] {processor.py:179} INFO - Processing /home/airflow/.local/lib/python3.8/site-packages/airflow/example_dags/example_latest_only.py took 0.049 seconds
[2025-06-01T17:24:27.008+0000] {processor.py:157} INFO - Started process (PID=3027) to work on /home/airflow/.local/lib/python3.8/site-packages/airflow/example_dags/example_latest_only.py
[2025-06-01T17:24:27.009+0000] {processor.py:829} INFO - Processing file /home/airflow/.local/lib/python3.8/site-packages/airflow/example_dags/example_latest_only.py for tasks to queue
[2025-06-01T17:24:27.009+0000] {logging_mixin.py:154} INFO - [2025-06-01T17:24:27.009+0000] {dagbag.py:536} INFO - Filling up the DagBag from /home/airflow/.local/lib/python3.8/site-packages/airflow/example_dags/example_latest_only.py
[2025-06-01T17:24:27.014+0000] {processor.py:839} INFO - DAG(s) dict_keys(['latest_only']) retrieved from /home/airflow/.local/lib/python3.8/site-packages/airflow/example_dags/example_latest_only.py
[2025-06-01T17:24:27.032+0000] {logging_mixin.py:154} INFO - [2025-06-01T17:24:27.032+0000] {dag.py:2941} INFO - Sync 1 DAGs
[2025-06-01T17:24:27.046+0000] {logging_mixin.py:154} INFO - [2025-06-01T17:24:27.046+0000] {dag.py:3722} INFO - Setting next_dagrun for latest_only to 2025-06-01T13:24:27.046001+00:00, run_after=2025-06-01T17:24:27.046001+00:00
[2025-06-01T17:24:27.058+0000] {processor.py:179} INFO - Processing /home/airflow/.local/lib/python3.8/site-packages/airflow/example_dags/example_latest_only.py took 0.053 seconds
[2025-06-01T17:24:59.610+0000] {processor.py:157} INFO - Started process (PID=3091) to work on /home/airflow/.local/lib/python3.8/site-packages/airflow/example_dags/example_latest_only.py
[2025-06-01T17:24:59.611+0000] {processor.py:829} INFO - Processing file /home/airflow/.local/lib/python3.8/site-packages/airflow/example_dags/example_latest_only.py for tasks to queue
[2025-06-01T17:24:59.612+0000] {logging_mixin.py:154} INFO - [2025-06-01T17:24:59.611+0000] {dagbag.py:536} INFO - Filling up the DagBag from /home/airflow/.local/lib/python3.8/site-packages/airflow/example_dags/example_latest_only.py
[2025-06-01T17:24:59.617+0000] {processor.py:839} INFO - DAG(s) dict_keys(['latest_only']) retrieved from /home/airflow/.local/lib/python3.8/site-packages/airflow/example_dags/example_latest_only.py
[2025-06-01T17:24:59.632+0000] {logging_mixin.py:154} INFO - [2025-06-01T17:24:59.632+0000] {dag.py:2941} INFO - Sync 1 DAGs
[2025-06-01T17:24:59.648+0000] {logging_mixin.py:154} INFO - [2025-06-01T17:24:59.647+0000] {dag.py:3722} INFO - Setting next_dagrun for latest_only to 2025-06-01T13:24:59.647672+00:00, run_after=2025-06-01T17:24:59.647672+00:00
[2025-06-01T17:24:59.659+0000] {processor.py:179} INFO - Processing /home/airflow/.local/lib/python3.8/site-packages/airflow/example_dags/example_latest_only.py took 0.052 seconds
[2025-06-01T17:25:32.963+0000] {processor.py:157} INFO - Started process (PID=3163) to work on /home/airflow/.local/lib/python3.8/site-packages/airflow/example_dags/example_latest_only.py
[2025-06-01T17:25:32.964+0000] {processor.py:829} INFO - Processing file /home/airflow/.local/lib/python3.8/site-packages/airflow/example_dags/example_latest_only.py for tasks to queue
[2025-06-01T17:25:32.965+0000] {logging_mixin.py:154} INFO - [2025-06-01T17:25:32.965+0000] {dagbag.py:536} INFO - Filling up the DagBag from /home/airflow/.local/lib/python3.8/site-packages/airflow/example_dags/example_latest_only.py
[2025-06-01T17:25:32.970+0000] {processor.py:839} INFO - DAG(s) dict_keys(['latest_only']) retrieved from /home/airflow/.local/lib/python3.8/site-packages/airflow/example_dags/example_latest_only.py
[2025-06-01T17:25:32.991+0000] {logging_mixin.py:154} INFO - [2025-06-01T17:25:32.991+0000] {dag.py:2941} INFO - Sync 1 DAGs
[2025-06-01T17:25:33.008+0000] {logging_mixin.py:154} INFO - [2025-06-01T17:25:33.008+0000] {dag.py:3722} INFO - Setting next_dagrun for latest_only to 2025-06-01T13:25:33.008480+00:00, run_after=2025-06-01T17:25:33.008480+00:00
[2025-06-01T17:25:33.022+0000] {processor.py:179} INFO - Processing /home/airflow/.local/lib/python3.8/site-packages/airflow/example_dags/example_latest_only.py took 0.061 seconds
[2025-06-01T17:26:06.129+0000] {processor.py:157} INFO - Started process (PID=3235) to work on /home/airflow/.local/lib/python3.8/site-packages/airflow/example_dags/example_latest_only.py
[2025-06-01T17:26:06.131+0000] {processor.py:829} INFO - Processing file /home/airflow/.local/lib/python3.8/site-packages/airflow/example_dags/example_latest_only.py for tasks to queue
[2025-06-01T17:26:06.132+0000] {logging_mixin.py:154} INFO - [2025-06-01T17:26:06.132+0000] {dagbag.py:536} INFO - Filling up the DagBag from /home/airflow/.local/lib/python3.8/site-packages/airflow/example_dags/example_latest_only.py
[2025-06-01T17:26:06.139+0000] {processor.py:839} INFO - DAG(s) dict_keys(['latest_only']) retrieved from /home/airflow/.local/lib/python3.8/site-packages/airflow/example_dags/example_latest_only.py
[2025-06-01T17:26:06.156+0000] {logging_mixin.py:154} INFO - [2025-06-01T17:26:06.155+0000] {dag.py:2941} INFO - Sync 1 DAGs
[2025-06-01T17:26:06.172+0000] {logging_mixin.py:154} INFO - [2025-06-01T17:26:06.172+0000] {dag.py:3722} INFO - Setting next_dagrun for latest_only to 2025-06-01T13:26:06.172154+00:00, run_after=2025-06-01T17:26:06.172154+00:00
[2025-06-01T17:26:06.184+0000] {processor.py:179} INFO - Processing /home/airflow/.local/lib/python3.8/site-packages/airflow/example_dags/example_latest_only.py took 0.058 seconds
[2025-06-01T17:26:39.573+0000] {processor.py:157} INFO - Started process (PID=3299) to work on /home/airflow/.local/lib/python3.8/site-packages/airflow/example_dags/example_latest_only.py
[2025-06-01T17:26:39.574+0000] {processor.py:829} INFO - Processing file /home/airflow/.local/lib/python3.8/site-packages/airflow/example_dags/example_latest_only.py for tasks to queue
[2025-06-01T17:26:39.574+0000] {logging_mixin.py:154} INFO - [2025-06-01T17:26:39.574+0000] {dagbag.py:536} INFO - Filling up the DagBag from /home/airflow/.local/lib/python3.8/site-packages/airflow/example_dags/example_latest_only.py
[2025-06-01T17:26:39.579+0000] {processor.py:839} INFO - DAG(s) dict_keys(['latest_only']) retrieved from /home/airflow/.local/lib/python3.8/site-packages/airflow/example_dags/example_latest_only.py
[2025-06-01T17:26:39.594+0000] {logging_mixin.py:154} INFO - [2025-06-01T17:26:39.594+0000] {dag.py:2941} INFO - Sync 1 DAGs
[2025-06-01T17:26:39.609+0000] {logging_mixin.py:154} INFO - [2025-06-01T17:26:39.609+0000] {dag.py:3722} INFO - Setting next_dagrun for latest_only to 2025-06-01T13:26:39.608897+00:00, run_after=2025-06-01T17:26:39.608897+00:00
[2025-06-01T17:26:39.621+0000] {processor.py:179} INFO - Processing /home/airflow/.local/lib/python3.8/site-packages/airflow/example_dags/example_latest_only.py took 0.051 seconds
[2025-06-01T17:27:13.177+0000] {processor.py:157} INFO - Started process (PID=3371) to work on /home/airflow/.local/lib/python3.8/site-packages/airflow/example_dags/example_latest_only.py
[2025-06-01T17:27:13.178+0000] {processor.py:829} INFO - Processing file /home/airflow/.local/lib/python3.8/site-packages/airflow/example_dags/example_latest_only.py for tasks to queue
[2025-06-01T17:27:13.179+0000] {logging_mixin.py:154} INFO - [2025-06-01T17:27:13.178+0000] {dagbag.py:536} INFO - Filling up the DagBag from /home/airflow/.local/lib/python3.8/site-packages/airflow/example_dags/example_latest_only.py
[2025-06-01T17:27:13.183+0000] {processor.py:839} INFO - DAG(s) dict_keys(['latest_only']) retrieved from /home/airflow/.local/lib/python3.8/site-packages/airflow/example_dags/example_latest_only.py
[2025-06-01T17:27:13.198+0000] {logging_mixin.py:154} INFO - [2025-06-01T17:27:13.198+0000] {dag.py:2941} INFO - Sync 1 DAGs
[2025-06-01T17:27:13.213+0000] {logging_mixin.py:154} INFO - [2025-06-01T17:27:13.213+0000] {dag.py:3722} INFO - Setting next_dagrun for latest_only to 2025-06-01T13:27:13.212948+00:00, run_after=2025-06-01T17:27:13.212948+00:00
[2025-06-01T17:27:13.227+0000] {processor.py:179} INFO - Processing /home/airflow/.local/lib/python3.8/site-packages/airflow/example_dags/example_latest_only.py took 0.052 seconds
[2025-06-01T17:27:46.443+0000] {processor.py:157} INFO - Started process (PID=3435) to work on /home/airflow/.local/lib/python3.8/site-packages/airflow/example_dags/example_latest_only.py
[2025-06-01T17:27:46.444+0000] {processor.py:829} INFO - Processing file /home/airflow/.local/lib/python3.8/site-packages/airflow/example_dags/example_latest_only.py for tasks to queue
[2025-06-01T17:27:46.445+0000] {logging_mixin.py:154} INFO - [2025-06-01T17:27:46.444+0000] {dagbag.py:536} INFO - Filling up the DagBag from /home/airflow/.local/lib/python3.8/site-packages/airflow/example_dags/example_latest_only.py
[2025-06-01T17:27:46.449+0000] {processor.py:839} INFO - DAG(s) dict_keys(['latest_only']) retrieved from /home/airflow/.local/lib/python3.8/site-packages/airflow/example_dags/example_latest_only.py
[2025-06-01T17:27:46.465+0000] {logging_mixin.py:154} INFO - [2025-06-01T17:27:46.465+0000] {dag.py:2941} INFO - Sync 1 DAGs
[2025-06-01T17:27:46.481+0000] {logging_mixin.py:154} INFO - [2025-06-01T17:27:46.481+0000] {dag.py:3722} INFO - Setting next_dagrun for latest_only to 2025-06-01T13:27:46.480897+00:00, run_after=2025-06-01T17:27:46.480897+00:00
[2025-06-01T17:27:46.493+0000] {processor.py:179} INFO - Processing /home/airflow/.local/lib/python3.8/site-packages/airflow/example_dags/example_latest_only.py took 0.053 seconds
[2025-06-01T17:28:19.817+0000] {processor.py:157} INFO - Started process (PID=3507) to work on /home/airflow/.local/lib/python3.8/site-packages/airflow/example_dags/example_latest_only.py
[2025-06-01T17:28:19.819+0000] {processor.py:829} INFO - Processing file /home/airflow/.local/lib/python3.8/site-packages/airflow/example_dags/example_latest_only.py for tasks to queue
[2025-06-01T17:28:19.819+0000] {logging_mixin.py:154} INFO - [2025-06-01T17:28:19.819+0000] {dagbag.py:536} INFO - Filling up the DagBag from /home/airflow/.local/lib/python3.8/site-packages/airflow/example_dags/example_latest_only.py
[2025-06-01T17:28:19.824+0000] {processor.py:839} INFO - DAG(s) dict_keys(['latest_only']) retrieved from /home/airflow/.local/lib/python3.8/site-packages/airflow/example_dags/example_latest_only.py
[2025-06-01T17:28:19.839+0000] {logging_mixin.py:154} INFO - [2025-06-01T17:28:19.839+0000] {dag.py:2941} INFO - Sync 1 DAGs
[2025-06-01T17:28:19.853+0000] {logging_mixin.py:154} INFO - [2025-06-01T17:28:19.853+0000] {dag.py:3722} INFO - Setting next_dagrun for latest_only to 2025-06-01T13:28:19.853002+00:00, run_after=2025-06-01T17:28:19.853002+00:00
[2025-06-01T17:28:19.867+0000] {processor.py:179} INFO - Processing /home/airflow/.local/lib/python3.8/site-packages/airflow/example_dags/example_latest_only.py took 0.052 seconds
[2025-06-01T17:28:52.398+0000] {processor.py:157} INFO - Started process (PID=3579) to work on /home/airflow/.local/lib/python3.8/site-packages/airflow/example_dags/example_latest_only.py
[2025-06-01T17:28:52.399+0000] {processor.py:829} INFO - Processing file /home/airflow/.local/lib/python3.8/site-packages/airflow/example_dags/example_latest_only.py for tasks to queue
[2025-06-01T17:28:52.400+0000] {logging_mixin.py:154} INFO - [2025-06-01T17:28:52.400+0000] {dagbag.py:536} INFO - Filling up the DagBag from /home/airflow/.local/lib/python3.8/site-packages/airflow/example_dags/example_latest_only.py
[2025-06-01T17:28:52.405+0000] {processor.py:839} INFO - DAG(s) dict_keys(['latest_only']) retrieved from /home/airflow/.local/lib/python3.8/site-packages/airflow/example_dags/example_latest_only.py
[2025-06-01T17:28:52.423+0000] {logging_mixin.py:154} INFO - [2025-06-01T17:28:52.423+0000] {dag.py:2941} INFO - Sync 1 DAGs
[2025-06-01T17:28:52.440+0000] {logging_mixin.py:154} INFO - [2025-06-01T17:28:52.440+0000] {dag.py:3722} INFO - Setting next_dagrun for latest_only to 2025-06-01T13:28:52.440134+00:00, run_after=2025-06-01T17:28:52.440134+00:00
[2025-06-01T17:28:52.453+0000] {processor.py:179} INFO - Processing /home/airflow/.local/lib/python3.8/site-packages/airflow/example_dags/example_latest_only.py took 0.058 seconds
