[2025-06-01T16:44:01.154+0000] {processor.py:153} INFO - Started process (PID=78) to work on /home/airflow/.local/lib/python3.7/site-packages/airflow/example_dags/tutorial.py
[2025-06-01T16:44:01.155+0000] {processor.py:743} INFO - Processing file /home/airflow/.local/lib/python3.7/site-packages/airflow/example_dags/tutorial.py for tasks to queue
[2025-06-01T16:44:01.156+0000] {logging_mixin.py:137} INFO - [2025-06-01T16:44:01.156+0000] {dagbag.py:538} INFO - Filling up the DagBag from /home/airflow/.local/lib/python3.7/site-packages/airflow/example_dags/tutorial.py
[2025-06-01T16:44:01.172+0000] {processor.py:753} INFO - DAG(s) dict_keys(['tutorial']) retrieved from /home/airflow/.local/lib/python3.7/site-packages/airflow/example_dags/tutorial.py
[2025-06-01T16:44:01.198+0000] {logging_mixin.py:137} INFO - [2025-06-01T16:44:01.198+0000] {dag.py:2676} INFO - Sync 1 DAGs
[2025-06-01T16:44:01.224+0000] {logging_mixin.py:137} INFO - [2025-06-01T16:44:01.224+0000] {dag.py:3427} INFO - Setting next_dagrun for tutorial to 2025-05-31T16:44:01.224295+00:00, run_after=2025-06-01T16:44:01.224295+00:00
[2025-06-01T16:44:01.248+0000] {processor.py:175} INFO - Processing /home/airflow/.local/lib/python3.7/site-packages/airflow/example_dags/tutorial.py took 0.096 seconds
[2025-06-01T16:44:34.424+0000] {processor.py:153} INFO - Started process (PID=137) to work on /home/airflow/.local/lib/python3.7/site-packages/airflow/example_dags/tutorial.py
[2025-06-01T16:44:34.424+0000] {processor.py:743} INFO - Processing file /home/airflow/.local/lib/python3.7/site-packages/airflow/example_dags/tutorial.py for tasks to queue
[2025-06-01T16:44:34.425+0000] {logging_mixin.py:137} INFO - [2025-06-01T16:44:34.425+0000] {dagbag.py:538} INFO - Filling up the DagBag from /home/airflow/.local/lib/python3.7/site-packages/airflow/example_dags/tutorial.py
[2025-06-01T16:44:34.435+0000] {processor.py:753} INFO - DAG(s) dict_keys(['tutorial']) retrieved from /home/airflow/.local/lib/python3.7/site-packages/airflow/example_dags/tutorial.py
[2025-06-01T16:44:34.463+0000] {logging_mixin.py:137} INFO - [2025-06-01T16:44:34.463+0000] {dag.py:2676} INFO - Sync 1 DAGs
[2025-06-01T16:44:34.479+0000] {logging_mixin.py:137} INFO - [2025-06-01T16:44:34.479+0000] {dag.py:3427} INFO - Setting next_dagrun for tutorial to 2025-05-31T16:44:34.479276+00:00, run_after=2025-06-01T16:44:34.479276+00:00
[2025-06-01T16:44:34.492+0000] {processor.py:175} INFO - Processing /home/airflow/.local/lib/python3.7/site-packages/airflow/example_dags/tutorial.py took 0.071 seconds
[2025-06-01T16:45:07.994+0000] {processor.py:153} INFO - Started process (PID=196) to work on /home/airflow/.local/lib/python3.7/site-packages/airflow/example_dags/tutorial.py
[2025-06-01T16:45:07.995+0000] {processor.py:743} INFO - Processing file /home/airflow/.local/lib/python3.7/site-packages/airflow/example_dags/tutorial.py for tasks to queue
[2025-06-01T16:45:07.996+0000] {logging_mixin.py:137} INFO - [2025-06-01T16:45:07.996+0000] {dagbag.py:538} INFO - Filling up the DagBag from /home/airflow/.local/lib/python3.7/site-packages/airflow/example_dags/tutorial.py
[2025-06-01T16:45:08.009+0000] {processor.py:753} INFO - DAG(s) dict_keys(['tutorial']) retrieved from /home/airflow/.local/lib/python3.7/site-packages/airflow/example_dags/tutorial.py
[2025-06-01T16:45:08.043+0000] {logging_mixin.py:137} INFO - [2025-06-01T16:45:08.043+0000] {dag.py:2676} INFO - Sync 1 DAGs
[2025-06-01T16:45:08.061+0000] {logging_mixin.py:137} INFO - [2025-06-01T16:45:08.061+0000] {dag.py:3427} INFO - Setting next_dagrun for tutorial to 2025-05-31T16:45:08.061254+00:00, run_after=2025-06-01T16:45:08.061254+00:00
[2025-06-01T16:45:08.076+0000] {processor.py:175} INFO - Processing /home/airflow/.local/lib/python3.7/site-packages/airflow/example_dags/tutorial.py took 0.085 seconds
[2025-06-01T16:45:41.306+0000] {processor.py:153} INFO - Started process (PID=255) to work on /home/airflow/.local/lib/python3.7/site-packages/airflow/example_dags/tutorial.py
[2025-06-01T16:45:41.308+0000] {processor.py:743} INFO - Processing file /home/airflow/.local/lib/python3.7/site-packages/airflow/example_dags/tutorial.py for tasks to queue
[2025-06-01T16:45:41.308+0000] {logging_mixin.py:137} INFO - [2025-06-01T16:45:41.308+0000] {dagbag.py:538} INFO - Filling up the DagBag from /home/airflow/.local/lib/python3.7/site-packages/airflow/example_dags/tutorial.py
[2025-06-01T16:45:41.319+0000] {processor.py:753} INFO - DAG(s) dict_keys(['tutorial']) retrieved from /home/airflow/.local/lib/python3.7/site-packages/airflow/example_dags/tutorial.py
[2025-06-01T16:45:41.345+0000] {logging_mixin.py:137} INFO - [2025-06-01T16:45:41.345+0000] {dag.py:2676} INFO - Sync 1 DAGs
[2025-06-01T16:45:41.361+0000] {logging_mixin.py:137} INFO - [2025-06-01T16:45:41.361+0000] {dag.py:3427} INFO - Setting next_dagrun for tutorial to 2025-05-31T16:45:41.361455+00:00, run_after=2025-06-01T16:45:41.361455+00:00
[2025-06-01T16:45:41.373+0000] {processor.py:175} INFO - Processing /home/airflow/.local/lib/python3.7/site-packages/airflow/example_dags/tutorial.py took 0.069 seconds
[2025-06-01T16:46:14.599+0000] {processor.py:153} INFO - Started process (PID=314) to work on /home/airflow/.local/lib/python3.7/site-packages/airflow/example_dags/tutorial.py
[2025-06-01T16:46:14.600+0000] {processor.py:743} INFO - Processing file /home/airflow/.local/lib/python3.7/site-packages/airflow/example_dags/tutorial.py for tasks to queue
[2025-06-01T16:46:14.601+0000] {logging_mixin.py:137} INFO - [2025-06-01T16:46:14.601+0000] {dagbag.py:538} INFO - Filling up the DagBag from /home/airflow/.local/lib/python3.7/site-packages/airflow/example_dags/tutorial.py
[2025-06-01T16:46:14.612+0000] {processor.py:753} INFO - DAG(s) dict_keys(['tutorial']) retrieved from /home/airflow/.local/lib/python3.7/site-packages/airflow/example_dags/tutorial.py
[2025-06-01T16:46:14.640+0000] {logging_mixin.py:137} INFO - [2025-06-01T16:46:14.640+0000] {dag.py:2676} INFO - Sync 1 DAGs
[2025-06-01T16:46:14.657+0000] {logging_mixin.py:137} INFO - [2025-06-01T16:46:14.657+0000] {dag.py:3427} INFO - Setting next_dagrun for tutorial to 2025-05-31T16:46:14.657408+00:00, run_after=2025-06-01T16:46:14.657408+00:00
[2025-06-01T16:46:14.674+0000] {processor.py:175} INFO - Processing /home/airflow/.local/lib/python3.7/site-packages/airflow/example_dags/tutorial.py took 0.077 seconds
[2025-06-01T16:46:46.865+0000] {processor.py:153} INFO - Started process (PID=373) to work on /home/airflow/.local/lib/python3.7/site-packages/airflow/example_dags/tutorial.py
[2025-06-01T16:46:46.866+0000] {processor.py:743} INFO - Processing file /home/airflow/.local/lib/python3.7/site-packages/airflow/example_dags/tutorial.py for tasks to queue
[2025-06-01T16:46:46.866+0000] {logging_mixin.py:137} INFO - [2025-06-01T16:46:46.866+0000] {dagbag.py:538} INFO - Filling up the DagBag from /home/airflow/.local/lib/python3.7/site-packages/airflow/example_dags/tutorial.py
[2025-06-01T16:46:46.877+0000] {processor.py:753} INFO - DAG(s) dict_keys(['tutorial']) retrieved from /home/airflow/.local/lib/python3.7/site-packages/airflow/example_dags/tutorial.py
[2025-06-01T16:46:46.906+0000] {logging_mixin.py:137} INFO - [2025-06-01T16:46:46.906+0000] {dag.py:2676} INFO - Sync 1 DAGs
[2025-06-01T16:46:46.922+0000] {logging_mixin.py:137} INFO - [2025-06-01T16:46:46.922+0000] {dag.py:3427} INFO - Setting next_dagrun for tutorial to 2025-05-31T16:46:46.922107+00:00, run_after=2025-06-01T16:46:46.922107+00:00
[2025-06-01T16:46:46.934+0000] {processor.py:175} INFO - Processing /home/airflow/.local/lib/python3.7/site-packages/airflow/example_dags/tutorial.py took 0.072 seconds
[2025-06-01T16:47:20.398+0000] {processor.py:153} INFO - Started process (PID=432) to work on /home/airflow/.local/lib/python3.7/site-packages/airflow/example_dags/tutorial.py
[2025-06-01T16:47:20.399+0000] {processor.py:743} INFO - Processing file /home/airflow/.local/lib/python3.7/site-packages/airflow/example_dags/tutorial.py for tasks to queue
[2025-06-01T16:47:20.399+0000] {logging_mixin.py:137} INFO - [2025-06-01T16:47:20.399+0000] {dagbag.py:538} INFO - Filling up the DagBag from /home/airflow/.local/lib/python3.7/site-packages/airflow/example_dags/tutorial.py
[2025-06-01T16:47:20.411+0000] {processor.py:753} INFO - DAG(s) dict_keys(['tutorial']) retrieved from /home/airflow/.local/lib/python3.7/site-packages/airflow/example_dags/tutorial.py
[2025-06-01T16:47:20.440+0000] {logging_mixin.py:137} INFO - [2025-06-01T16:47:20.439+0000] {dag.py:2676} INFO - Sync 1 DAGs
[2025-06-01T16:47:20.457+0000] {logging_mixin.py:137} INFO - [2025-06-01T16:47:20.457+0000] {dag.py:3427} INFO - Setting next_dagrun for tutorial to 2025-05-31T16:47:20.457096+00:00, run_after=2025-06-01T16:47:20.457096+00:00
[2025-06-01T16:47:20.470+0000] {processor.py:175} INFO - Processing /home/airflow/.local/lib/python3.7/site-packages/airflow/example_dags/tutorial.py took 0.075 seconds
[2025-06-01T16:52:00.249+0000] {processor.py:157} INFO - Started process (PID=87) to work on /home/airflow/.local/lib/python3.8/site-packages/airflow/example_dags/tutorial.py
[2025-06-01T16:52:00.250+0000] {processor.py:829} INFO - Processing file /home/airflow/.local/lib/python3.8/site-packages/airflow/example_dags/tutorial.py for tasks to queue
[2025-06-01T16:52:00.252+0000] {logging_mixin.py:154} INFO - [2025-06-01T16:52:00.252+0000] {dagbag.py:536} INFO - Filling up the DagBag from /home/airflow/.local/lib/python3.8/site-packages/airflow/example_dags/tutorial.py
[2025-06-01T16:52:00.258+0000] {processor.py:839} INFO - DAG(s) dict_keys(['tutorial']) retrieved from /home/airflow/.local/lib/python3.8/site-packages/airflow/example_dags/tutorial.py
[2025-06-01T16:52:00.271+0000] {logging_mixin.py:154} INFO - [2025-06-01T16:52:00.271+0000] {dag.py:2941} INFO - Sync 1 DAGs
[2025-06-01T16:52:00.291+0000] {logging_mixin.py:154} INFO - [2025-06-01T16:52:00.291+0000] {dag.py:3722} INFO - Setting next_dagrun for tutorial to 2025-05-31T16:52:00.291571+00:00, run_after=2025-06-01T16:52:00.291571+00:00
[2025-06-01T16:52:00.306+0000] {processor.py:179} INFO - Processing /home/airflow/.local/lib/python3.8/site-packages/airflow/example_dags/tutorial.py took 0.061 seconds
[2025-06-01T16:52:30.545+0000] {processor.py:157} INFO - Started process (PID=148) to work on /home/airflow/.local/lib/python3.8/site-packages/airflow/example_dags/tutorial.py
[2025-06-01T16:52:30.546+0000] {processor.py:829} INFO - Processing file /home/airflow/.local/lib/python3.8/site-packages/airflow/example_dags/tutorial.py for tasks to queue
[2025-06-01T16:52:30.548+0000] {logging_mixin.py:154} INFO - [2025-06-01T16:52:30.548+0000] {dagbag.py:536} INFO - Filling up the DagBag from /home/airflow/.local/lib/python3.8/site-packages/airflow/example_dags/tutorial.py
[2025-06-01T16:52:30.553+0000] {processor.py:839} INFO - DAG(s) dict_keys(['tutorial']) retrieved from /home/airflow/.local/lib/python3.8/site-packages/airflow/example_dags/tutorial.py
[2025-06-01T16:52:30.572+0000] {logging_mixin.py:154} INFO - [2025-06-01T16:52:30.572+0000] {dag.py:2941} INFO - Sync 1 DAGs
[2025-06-01T16:52:30.588+0000] {logging_mixin.py:154} INFO - [2025-06-01T16:52:30.588+0000] {dag.py:3722} INFO - Setting next_dagrun for tutorial to 2025-05-31T16:52:30.588437+00:00, run_after=2025-06-01T16:52:30.588437+00:00
[2025-06-01T16:52:30.601+0000] {processor.py:179} INFO - Processing /home/airflow/.local/lib/python3.8/site-packages/airflow/example_dags/tutorial.py took 0.060 seconds
[2025-06-01T16:53:00.917+0000] {processor.py:157} INFO - Started process (PID=232) to work on /home/airflow/.local/lib/python3.8/site-packages/airflow/example_dags/tutorial.py
[2025-06-01T16:53:00.918+0000] {processor.py:829} INFO - Processing file /home/airflow/.local/lib/python3.8/site-packages/airflow/example_dags/tutorial.py for tasks to queue
[2025-06-01T16:53:00.919+0000] {logging_mixin.py:154} INFO - [2025-06-01T16:53:00.919+0000] {dagbag.py:536} INFO - Filling up the DagBag from /home/airflow/.local/lib/python3.8/site-packages/airflow/example_dags/tutorial.py
[2025-06-01T16:53:00.924+0000] {processor.py:839} INFO - DAG(s) dict_keys(['tutorial']) retrieved from /home/airflow/.local/lib/python3.8/site-packages/airflow/example_dags/tutorial.py
[2025-06-01T16:53:00.941+0000] {logging_mixin.py:154} INFO - [2025-06-01T16:53:00.941+0000] {dag.py:2941} INFO - Sync 1 DAGs
[2025-06-01T16:53:00.957+0000] {logging_mixin.py:154} INFO - [2025-06-01T16:53:00.957+0000] {dag.py:3722} INFO - Setting next_dagrun for tutorial to 2025-05-31T16:53:00.957289+00:00, run_after=2025-06-01T16:53:00.957289+00:00
[2025-06-01T16:53:00.970+0000] {processor.py:179} INFO - Processing /home/airflow/.local/lib/python3.8/site-packages/airflow/example_dags/tutorial.py took 0.056 seconds
[2025-06-01T16:53:31.055+0000] {processor.py:157} INFO - Started process (PID=300) to work on /home/airflow/.local/lib/python3.8/site-packages/airflow/example_dags/tutorial.py
[2025-06-01T16:53:31.056+0000] {processor.py:829} INFO - Processing file /home/airflow/.local/lib/python3.8/site-packages/airflow/example_dags/tutorial.py for tasks to queue
[2025-06-01T16:53:31.058+0000] {logging_mixin.py:154} INFO - [2025-06-01T16:53:31.058+0000] {dagbag.py:536} INFO - Filling up the DagBag from /home/airflow/.local/lib/python3.8/site-packages/airflow/example_dags/tutorial.py
[2025-06-01T16:53:31.062+0000] {processor.py:839} INFO - DAG(s) dict_keys(['tutorial']) retrieved from /home/airflow/.local/lib/python3.8/site-packages/airflow/example_dags/tutorial.py
[2025-06-01T16:53:31.079+0000] {logging_mixin.py:154} INFO - [2025-06-01T16:53:31.079+0000] {dag.py:2941} INFO - Sync 1 DAGs
[2025-06-01T16:53:31.095+0000] {logging_mixin.py:154} INFO - [2025-06-01T16:53:31.095+0000] {dag.py:3722} INFO - Setting next_dagrun for tutorial to 2025-05-31T16:53:31.095065+00:00, run_after=2025-06-01T16:53:31.095065+00:00
[2025-06-01T16:53:31.108+0000] {processor.py:179} INFO - Processing /home/airflow/.local/lib/python3.8/site-packages/airflow/example_dags/tutorial.py took 0.056 seconds
[2025-06-01T16:54:01.674+0000] {processor.py:157} INFO - Started process (PID=361) to work on /home/airflow/.local/lib/python3.8/site-packages/airflow/example_dags/tutorial.py
[2025-06-01T16:54:01.675+0000] {processor.py:829} INFO - Processing file /home/airflow/.local/lib/python3.8/site-packages/airflow/example_dags/tutorial.py for tasks to queue
[2025-06-01T16:54:01.677+0000] {logging_mixin.py:154} INFO - [2025-06-01T16:54:01.677+0000] {dagbag.py:536} INFO - Filling up the DagBag from /home/airflow/.local/lib/python3.8/site-packages/airflow/example_dags/tutorial.py
[2025-06-01T16:54:01.681+0000] {processor.py:839} INFO - DAG(s) dict_keys(['tutorial']) retrieved from /home/airflow/.local/lib/python3.8/site-packages/airflow/example_dags/tutorial.py
[2025-06-01T16:54:01.698+0000] {logging_mixin.py:154} INFO - [2025-06-01T16:54:01.697+0000] {dag.py:2941} INFO - Sync 1 DAGs
[2025-06-01T16:54:01.714+0000] {logging_mixin.py:154} INFO - [2025-06-01T16:54:01.714+0000] {dag.py:3722} INFO - Setting next_dagrun for tutorial to 2025-05-31T16:54:01.713780+00:00, run_after=2025-06-01T16:54:01.713780+00:00
[2025-06-01T16:54:01.727+0000] {processor.py:179} INFO - Processing /home/airflow/.local/lib/python3.8/site-packages/airflow/example_dags/tutorial.py took 0.056 seconds
[2025-06-01T16:54:32.367+0000] {processor.py:157} INFO - Started process (PID=429) to work on /home/airflow/.local/lib/python3.8/site-packages/airflow/example_dags/tutorial.py
[2025-06-01T16:54:32.368+0000] {processor.py:829} INFO - Processing file /home/airflow/.local/lib/python3.8/site-packages/airflow/example_dags/tutorial.py for tasks to queue
[2025-06-01T16:54:32.370+0000] {logging_mixin.py:154} INFO - [2025-06-01T16:54:32.369+0000] {dagbag.py:536} INFO - Filling up the DagBag from /home/airflow/.local/lib/python3.8/site-packages/airflow/example_dags/tutorial.py
[2025-06-01T16:54:32.375+0000] {processor.py:839} INFO - DAG(s) dict_keys(['tutorial']) retrieved from /home/airflow/.local/lib/python3.8/site-packages/airflow/example_dags/tutorial.py
[2025-06-01T16:54:32.393+0000] {logging_mixin.py:154} INFO - [2025-06-01T16:54:32.393+0000] {dag.py:2941} INFO - Sync 1 DAGs
[2025-06-01T16:54:32.408+0000] {logging_mixin.py:154} INFO - [2025-06-01T16:54:32.408+0000] {dag.py:3722} INFO - Setting next_dagrun for tutorial to 2025-05-31T16:54:32.408566+00:00, run_after=2025-06-01T16:54:32.408566+00:00
[2025-06-01T16:54:32.421+0000] {processor.py:179} INFO - Processing /home/airflow/.local/lib/python3.8/site-packages/airflow/example_dags/tutorial.py took 0.058 seconds
[2025-06-01T16:55:05.453+0000] {processor.py:157} INFO - Started process (PID=497) to work on /home/airflow/.local/lib/python3.8/site-packages/airflow/example_dags/tutorial.py
[2025-06-01T16:55:05.454+0000] {processor.py:829} INFO - Processing file /home/airflow/.local/lib/python3.8/site-packages/airflow/example_dags/tutorial.py for tasks to queue
[2025-06-01T16:55:05.456+0000] {logging_mixin.py:154} INFO - [2025-06-01T16:55:05.456+0000] {dagbag.py:536} INFO - Filling up the DagBag from /home/airflow/.local/lib/python3.8/site-packages/airflow/example_dags/tutorial.py
[2025-06-01T16:55:05.460+0000] {processor.py:839} INFO - DAG(s) dict_keys(['tutorial']) retrieved from /home/airflow/.local/lib/python3.8/site-packages/airflow/example_dags/tutorial.py
[2025-06-01T16:55:05.476+0000] {logging_mixin.py:154} INFO - [2025-06-01T16:55:05.476+0000] {dag.py:2941} INFO - Sync 1 DAGs
[2025-06-01T16:55:05.490+0000] {logging_mixin.py:154} INFO - [2025-06-01T16:55:05.490+0000] {dag.py:3722} INFO - Setting next_dagrun for tutorial to 2025-05-31T16:55:05.490024+00:00, run_after=2025-06-01T16:55:05.490024+00:00
[2025-06-01T16:55:05.501+0000] {processor.py:179} INFO - Processing /home/airflow/.local/lib/python3.8/site-packages/airflow/example_dags/tutorial.py took 0.051 seconds
[2025-06-01T16:55:38.491+0000] {processor.py:157} INFO - Started process (PID=565) to work on /home/airflow/.local/lib/python3.8/site-packages/airflow/example_dags/tutorial.py
[2025-06-01T16:55:38.492+0000] {processor.py:829} INFO - Processing file /home/airflow/.local/lib/python3.8/site-packages/airflow/example_dags/tutorial.py for tasks to queue
[2025-06-01T16:55:38.494+0000] {logging_mixin.py:154} INFO - [2025-06-01T16:55:38.494+0000] {dagbag.py:536} INFO - Filling up the DagBag from /home/airflow/.local/lib/python3.8/site-packages/airflow/example_dags/tutorial.py
[2025-06-01T16:55:38.498+0000] {processor.py:839} INFO - DAG(s) dict_keys(['tutorial']) retrieved from /home/airflow/.local/lib/python3.8/site-packages/airflow/example_dags/tutorial.py
[2025-06-01T16:55:38.515+0000] {logging_mixin.py:154} INFO - [2025-06-01T16:55:38.515+0000] {dag.py:2941} INFO - Sync 1 DAGs
[2025-06-01T16:55:38.531+0000] {logging_mixin.py:154} INFO - [2025-06-01T16:55:38.530+0000] {dag.py:3722} INFO - Setting next_dagrun for tutorial to 2025-05-31T16:55:38.530561+00:00, run_after=2025-06-01T16:55:38.530561+00:00
[2025-06-01T16:55:38.543+0000] {processor.py:179} INFO - Processing /home/airflow/.local/lib/python3.8/site-packages/airflow/example_dags/tutorial.py took 0.055 seconds
[2025-06-01T16:56:11.837+0000] {processor.py:157} INFO - Started process (PID=633) to work on /home/airflow/.local/lib/python3.8/site-packages/airflow/example_dags/tutorial.py
[2025-06-01T16:56:11.838+0000] {processor.py:829} INFO - Processing file /home/airflow/.local/lib/python3.8/site-packages/airflow/example_dags/tutorial.py for tasks to queue
[2025-06-01T16:56:11.840+0000] {logging_mixin.py:154} INFO - [2025-06-01T16:56:11.840+0000] {dagbag.py:536} INFO - Filling up the DagBag from /home/airflow/.local/lib/python3.8/site-packages/airflow/example_dags/tutorial.py
[2025-06-01T16:56:11.844+0000] {processor.py:839} INFO - DAG(s) dict_keys(['tutorial']) retrieved from /home/airflow/.local/lib/python3.8/site-packages/airflow/example_dags/tutorial.py
[2025-06-01T16:56:11.861+0000] {logging_mixin.py:154} INFO - [2025-06-01T16:56:11.861+0000] {dag.py:2941} INFO - Sync 1 DAGs
[2025-06-01T16:56:11.876+0000] {logging_mixin.py:154} INFO - [2025-06-01T16:56:11.876+0000] {dag.py:3722} INFO - Setting next_dagrun for tutorial to 2025-05-31T16:56:11.876301+00:00, run_after=2025-06-01T16:56:11.876301+00:00
[2025-06-01T16:56:11.889+0000] {processor.py:179} INFO - Processing /home/airflow/.local/lib/python3.8/site-packages/airflow/example_dags/tutorial.py took 0.054 seconds
[2025-06-01T16:56:45.384+0000] {processor.py:157} INFO - Started process (PID=701) to work on /home/airflow/.local/lib/python3.8/site-packages/airflow/example_dags/tutorial.py
[2025-06-01T16:56:45.386+0000] {processor.py:829} INFO - Processing file /home/airflow/.local/lib/python3.8/site-packages/airflow/example_dags/tutorial.py for tasks to queue
[2025-06-01T16:56:45.387+0000] {logging_mixin.py:154} INFO - [2025-06-01T16:56:45.387+0000] {dagbag.py:536} INFO - Filling up the DagBag from /home/airflow/.local/lib/python3.8/site-packages/airflow/example_dags/tutorial.py
[2025-06-01T16:56:45.392+0000] {processor.py:839} INFO - DAG(s) dict_keys(['tutorial']) retrieved from /home/airflow/.local/lib/python3.8/site-packages/airflow/example_dags/tutorial.py
[2025-06-01T16:56:45.408+0000] {logging_mixin.py:154} INFO - [2025-06-01T16:56:45.408+0000] {dag.py:2941} INFO - Sync 1 DAGs
[2025-06-01T16:56:45.423+0000] {logging_mixin.py:154} INFO - [2025-06-01T16:56:45.423+0000] {dag.py:3722} INFO - Setting next_dagrun for tutorial to 2025-05-31T16:56:45.423413+00:00, run_after=2025-06-01T16:56:45.423413+00:00
[2025-06-01T16:56:45.435+0000] {processor.py:179} INFO - Processing /home/airflow/.local/lib/python3.8/site-packages/airflow/example_dags/tutorial.py took 0.054 seconds
[2025-06-01T16:57:18.465+0000] {processor.py:157} INFO - Started process (PID=769) to work on /home/airflow/.local/lib/python3.8/site-packages/airflow/example_dags/tutorial.py
[2025-06-01T16:57:18.466+0000] {processor.py:829} INFO - Processing file /home/airflow/.local/lib/python3.8/site-packages/airflow/example_dags/tutorial.py for tasks to queue
[2025-06-01T16:57:18.468+0000] {logging_mixin.py:154} INFO - [2025-06-01T16:57:18.467+0000] {dagbag.py:536} INFO - Filling up the DagBag from /home/airflow/.local/lib/python3.8/site-packages/airflow/example_dags/tutorial.py
[2025-06-01T16:57:18.472+0000] {processor.py:839} INFO - DAG(s) dict_keys(['tutorial']) retrieved from /home/airflow/.local/lib/python3.8/site-packages/airflow/example_dags/tutorial.py
[2025-06-01T16:57:18.488+0000] {logging_mixin.py:154} INFO - [2025-06-01T16:57:18.488+0000] {dag.py:2941} INFO - Sync 1 DAGs
[2025-06-01T16:57:18.502+0000] {logging_mixin.py:154} INFO - [2025-06-01T16:57:18.502+0000] {dag.py:3722} INFO - Setting next_dagrun for tutorial to 2025-05-31T16:57:18.502601+00:00, run_after=2025-06-01T16:57:18.502601+00:00
[2025-06-01T16:57:18.515+0000] {processor.py:179} INFO - Processing /home/airflow/.local/lib/python3.8/site-packages/airflow/example_dags/tutorial.py took 0.052 seconds
[2025-06-01T16:57:51.752+0000] {processor.py:157} INFO - Started process (PID=837) to work on /home/airflow/.local/lib/python3.8/site-packages/airflow/example_dags/tutorial.py
[2025-06-01T16:57:51.753+0000] {processor.py:829} INFO - Processing file /home/airflow/.local/lib/python3.8/site-packages/airflow/example_dags/tutorial.py for tasks to queue
[2025-06-01T16:57:51.755+0000] {logging_mixin.py:154} INFO - [2025-06-01T16:57:51.754+0000] {dagbag.py:536} INFO - Filling up the DagBag from /home/airflow/.local/lib/python3.8/site-packages/airflow/example_dags/tutorial.py
[2025-06-01T16:57:51.759+0000] {processor.py:839} INFO - DAG(s) dict_keys(['tutorial']) retrieved from /home/airflow/.local/lib/python3.8/site-packages/airflow/example_dags/tutorial.py
[2025-06-01T16:57:51.774+0000] {logging_mixin.py:154} INFO - [2025-06-01T16:57:51.774+0000] {dag.py:2941} INFO - Sync 1 DAGs
[2025-06-01T16:57:51.788+0000] {logging_mixin.py:154} INFO - [2025-06-01T16:57:51.788+0000] {dag.py:3722} INFO - Setting next_dagrun for tutorial to 2025-05-31T16:57:51.788331+00:00, run_after=2025-06-01T16:57:51.788331+00:00
[2025-06-01T16:57:51.800+0000] {processor.py:179} INFO - Processing /home/airflow/.local/lib/python3.8/site-packages/airflow/example_dags/tutorial.py took 0.050 seconds
[2025-06-01T16:58:24.863+0000] {processor.py:157} INFO - Started process (PID=906) to work on /home/airflow/.local/lib/python3.8/site-packages/airflow/example_dags/tutorial.py
[2025-06-01T16:58:24.864+0000] {processor.py:829} INFO - Processing file /home/airflow/.local/lib/python3.8/site-packages/airflow/example_dags/tutorial.py for tasks to queue
[2025-06-01T16:58:24.865+0000] {logging_mixin.py:154} INFO - [2025-06-01T16:58:24.865+0000] {dagbag.py:536} INFO - Filling up the DagBag from /home/airflow/.local/lib/python3.8/site-packages/airflow/example_dags/tutorial.py
[2025-06-01T16:58:24.869+0000] {processor.py:839} INFO - DAG(s) dict_keys(['tutorial']) retrieved from /home/airflow/.local/lib/python3.8/site-packages/airflow/example_dags/tutorial.py
[2025-06-01T16:58:24.887+0000] {logging_mixin.py:154} INFO - [2025-06-01T16:58:24.886+0000] {dag.py:2941} INFO - Sync 1 DAGs
[2025-06-01T16:58:24.901+0000] {logging_mixin.py:154} INFO - [2025-06-01T16:58:24.901+0000] {dag.py:3722} INFO - Setting next_dagrun for tutorial to 2025-05-31T16:58:24.900955+00:00, run_after=2025-06-01T16:58:24.900955+00:00
[2025-06-01T16:58:24.913+0000] {processor.py:179} INFO - Processing /home/airflow/.local/lib/python3.8/site-packages/airflow/example_dags/tutorial.py took 0.053 seconds
[2025-06-01T16:58:58.114+0000] {processor.py:157} INFO - Started process (PID=974) to work on /home/airflow/.local/lib/python3.8/site-packages/airflow/example_dags/tutorial.py
[2025-06-01T16:58:58.115+0000] {processor.py:829} INFO - Processing file /home/airflow/.local/lib/python3.8/site-packages/airflow/example_dags/tutorial.py for tasks to queue
[2025-06-01T16:58:58.117+0000] {logging_mixin.py:154} INFO - [2025-06-01T16:58:58.117+0000] {dagbag.py:536} INFO - Filling up the DagBag from /home/airflow/.local/lib/python3.8/site-packages/airflow/example_dags/tutorial.py
[2025-06-01T16:58:58.122+0000] {processor.py:839} INFO - DAG(s) dict_keys(['tutorial']) retrieved from /home/airflow/.local/lib/python3.8/site-packages/airflow/example_dags/tutorial.py
[2025-06-01T16:58:58.143+0000] {logging_mixin.py:154} INFO - [2025-06-01T16:58:58.143+0000] {dag.py:2941} INFO - Sync 1 DAGs
[2025-06-01T16:58:58.164+0000] {logging_mixin.py:154} INFO - [2025-06-01T16:58:58.164+0000] {dag.py:3722} INFO - Setting next_dagrun for tutorial to 2025-05-31T16:58:58.163977+00:00, run_after=2025-06-01T16:58:58.163977+00:00
[2025-06-01T16:58:58.179+0000] {processor.py:179} INFO - Processing /home/airflow/.local/lib/python3.8/site-packages/airflow/example_dags/tutorial.py took 0.068 seconds
[2025-06-01T16:59:31.816+0000] {processor.py:157} INFO - Started process (PID=1042) to work on /home/airflow/.local/lib/python3.8/site-packages/airflow/example_dags/tutorial.py
[2025-06-01T16:59:31.817+0000] {processor.py:829} INFO - Processing file /home/airflow/.local/lib/python3.8/site-packages/airflow/example_dags/tutorial.py for tasks to queue
[2025-06-01T16:59:31.819+0000] {logging_mixin.py:154} INFO - [2025-06-01T16:59:31.819+0000] {dagbag.py:536} INFO - Filling up the DagBag from /home/airflow/.local/lib/python3.8/site-packages/airflow/example_dags/tutorial.py
[2025-06-01T16:59:31.823+0000] {processor.py:839} INFO - DAG(s) dict_keys(['tutorial']) retrieved from /home/airflow/.local/lib/python3.8/site-packages/airflow/example_dags/tutorial.py
[2025-06-01T16:59:31.839+0000] {logging_mixin.py:154} INFO - [2025-06-01T16:59:31.839+0000] {dag.py:2941} INFO - Sync 1 DAGs
[2025-06-01T16:59:31.856+0000] {logging_mixin.py:154} INFO - [2025-06-01T16:59:31.856+0000] {dag.py:3722} INFO - Setting next_dagrun for tutorial to 2025-05-31T16:59:31.855869+00:00, run_after=2025-06-01T16:59:31.855869+00:00
[2025-06-01T16:59:31.869+0000] {processor.py:179} INFO - Processing /home/airflow/.local/lib/python3.8/site-packages/airflow/example_dags/tutorial.py took 0.055 seconds
[2025-06-01T17:00:39.060+0000] {processor.py:157} INFO - Started process (PID=83) to work on /home/airflow/.local/lib/python3.8/site-packages/airflow/example_dags/tutorial.py
[2025-06-01T17:00:39.061+0000] {processor.py:829} INFO - Processing file /home/airflow/.local/lib/python3.8/site-packages/airflow/example_dags/tutorial.py for tasks to queue
[2025-06-01T17:00:39.064+0000] {logging_mixin.py:154} INFO - [2025-06-01T17:00:39.064+0000] {dagbag.py:536} INFO - Filling up the DagBag from /home/airflow/.local/lib/python3.8/site-packages/airflow/example_dags/tutorial.py
[2025-06-01T17:00:39.072+0000] {processor.py:839} INFO - DAG(s) dict_keys(['tutorial']) retrieved from /home/airflow/.local/lib/python3.8/site-packages/airflow/example_dags/tutorial.py
[2025-06-01T17:00:39.086+0000] {logging_mixin.py:154} INFO - [2025-06-01T17:00:39.085+0000] {dag.py:2941} INFO - Sync 1 DAGs
[2025-06-01T17:00:39.111+0000] {logging_mixin.py:154} INFO - [2025-06-01T17:00:39.111+0000] {dag.py:3722} INFO - Setting next_dagrun for tutorial to 2025-05-31T17:00:39.111283+00:00, run_after=2025-06-01T17:00:39.111283+00:00
[2025-06-01T17:00:39.135+0000] {processor.py:179} INFO - Processing /home/airflow/.local/lib/python3.8/site-packages/airflow/example_dags/tutorial.py took 0.078 seconds
[2025-06-01T17:01:11.359+0000] {processor.py:157} INFO - Started process (PID=146) to work on /home/airflow/.local/lib/python3.8/site-packages/airflow/example_dags/tutorial.py
[2025-06-01T17:01:11.360+0000] {processor.py:829} INFO - Processing file /home/airflow/.local/lib/python3.8/site-packages/airflow/example_dags/tutorial.py for tasks to queue
[2025-06-01T17:01:11.362+0000] {logging_mixin.py:154} INFO - [2025-06-01T17:01:11.362+0000] {dagbag.py:536} INFO - Filling up the DagBag from /home/airflow/.local/lib/python3.8/site-packages/airflow/example_dags/tutorial.py
[2025-06-01T17:01:11.366+0000] {processor.py:839} INFO - DAG(s) dict_keys(['tutorial']) retrieved from /home/airflow/.local/lib/python3.8/site-packages/airflow/example_dags/tutorial.py
[2025-06-01T17:01:11.382+0000] {logging_mixin.py:154} INFO - [2025-06-01T17:01:11.382+0000] {dag.py:2941} INFO - Sync 1 DAGs
[2025-06-01T17:01:11.397+0000] {logging_mixin.py:154} INFO - [2025-06-01T17:01:11.397+0000] {dag.py:3722} INFO - Setting next_dagrun for tutorial to 2025-05-31T17:01:11.397119+00:00, run_after=2025-06-01T17:01:11.397119+00:00
[2025-06-01T17:01:11.411+0000] {processor.py:179} INFO - Processing /home/airflow/.local/lib/python3.8/site-packages/airflow/example_dags/tutorial.py took 0.055 seconds
[2025-06-01T17:01:44.858+0000] {processor.py:157} INFO - Started process (PID=217) to work on /home/airflow/.local/lib/python3.8/site-packages/airflow/example_dags/tutorial.py
[2025-06-01T17:01:44.859+0000] {processor.py:829} INFO - Processing file /home/airflow/.local/lib/python3.8/site-packages/airflow/example_dags/tutorial.py for tasks to queue
[2025-06-01T17:01:44.861+0000] {logging_mixin.py:154} INFO - [2025-06-01T17:01:44.860+0000] {dagbag.py:536} INFO - Filling up the DagBag from /home/airflow/.local/lib/python3.8/site-packages/airflow/example_dags/tutorial.py
[2025-06-01T17:01:44.866+0000] {processor.py:839} INFO - DAG(s) dict_keys(['tutorial']) retrieved from /home/airflow/.local/lib/python3.8/site-packages/airflow/example_dags/tutorial.py
[2025-06-01T17:01:44.882+0000] {logging_mixin.py:154} INFO - [2025-06-01T17:01:44.882+0000] {dag.py:2941} INFO - Sync 1 DAGs
[2025-06-01T17:01:44.898+0000] {logging_mixin.py:154} INFO - [2025-06-01T17:01:44.898+0000] {dag.py:3722} INFO - Setting next_dagrun for tutorial to 2025-05-31T17:01:44.897810+00:00, run_after=2025-06-01T17:01:44.897810+00:00
[2025-06-01T17:01:44.911+0000] {processor.py:179} INFO - Processing /home/airflow/.local/lib/python3.8/site-packages/airflow/example_dags/tutorial.py took 0.056 seconds
[2025-06-01T17:02:17.299+0000] {processor.py:157} INFO - Started process (PID=280) to work on /home/airflow/.local/lib/python3.8/site-packages/airflow/example_dags/tutorial.py
[2025-06-01T17:02:17.300+0000] {processor.py:829} INFO - Processing file /home/airflow/.local/lib/python3.8/site-packages/airflow/example_dags/tutorial.py for tasks to queue
[2025-06-01T17:02:17.302+0000] {logging_mixin.py:154} INFO - [2025-06-01T17:02:17.302+0000] {dagbag.py:536} INFO - Filling up the DagBag from /home/airflow/.local/lib/python3.8/site-packages/airflow/example_dags/tutorial.py
[2025-06-01T17:02:17.307+0000] {processor.py:839} INFO - DAG(s) dict_keys(['tutorial']) retrieved from /home/airflow/.local/lib/python3.8/site-packages/airflow/example_dags/tutorial.py
[2025-06-01T17:02:17.323+0000] {logging_mixin.py:154} INFO - [2025-06-01T17:02:17.323+0000] {dag.py:2941} INFO - Sync 1 DAGs
[2025-06-01T17:02:17.340+0000] {logging_mixin.py:154} INFO - [2025-06-01T17:02:17.340+0000] {dag.py:3722} INFO - Setting next_dagrun for tutorial to 2025-05-31T17:02:17.339933+00:00, run_after=2025-06-01T17:02:17.339933+00:00
[2025-06-01T17:02:17.354+0000] {processor.py:179} INFO - Processing /home/airflow/.local/lib/python3.8/site-packages/airflow/example_dags/tutorial.py took 0.058 seconds
[2025-06-01T17:02:50.783+0000] {processor.py:157} INFO - Started process (PID=351) to work on /home/airflow/.local/lib/python3.8/site-packages/airflow/example_dags/tutorial.py
[2025-06-01T17:02:50.784+0000] {processor.py:829} INFO - Processing file /home/airflow/.local/lib/python3.8/site-packages/airflow/example_dags/tutorial.py for tasks to queue
[2025-06-01T17:02:50.786+0000] {logging_mixin.py:154} INFO - [2025-06-01T17:02:50.786+0000] {dagbag.py:536} INFO - Filling up the DagBag from /home/airflow/.local/lib/python3.8/site-packages/airflow/example_dags/tutorial.py
[2025-06-01T17:02:50.791+0000] {processor.py:839} INFO - DAG(s) dict_keys(['tutorial']) retrieved from /home/airflow/.local/lib/python3.8/site-packages/airflow/example_dags/tutorial.py
[2025-06-01T17:02:50.807+0000] {logging_mixin.py:154} INFO - [2025-06-01T17:02:50.806+0000] {dag.py:2941} INFO - Sync 1 DAGs
[2025-06-01T17:02:50.822+0000] {logging_mixin.py:154} INFO - [2025-06-01T17:02:50.822+0000] {dag.py:3722} INFO - Setting next_dagrun for tutorial to 2025-05-31T17:02:50.822204+00:00, run_after=2025-06-01T17:02:50.822204+00:00
[2025-06-01T17:02:50.836+0000] {processor.py:179} INFO - Processing /home/airflow/.local/lib/python3.8/site-packages/airflow/example_dags/tutorial.py took 0.055 seconds
[2025-06-01T17:03:24.303+0000] {processor.py:157} INFO - Started process (PID=414) to work on /home/airflow/.local/lib/python3.8/site-packages/airflow/example_dags/tutorial.py
[2025-06-01T17:03:24.304+0000] {processor.py:829} INFO - Processing file /home/airflow/.local/lib/python3.8/site-packages/airflow/example_dags/tutorial.py for tasks to queue
[2025-06-01T17:03:24.306+0000] {logging_mixin.py:154} INFO - [2025-06-01T17:03:24.306+0000] {dagbag.py:536} INFO - Filling up the DagBag from /home/airflow/.local/lib/python3.8/site-packages/airflow/example_dags/tutorial.py
[2025-06-01T17:03:24.312+0000] {processor.py:839} INFO - DAG(s) dict_keys(['tutorial']) retrieved from /home/airflow/.local/lib/python3.8/site-packages/airflow/example_dags/tutorial.py
[2025-06-01T17:03:24.331+0000] {logging_mixin.py:154} INFO - [2025-06-01T17:03:24.330+0000] {dag.py:2941} INFO - Sync 1 DAGs
[2025-06-01T17:03:24.348+0000] {logging_mixin.py:154} INFO - [2025-06-01T17:03:24.348+0000] {dag.py:3722} INFO - Setting next_dagrun for tutorial to 2025-05-31T17:03:24.348304+00:00, run_after=2025-06-01T17:03:24.348304+00:00
[2025-06-01T17:03:24.361+0000] {processor.py:179} INFO - Processing /home/airflow/.local/lib/python3.8/site-packages/airflow/example_dags/tutorial.py took 0.061 seconds
[2025-06-01T17:03:57.919+0000] {processor.py:157} INFO - Started process (PID=485) to work on /home/airflow/.local/lib/python3.8/site-packages/airflow/example_dags/tutorial.py
[2025-06-01T17:03:57.920+0000] {processor.py:829} INFO - Processing file /home/airflow/.local/lib/python3.8/site-packages/airflow/example_dags/tutorial.py for tasks to queue
[2025-06-01T17:03:57.922+0000] {logging_mixin.py:154} INFO - [2025-06-01T17:03:57.922+0000] {dagbag.py:536} INFO - Filling up the DagBag from /home/airflow/.local/lib/python3.8/site-packages/airflow/example_dags/tutorial.py
[2025-06-01T17:03:57.927+0000] {processor.py:839} INFO - DAG(s) dict_keys(['tutorial']) retrieved from /home/airflow/.local/lib/python3.8/site-packages/airflow/example_dags/tutorial.py
[2025-06-01T17:03:57.946+0000] {logging_mixin.py:154} INFO - [2025-06-01T17:03:57.946+0000] {dag.py:2941} INFO - Sync 1 DAGs
[2025-06-01T17:03:57.963+0000] {logging_mixin.py:154} INFO - [2025-06-01T17:03:57.963+0000] {dag.py:3722} INFO - Setting next_dagrun for tutorial to 2025-05-31T17:03:57.962999+00:00, run_after=2025-06-01T17:03:57.962999+00:00
[2025-06-01T17:03:57.978+0000] {processor.py:179} INFO - Processing /home/airflow/.local/lib/python3.8/site-packages/airflow/example_dags/tutorial.py took 0.062 seconds
[2025-06-01T17:04:30.512+0000] {processor.py:157} INFO - Started process (PID=548) to work on /home/airflow/.local/lib/python3.8/site-packages/airflow/example_dags/tutorial.py
[2025-06-01T17:04:30.513+0000] {processor.py:829} INFO - Processing file /home/airflow/.local/lib/python3.8/site-packages/airflow/example_dags/tutorial.py for tasks to queue
[2025-06-01T17:04:30.515+0000] {logging_mixin.py:154} INFO - [2025-06-01T17:04:30.515+0000] {dagbag.py:536} INFO - Filling up the DagBag from /home/airflow/.local/lib/python3.8/site-packages/airflow/example_dags/tutorial.py
[2025-06-01T17:04:30.520+0000] {processor.py:839} INFO - DAG(s) dict_keys(['tutorial']) retrieved from /home/airflow/.local/lib/python3.8/site-packages/airflow/example_dags/tutorial.py
[2025-06-01T17:04:30.538+0000] {logging_mixin.py:154} INFO - [2025-06-01T17:04:30.538+0000] {dag.py:2941} INFO - Sync 1 DAGs
[2025-06-01T17:04:30.554+0000] {logging_mixin.py:154} INFO - [2025-06-01T17:04:30.553+0000] {dag.py:3722} INFO - Setting next_dagrun for tutorial to 2025-05-31T17:04:30.553702+00:00, run_after=2025-06-01T17:04:30.553702+00:00
[2025-06-01T17:04:30.567+0000] {processor.py:179} INFO - Processing /home/airflow/.local/lib/python3.8/site-packages/airflow/example_dags/tutorial.py took 0.059 seconds
[2025-06-01T17:05:03.816+0000] {processor.py:157} INFO - Started process (PID=619) to work on /home/airflow/.local/lib/python3.8/site-packages/airflow/example_dags/tutorial.py
[2025-06-01T17:05:03.817+0000] {processor.py:829} INFO - Processing file /home/airflow/.local/lib/python3.8/site-packages/airflow/example_dags/tutorial.py for tasks to queue
[2025-06-01T17:05:03.819+0000] {logging_mixin.py:154} INFO - [2025-06-01T17:05:03.819+0000] {dagbag.py:536} INFO - Filling up the DagBag from /home/airflow/.local/lib/python3.8/site-packages/airflow/example_dags/tutorial.py
[2025-06-01T17:05:03.824+0000] {processor.py:839} INFO - DAG(s) dict_keys(['tutorial']) retrieved from /home/airflow/.local/lib/python3.8/site-packages/airflow/example_dags/tutorial.py
[2025-06-01T17:05:03.841+0000] {logging_mixin.py:154} INFO - [2025-06-01T17:05:03.841+0000] {dag.py:2941} INFO - Sync 1 DAGs
[2025-06-01T17:05:03.858+0000] {logging_mixin.py:154} INFO - [2025-06-01T17:05:03.858+0000] {dag.py:3722} INFO - Setting next_dagrun for tutorial to 2025-05-31T17:05:03.858228+00:00, run_after=2025-06-01T17:05:03.858228+00:00
[2025-06-01T17:05:03.873+0000] {processor.py:179} INFO - Processing /home/airflow/.local/lib/python3.8/site-packages/airflow/example_dags/tutorial.py took 0.060 seconds
[2025-06-01T17:05:37.431+0000] {processor.py:157} INFO - Started process (PID=683) to work on /home/airflow/.local/lib/python3.8/site-packages/airflow/example_dags/tutorial.py
[2025-06-01T17:05:37.433+0000] {processor.py:829} INFO - Processing file /home/airflow/.local/lib/python3.8/site-packages/airflow/example_dags/tutorial.py for tasks to queue
[2025-06-01T17:05:37.434+0000] {logging_mixin.py:154} INFO - [2025-06-01T17:05:37.434+0000] {dagbag.py:536} INFO - Filling up the DagBag from /home/airflow/.local/lib/python3.8/site-packages/airflow/example_dags/tutorial.py
[2025-06-01T17:05:37.444+0000] {processor.py:839} INFO - DAG(s) dict_keys(['tutorial']) retrieved from /home/airflow/.local/lib/python3.8/site-packages/airflow/example_dags/tutorial.py
[2025-06-01T17:05:37.465+0000] {logging_mixin.py:154} INFO - [2025-06-01T17:05:37.465+0000] {dag.py:2941} INFO - Sync 1 DAGs
[2025-06-01T17:05:37.482+0000] {logging_mixin.py:154} INFO - [2025-06-01T17:05:37.482+0000] {dag.py:3722} INFO - Setting next_dagrun for tutorial to 2025-05-31T17:05:37.482410+00:00, run_after=2025-06-01T17:05:37.482410+00:00
[2025-06-01T17:05:37.499+0000] {processor.py:179} INFO - Processing /home/airflow/.local/lib/python3.8/site-packages/airflow/example_dags/tutorial.py took 0.072 seconds
[2025-06-01T17:06:10.134+0000] {processor.py:157} INFO - Started process (PID=755) to work on /home/airflow/.local/lib/python3.8/site-packages/airflow/example_dags/tutorial.py
[2025-06-01T17:06:10.135+0000] {processor.py:829} INFO - Processing file /home/airflow/.local/lib/python3.8/site-packages/airflow/example_dags/tutorial.py for tasks to queue
[2025-06-01T17:06:10.136+0000] {logging_mixin.py:154} INFO - [2025-06-01T17:06:10.136+0000] {dagbag.py:536} INFO - Filling up the DagBag from /home/airflow/.local/lib/python3.8/site-packages/airflow/example_dags/tutorial.py
[2025-06-01T17:06:10.141+0000] {processor.py:839} INFO - DAG(s) dict_keys(['tutorial']) retrieved from /home/airflow/.local/lib/python3.8/site-packages/airflow/example_dags/tutorial.py
[2025-06-01T17:06:10.159+0000] {logging_mixin.py:154} INFO - [2025-06-01T17:06:10.158+0000] {dag.py:2941} INFO - Sync 1 DAGs
[2025-06-01T17:06:10.174+0000] {logging_mixin.py:154} INFO - [2025-06-01T17:06:10.173+0000] {dag.py:3722} INFO - Setting next_dagrun for tutorial to 2025-05-31T17:06:10.173769+00:00, run_after=2025-06-01T17:06:10.173769+00:00
[2025-06-01T17:06:10.187+0000] {processor.py:179} INFO - Processing /home/airflow/.local/lib/python3.8/site-packages/airflow/example_dags/tutorial.py took 0.056 seconds
[2025-06-01T17:06:43.726+0000] {processor.py:157} INFO - Started process (PID=827) to work on /home/airflow/.local/lib/python3.8/site-packages/airflow/example_dags/tutorial.py
[2025-06-01T17:06:43.728+0000] {processor.py:829} INFO - Processing file /home/airflow/.local/lib/python3.8/site-packages/airflow/example_dags/tutorial.py for tasks to queue
[2025-06-01T17:06:43.728+0000] {logging_mixin.py:154} INFO - [2025-06-01T17:06:43.728+0000] {dagbag.py:536} INFO - Filling up the DagBag from /home/airflow/.local/lib/python3.8/site-packages/airflow/example_dags/tutorial.py
[2025-06-01T17:06:43.734+0000] {processor.py:839} INFO - DAG(s) dict_keys(['tutorial']) retrieved from /home/airflow/.local/lib/python3.8/site-packages/airflow/example_dags/tutorial.py
[2025-06-01T17:06:43.750+0000] {logging_mixin.py:154} INFO - [2025-06-01T17:06:43.750+0000] {dag.py:2941} INFO - Sync 1 DAGs
[2025-06-01T17:06:43.765+0000] {logging_mixin.py:154} INFO - [2025-06-01T17:06:43.765+0000] {dag.py:3722} INFO - Setting next_dagrun for tutorial to 2025-05-31T17:06:43.765260+00:00, run_after=2025-06-01T17:06:43.765260+00:00
[2025-06-01T17:06:43.779+0000] {processor.py:179} INFO - Processing /home/airflow/.local/lib/python3.8/site-packages/airflow/example_dags/tutorial.py took 0.056 seconds
[2025-06-01T17:07:17.284+0000] {processor.py:157} INFO - Started process (PID=892) to work on /home/airflow/.local/lib/python3.8/site-packages/airflow/example_dags/tutorial.py
[2025-06-01T17:07:17.285+0000] {processor.py:829} INFO - Processing file /home/airflow/.local/lib/python3.8/site-packages/airflow/example_dags/tutorial.py for tasks to queue
[2025-06-01T17:07:17.286+0000] {logging_mixin.py:154} INFO - [2025-06-01T17:07:17.286+0000] {dagbag.py:536} INFO - Filling up the DagBag from /home/airflow/.local/lib/python3.8/site-packages/airflow/example_dags/tutorial.py
[2025-06-01T17:07:17.292+0000] {processor.py:839} INFO - DAG(s) dict_keys(['tutorial']) retrieved from /home/airflow/.local/lib/python3.8/site-packages/airflow/example_dags/tutorial.py
[2025-06-01T17:07:17.309+0000] {logging_mixin.py:154} INFO - [2025-06-01T17:07:17.309+0000] {dag.py:2941} INFO - Sync 1 DAGs
[2025-06-01T17:07:17.325+0000] {logging_mixin.py:154} INFO - [2025-06-01T17:07:17.325+0000] {dag.py:3722} INFO - Setting next_dagrun for tutorial to 2025-05-31T17:07:17.325611+00:00, run_after=2025-06-01T17:07:17.325611+00:00
[2025-06-01T17:07:17.338+0000] {processor.py:179} INFO - Processing /home/airflow/.local/lib/python3.8/site-packages/airflow/example_dags/tutorial.py took 0.057 seconds
[2025-06-01T17:07:50.386+0000] {processor.py:157} INFO - Started process (PID=964) to work on /home/airflow/.local/lib/python3.8/site-packages/airflow/example_dags/tutorial.py
[2025-06-01T17:07:50.387+0000] {processor.py:829} INFO - Processing file /home/airflow/.local/lib/python3.8/site-packages/airflow/example_dags/tutorial.py for tasks to queue
[2025-06-01T17:07:50.388+0000] {logging_mixin.py:154} INFO - [2025-06-01T17:07:50.387+0000] {dagbag.py:536} INFO - Filling up the DagBag from /home/airflow/.local/lib/python3.8/site-packages/airflow/example_dags/tutorial.py
[2025-06-01T17:07:50.393+0000] {processor.py:839} INFO - DAG(s) dict_keys(['tutorial']) retrieved from /home/airflow/.local/lib/python3.8/site-packages/airflow/example_dags/tutorial.py
[2025-06-01T17:07:50.410+0000] {logging_mixin.py:154} INFO - [2025-06-01T17:07:50.410+0000] {dag.py:2941} INFO - Sync 1 DAGs
[2025-06-01T17:07:50.425+0000] {logging_mixin.py:154} INFO - [2025-06-01T17:07:50.425+0000] {dag.py:3722} INFO - Setting next_dagrun for tutorial to 2025-05-31T17:07:50.425655+00:00, run_after=2025-06-01T17:07:50.425655+00:00
[2025-06-01T17:07:50.438+0000] {processor.py:179} INFO - Processing /home/airflow/.local/lib/python3.8/site-packages/airflow/example_dags/tutorial.py took 0.055 seconds
[2025-06-01T17:08:22.940+0000] {processor.py:157} INFO - Started process (PID=1028) to work on /home/airflow/.local/lib/python3.8/site-packages/airflow/example_dags/tutorial.py
[2025-06-01T17:08:22.942+0000] {processor.py:829} INFO - Processing file /home/airflow/.local/lib/python3.8/site-packages/airflow/example_dags/tutorial.py for tasks to queue
[2025-06-01T17:08:22.942+0000] {logging_mixin.py:154} INFO - [2025-06-01T17:08:22.942+0000] {dagbag.py:536} INFO - Filling up the DagBag from /home/airflow/.local/lib/python3.8/site-packages/airflow/example_dags/tutorial.py
[2025-06-01T17:08:22.948+0000] {processor.py:839} INFO - DAG(s) dict_keys(['tutorial']) retrieved from /home/airflow/.local/lib/python3.8/site-packages/airflow/example_dags/tutorial.py
[2025-06-01T17:08:22.964+0000] {logging_mixin.py:154} INFO - [2025-06-01T17:08:22.964+0000] {dag.py:2941} INFO - Sync 1 DAGs
[2025-06-01T17:08:22.978+0000] {logging_mixin.py:154} INFO - [2025-06-01T17:08:22.978+0000] {dag.py:3722} INFO - Setting next_dagrun for tutorial to 2025-05-31T17:08:22.978692+00:00, run_after=2025-06-01T17:08:22.978692+00:00
[2025-06-01T17:08:22.991+0000] {processor.py:179} INFO - Processing /home/airflow/.local/lib/python3.8/site-packages/airflow/example_dags/tutorial.py took 0.053 seconds
[2025-06-01T17:08:56.436+0000] {processor.py:157} INFO - Started process (PID=1100) to work on /home/airflow/.local/lib/python3.8/site-packages/airflow/example_dags/tutorial.py
[2025-06-01T17:08:56.437+0000] {processor.py:829} INFO - Processing file /home/airflow/.local/lib/python3.8/site-packages/airflow/example_dags/tutorial.py for tasks to queue
[2025-06-01T17:08:56.438+0000] {logging_mixin.py:154} INFO - [2025-06-01T17:08:56.437+0000] {dagbag.py:536} INFO - Filling up the DagBag from /home/airflow/.local/lib/python3.8/site-packages/airflow/example_dags/tutorial.py
[2025-06-01T17:08:56.443+0000] {processor.py:839} INFO - DAG(s) dict_keys(['tutorial']) retrieved from /home/airflow/.local/lib/python3.8/site-packages/airflow/example_dags/tutorial.py
[2025-06-01T17:08:56.460+0000] {logging_mixin.py:154} INFO - [2025-06-01T17:08:56.460+0000] {dag.py:2941} INFO - Sync 1 DAGs
[2025-06-01T17:08:56.476+0000] {logging_mixin.py:154} INFO - [2025-06-01T17:08:56.476+0000] {dag.py:3722} INFO - Setting next_dagrun for tutorial to 2025-05-31T17:08:56.476157+00:00, run_after=2025-06-01T17:08:56.476157+00:00
[2025-06-01T17:08:56.489+0000] {processor.py:179} INFO - Processing /home/airflow/.local/lib/python3.8/site-packages/airflow/example_dags/tutorial.py took 0.055 seconds
[2025-06-01T17:09:30.069+0000] {processor.py:157} INFO - Started process (PID=1164) to work on /home/airflow/.local/lib/python3.8/site-packages/airflow/example_dags/tutorial.py
[2025-06-01T17:09:30.070+0000] {processor.py:829} INFO - Processing file /home/airflow/.local/lib/python3.8/site-packages/airflow/example_dags/tutorial.py for tasks to queue
[2025-06-01T17:09:30.070+0000] {logging_mixin.py:154} INFO - [2025-06-01T17:09:30.070+0000] {dagbag.py:536} INFO - Filling up the DagBag from /home/airflow/.local/lib/python3.8/site-packages/airflow/example_dags/tutorial.py
[2025-06-01T17:09:30.076+0000] {processor.py:839} INFO - DAG(s) dict_keys(['tutorial']) retrieved from /home/airflow/.local/lib/python3.8/site-packages/airflow/example_dags/tutorial.py
[2025-06-01T17:09:30.092+0000] {logging_mixin.py:154} INFO - [2025-06-01T17:09:30.092+0000] {dag.py:2941} INFO - Sync 1 DAGs
[2025-06-01T17:09:30.106+0000] {logging_mixin.py:154} INFO - [2025-06-01T17:09:30.106+0000] {dag.py:3722} INFO - Setting next_dagrun for tutorial to 2025-05-31T17:09:30.106651+00:00, run_after=2025-06-01T17:09:30.106651+00:00
[2025-06-01T17:09:30.119+0000] {processor.py:179} INFO - Processing /home/airflow/.local/lib/python3.8/site-packages/airflow/example_dags/tutorial.py took 0.053 seconds
[2025-06-01T17:10:03.803+0000] {processor.py:157} INFO - Started process (PID=1238) to work on /home/airflow/.local/lib/python3.8/site-packages/airflow/example_dags/tutorial.py
[2025-06-01T17:10:03.805+0000] {processor.py:829} INFO - Processing file /home/airflow/.local/lib/python3.8/site-packages/airflow/example_dags/tutorial.py for tasks to queue
[2025-06-01T17:10:03.805+0000] {logging_mixin.py:154} INFO - [2025-06-01T17:10:03.805+0000] {dagbag.py:536} INFO - Filling up the DagBag from /home/airflow/.local/lib/python3.8/site-packages/airflow/example_dags/tutorial.py
[2025-06-01T17:10:03.811+0000] {processor.py:839} INFO - DAG(s) dict_keys(['tutorial']) retrieved from /home/airflow/.local/lib/python3.8/site-packages/airflow/example_dags/tutorial.py
[2025-06-01T17:10:03.827+0000] {logging_mixin.py:154} INFO - [2025-06-01T17:10:03.827+0000] {dag.py:2941} INFO - Sync 1 DAGs
[2025-06-01T17:10:03.842+0000] {logging_mixin.py:154} INFO - [2025-06-01T17:10:03.841+0000] {dag.py:3722} INFO - Setting next_dagrun for tutorial to 2025-05-31T17:10:03.841813+00:00, run_after=2025-06-01T17:10:03.841813+00:00
[2025-06-01T17:10:03.855+0000] {processor.py:179} INFO - Processing /home/airflow/.local/lib/python3.8/site-packages/airflow/example_dags/tutorial.py took 0.055 seconds
[2025-06-01T17:10:36.005+0000] {processor.py:157} INFO - Started process (PID=1303) to work on /home/airflow/.local/lib/python3.8/site-packages/airflow/example_dags/tutorial.py
[2025-06-01T17:10:36.006+0000] {processor.py:829} INFO - Processing file /home/airflow/.local/lib/python3.8/site-packages/airflow/example_dags/tutorial.py for tasks to queue
[2025-06-01T17:10:36.006+0000] {logging_mixin.py:154} INFO - [2025-06-01T17:10:36.006+0000] {dagbag.py:536} INFO - Filling up the DagBag from /home/airflow/.local/lib/python3.8/site-packages/airflow/example_dags/tutorial.py
[2025-06-01T17:10:36.011+0000] {processor.py:839} INFO - DAG(s) dict_keys(['tutorial']) retrieved from /home/airflow/.local/lib/python3.8/site-packages/airflow/example_dags/tutorial.py
[2025-06-01T17:10:36.027+0000] {logging_mixin.py:154} INFO - [2025-06-01T17:10:36.027+0000] {dag.py:2941} INFO - Sync 1 DAGs
[2025-06-01T17:10:36.043+0000] {logging_mixin.py:154} INFO - [2025-06-01T17:10:36.043+0000] {dag.py:3722} INFO - Setting next_dagrun for tutorial to 2025-05-31T17:10:36.042733+00:00, run_after=2025-06-01T17:10:36.042733+00:00
[2025-06-01T17:10:36.061+0000] {processor.py:179} INFO - Processing /home/airflow/.local/lib/python3.8/site-packages/airflow/example_dags/tutorial.py took 0.059 seconds
[2025-06-01T17:11:10.069+0000] {processor.py:157} INFO - Started process (PID=1376) to work on /home/airflow/.local/lib/python3.8/site-packages/airflow/example_dags/tutorial.py
[2025-06-01T17:11:10.071+0000] {processor.py:829} INFO - Processing file /home/airflow/.local/lib/python3.8/site-packages/airflow/example_dags/tutorial.py for tasks to queue
[2025-06-01T17:11:10.071+0000] {logging_mixin.py:154} INFO - [2025-06-01T17:11:10.071+0000] {dagbag.py:536} INFO - Filling up the DagBag from /home/airflow/.local/lib/python3.8/site-packages/airflow/example_dags/tutorial.py
[2025-06-01T17:11:10.083+0000] {processor.py:839} INFO - DAG(s) dict_keys(['tutorial']) retrieved from /home/airflow/.local/lib/python3.8/site-packages/airflow/example_dags/tutorial.py
[2025-06-01T17:11:10.120+0000] {logging_mixin.py:154} INFO - [2025-06-01T17:11:10.120+0000] {dag.py:2941} INFO - Sync 1 DAGs
[2025-06-01T17:11:10.151+0000] {logging_mixin.py:154} INFO - [2025-06-01T17:11:10.150+0000] {dag.py:3722} INFO - Setting next_dagrun for tutorial to 2025-05-31T17:11:10.150539+00:00, run_after=2025-06-01T17:11:10.150539+00:00
[2025-06-01T17:11:10.183+0000] {processor.py:179} INFO - Processing /home/airflow/.local/lib/python3.8/site-packages/airflow/example_dags/tutorial.py took 0.119 seconds
[2025-06-01T17:11:42.543+0000] {processor.py:157} INFO - Started process (PID=1459) to work on /home/airflow/.local/lib/python3.8/site-packages/airflow/example_dags/tutorial.py
[2025-06-01T17:11:42.544+0000] {processor.py:829} INFO - Processing file /home/airflow/.local/lib/python3.8/site-packages/airflow/example_dags/tutorial.py for tasks to queue
[2025-06-01T17:11:42.545+0000] {logging_mixin.py:154} INFO - [2025-06-01T17:11:42.544+0000] {dagbag.py:536} INFO - Filling up the DagBag from /home/airflow/.local/lib/python3.8/site-packages/airflow/example_dags/tutorial.py
[2025-06-01T17:11:42.550+0000] {processor.py:839} INFO - DAG(s) dict_keys(['tutorial']) retrieved from /home/airflow/.local/lib/python3.8/site-packages/airflow/example_dags/tutorial.py
[2025-06-01T17:11:42.568+0000] {logging_mixin.py:154} INFO - [2025-06-01T17:11:42.567+0000] {dag.py:2941} INFO - Sync 1 DAGs
[2025-06-01T17:11:42.584+0000] {logging_mixin.py:154} INFO - [2025-06-01T17:11:42.584+0000] {dag.py:3722} INFO - Setting next_dagrun for tutorial to 2025-05-31T17:11:42.583850+00:00, run_after=2025-06-01T17:11:42.583850+00:00
[2025-06-01T17:11:42.597+0000] {processor.py:179} INFO - Processing /home/airflow/.local/lib/python3.8/site-packages/airflow/example_dags/tutorial.py took 0.057 seconds
[2025-06-01T17:12:16.585+0000] {processor.py:157} INFO - Started process (PID=1525) to work on /home/airflow/.local/lib/python3.8/site-packages/airflow/example_dags/tutorial.py
[2025-06-01T17:12:16.587+0000] {processor.py:829} INFO - Processing file /home/airflow/.local/lib/python3.8/site-packages/airflow/example_dags/tutorial.py for tasks to queue
[2025-06-01T17:12:16.587+0000] {logging_mixin.py:154} INFO - [2025-06-01T17:12:16.587+0000] {dagbag.py:536} INFO - Filling up the DagBag from /home/airflow/.local/lib/python3.8/site-packages/airflow/example_dags/tutorial.py
[2025-06-01T17:12:16.593+0000] {processor.py:839} INFO - DAG(s) dict_keys(['tutorial']) retrieved from /home/airflow/.local/lib/python3.8/site-packages/airflow/example_dags/tutorial.py
[2025-06-01T17:12:16.609+0000] {logging_mixin.py:154} INFO - [2025-06-01T17:12:16.609+0000] {dag.py:2941} INFO - Sync 1 DAGs
[2025-06-01T17:12:16.624+0000] {logging_mixin.py:154} INFO - [2025-06-01T17:12:16.624+0000] {dag.py:3722} INFO - Setting next_dagrun for tutorial to 2025-05-31T17:12:16.624514+00:00, run_after=2025-06-01T17:12:16.624514+00:00
[2025-06-01T17:12:16.637+0000] {processor.py:179} INFO - Processing /home/airflow/.local/lib/python3.8/site-packages/airflow/example_dags/tutorial.py took 0.054 seconds
[2025-06-01T17:12:50.726+0000] {processor.py:157} INFO - Started process (PID=1613) to work on /home/airflow/.local/lib/python3.8/site-packages/airflow/example_dags/tutorial.py
[2025-06-01T17:12:50.729+0000] {processor.py:829} INFO - Processing file /home/airflow/.local/lib/python3.8/site-packages/airflow/example_dags/tutorial.py for tasks to queue
[2025-06-01T17:12:50.730+0000] {logging_mixin.py:154} INFO - [2025-06-01T17:12:50.730+0000] {dagbag.py:536} INFO - Filling up the DagBag from /home/airflow/.local/lib/python3.8/site-packages/airflow/example_dags/tutorial.py
[2025-06-01T17:12:50.736+0000] {processor.py:839} INFO - DAG(s) dict_keys(['tutorial']) retrieved from /home/airflow/.local/lib/python3.8/site-packages/airflow/example_dags/tutorial.py
[2025-06-01T17:12:50.754+0000] {logging_mixin.py:154} INFO - [2025-06-01T17:12:50.753+0000] {dag.py:2941} INFO - Sync 1 DAGs
[2025-06-01T17:12:50.770+0000] {logging_mixin.py:154} INFO - [2025-06-01T17:12:50.770+0000] {dag.py:3722} INFO - Setting next_dagrun for tutorial to 2025-05-31T17:12:50.770624+00:00, run_after=2025-06-01T17:12:50.770624+00:00
[2025-06-01T17:12:50.949+0000] {processor.py:179} INFO - Processing /home/airflow/.local/lib/python3.8/site-packages/airflow/example_dags/tutorial.py took 0.226 seconds
[2025-06-01T17:13:22.646+0000] {processor.py:157} INFO - Started process (PID=1677) to work on /home/airflow/.local/lib/python3.8/site-packages/airflow/example_dags/tutorial.py
[2025-06-01T17:13:22.647+0000] {processor.py:829} INFO - Processing file /home/airflow/.local/lib/python3.8/site-packages/airflow/example_dags/tutorial.py for tasks to queue
[2025-06-01T17:13:22.648+0000] {logging_mixin.py:154} INFO - [2025-06-01T17:13:22.647+0000] {dagbag.py:536} INFO - Filling up the DagBag from /home/airflow/.local/lib/python3.8/site-packages/airflow/example_dags/tutorial.py
[2025-06-01T17:13:22.653+0000] {processor.py:839} INFO - DAG(s) dict_keys(['tutorial']) retrieved from /home/airflow/.local/lib/python3.8/site-packages/airflow/example_dags/tutorial.py
[2025-06-01T17:13:22.670+0000] {logging_mixin.py:154} INFO - [2025-06-01T17:13:22.670+0000] {dag.py:2941} INFO - Sync 1 DAGs
[2025-06-01T17:13:22.686+0000] {logging_mixin.py:154} INFO - [2025-06-01T17:13:22.685+0000] {dag.py:3722} INFO - Setting next_dagrun for tutorial to 2025-05-31T17:13:22.685789+00:00, run_after=2025-06-01T17:13:22.685789+00:00
[2025-06-01T17:13:22.698+0000] {processor.py:179} INFO - Processing /home/airflow/.local/lib/python3.8/site-packages/airflow/example_dags/tutorial.py took 0.055 seconds
[2025-06-01T17:13:56.386+0000] {processor.py:157} INFO - Started process (PID=1749) to work on /home/airflow/.local/lib/python3.8/site-packages/airflow/example_dags/tutorial.py
[2025-06-01T17:13:56.387+0000] {processor.py:829} INFO - Processing file /home/airflow/.local/lib/python3.8/site-packages/airflow/example_dags/tutorial.py for tasks to queue
[2025-06-01T17:13:56.388+0000] {logging_mixin.py:154} INFO - [2025-06-01T17:13:56.388+0000] {dagbag.py:536} INFO - Filling up the DagBag from /home/airflow/.local/lib/python3.8/site-packages/airflow/example_dags/tutorial.py
[2025-06-01T17:13:56.394+0000] {processor.py:839} INFO - DAG(s) dict_keys(['tutorial']) retrieved from /home/airflow/.local/lib/python3.8/site-packages/airflow/example_dags/tutorial.py
[2025-06-01T17:13:56.410+0000] {logging_mixin.py:154} INFO - [2025-06-01T17:13:56.410+0000] {dag.py:2941} INFO - Sync 1 DAGs
[2025-06-01T17:13:56.426+0000] {logging_mixin.py:154} INFO - [2025-06-01T17:13:56.426+0000] {dag.py:3722} INFO - Setting next_dagrun for tutorial to 2025-05-31T17:13:56.426077+00:00, run_after=2025-06-01T17:13:56.426077+00:00
[2025-06-01T17:13:56.439+0000] {processor.py:179} INFO - Processing /home/airflow/.local/lib/python3.8/site-packages/airflow/example_dags/tutorial.py took 0.056 seconds
[2025-06-01T17:14:31.130+0000] {processor.py:157} INFO - Started process (PID=1813) to work on /home/airflow/.local/lib/python3.8/site-packages/airflow/example_dags/tutorial.py
[2025-06-01T17:14:31.131+0000] {processor.py:829} INFO - Processing file /home/airflow/.local/lib/python3.8/site-packages/airflow/example_dags/tutorial.py for tasks to queue
[2025-06-01T17:14:31.132+0000] {logging_mixin.py:154} INFO - [2025-06-01T17:14:31.132+0000] {dagbag.py:536} INFO - Filling up the DagBag from /home/airflow/.local/lib/python3.8/site-packages/airflow/example_dags/tutorial.py
[2025-06-01T17:14:31.139+0000] {processor.py:839} INFO - DAG(s) dict_keys(['tutorial']) retrieved from /home/airflow/.local/lib/python3.8/site-packages/airflow/example_dags/tutorial.py
[2025-06-01T17:14:31.156+0000] {logging_mixin.py:154} INFO - [2025-06-01T17:14:31.156+0000] {dag.py:2941} INFO - Sync 1 DAGs
[2025-06-01T17:14:31.170+0000] {logging_mixin.py:154} INFO - [2025-06-01T17:14:31.170+0000] {dag.py:3722} INFO - Setting next_dagrun for tutorial to 2025-05-31T17:14:31.170082+00:00, run_after=2025-06-01T17:14:31.170082+00:00
[2025-06-01T17:14:31.183+0000] {processor.py:179} INFO - Processing /home/airflow/.local/lib/python3.8/site-packages/airflow/example_dags/tutorial.py took 0.057 seconds
[2025-06-01T17:15:03.323+0000] {processor.py:157} INFO - Started process (PID=1885) to work on /home/airflow/.local/lib/python3.8/site-packages/airflow/example_dags/tutorial.py
[2025-06-01T17:15:03.324+0000] {processor.py:829} INFO - Processing file /home/airflow/.local/lib/python3.8/site-packages/airflow/example_dags/tutorial.py for tasks to queue
[2025-06-01T17:15:03.325+0000] {logging_mixin.py:154} INFO - [2025-06-01T17:15:03.325+0000] {dagbag.py:536} INFO - Filling up the DagBag from /home/airflow/.local/lib/python3.8/site-packages/airflow/example_dags/tutorial.py
[2025-06-01T17:15:03.331+0000] {processor.py:839} INFO - DAG(s) dict_keys(['tutorial']) retrieved from /home/airflow/.local/lib/python3.8/site-packages/airflow/example_dags/tutorial.py
[2025-06-01T17:15:03.347+0000] {logging_mixin.py:154} INFO - [2025-06-01T17:15:03.347+0000] {dag.py:2941} INFO - Sync 1 DAGs
[2025-06-01T17:15:03.473+0000] {logging_mixin.py:154} INFO - [2025-06-01T17:15:03.473+0000] {dag.py:3722} INFO - Setting next_dagrun for tutorial to 2025-05-31T17:15:03.473140+00:00, run_after=2025-06-01T17:15:03.473140+00:00
[2025-06-01T17:15:03.485+0000] {processor.py:179} INFO - Processing /home/airflow/.local/lib/python3.8/site-packages/airflow/example_dags/tutorial.py took 0.165 seconds
[2025-06-01T17:15:36.202+0000] {processor.py:157} INFO - Started process (PID=1957) to work on /home/airflow/.local/lib/python3.8/site-packages/airflow/example_dags/tutorial.py
[2025-06-01T17:15:36.203+0000] {processor.py:829} INFO - Processing file /home/airflow/.local/lib/python3.8/site-packages/airflow/example_dags/tutorial.py for tasks to queue
[2025-06-01T17:15:36.204+0000] {logging_mixin.py:154} INFO - [2025-06-01T17:15:36.204+0000] {dagbag.py:536} INFO - Filling up the DagBag from /home/airflow/.local/lib/python3.8/site-packages/airflow/example_dags/tutorial.py
[2025-06-01T17:15:36.210+0000] {processor.py:839} INFO - DAG(s) dict_keys(['tutorial']) retrieved from /home/airflow/.local/lib/python3.8/site-packages/airflow/example_dags/tutorial.py
[2025-06-01T17:15:36.226+0000] {logging_mixin.py:154} INFO - [2025-06-01T17:15:36.226+0000] {dag.py:2941} INFO - Sync 1 DAGs
[2025-06-01T17:15:36.240+0000] {logging_mixin.py:154} INFO - [2025-06-01T17:15:36.240+0000] {dag.py:3722} INFO - Setting next_dagrun for tutorial to 2025-05-31T17:15:36.240195+00:00, run_after=2025-06-01T17:15:36.240195+00:00
[2025-06-01T17:15:36.377+0000] {processor.py:179} INFO - Processing /home/airflow/.local/lib/python3.8/site-packages/airflow/example_dags/tutorial.py took 0.177 seconds
[2025-06-01T17:16:09.426+0000] {processor.py:157} INFO - Started process (PID=2021) to work on /home/airflow/.local/lib/python3.8/site-packages/airflow/example_dags/tutorial.py
[2025-06-01T17:16:09.427+0000] {processor.py:829} INFO - Processing file /home/airflow/.local/lib/python3.8/site-packages/airflow/example_dags/tutorial.py for tasks to queue
[2025-06-01T17:16:09.427+0000] {logging_mixin.py:154} INFO - [2025-06-01T17:16:09.427+0000] {dagbag.py:536} INFO - Filling up the DagBag from /home/airflow/.local/lib/python3.8/site-packages/airflow/example_dags/tutorial.py
[2025-06-01T17:16:09.433+0000] {processor.py:839} INFO - DAG(s) dict_keys(['tutorial']) retrieved from /home/airflow/.local/lib/python3.8/site-packages/airflow/example_dags/tutorial.py
[2025-06-01T17:16:09.448+0000] {logging_mixin.py:154} INFO - [2025-06-01T17:16:09.448+0000] {dag.py:2941} INFO - Sync 1 DAGs
[2025-06-01T17:16:09.463+0000] {logging_mixin.py:154} INFO - [2025-06-01T17:16:09.463+0000] {dag.py:3722} INFO - Setting next_dagrun for tutorial to 2025-05-31T17:16:09.463013+00:00, run_after=2025-06-01T17:16:09.463013+00:00
[2025-06-01T17:16:09.475+0000] {processor.py:179} INFO - Processing /home/airflow/.local/lib/python3.8/site-packages/airflow/example_dags/tutorial.py took 0.052 seconds
[2025-06-01T17:16:43.105+0000] {processor.py:157} INFO - Started process (PID=2094) to work on /home/airflow/.local/lib/python3.8/site-packages/airflow/example_dags/tutorial.py
[2025-06-01T17:16:43.105+0000] {processor.py:829} INFO - Processing file /home/airflow/.local/lib/python3.8/site-packages/airflow/example_dags/tutorial.py for tasks to queue
[2025-06-01T17:16:43.106+0000] {logging_mixin.py:154} INFO - [2025-06-01T17:16:43.106+0000] {dagbag.py:536} INFO - Filling up the DagBag from /home/airflow/.local/lib/python3.8/site-packages/airflow/example_dags/tutorial.py
[2025-06-01T17:16:43.111+0000] {processor.py:839} INFO - DAG(s) dict_keys(['tutorial']) retrieved from /home/airflow/.local/lib/python3.8/site-packages/airflow/example_dags/tutorial.py
[2025-06-01T17:16:43.127+0000] {logging_mixin.py:154} INFO - [2025-06-01T17:16:43.127+0000] {dag.py:2941} INFO - Sync 1 DAGs
[2025-06-01T17:16:43.143+0000] {logging_mixin.py:154} INFO - [2025-06-01T17:16:43.143+0000] {dag.py:3722} INFO - Setting next_dagrun for tutorial to 2025-05-31T17:16:43.143304+00:00, run_after=2025-06-01T17:16:43.143304+00:00
[2025-06-01T17:16:43.157+0000] {processor.py:179} INFO - Processing /home/airflow/.local/lib/python3.8/site-packages/airflow/example_dags/tutorial.py took 0.055 seconds
[2025-06-01T17:17:17.515+0000] {processor.py:157} INFO - Started process (PID=2158) to work on /home/airflow/.local/lib/python3.8/site-packages/airflow/example_dags/tutorial.py
[2025-06-01T17:17:17.516+0000] {processor.py:829} INFO - Processing file /home/airflow/.local/lib/python3.8/site-packages/airflow/example_dags/tutorial.py for tasks to queue
[2025-06-01T17:17:17.517+0000] {logging_mixin.py:154} INFO - [2025-06-01T17:17:17.516+0000] {dagbag.py:536} INFO - Filling up the DagBag from /home/airflow/.local/lib/python3.8/site-packages/airflow/example_dags/tutorial.py
[2025-06-01T17:17:17.522+0000] {processor.py:839} INFO - DAG(s) dict_keys(['tutorial']) retrieved from /home/airflow/.local/lib/python3.8/site-packages/airflow/example_dags/tutorial.py
[2025-06-01T17:17:17.638+0000] {logging_mixin.py:154} INFO - [2025-06-01T17:17:17.638+0000] {dag.py:2941} INFO - Sync 1 DAGs
[2025-06-01T17:17:17.651+0000] {logging_mixin.py:154} INFO - [2025-06-01T17:17:17.651+0000] {dag.py:3722} INFO - Setting next_dagrun for tutorial to 2025-05-31T17:17:17.651017+00:00, run_after=2025-06-01T17:17:17.651017+00:00
[2025-06-01T17:17:17.666+0000] {processor.py:179} INFO - Processing /home/airflow/.local/lib/python3.8/site-packages/airflow/example_dags/tutorial.py took 0.154 seconds
[2025-06-01T17:17:48.296+0000] {processor.py:157} INFO - Started process (PID=2230) to work on /home/airflow/.local/lib/python3.8/site-packages/airflow/example_dags/tutorial.py
[2025-06-01T17:17:48.297+0000] {processor.py:829} INFO - Processing file /home/airflow/.local/lib/python3.8/site-packages/airflow/example_dags/tutorial.py for tasks to queue
[2025-06-01T17:17:48.298+0000] {logging_mixin.py:154} INFO - [2025-06-01T17:17:48.297+0000] {dagbag.py:536} INFO - Filling up the DagBag from /home/airflow/.local/lib/python3.8/site-packages/airflow/example_dags/tutorial.py
[2025-06-01T17:17:48.303+0000] {processor.py:839} INFO - DAG(s) dict_keys(['tutorial']) retrieved from /home/airflow/.local/lib/python3.8/site-packages/airflow/example_dags/tutorial.py
[2025-06-01T17:17:48.319+0000] {logging_mixin.py:154} INFO - [2025-06-01T17:17:48.318+0000] {dag.py:2941} INFO - Sync 1 DAGs
[2025-06-01T17:17:48.334+0000] {logging_mixin.py:154} INFO - [2025-06-01T17:17:48.334+0000] {dag.py:3722} INFO - Setting next_dagrun for tutorial to 2025-05-31T17:17:48.333934+00:00, run_after=2025-06-01T17:17:48.333934+00:00
[2025-06-01T17:17:48.346+0000] {processor.py:179} INFO - Processing /home/airflow/.local/lib/python3.8/site-packages/airflow/example_dags/tutorial.py took 0.052 seconds
[2025-06-01T17:18:21.524+0000] {processor.py:157} INFO - Started process (PID=2294) to work on /home/airflow/.local/lib/python3.8/site-packages/airflow/example_dags/tutorial.py
[2025-06-01T17:18:21.525+0000] {processor.py:829} INFO - Processing file /home/airflow/.local/lib/python3.8/site-packages/airflow/example_dags/tutorial.py for tasks to queue
[2025-06-01T17:18:21.526+0000] {logging_mixin.py:154} INFO - [2025-06-01T17:18:21.525+0000] {dagbag.py:536} INFO - Filling up the DagBag from /home/airflow/.local/lib/python3.8/site-packages/airflow/example_dags/tutorial.py
[2025-06-01T17:18:21.531+0000] {processor.py:839} INFO - DAG(s) dict_keys(['tutorial']) retrieved from /home/airflow/.local/lib/python3.8/site-packages/airflow/example_dags/tutorial.py
[2025-06-01T17:18:21.547+0000] {logging_mixin.py:154} INFO - [2025-06-01T17:18:21.547+0000] {dag.py:2941} INFO - Sync 1 DAGs
[2025-06-01T17:18:21.562+0000] {logging_mixin.py:154} INFO - [2025-06-01T17:18:21.562+0000] {dag.py:3722} INFO - Setting next_dagrun for tutorial to 2025-05-31T17:18:21.562367+00:00, run_after=2025-06-01T17:18:21.562367+00:00
[2025-06-01T17:18:21.575+0000] {processor.py:179} INFO - Processing /home/airflow/.local/lib/python3.8/site-packages/airflow/example_dags/tutorial.py took 0.054 seconds
[2025-06-01T17:18:54.960+0000] {processor.py:157} INFO - Started process (PID=2366) to work on /home/airflow/.local/lib/python3.8/site-packages/airflow/example_dags/tutorial.py
[2025-06-01T17:18:54.961+0000] {processor.py:829} INFO - Processing file /home/airflow/.local/lib/python3.8/site-packages/airflow/example_dags/tutorial.py for tasks to queue
[2025-06-01T17:18:54.961+0000] {logging_mixin.py:154} INFO - [2025-06-01T17:18:54.961+0000] {dagbag.py:536} INFO - Filling up the DagBag from /home/airflow/.local/lib/python3.8/site-packages/airflow/example_dags/tutorial.py
[2025-06-01T17:18:54.967+0000] {processor.py:839} INFO - DAG(s) dict_keys(['tutorial']) retrieved from /home/airflow/.local/lib/python3.8/site-packages/airflow/example_dags/tutorial.py
[2025-06-01T17:18:54.982+0000] {logging_mixin.py:154} INFO - [2025-06-01T17:18:54.982+0000] {dag.py:2941} INFO - Sync 1 DAGs
[2025-06-01T17:18:54.997+0000] {logging_mixin.py:154} INFO - [2025-06-01T17:18:54.997+0000] {dag.py:3722} INFO - Setting next_dagrun for tutorial to 2025-05-31T17:18:54.996828+00:00, run_after=2025-06-01T17:18:54.996828+00:00
[2025-06-01T17:18:55.010+0000] {processor.py:179} INFO - Processing /home/airflow/.local/lib/python3.8/site-packages/airflow/example_dags/tutorial.py took 0.052 seconds
[2025-06-01T17:19:28.182+0000] {processor.py:157} INFO - Started process (PID=2438) to work on /home/airflow/.local/lib/python3.8/site-packages/airflow/example_dags/tutorial.py
[2025-06-01T17:19:28.183+0000] {processor.py:829} INFO - Processing file /home/airflow/.local/lib/python3.8/site-packages/airflow/example_dags/tutorial.py for tasks to queue
[2025-06-01T17:19:28.183+0000] {logging_mixin.py:154} INFO - [2025-06-01T17:19:28.183+0000] {dagbag.py:536} INFO - Filling up the DagBag from /home/airflow/.local/lib/python3.8/site-packages/airflow/example_dags/tutorial.py
[2025-06-01T17:19:28.189+0000] {processor.py:839} INFO - DAG(s) dict_keys(['tutorial']) retrieved from /home/airflow/.local/lib/python3.8/site-packages/airflow/example_dags/tutorial.py
[2025-06-01T17:19:28.204+0000] {logging_mixin.py:154} INFO - [2025-06-01T17:19:28.204+0000] {dag.py:2941} INFO - Sync 1 DAGs
[2025-06-01T17:19:28.219+0000] {logging_mixin.py:154} INFO - [2025-06-01T17:19:28.219+0000] {dag.py:3722} INFO - Setting next_dagrun for tutorial to 2025-05-31T17:19:28.218891+00:00, run_after=2025-06-01T17:19:28.218891+00:00
[2025-06-01T17:19:28.230+0000] {processor.py:179} INFO - Processing /home/airflow/.local/lib/python3.8/site-packages/airflow/example_dags/tutorial.py took 0.051 seconds
[2025-06-01T17:20:01.455+0000] {processor.py:157} INFO - Started process (PID=2502) to work on /home/airflow/.local/lib/python3.8/site-packages/airflow/example_dags/tutorial.py
[2025-06-01T17:20:01.456+0000] {processor.py:829} INFO - Processing file /home/airflow/.local/lib/python3.8/site-packages/airflow/example_dags/tutorial.py for tasks to queue
[2025-06-01T17:20:01.456+0000] {logging_mixin.py:154} INFO - [2025-06-01T17:20:01.456+0000] {dagbag.py:536} INFO - Filling up the DagBag from /home/airflow/.local/lib/python3.8/site-packages/airflow/example_dags/tutorial.py
[2025-06-01T17:20:01.461+0000] {processor.py:839} INFO - DAG(s) dict_keys(['tutorial']) retrieved from /home/airflow/.local/lib/python3.8/site-packages/airflow/example_dags/tutorial.py
[2025-06-01T17:20:01.478+0000] {logging_mixin.py:154} INFO - [2025-06-01T17:20:01.477+0000] {dag.py:2941} INFO - Sync 1 DAGs
[2025-06-01T17:20:01.492+0000] {logging_mixin.py:154} INFO - [2025-06-01T17:20:01.492+0000] {dag.py:3722} INFO - Setting next_dagrun for tutorial to 2025-05-31T17:20:01.492064+00:00, run_after=2025-06-01T17:20:01.492064+00:00
[2025-06-01T17:20:01.504+0000] {processor.py:179} INFO - Processing /home/airflow/.local/lib/python3.8/site-packages/airflow/example_dags/tutorial.py took 0.053 seconds
[2025-06-01T17:20:34.709+0000] {processor.py:157} INFO - Started process (PID=2574) to work on /home/airflow/.local/lib/python3.8/site-packages/airflow/example_dags/tutorial.py
[2025-06-01T17:20:34.710+0000] {processor.py:829} INFO - Processing file /home/airflow/.local/lib/python3.8/site-packages/airflow/example_dags/tutorial.py for tasks to queue
[2025-06-01T17:20:34.710+0000] {logging_mixin.py:154} INFO - [2025-06-01T17:20:34.710+0000] {dagbag.py:536} INFO - Filling up the DagBag from /home/airflow/.local/lib/python3.8/site-packages/airflow/example_dags/tutorial.py
[2025-06-01T17:20:34.716+0000] {processor.py:839} INFO - DAG(s) dict_keys(['tutorial']) retrieved from /home/airflow/.local/lib/python3.8/site-packages/airflow/example_dags/tutorial.py
[2025-06-01T17:20:34.732+0000] {logging_mixin.py:154} INFO - [2025-06-01T17:20:34.732+0000] {dag.py:2941} INFO - Sync 1 DAGs
[2025-06-01T17:20:34.747+0000] {logging_mixin.py:154} INFO - [2025-06-01T17:20:34.746+0000] {dag.py:3722} INFO - Setting next_dagrun for tutorial to 2025-05-31T17:20:34.746747+00:00, run_after=2025-06-01T17:20:34.746747+00:00
[2025-06-01T17:20:34.759+0000] {processor.py:179} INFO - Processing /home/airflow/.local/lib/python3.8/site-packages/airflow/example_dags/tutorial.py took 0.052 seconds
[2025-06-01T17:21:08.075+0000] {processor.py:157} INFO - Started process (PID=2639) to work on /home/airflow/.local/lib/python3.8/site-packages/airflow/example_dags/tutorial.py
[2025-06-01T17:21:08.077+0000] {processor.py:829} INFO - Processing file /home/airflow/.local/lib/python3.8/site-packages/airflow/example_dags/tutorial.py for tasks to queue
[2025-06-01T17:21:08.077+0000] {logging_mixin.py:154} INFO - [2025-06-01T17:21:08.077+0000] {dagbag.py:536} INFO - Filling up the DagBag from /home/airflow/.local/lib/python3.8/site-packages/airflow/example_dags/tutorial.py
[2025-06-01T17:21:08.083+0000] {processor.py:839} INFO - DAG(s) dict_keys(['tutorial']) retrieved from /home/airflow/.local/lib/python3.8/site-packages/airflow/example_dags/tutorial.py
[2025-06-01T17:21:08.098+0000] {logging_mixin.py:154} INFO - [2025-06-01T17:21:08.098+0000] {dag.py:2941} INFO - Sync 1 DAGs
[2025-06-01T17:21:08.114+0000] {logging_mixin.py:154} INFO - [2025-06-01T17:21:08.114+0000] {dag.py:3722} INFO - Setting next_dagrun for tutorial to 2025-05-31T17:21:08.114337+00:00, run_after=2025-06-01T17:21:08.114337+00:00
[2025-06-01T17:21:08.129+0000] {processor.py:179} INFO - Processing /home/airflow/.local/lib/python3.8/site-packages/airflow/example_dags/tutorial.py took 0.057 seconds
[2025-06-01T17:21:41.437+0000] {processor.py:157} INFO - Started process (PID=2711) to work on /home/airflow/.local/lib/python3.8/site-packages/airflow/example_dags/tutorial.py
[2025-06-01T17:21:41.437+0000] {processor.py:829} INFO - Processing file /home/airflow/.local/lib/python3.8/site-packages/airflow/example_dags/tutorial.py for tasks to queue
[2025-06-01T17:21:41.438+0000] {logging_mixin.py:154} INFO - [2025-06-01T17:21:41.438+0000] {dagbag.py:536} INFO - Filling up the DagBag from /home/airflow/.local/lib/python3.8/site-packages/airflow/example_dags/tutorial.py
[2025-06-01T17:21:41.443+0000] {processor.py:839} INFO - DAG(s) dict_keys(['tutorial']) retrieved from /home/airflow/.local/lib/python3.8/site-packages/airflow/example_dags/tutorial.py
[2025-06-01T17:21:41.459+0000] {logging_mixin.py:154} INFO - [2025-06-01T17:21:41.459+0000] {dag.py:2941} INFO - Sync 1 DAGs
[2025-06-01T17:21:41.475+0000] {logging_mixin.py:154} INFO - [2025-06-01T17:21:41.474+0000] {dag.py:3722} INFO - Setting next_dagrun for tutorial to 2025-05-31T17:21:41.474691+00:00, run_after=2025-06-01T17:21:41.474691+00:00
[2025-06-01T17:21:41.489+0000] {processor.py:179} INFO - Processing /home/airflow/.local/lib/python3.8/site-packages/airflow/example_dags/tutorial.py took 0.055 seconds
[2025-06-01T17:22:14.943+0000] {processor.py:157} INFO - Started process (PID=2783) to work on /home/airflow/.local/lib/python3.8/site-packages/airflow/example_dags/tutorial.py
[2025-06-01T17:22:14.945+0000] {processor.py:829} INFO - Processing file /home/airflow/.local/lib/python3.8/site-packages/airflow/example_dags/tutorial.py for tasks to queue
[2025-06-01T17:22:14.945+0000] {logging_mixin.py:154} INFO - [2025-06-01T17:22:14.945+0000] {dagbag.py:536} INFO - Filling up the DagBag from /home/airflow/.local/lib/python3.8/site-packages/airflow/example_dags/tutorial.py
[2025-06-01T17:22:14.950+0000] {processor.py:839} INFO - DAG(s) dict_keys(['tutorial']) retrieved from /home/airflow/.local/lib/python3.8/site-packages/airflow/example_dags/tutorial.py
[2025-06-01T17:22:14.966+0000] {logging_mixin.py:154} INFO - [2025-06-01T17:22:14.966+0000] {dag.py:2941} INFO - Sync 1 DAGs
[2025-06-01T17:22:14.980+0000] {logging_mixin.py:154} INFO - [2025-06-01T17:22:14.980+0000] {dag.py:3722} INFO - Setting next_dagrun for tutorial to 2025-05-31T17:22:14.980260+00:00, run_after=2025-06-01T17:22:14.980260+00:00
[2025-06-01T17:22:14.993+0000] {processor.py:179} INFO - Processing /home/airflow/.local/lib/python3.8/site-packages/airflow/example_dags/tutorial.py took 0.054 seconds
[2025-06-01T17:22:48.177+0000] {processor.py:157} INFO - Started process (PID=2847) to work on /home/airflow/.local/lib/python3.8/site-packages/airflow/example_dags/tutorial.py
[2025-06-01T17:22:48.178+0000] {processor.py:829} INFO - Processing file /home/airflow/.local/lib/python3.8/site-packages/airflow/example_dags/tutorial.py for tasks to queue
[2025-06-01T17:22:48.179+0000] {logging_mixin.py:154} INFO - [2025-06-01T17:22:48.179+0000] {dagbag.py:536} INFO - Filling up the DagBag from /home/airflow/.local/lib/python3.8/site-packages/airflow/example_dags/tutorial.py
[2025-06-01T17:22:48.184+0000] {processor.py:839} INFO - DAG(s) dict_keys(['tutorial']) retrieved from /home/airflow/.local/lib/python3.8/site-packages/airflow/example_dags/tutorial.py
[2025-06-01T17:22:48.199+0000] {logging_mixin.py:154} INFO - [2025-06-01T17:22:48.199+0000] {dag.py:2941} INFO - Sync 1 DAGs
[2025-06-01T17:22:48.213+0000] {logging_mixin.py:154} INFO - [2025-06-01T17:22:48.213+0000] {dag.py:3722} INFO - Setting next_dagrun for tutorial to 2025-05-31T17:22:48.213204+00:00, run_after=2025-06-01T17:22:48.213204+00:00
[2025-06-01T17:22:48.225+0000] {processor.py:179} INFO - Processing /home/airflow/.local/lib/python3.8/site-packages/airflow/example_dags/tutorial.py took 0.050 seconds
[2025-06-01T17:23:21.583+0000] {processor.py:157} INFO - Started process (PID=2919) to work on /home/airflow/.local/lib/python3.8/site-packages/airflow/example_dags/tutorial.py
[2025-06-01T17:23:21.584+0000] {processor.py:829} INFO - Processing file /home/airflow/.local/lib/python3.8/site-packages/airflow/example_dags/tutorial.py for tasks to queue
[2025-06-01T17:23:21.585+0000] {logging_mixin.py:154} INFO - [2025-06-01T17:23:21.584+0000] {dagbag.py:536} INFO - Filling up the DagBag from /home/airflow/.local/lib/python3.8/site-packages/airflow/example_dags/tutorial.py
[2025-06-01T17:23:21.590+0000] {processor.py:839} INFO - DAG(s) dict_keys(['tutorial']) retrieved from /home/airflow/.local/lib/python3.8/site-packages/airflow/example_dags/tutorial.py
[2025-06-01T17:23:21.605+0000] {logging_mixin.py:154} INFO - [2025-06-01T17:23:21.605+0000] {dag.py:2941} INFO - Sync 1 DAGs
[2025-06-01T17:23:21.620+0000] {logging_mixin.py:154} INFO - [2025-06-01T17:23:21.620+0000] {dag.py:3722} INFO - Setting next_dagrun for tutorial to 2025-05-31T17:23:21.620452+00:00, run_after=2025-06-01T17:23:21.620452+00:00
[2025-06-01T17:23:21.633+0000] {processor.py:179} INFO - Processing /home/airflow/.local/lib/python3.8/site-packages/airflow/example_dags/tutorial.py took 0.053 seconds
[2025-06-01T17:23:54.848+0000] {processor.py:157} INFO - Started process (PID=2983) to work on /home/airflow/.local/lib/python3.8/site-packages/airflow/example_dags/tutorial.py
[2025-06-01T17:23:54.849+0000] {processor.py:829} INFO - Processing file /home/airflow/.local/lib/python3.8/site-packages/airflow/example_dags/tutorial.py for tasks to queue
[2025-06-01T17:23:54.849+0000] {logging_mixin.py:154} INFO - [2025-06-01T17:23:54.849+0000] {dagbag.py:536} INFO - Filling up the DagBag from /home/airflow/.local/lib/python3.8/site-packages/airflow/example_dags/tutorial.py
[2025-06-01T17:23:54.855+0000] {processor.py:839} INFO - DAG(s) dict_keys(['tutorial']) retrieved from /home/airflow/.local/lib/python3.8/site-packages/airflow/example_dags/tutorial.py
[2025-06-01T17:23:54.870+0000] {logging_mixin.py:154} INFO - [2025-06-01T17:23:54.870+0000] {dag.py:2941} INFO - Sync 1 DAGs
[2025-06-01T17:23:54.886+0000] {logging_mixin.py:154} INFO - [2025-06-01T17:23:54.886+0000] {dag.py:3722} INFO - Setting next_dagrun for tutorial to 2025-05-31T17:23:54.886232+00:00, run_after=2025-06-01T17:23:54.886232+00:00
[2025-06-01T17:23:54.899+0000] {processor.py:179} INFO - Processing /home/airflow/.local/lib/python3.8/site-packages/airflow/example_dags/tutorial.py took 0.054 seconds
[2025-06-01T17:24:28.265+0000] {processor.py:157} INFO - Started process (PID=3055) to work on /home/airflow/.local/lib/python3.8/site-packages/airflow/example_dags/tutorial.py
[2025-06-01T17:24:28.266+0000] {processor.py:829} INFO - Processing file /home/airflow/.local/lib/python3.8/site-packages/airflow/example_dags/tutorial.py for tasks to queue
[2025-06-01T17:24:28.267+0000] {logging_mixin.py:154} INFO - [2025-06-01T17:24:28.267+0000] {dagbag.py:536} INFO - Filling up the DagBag from /home/airflow/.local/lib/python3.8/site-packages/airflow/example_dags/tutorial.py
[2025-06-01T17:24:28.272+0000] {processor.py:839} INFO - DAG(s) dict_keys(['tutorial']) retrieved from /home/airflow/.local/lib/python3.8/site-packages/airflow/example_dags/tutorial.py
[2025-06-01T17:24:28.288+0000] {logging_mixin.py:154} INFO - [2025-06-01T17:24:28.287+0000] {dag.py:2941} INFO - Sync 1 DAGs
[2025-06-01T17:24:28.301+0000] {logging_mixin.py:154} INFO - [2025-06-01T17:24:28.301+0000] {dag.py:3722} INFO - Setting next_dagrun for tutorial to 2025-05-31T17:24:28.301124+00:00, run_after=2025-06-01T17:24:28.301124+00:00
[2025-06-01T17:24:28.314+0000] {processor.py:179} INFO - Processing /home/airflow/.local/lib/python3.8/site-packages/airflow/example_dags/tutorial.py took 0.051 seconds
[2025-06-01T17:25:00.797+0000] {processor.py:157} INFO - Started process (PID=3127) to work on /home/airflow/.local/lib/python3.8/site-packages/airflow/example_dags/tutorial.py
[2025-06-01T17:25:00.801+0000] {processor.py:829} INFO - Processing file /home/airflow/.local/lib/python3.8/site-packages/airflow/example_dags/tutorial.py for tasks to queue
[2025-06-01T17:25:00.802+0000] {logging_mixin.py:154} INFO - [2025-06-01T17:25:00.802+0000] {dagbag.py:536} INFO - Filling up the DagBag from /home/airflow/.local/lib/python3.8/site-packages/airflow/example_dags/tutorial.py
[2025-06-01T17:25:00.807+0000] {processor.py:839} INFO - DAG(s) dict_keys(['tutorial']) retrieved from /home/airflow/.local/lib/python3.8/site-packages/airflow/example_dags/tutorial.py
[2025-06-01T17:25:00.823+0000] {logging_mixin.py:154} INFO - [2025-06-01T17:25:00.823+0000] {dag.py:2941} INFO - Sync 1 DAGs
[2025-06-01T17:25:00.843+0000] {logging_mixin.py:154} INFO - [2025-06-01T17:25:00.842+0000] {dag.py:3722} INFO - Setting next_dagrun for tutorial to 2025-05-31T17:25:00.842668+00:00, run_after=2025-06-01T17:25:00.842668+00:00
[2025-06-01T17:25:00.858+0000] {processor.py:179} INFO - Processing /home/airflow/.local/lib/python3.8/site-packages/airflow/example_dags/tutorial.py took 0.063 seconds
[2025-06-01T17:25:34.073+0000] {processor.py:157} INFO - Started process (PID=3191) to work on /home/airflow/.local/lib/python3.8/site-packages/airflow/example_dags/tutorial.py
[2025-06-01T17:25:34.075+0000] {processor.py:829} INFO - Processing file /home/airflow/.local/lib/python3.8/site-packages/airflow/example_dags/tutorial.py for tasks to queue
[2025-06-01T17:25:34.075+0000] {logging_mixin.py:154} INFO - [2025-06-01T17:25:34.075+0000] {dagbag.py:536} INFO - Filling up the DagBag from /home/airflow/.local/lib/python3.8/site-packages/airflow/example_dags/tutorial.py
[2025-06-01T17:25:34.081+0000] {processor.py:839} INFO - DAG(s) dict_keys(['tutorial']) retrieved from /home/airflow/.local/lib/python3.8/site-packages/airflow/example_dags/tutorial.py
[2025-06-01T17:25:34.097+0000] {logging_mixin.py:154} INFO - [2025-06-01T17:25:34.097+0000] {dag.py:2941} INFO - Sync 1 DAGs
[2025-06-01T17:25:34.112+0000] {logging_mixin.py:154} INFO - [2025-06-01T17:25:34.112+0000] {dag.py:3722} INFO - Setting next_dagrun for tutorial to 2025-05-31T17:25:34.112629+00:00, run_after=2025-06-01T17:25:34.112629+00:00
[2025-06-01T17:25:34.125+0000] {processor.py:179} INFO - Processing /home/airflow/.local/lib/python3.8/site-packages/airflow/example_dags/tutorial.py took 0.054 seconds
[2025-06-01T17:26:07.350+0000] {processor.py:157} INFO - Started process (PID=3263) to work on /home/airflow/.local/lib/python3.8/site-packages/airflow/example_dags/tutorial.py
[2025-06-01T17:26:07.350+0000] {processor.py:829} INFO - Processing file /home/airflow/.local/lib/python3.8/site-packages/airflow/example_dags/tutorial.py for tasks to queue
[2025-06-01T17:26:07.351+0000] {logging_mixin.py:154} INFO - [2025-06-01T17:26:07.351+0000] {dagbag.py:536} INFO - Filling up the DagBag from /home/airflow/.local/lib/python3.8/site-packages/airflow/example_dags/tutorial.py
[2025-06-01T17:26:07.357+0000] {processor.py:839} INFO - DAG(s) dict_keys(['tutorial']) retrieved from /home/airflow/.local/lib/python3.8/site-packages/airflow/example_dags/tutorial.py
[2025-06-01T17:26:07.372+0000] {logging_mixin.py:154} INFO - [2025-06-01T17:26:07.372+0000] {dag.py:2941} INFO - Sync 1 DAGs
[2025-06-01T17:26:07.386+0000] {logging_mixin.py:154} INFO - [2025-06-01T17:26:07.386+0000] {dag.py:3722} INFO - Setting next_dagrun for tutorial to 2025-05-31T17:26:07.386453+00:00, run_after=2025-06-01T17:26:07.386453+00:00
[2025-06-01T17:26:07.399+0000] {processor.py:179} INFO - Processing /home/airflow/.local/lib/python3.8/site-packages/airflow/example_dags/tutorial.py took 0.053 seconds
[2025-06-01T17:26:40.750+0000] {processor.py:157} INFO - Started process (PID=3327) to work on /home/airflow/.local/lib/python3.8/site-packages/airflow/example_dags/tutorial.py
[2025-06-01T17:26:40.751+0000] {processor.py:829} INFO - Processing file /home/airflow/.local/lib/python3.8/site-packages/airflow/example_dags/tutorial.py for tasks to queue
[2025-06-01T17:26:40.751+0000] {logging_mixin.py:154} INFO - [2025-06-01T17:26:40.751+0000] {dagbag.py:536} INFO - Filling up the DagBag from /home/airflow/.local/lib/python3.8/site-packages/airflow/example_dags/tutorial.py
[2025-06-01T17:26:40.757+0000] {processor.py:839} INFO - DAG(s) dict_keys(['tutorial']) retrieved from /home/airflow/.local/lib/python3.8/site-packages/airflow/example_dags/tutorial.py
[2025-06-01T17:26:40.773+0000] {logging_mixin.py:154} INFO - [2025-06-01T17:26:40.773+0000] {dag.py:2941} INFO - Sync 1 DAGs
[2025-06-01T17:26:40.793+0000] {logging_mixin.py:154} INFO - [2025-06-01T17:26:40.792+0000] {dag.py:3722} INFO - Setting next_dagrun for tutorial to 2025-05-31T17:26:40.792680+00:00, run_after=2025-06-01T17:26:40.792680+00:00
[2025-06-01T17:26:40.812+0000] {processor.py:179} INFO - Processing /home/airflow/.local/lib/python3.8/site-packages/airflow/example_dags/tutorial.py took 0.065 seconds
[2025-06-01T17:27:14.192+0000] {processor.py:157} INFO - Started process (PID=3399) to work on /home/airflow/.local/lib/python3.8/site-packages/airflow/example_dags/tutorial.py
[2025-06-01T17:27:14.193+0000] {processor.py:829} INFO - Processing file /home/airflow/.local/lib/python3.8/site-packages/airflow/example_dags/tutorial.py for tasks to queue
[2025-06-01T17:27:14.194+0000] {logging_mixin.py:154} INFO - [2025-06-01T17:27:14.194+0000] {dagbag.py:536} INFO - Filling up the DagBag from /home/airflow/.local/lib/python3.8/site-packages/airflow/example_dags/tutorial.py
[2025-06-01T17:27:14.200+0000] {processor.py:839} INFO - DAG(s) dict_keys(['tutorial']) retrieved from /home/airflow/.local/lib/python3.8/site-packages/airflow/example_dags/tutorial.py
[2025-06-01T17:27:14.215+0000] {logging_mixin.py:154} INFO - [2025-06-01T17:27:14.215+0000] {dag.py:2941} INFO - Sync 1 DAGs
[2025-06-01T17:27:14.229+0000] {logging_mixin.py:154} INFO - [2025-06-01T17:27:14.229+0000] {dag.py:3722} INFO - Setting next_dagrun for tutorial to 2025-05-31T17:27:14.228884+00:00, run_after=2025-06-01T17:27:14.228884+00:00
[2025-06-01T17:27:14.241+0000] {processor.py:179} INFO - Processing /home/airflow/.local/lib/python3.8/site-packages/airflow/example_dags/tutorial.py took 0.051 seconds
[2025-06-01T17:27:47.516+0000] {processor.py:157} INFO - Started process (PID=3470) to work on /home/airflow/.local/lib/python3.8/site-packages/airflow/example_dags/tutorial.py
[2025-06-01T17:27:47.517+0000] {processor.py:829} INFO - Processing file /home/airflow/.local/lib/python3.8/site-packages/airflow/example_dags/tutorial.py for tasks to queue
[2025-06-01T17:27:47.517+0000] {logging_mixin.py:154} INFO - [2025-06-01T17:27:47.517+0000] {dagbag.py:536} INFO - Filling up the DagBag from /home/airflow/.local/lib/python3.8/site-packages/airflow/example_dags/tutorial.py
[2025-06-01T17:27:47.523+0000] {processor.py:839} INFO - DAG(s) dict_keys(['tutorial']) retrieved from /home/airflow/.local/lib/python3.8/site-packages/airflow/example_dags/tutorial.py
[2025-06-01T17:27:47.540+0000] {logging_mixin.py:154} INFO - [2025-06-01T17:27:47.540+0000] {dag.py:2941} INFO - Sync 1 DAGs
[2025-06-01T17:27:47.556+0000] {logging_mixin.py:154} INFO - [2025-06-01T17:27:47.555+0000] {dag.py:3722} INFO - Setting next_dagrun for tutorial to 2025-05-31T17:27:47.555692+00:00, run_after=2025-06-01T17:27:47.555692+00:00
[2025-06-01T17:27:47.569+0000] {processor.py:179} INFO - Processing /home/airflow/.local/lib/python3.8/site-packages/airflow/example_dags/tutorial.py took 0.056 seconds
[2025-06-01T17:28:20.958+0000] {processor.py:157} INFO - Started process (PID=3535) to work on /home/airflow/.local/lib/python3.8/site-packages/airflow/example_dags/tutorial.py
[2025-06-01T17:28:20.959+0000] {processor.py:829} INFO - Processing file /home/airflow/.local/lib/python3.8/site-packages/airflow/example_dags/tutorial.py for tasks to queue
[2025-06-01T17:28:20.960+0000] {logging_mixin.py:154} INFO - [2025-06-01T17:28:20.960+0000] {dagbag.py:536} INFO - Filling up the DagBag from /home/airflow/.local/lib/python3.8/site-packages/airflow/example_dags/tutorial.py
[2025-06-01T17:28:20.969+0000] {processor.py:839} INFO - DAG(s) dict_keys(['tutorial']) retrieved from /home/airflow/.local/lib/python3.8/site-packages/airflow/example_dags/tutorial.py
[2025-06-01T17:28:20.987+0000] {logging_mixin.py:154} INFO - [2025-06-01T17:28:20.986+0000] {dag.py:2941} INFO - Sync 1 DAGs
[2025-06-01T17:28:21.002+0000] {logging_mixin.py:154} INFO - [2025-06-01T17:28:21.002+0000] {dag.py:3722} INFO - Setting next_dagrun for tutorial to 2025-05-31T17:28:21.002484+00:00, run_after=2025-06-01T17:28:21.002484+00:00
[2025-06-01T17:28:21.015+0000] {processor.py:179} INFO - Processing /home/airflow/.local/lib/python3.8/site-packages/airflow/example_dags/tutorial.py took 0.060 seconds
[2025-06-01T17:28:53.535+0000] {processor.py:157} INFO - Started process (PID=3607) to work on /home/airflow/.local/lib/python3.8/site-packages/airflow/example_dags/tutorial.py
[2025-06-01T17:28:53.537+0000] {processor.py:829} INFO - Processing file /home/airflow/.local/lib/python3.8/site-packages/airflow/example_dags/tutorial.py for tasks to queue
[2025-06-01T17:28:53.537+0000] {logging_mixin.py:154} INFO - [2025-06-01T17:28:53.537+0000] {dagbag.py:536} INFO - Filling up the DagBag from /home/airflow/.local/lib/python3.8/site-packages/airflow/example_dags/tutorial.py
[2025-06-01T17:28:53.542+0000] {processor.py:839} INFO - DAG(s) dict_keys(['tutorial']) retrieved from /home/airflow/.local/lib/python3.8/site-packages/airflow/example_dags/tutorial.py
[2025-06-01T17:28:53.559+0000] {logging_mixin.py:154} INFO - [2025-06-01T17:28:53.559+0000] {dag.py:2941} INFO - Sync 1 DAGs
[2025-06-01T17:28:53.576+0000] {logging_mixin.py:154} INFO - [2025-06-01T17:28:53.576+0000] {dag.py:3722} INFO - Setting next_dagrun for tutorial to 2025-05-31T17:28:53.575904+00:00, run_after=2025-06-01T17:28:53.575904+00:00
[2025-06-01T17:28:53.591+0000] {processor.py:179} INFO - Processing /home/airflow/.local/lib/python3.8/site-packages/airflow/example_dags/tutorial.py took 0.059 seconds
