[2025-06-01T16:44:00.543+0000] {processor.py:153} INFO - Started process (PID=67) to work on /home/airflow/.local/lib/python3.7/site-packages/airflow/example_dags/tutorial_dag.py
[2025-06-01T16:44:00.544+0000] {processor.py:743} INFO - Processing file /home/airflow/.local/lib/python3.7/site-packages/airflow/example_dags/tutorial_dag.py for tasks to queue
[2025-06-01T16:44:00.544+0000] {logging_mixin.py:137} INFO - [2025-06-01T16:44:00.544+0000] {dagbag.py:538} INFO - Filling up the DagBag from /home/airflow/.local/lib/python3.7/site-packages/airflow/example_dags/tutorial_dag.py
[2025-06-01T16:44:00.558+0000] {processor.py:753} INFO - DAG(s) dict_keys(['tutorial_dag']) retrieved from /home/airflow/.local/lib/python3.7/site-packages/airflow/example_dags/tutorial_dag.py
[2025-06-01T16:44:00.585+0000] {logging_mixin.py:137} INFO - [2025-06-01T16:44:00.585+0000] {dag.py:2676} INFO - Sync 1 DAGs
[2025-06-01T16:44:00.611+0000] {logging_mixin.py:137} INFO - [2025-06-01T16:44:00.611+0000] {dag.py:3427} INFO - Setting next_dagrun for tutorial_dag to None, run_after=None
[2025-06-01T16:44:00.634+0000] {processor.py:175} INFO - Processing /home/airflow/.local/lib/python3.7/site-packages/airflow/example_dags/tutorial_dag.py took 0.093 seconds
[2025-06-01T16:44:33.773+0000] {processor.py:153} INFO - Started process (PID=126) to work on /home/airflow/.local/lib/python3.7/site-packages/airflow/example_dags/tutorial_dag.py
[2025-06-01T16:44:33.774+0000] {processor.py:743} INFO - Processing file /home/airflow/.local/lib/python3.7/site-packages/airflow/example_dags/tutorial_dag.py for tasks to queue
[2025-06-01T16:44:33.774+0000] {logging_mixin.py:137} INFO - [2025-06-01T16:44:33.774+0000] {dagbag.py:538} INFO - Filling up the DagBag from /home/airflow/.local/lib/python3.7/site-packages/airflow/example_dags/tutorial_dag.py
[2025-06-01T16:44:33.784+0000] {processor.py:753} INFO - DAG(s) dict_keys(['tutorial_dag']) retrieved from /home/airflow/.local/lib/python3.7/site-packages/airflow/example_dags/tutorial_dag.py
[2025-06-01T16:44:33.814+0000] {logging_mixin.py:137} INFO - [2025-06-01T16:44:33.813+0000] {dag.py:2676} INFO - Sync 1 DAGs
[2025-06-01T16:44:33.830+0000] {logging_mixin.py:137} INFO - [2025-06-01T16:44:33.830+0000] {dag.py:3427} INFO - Setting next_dagrun for tutorial_dag to None, run_after=None
[2025-06-01T16:44:33.844+0000] {processor.py:175} INFO - Processing /home/airflow/.local/lib/python3.7/site-packages/airflow/example_dags/tutorial_dag.py took 0.074 seconds
[2025-06-01T16:45:07.342+0000] {processor.py:153} INFO - Started process (PID=185) to work on /home/airflow/.local/lib/python3.7/site-packages/airflow/example_dags/tutorial_dag.py
[2025-06-01T16:45:07.343+0000] {processor.py:743} INFO - Processing file /home/airflow/.local/lib/python3.7/site-packages/airflow/example_dags/tutorial_dag.py for tasks to queue
[2025-06-01T16:45:07.344+0000] {logging_mixin.py:137} INFO - [2025-06-01T16:45:07.343+0000] {dagbag.py:538} INFO - Filling up the DagBag from /home/airflow/.local/lib/python3.7/site-packages/airflow/example_dags/tutorial_dag.py
[2025-06-01T16:45:07.354+0000] {processor.py:753} INFO - DAG(s) dict_keys(['tutorial_dag']) retrieved from /home/airflow/.local/lib/python3.7/site-packages/airflow/example_dags/tutorial_dag.py
[2025-06-01T16:45:07.384+0000] {logging_mixin.py:137} INFO - [2025-06-01T16:45:07.384+0000] {dag.py:2676} INFO - Sync 1 DAGs
[2025-06-01T16:45:07.401+0000] {logging_mixin.py:137} INFO - [2025-06-01T16:45:07.401+0000] {dag.py:3427} INFO - Setting next_dagrun for tutorial_dag to None, run_after=None
[2025-06-01T16:45:07.416+0000] {processor.py:175} INFO - Processing /home/airflow/.local/lib/python3.7/site-packages/airflow/example_dags/tutorial_dag.py took 0.076 seconds
[2025-06-01T16:45:40.716+0000] {processor.py:153} INFO - Started process (PID=244) to work on /home/airflow/.local/lib/python3.7/site-packages/airflow/example_dags/tutorial_dag.py
[2025-06-01T16:45:40.718+0000] {processor.py:743} INFO - Processing file /home/airflow/.local/lib/python3.7/site-packages/airflow/example_dags/tutorial_dag.py for tasks to queue
[2025-06-01T16:45:40.718+0000] {logging_mixin.py:137} INFO - [2025-06-01T16:45:40.718+0000] {dagbag.py:538} INFO - Filling up the DagBag from /home/airflow/.local/lib/python3.7/site-packages/airflow/example_dags/tutorial_dag.py
[2025-06-01T16:45:40.728+0000] {processor.py:753} INFO - DAG(s) dict_keys(['tutorial_dag']) retrieved from /home/airflow/.local/lib/python3.7/site-packages/airflow/example_dags/tutorial_dag.py
[2025-06-01T16:45:40.756+0000] {logging_mixin.py:137} INFO - [2025-06-01T16:45:40.756+0000] {dag.py:2676} INFO - Sync 1 DAGs
[2025-06-01T16:45:40.772+0000] {logging_mixin.py:137} INFO - [2025-06-01T16:45:40.772+0000] {dag.py:3427} INFO - Setting next_dagrun for tutorial_dag to None, run_after=None
[2025-06-01T16:45:40.786+0000] {processor.py:175} INFO - Processing /home/airflow/.local/lib/python3.7/site-packages/airflow/example_dags/tutorial_dag.py took 0.071 seconds
[2025-06-01T16:46:14.062+0000] {processor.py:153} INFO - Started process (PID=303) to work on /home/airflow/.local/lib/python3.7/site-packages/airflow/example_dags/tutorial_dag.py
[2025-06-01T16:46:14.063+0000] {processor.py:743} INFO - Processing file /home/airflow/.local/lib/python3.7/site-packages/airflow/example_dags/tutorial_dag.py for tasks to queue
[2025-06-01T16:46:14.064+0000] {logging_mixin.py:137} INFO - [2025-06-01T16:46:14.064+0000] {dagbag.py:538} INFO - Filling up the DagBag from /home/airflow/.local/lib/python3.7/site-packages/airflow/example_dags/tutorial_dag.py
[2025-06-01T16:46:14.074+0000] {processor.py:753} INFO - DAG(s) dict_keys(['tutorial_dag']) retrieved from /home/airflow/.local/lib/python3.7/site-packages/airflow/example_dags/tutorial_dag.py
[2025-06-01T16:46:14.101+0000] {logging_mixin.py:137} INFO - [2025-06-01T16:46:14.101+0000] {dag.py:2676} INFO - Sync 1 DAGs
[2025-06-01T16:46:14.120+0000] {logging_mixin.py:137} INFO - [2025-06-01T16:46:14.120+0000] {dag.py:3427} INFO - Setting next_dagrun for tutorial_dag to None, run_after=None
[2025-06-01T16:46:14.134+0000] {processor.py:175} INFO - Processing /home/airflow/.local/lib/python3.7/site-packages/airflow/example_dags/tutorial_dag.py took 0.074 seconds
[2025-06-01T16:46:46.285+0000] {processor.py:153} INFO - Started process (PID=362) to work on /home/airflow/.local/lib/python3.7/site-packages/airflow/example_dags/tutorial_dag.py
[2025-06-01T16:46:46.286+0000] {processor.py:743} INFO - Processing file /home/airflow/.local/lib/python3.7/site-packages/airflow/example_dags/tutorial_dag.py for tasks to queue
[2025-06-01T16:46:46.287+0000] {logging_mixin.py:137} INFO - [2025-06-01T16:46:46.287+0000] {dagbag.py:538} INFO - Filling up the DagBag from /home/airflow/.local/lib/python3.7/site-packages/airflow/example_dags/tutorial_dag.py
[2025-06-01T16:46:46.297+0000] {processor.py:753} INFO - DAG(s) dict_keys(['tutorial_dag']) retrieved from /home/airflow/.local/lib/python3.7/site-packages/airflow/example_dags/tutorial_dag.py
[2025-06-01T16:46:46.325+0000] {logging_mixin.py:137} INFO - [2025-06-01T16:46:46.325+0000] {dag.py:2676} INFO - Sync 1 DAGs
[2025-06-01T16:46:46.341+0000] {logging_mixin.py:137} INFO - [2025-06-01T16:46:46.341+0000] {dag.py:3427} INFO - Setting next_dagrun for tutorial_dag to None, run_after=None
[2025-06-01T16:46:46.354+0000] {processor.py:175} INFO - Processing /home/airflow/.local/lib/python3.7/site-packages/airflow/example_dags/tutorial_dag.py took 0.072 seconds
[2025-06-01T16:47:19.799+0000] {processor.py:153} INFO - Started process (PID=421) to work on /home/airflow/.local/lib/python3.7/site-packages/airflow/example_dags/tutorial_dag.py
[2025-06-01T16:47:19.800+0000] {processor.py:743} INFO - Processing file /home/airflow/.local/lib/python3.7/site-packages/airflow/example_dags/tutorial_dag.py for tasks to queue
[2025-06-01T16:47:19.800+0000] {logging_mixin.py:137} INFO - [2025-06-01T16:47:19.800+0000] {dagbag.py:538} INFO - Filling up the DagBag from /home/airflow/.local/lib/python3.7/site-packages/airflow/example_dags/tutorial_dag.py
[2025-06-01T16:47:19.810+0000] {processor.py:753} INFO - DAG(s) dict_keys(['tutorial_dag']) retrieved from /home/airflow/.local/lib/python3.7/site-packages/airflow/example_dags/tutorial_dag.py
[2025-06-01T16:47:19.839+0000] {logging_mixin.py:137} INFO - [2025-06-01T16:47:19.839+0000] {dag.py:2676} INFO - Sync 1 DAGs
[2025-06-01T16:47:19.855+0000] {logging_mixin.py:137} INFO - [2025-06-01T16:47:19.855+0000] {dag.py:3427} INFO - Setting next_dagrun for tutorial_dag to None, run_after=None
[2025-06-01T16:47:19.868+0000] {processor.py:175} INFO - Processing /home/airflow/.local/lib/python3.7/site-packages/airflow/example_dags/tutorial_dag.py took 0.072 seconds
[2025-06-01T16:51:59.743+0000] {processor.py:157} INFO - Started process (PID=76) to work on /home/airflow/.local/lib/python3.8/site-packages/airflow/example_dags/tutorial_dag.py
[2025-06-01T16:51:59.744+0000] {processor.py:829} INFO - Processing file /home/airflow/.local/lib/python3.8/site-packages/airflow/example_dags/tutorial_dag.py for tasks to queue
[2025-06-01T16:51:59.745+0000] {logging_mixin.py:154} INFO - [2025-06-01T16:51:59.745+0000] {dagbag.py:536} INFO - Filling up the DagBag from /home/airflow/.local/lib/python3.8/site-packages/airflow/example_dags/tutorial_dag.py
[2025-06-01T16:51:59.750+0000] {processor.py:839} INFO - DAG(s) dict_keys(['tutorial_dag']) retrieved from /home/airflow/.local/lib/python3.8/site-packages/airflow/example_dags/tutorial_dag.py
[2025-06-01T16:51:59.763+0000] {logging_mixin.py:154} INFO - [2025-06-01T16:51:59.762+0000] {dag.py:2941} INFO - Sync 1 DAGs
[2025-06-01T16:51:59.774+0000] {logging_mixin.py:154} INFO - [2025-06-01T16:51:59.774+0000] {dag.py:3722} INFO - Setting next_dagrun for tutorial_dag to None, run_after=None
[2025-06-01T16:51:59.795+0000] {processor.py:179} INFO - Processing /home/airflow/.local/lib/python3.8/site-packages/airflow/example_dags/tutorial_dag.py took 0.056 seconds
[2025-06-01T16:52:30.066+0000] {processor.py:157} INFO - Started process (PID=137) to work on /home/airflow/.local/lib/python3.8/site-packages/airflow/example_dags/tutorial_dag.py
[2025-06-01T16:52:30.067+0000] {processor.py:829} INFO - Processing file /home/airflow/.local/lib/python3.8/site-packages/airflow/example_dags/tutorial_dag.py for tasks to queue
[2025-06-01T16:52:30.069+0000] {logging_mixin.py:154} INFO - [2025-06-01T16:52:30.069+0000] {dagbag.py:536} INFO - Filling up the DagBag from /home/airflow/.local/lib/python3.8/site-packages/airflow/example_dags/tutorial_dag.py
[2025-06-01T16:52:30.073+0000] {processor.py:839} INFO - DAG(s) dict_keys(['tutorial_dag']) retrieved from /home/airflow/.local/lib/python3.8/site-packages/airflow/example_dags/tutorial_dag.py
[2025-06-01T16:52:30.088+0000] {logging_mixin.py:154} INFO - [2025-06-01T16:52:30.087+0000] {dag.py:2941} INFO - Sync 1 DAGs
[2025-06-01T16:52:30.096+0000] {logging_mixin.py:154} INFO - [2025-06-01T16:52:30.096+0000] {dag.py:3722} INFO - Setting next_dagrun for tutorial_dag to None, run_after=None
[2025-06-01T16:52:30.109+0000] {processor.py:179} INFO - Processing /home/airflow/.local/lib/python3.8/site-packages/airflow/example_dags/tutorial_dag.py took 0.045 seconds
[2025-06-01T16:53:00.459+0000] {processor.py:157} INFO - Started process (PID=221) to work on /home/airflow/.local/lib/python3.8/site-packages/airflow/example_dags/tutorial_dag.py
[2025-06-01T16:53:00.460+0000] {processor.py:829} INFO - Processing file /home/airflow/.local/lib/python3.8/site-packages/airflow/example_dags/tutorial_dag.py for tasks to queue
[2025-06-01T16:53:00.462+0000] {logging_mixin.py:154} INFO - [2025-06-01T16:53:00.461+0000] {dagbag.py:536} INFO - Filling up the DagBag from /home/airflow/.local/lib/python3.8/site-packages/airflow/example_dags/tutorial_dag.py
[2025-06-01T16:53:00.466+0000] {processor.py:839} INFO - DAG(s) dict_keys(['tutorial_dag']) retrieved from /home/airflow/.local/lib/python3.8/site-packages/airflow/example_dags/tutorial_dag.py
[2025-06-01T16:53:00.483+0000] {logging_mixin.py:154} INFO - [2025-06-01T16:53:00.482+0000] {dag.py:2941} INFO - Sync 1 DAGs
[2025-06-01T16:53:00.492+0000] {logging_mixin.py:154} INFO - [2025-06-01T16:53:00.492+0000] {dag.py:3722} INFO - Setting next_dagrun for tutorial_dag to None, run_after=None
[2025-06-01T16:53:00.505+0000] {processor.py:179} INFO - Processing /home/airflow/.local/lib/python3.8/site-packages/airflow/example_dags/tutorial_dag.py took 0.049 seconds
[2025-06-01T16:53:30.581+0000] {processor.py:157} INFO - Started process (PID=289) to work on /home/airflow/.local/lib/python3.8/site-packages/airflow/example_dags/tutorial_dag.py
[2025-06-01T16:53:30.582+0000] {processor.py:829} INFO - Processing file /home/airflow/.local/lib/python3.8/site-packages/airflow/example_dags/tutorial_dag.py for tasks to queue
[2025-06-01T16:53:30.584+0000] {logging_mixin.py:154} INFO - [2025-06-01T16:53:30.584+0000] {dagbag.py:536} INFO - Filling up the DagBag from /home/airflow/.local/lib/python3.8/site-packages/airflow/example_dags/tutorial_dag.py
[2025-06-01T16:53:30.588+0000] {processor.py:839} INFO - DAG(s) dict_keys(['tutorial_dag']) retrieved from /home/airflow/.local/lib/python3.8/site-packages/airflow/example_dags/tutorial_dag.py
[2025-06-01T16:53:30.604+0000] {logging_mixin.py:154} INFO - [2025-06-01T16:53:30.604+0000] {dag.py:2941} INFO - Sync 1 DAGs
[2025-06-01T16:53:30.614+0000] {logging_mixin.py:154} INFO - [2025-06-01T16:53:30.614+0000] {dag.py:3722} INFO - Setting next_dagrun for tutorial_dag to None, run_after=None
[2025-06-01T16:53:30.626+0000] {processor.py:179} INFO - Processing /home/airflow/.local/lib/python3.8/site-packages/airflow/example_dags/tutorial_dag.py took 0.048 seconds
[2025-06-01T16:54:01.135+0000] {processor.py:157} INFO - Started process (PID=350) to work on /home/airflow/.local/lib/python3.8/site-packages/airflow/example_dags/tutorial_dag.py
[2025-06-01T16:54:01.136+0000] {processor.py:829} INFO - Processing file /home/airflow/.local/lib/python3.8/site-packages/airflow/example_dags/tutorial_dag.py for tasks to queue
[2025-06-01T16:54:01.137+0000] {logging_mixin.py:154} INFO - [2025-06-01T16:54:01.137+0000] {dagbag.py:536} INFO - Filling up the DagBag from /home/airflow/.local/lib/python3.8/site-packages/airflow/example_dags/tutorial_dag.py
[2025-06-01T16:54:01.142+0000] {processor.py:839} INFO - DAG(s) dict_keys(['tutorial_dag']) retrieved from /home/airflow/.local/lib/python3.8/site-packages/airflow/example_dags/tutorial_dag.py
[2025-06-01T16:54:01.158+0000] {logging_mixin.py:154} INFO - [2025-06-01T16:54:01.158+0000] {dag.py:2941} INFO - Sync 1 DAGs
[2025-06-01T16:54:01.167+0000] {logging_mixin.py:154} INFO - [2025-06-01T16:54:01.167+0000] {dag.py:3722} INFO - Setting next_dagrun for tutorial_dag to None, run_after=None
[2025-06-01T16:54:01.182+0000] {processor.py:179} INFO - Processing /home/airflow/.local/lib/python3.8/site-packages/airflow/example_dags/tutorial_dag.py took 0.050 seconds
[2025-06-01T16:54:31.889+0000] {processor.py:157} INFO - Started process (PID=418) to work on /home/airflow/.local/lib/python3.8/site-packages/airflow/example_dags/tutorial_dag.py
[2025-06-01T16:54:31.890+0000] {processor.py:829} INFO - Processing file /home/airflow/.local/lib/python3.8/site-packages/airflow/example_dags/tutorial_dag.py for tasks to queue
[2025-06-01T16:54:31.892+0000] {logging_mixin.py:154} INFO - [2025-06-01T16:54:31.891+0000] {dagbag.py:536} INFO - Filling up the DagBag from /home/airflow/.local/lib/python3.8/site-packages/airflow/example_dags/tutorial_dag.py
[2025-06-01T16:54:31.896+0000] {processor.py:839} INFO - DAG(s) dict_keys(['tutorial_dag']) retrieved from /home/airflow/.local/lib/python3.8/site-packages/airflow/example_dags/tutorial_dag.py
[2025-06-01T16:54:31.911+0000] {logging_mixin.py:154} INFO - [2025-06-01T16:54:31.911+0000] {dag.py:2941} INFO - Sync 1 DAGs
[2025-06-01T16:54:31.920+0000] {logging_mixin.py:154} INFO - [2025-06-01T16:54:31.919+0000] {dag.py:3722} INFO - Setting next_dagrun for tutorial_dag to None, run_after=None
[2025-06-01T16:54:31.931+0000] {processor.py:179} INFO - Processing /home/airflow/.local/lib/python3.8/site-packages/airflow/example_dags/tutorial_dag.py took 0.045 seconds
[2025-06-01T16:55:04.990+0000] {processor.py:157} INFO - Started process (PID=486) to work on /home/airflow/.local/lib/python3.8/site-packages/airflow/example_dags/tutorial_dag.py
[2025-06-01T16:55:04.991+0000] {processor.py:829} INFO - Processing file /home/airflow/.local/lib/python3.8/site-packages/airflow/example_dags/tutorial_dag.py for tasks to queue
[2025-06-01T16:55:04.992+0000] {logging_mixin.py:154} INFO - [2025-06-01T16:55:04.992+0000] {dagbag.py:536} INFO - Filling up the DagBag from /home/airflow/.local/lib/python3.8/site-packages/airflow/example_dags/tutorial_dag.py
[2025-06-01T16:55:04.996+0000] {processor.py:839} INFO - DAG(s) dict_keys(['tutorial_dag']) retrieved from /home/airflow/.local/lib/python3.8/site-packages/airflow/example_dags/tutorial_dag.py
[2025-06-01T16:55:05.013+0000] {logging_mixin.py:154} INFO - [2025-06-01T16:55:05.013+0000] {dag.py:2941} INFO - Sync 1 DAGs
[2025-06-01T16:55:05.022+0000] {logging_mixin.py:154} INFO - [2025-06-01T16:55:05.022+0000] {dag.py:3722} INFO - Setting next_dagrun for tutorial_dag to None, run_after=None
[2025-06-01T16:55:05.035+0000] {processor.py:179} INFO - Processing /home/airflow/.local/lib/python3.8/site-packages/airflow/example_dags/tutorial_dag.py took 0.048 seconds
[2025-06-01T16:55:38.085+0000] {processor.py:157} INFO - Started process (PID=554) to work on /home/airflow/.local/lib/python3.8/site-packages/airflow/example_dags/tutorial_dag.py
[2025-06-01T16:55:38.086+0000] {processor.py:829} INFO - Processing file /home/airflow/.local/lib/python3.8/site-packages/airflow/example_dags/tutorial_dag.py for tasks to queue
[2025-06-01T16:55:38.088+0000] {logging_mixin.py:154} INFO - [2025-06-01T16:55:38.087+0000] {dagbag.py:536} INFO - Filling up the DagBag from /home/airflow/.local/lib/python3.8/site-packages/airflow/example_dags/tutorial_dag.py
[2025-06-01T16:55:38.092+0000] {processor.py:839} INFO - DAG(s) dict_keys(['tutorial_dag']) retrieved from /home/airflow/.local/lib/python3.8/site-packages/airflow/example_dags/tutorial_dag.py
[2025-06-01T16:55:38.108+0000] {logging_mixin.py:154} INFO - [2025-06-01T16:55:38.108+0000] {dag.py:2941} INFO - Sync 1 DAGs
[2025-06-01T16:55:38.119+0000] {logging_mixin.py:154} INFO - [2025-06-01T16:55:38.119+0000] {dag.py:3722} INFO - Setting next_dagrun for tutorial_dag to None, run_after=None
[2025-06-01T16:55:38.131+0000] {processor.py:179} INFO - Processing /home/airflow/.local/lib/python3.8/site-packages/airflow/example_dags/tutorial_dag.py took 0.050 seconds
[2025-06-01T16:56:11.405+0000] {processor.py:157} INFO - Started process (PID=622) to work on /home/airflow/.local/lib/python3.8/site-packages/airflow/example_dags/tutorial_dag.py
[2025-06-01T16:56:11.406+0000] {processor.py:829} INFO - Processing file /home/airflow/.local/lib/python3.8/site-packages/airflow/example_dags/tutorial_dag.py for tasks to queue
[2025-06-01T16:56:11.408+0000] {logging_mixin.py:154} INFO - [2025-06-01T16:56:11.408+0000] {dagbag.py:536} INFO - Filling up the DagBag from /home/airflow/.local/lib/python3.8/site-packages/airflow/example_dags/tutorial_dag.py
[2025-06-01T16:56:11.412+0000] {processor.py:839} INFO - DAG(s) dict_keys(['tutorial_dag']) retrieved from /home/airflow/.local/lib/python3.8/site-packages/airflow/example_dags/tutorial_dag.py
[2025-06-01T16:56:11.428+0000] {logging_mixin.py:154} INFO - [2025-06-01T16:56:11.428+0000] {dag.py:2941} INFO - Sync 1 DAGs
[2025-06-01T16:56:11.437+0000] {logging_mixin.py:154} INFO - [2025-06-01T16:56:11.437+0000] {dag.py:3722} INFO - Setting next_dagrun for tutorial_dag to None, run_after=None
[2025-06-01T16:56:11.451+0000] {processor.py:179} INFO - Processing /home/airflow/.local/lib/python3.8/site-packages/airflow/example_dags/tutorial_dag.py took 0.048 seconds
[2025-06-01T16:56:44.955+0000] {processor.py:157} INFO - Started process (PID=690) to work on /home/airflow/.local/lib/python3.8/site-packages/airflow/example_dags/tutorial_dag.py
[2025-06-01T16:56:44.956+0000] {processor.py:829} INFO - Processing file /home/airflow/.local/lib/python3.8/site-packages/airflow/example_dags/tutorial_dag.py for tasks to queue
[2025-06-01T16:56:44.958+0000] {logging_mixin.py:154} INFO - [2025-06-01T16:56:44.958+0000] {dagbag.py:536} INFO - Filling up the DagBag from /home/airflow/.local/lib/python3.8/site-packages/airflow/example_dags/tutorial_dag.py
[2025-06-01T16:56:44.962+0000] {processor.py:839} INFO - DAG(s) dict_keys(['tutorial_dag']) retrieved from /home/airflow/.local/lib/python3.8/site-packages/airflow/example_dags/tutorial_dag.py
[2025-06-01T16:56:44.977+0000] {logging_mixin.py:154} INFO - [2025-06-01T16:56:44.977+0000] {dag.py:2941} INFO - Sync 1 DAGs
[2025-06-01T16:56:44.985+0000] {logging_mixin.py:154} INFO - [2025-06-01T16:56:44.985+0000] {dag.py:3722} INFO - Setting next_dagrun for tutorial_dag to None, run_after=None
[2025-06-01T16:56:44.998+0000] {processor.py:179} INFO - Processing /home/airflow/.local/lib/python3.8/site-packages/airflow/example_dags/tutorial_dag.py took 0.045 seconds
[2025-06-01T16:57:18.047+0000] {processor.py:157} INFO - Started process (PID=758) to work on /home/airflow/.local/lib/python3.8/site-packages/airflow/example_dags/tutorial_dag.py
[2025-06-01T16:57:18.049+0000] {processor.py:829} INFO - Processing file /home/airflow/.local/lib/python3.8/site-packages/airflow/example_dags/tutorial_dag.py for tasks to queue
[2025-06-01T16:57:18.051+0000] {logging_mixin.py:154} INFO - [2025-06-01T16:57:18.050+0000] {dagbag.py:536} INFO - Filling up the DagBag from /home/airflow/.local/lib/python3.8/site-packages/airflow/example_dags/tutorial_dag.py
[2025-06-01T16:57:18.055+0000] {processor.py:839} INFO - DAG(s) dict_keys(['tutorial_dag']) retrieved from /home/airflow/.local/lib/python3.8/site-packages/airflow/example_dags/tutorial_dag.py
[2025-06-01T16:57:18.073+0000] {logging_mixin.py:154} INFO - [2025-06-01T16:57:18.072+0000] {dag.py:2941} INFO - Sync 1 DAGs
[2025-06-01T16:57:18.083+0000] {logging_mixin.py:154} INFO - [2025-06-01T16:57:18.082+0000] {dag.py:3722} INFO - Setting next_dagrun for tutorial_dag to None, run_after=None
[2025-06-01T16:57:18.109+0000] {processor.py:179} INFO - Processing /home/airflow/.local/lib/python3.8/site-packages/airflow/example_dags/tutorial_dag.py took 0.065 seconds
[2025-06-01T16:57:51.330+0000] {processor.py:157} INFO - Started process (PID=826) to work on /home/airflow/.local/lib/python3.8/site-packages/airflow/example_dags/tutorial_dag.py
[2025-06-01T16:57:51.330+0000] {processor.py:829} INFO - Processing file /home/airflow/.local/lib/python3.8/site-packages/airflow/example_dags/tutorial_dag.py for tasks to queue
[2025-06-01T16:57:51.332+0000] {logging_mixin.py:154} INFO - [2025-06-01T16:57:51.332+0000] {dagbag.py:536} INFO - Filling up the DagBag from /home/airflow/.local/lib/python3.8/site-packages/airflow/example_dags/tutorial_dag.py
[2025-06-01T16:57:51.336+0000] {processor.py:839} INFO - DAG(s) dict_keys(['tutorial_dag']) retrieved from /home/airflow/.local/lib/python3.8/site-packages/airflow/example_dags/tutorial_dag.py
[2025-06-01T16:57:51.353+0000] {logging_mixin.py:154} INFO - [2025-06-01T16:57:51.353+0000] {dag.py:2941} INFO - Sync 1 DAGs
[2025-06-01T16:57:51.362+0000] {logging_mixin.py:154} INFO - [2025-06-01T16:57:51.362+0000] {dag.py:3722} INFO - Setting next_dagrun for tutorial_dag to None, run_after=None
[2025-06-01T16:57:51.373+0000] {processor.py:179} INFO - Processing /home/airflow/.local/lib/python3.8/site-packages/airflow/example_dags/tutorial_dag.py took 0.047 seconds
[2025-06-01T16:58:24.468+0000] {processor.py:157} INFO - Started process (PID=895) to work on /home/airflow/.local/lib/python3.8/site-packages/airflow/example_dags/tutorial_dag.py
[2025-06-01T16:58:24.470+0000] {processor.py:829} INFO - Processing file /home/airflow/.local/lib/python3.8/site-packages/airflow/example_dags/tutorial_dag.py for tasks to queue
[2025-06-01T16:58:24.471+0000] {logging_mixin.py:154} INFO - [2025-06-01T16:58:24.471+0000] {dagbag.py:536} INFO - Filling up the DagBag from /home/airflow/.local/lib/python3.8/site-packages/airflow/example_dags/tutorial_dag.py
[2025-06-01T16:58:24.475+0000] {processor.py:839} INFO - DAG(s) dict_keys(['tutorial_dag']) retrieved from /home/airflow/.local/lib/python3.8/site-packages/airflow/example_dags/tutorial_dag.py
[2025-06-01T16:58:24.492+0000] {logging_mixin.py:154} INFO - [2025-06-01T16:58:24.492+0000] {dag.py:2941} INFO - Sync 1 DAGs
[2025-06-01T16:58:24.500+0000] {logging_mixin.py:154} INFO - [2025-06-01T16:58:24.500+0000] {dag.py:3722} INFO - Setting next_dagrun for tutorial_dag to None, run_after=None
[2025-06-01T16:58:24.512+0000] {processor.py:179} INFO - Processing /home/airflow/.local/lib/python3.8/site-packages/airflow/example_dags/tutorial_dag.py took 0.046 seconds
[2025-06-01T16:58:57.645+0000] {processor.py:157} INFO - Started process (PID=963) to work on /home/airflow/.local/lib/python3.8/site-packages/airflow/example_dags/tutorial_dag.py
[2025-06-01T16:58:57.645+0000] {processor.py:829} INFO - Processing file /home/airflow/.local/lib/python3.8/site-packages/airflow/example_dags/tutorial_dag.py for tasks to queue
[2025-06-01T16:58:57.647+0000] {logging_mixin.py:154} INFO - [2025-06-01T16:58:57.647+0000] {dagbag.py:536} INFO - Filling up the DagBag from /home/airflow/.local/lib/python3.8/site-packages/airflow/example_dags/tutorial_dag.py
[2025-06-01T16:58:57.652+0000] {processor.py:839} INFO - DAG(s) dict_keys(['tutorial_dag']) retrieved from /home/airflow/.local/lib/python3.8/site-packages/airflow/example_dags/tutorial_dag.py
[2025-06-01T16:58:57.670+0000] {logging_mixin.py:154} INFO - [2025-06-01T16:58:57.670+0000] {dag.py:2941} INFO - Sync 1 DAGs
[2025-06-01T16:58:57.680+0000] {logging_mixin.py:154} INFO - [2025-06-01T16:58:57.680+0000] {dag.py:3722} INFO - Setting next_dagrun for tutorial_dag to None, run_after=None
[2025-06-01T16:58:57.694+0000] {processor.py:179} INFO - Processing /home/airflow/.local/lib/python3.8/site-packages/airflow/example_dags/tutorial_dag.py took 0.053 seconds
[2025-06-01T16:59:31.301+0000] {processor.py:157} INFO - Started process (PID=1031) to work on /home/airflow/.local/lib/python3.8/site-packages/airflow/example_dags/tutorial_dag.py
[2025-06-01T16:59:31.303+0000] {processor.py:829} INFO - Processing file /home/airflow/.local/lib/python3.8/site-packages/airflow/example_dags/tutorial_dag.py for tasks to queue
[2025-06-01T16:59:31.304+0000] {logging_mixin.py:154} INFO - [2025-06-01T16:59:31.304+0000] {dagbag.py:536} INFO - Filling up the DagBag from /home/airflow/.local/lib/python3.8/site-packages/airflow/example_dags/tutorial_dag.py
[2025-06-01T16:59:31.309+0000] {processor.py:839} INFO - DAG(s) dict_keys(['tutorial_dag']) retrieved from /home/airflow/.local/lib/python3.8/site-packages/airflow/example_dags/tutorial_dag.py
[2025-06-01T16:59:31.328+0000] {logging_mixin.py:154} INFO - [2025-06-01T16:59:31.327+0000] {dag.py:2941} INFO - Sync 1 DAGs
[2025-06-01T16:59:31.339+0000] {logging_mixin.py:154} INFO - [2025-06-01T16:59:31.339+0000] {dag.py:3722} INFO - Setting next_dagrun for tutorial_dag to None, run_after=None
[2025-06-01T16:59:31.354+0000] {processor.py:179} INFO - Processing /home/airflow/.local/lib/python3.8/site-packages/airflow/example_dags/tutorial_dag.py took 0.056 seconds
[2025-06-01T17:00:38.356+0000] {processor.py:157} INFO - Started process (PID=72) to work on /home/airflow/.local/lib/python3.8/site-packages/airflow/example_dags/tutorial_dag.py
[2025-06-01T17:00:38.357+0000] {processor.py:829} INFO - Processing file /home/airflow/.local/lib/python3.8/site-packages/airflow/example_dags/tutorial_dag.py for tasks to queue
[2025-06-01T17:00:38.359+0000] {logging_mixin.py:154} INFO - [2025-06-01T17:00:38.359+0000] {dagbag.py:536} INFO - Filling up the DagBag from /home/airflow/.local/lib/python3.8/site-packages/airflow/example_dags/tutorial_dag.py
[2025-06-01T17:00:38.365+0000] {processor.py:839} INFO - DAG(s) dict_keys(['tutorial_dag']) retrieved from /home/airflow/.local/lib/python3.8/site-packages/airflow/example_dags/tutorial_dag.py
[2025-06-01T17:00:38.378+0000] {logging_mixin.py:154} INFO - [2025-06-01T17:00:38.377+0000] {dag.py:2941} INFO - Sync 1 DAGs
[2025-06-01T17:00:38.390+0000] {logging_mixin.py:154} INFO - [2025-06-01T17:00:38.390+0000] {dag.py:3722} INFO - Setting next_dagrun for tutorial_dag to None, run_after=None
[2025-06-01T17:00:38.408+0000] {processor.py:179} INFO - Processing /home/airflow/.local/lib/python3.8/site-packages/airflow/example_dags/tutorial_dag.py took 0.055 seconds
[2025-06-01T17:01:10.934+0000] {processor.py:157} INFO - Started process (PID=135) to work on /home/airflow/.local/lib/python3.8/site-packages/airflow/example_dags/tutorial_dag.py
[2025-06-01T17:01:10.936+0000] {processor.py:829} INFO - Processing file /home/airflow/.local/lib/python3.8/site-packages/airflow/example_dags/tutorial_dag.py for tasks to queue
[2025-06-01T17:01:10.938+0000] {logging_mixin.py:154} INFO - [2025-06-01T17:01:10.938+0000] {dagbag.py:536} INFO - Filling up the DagBag from /home/airflow/.local/lib/python3.8/site-packages/airflow/example_dags/tutorial_dag.py
[2025-06-01T17:01:10.942+0000] {processor.py:839} INFO - DAG(s) dict_keys(['tutorial_dag']) retrieved from /home/airflow/.local/lib/python3.8/site-packages/airflow/example_dags/tutorial_dag.py
[2025-06-01T17:01:10.960+0000] {logging_mixin.py:154} INFO - [2025-06-01T17:01:10.960+0000] {dag.py:2941} INFO - Sync 1 DAGs
[2025-06-01T17:01:10.969+0000] {logging_mixin.py:154} INFO - [2025-06-01T17:01:10.969+0000] {dag.py:3722} INFO - Setting next_dagrun for tutorial_dag to None, run_after=None
[2025-06-01T17:01:10.983+0000] {processor.py:179} INFO - Processing /home/airflow/.local/lib/python3.8/site-packages/airflow/example_dags/tutorial_dag.py took 0.051 seconds
[2025-06-01T17:01:44.374+0000] {processor.py:157} INFO - Started process (PID=206) to work on /home/airflow/.local/lib/python3.8/site-packages/airflow/example_dags/tutorial_dag.py
[2025-06-01T17:01:44.375+0000] {processor.py:829} INFO - Processing file /home/airflow/.local/lib/python3.8/site-packages/airflow/example_dags/tutorial_dag.py for tasks to queue
[2025-06-01T17:01:44.377+0000] {logging_mixin.py:154} INFO - [2025-06-01T17:01:44.377+0000] {dagbag.py:536} INFO - Filling up the DagBag from /home/airflow/.local/lib/python3.8/site-packages/airflow/example_dags/tutorial_dag.py
[2025-06-01T17:01:44.381+0000] {processor.py:839} INFO - DAG(s) dict_keys(['tutorial_dag']) retrieved from /home/airflow/.local/lib/python3.8/site-packages/airflow/example_dags/tutorial_dag.py
[2025-06-01T17:01:44.397+0000] {logging_mixin.py:154} INFO - [2025-06-01T17:01:44.397+0000] {dag.py:2941} INFO - Sync 1 DAGs
[2025-06-01T17:01:44.406+0000] {logging_mixin.py:154} INFO - [2025-06-01T17:01:44.406+0000] {dag.py:3722} INFO - Setting next_dagrun for tutorial_dag to None, run_after=None
[2025-06-01T17:01:44.420+0000] {processor.py:179} INFO - Processing /home/airflow/.local/lib/python3.8/site-packages/airflow/example_dags/tutorial_dag.py took 0.048 seconds
[2025-06-01T17:02:16.878+0000] {processor.py:157} INFO - Started process (PID=269) to work on /home/airflow/.local/lib/python3.8/site-packages/airflow/example_dags/tutorial_dag.py
[2025-06-01T17:02:16.879+0000] {processor.py:829} INFO - Processing file /home/airflow/.local/lib/python3.8/site-packages/airflow/example_dags/tutorial_dag.py for tasks to queue
[2025-06-01T17:02:16.881+0000] {logging_mixin.py:154} INFO - [2025-06-01T17:02:16.881+0000] {dagbag.py:536} INFO - Filling up the DagBag from /home/airflow/.local/lib/python3.8/site-packages/airflow/example_dags/tutorial_dag.py
[2025-06-01T17:02:16.888+0000] {processor.py:839} INFO - DAG(s) dict_keys(['tutorial_dag']) retrieved from /home/airflow/.local/lib/python3.8/site-packages/airflow/example_dags/tutorial_dag.py
[2025-06-01T17:02:16.907+0000] {logging_mixin.py:154} INFO - [2025-06-01T17:02:16.907+0000] {dag.py:2941} INFO - Sync 1 DAGs
[2025-06-01T17:02:16.917+0000] {logging_mixin.py:154} INFO - [2025-06-01T17:02:16.917+0000] {dag.py:3722} INFO - Setting next_dagrun for tutorial_dag to None, run_after=None
[2025-06-01T17:02:16.931+0000] {processor.py:179} INFO - Processing /home/airflow/.local/lib/python3.8/site-packages/airflow/example_dags/tutorial_dag.py took 0.057 seconds
[2025-06-01T17:02:50.381+0000] {processor.py:157} INFO - Started process (PID=340) to work on /home/airflow/.local/lib/python3.8/site-packages/airflow/example_dags/tutorial_dag.py
[2025-06-01T17:02:50.383+0000] {processor.py:829} INFO - Processing file /home/airflow/.local/lib/python3.8/site-packages/airflow/example_dags/tutorial_dag.py for tasks to queue
[2025-06-01T17:02:50.385+0000] {logging_mixin.py:154} INFO - [2025-06-01T17:02:50.385+0000] {dagbag.py:536} INFO - Filling up the DagBag from /home/airflow/.local/lib/python3.8/site-packages/airflow/example_dags/tutorial_dag.py
[2025-06-01T17:02:50.389+0000] {processor.py:839} INFO - DAG(s) dict_keys(['tutorial_dag']) retrieved from /home/airflow/.local/lib/python3.8/site-packages/airflow/example_dags/tutorial_dag.py
[2025-06-01T17:02:50.405+0000] {logging_mixin.py:154} INFO - [2025-06-01T17:02:50.404+0000] {dag.py:2941} INFO - Sync 1 DAGs
[2025-06-01T17:02:50.414+0000] {logging_mixin.py:154} INFO - [2025-06-01T17:02:50.414+0000] {dag.py:3722} INFO - Setting next_dagrun for tutorial_dag to None, run_after=None
[2025-06-01T17:02:50.427+0000] {processor.py:179} INFO - Processing /home/airflow/.local/lib/python3.8/site-packages/airflow/example_dags/tutorial_dag.py took 0.049 seconds
[2025-06-01T17:03:23.760+0000] {processor.py:157} INFO - Started process (PID=403) to work on /home/airflow/.local/lib/python3.8/site-packages/airflow/example_dags/tutorial_dag.py
[2025-06-01T17:03:23.762+0000] {processor.py:829} INFO - Processing file /home/airflow/.local/lib/python3.8/site-packages/airflow/example_dags/tutorial_dag.py for tasks to queue
[2025-06-01T17:03:23.764+0000] {logging_mixin.py:154} INFO - [2025-06-01T17:03:23.764+0000] {dagbag.py:536} INFO - Filling up the DagBag from /home/airflow/.local/lib/python3.8/site-packages/airflow/example_dags/tutorial_dag.py
[2025-06-01T17:03:23.769+0000] {processor.py:839} INFO - DAG(s) dict_keys(['tutorial_dag']) retrieved from /home/airflow/.local/lib/python3.8/site-packages/airflow/example_dags/tutorial_dag.py
[2025-06-01T17:03:23.785+0000] {logging_mixin.py:154} INFO - [2025-06-01T17:03:23.785+0000] {dag.py:2941} INFO - Sync 1 DAGs
[2025-06-01T17:03:23.794+0000] {logging_mixin.py:154} INFO - [2025-06-01T17:03:23.794+0000] {dag.py:3722} INFO - Setting next_dagrun for tutorial_dag to None, run_after=None
[2025-06-01T17:03:23.805+0000] {processor.py:179} INFO - Processing /home/airflow/.local/lib/python3.8/site-packages/airflow/example_dags/tutorial_dag.py took 0.048 seconds
[2025-06-01T17:03:57.389+0000] {processor.py:157} INFO - Started process (PID=474) to work on /home/airflow/.local/lib/python3.8/site-packages/airflow/example_dags/tutorial_dag.py
[2025-06-01T17:03:57.390+0000] {processor.py:829} INFO - Processing file /home/airflow/.local/lib/python3.8/site-packages/airflow/example_dags/tutorial_dag.py for tasks to queue
[2025-06-01T17:03:57.392+0000] {logging_mixin.py:154} INFO - [2025-06-01T17:03:57.392+0000] {dagbag.py:536} INFO - Filling up the DagBag from /home/airflow/.local/lib/python3.8/site-packages/airflow/example_dags/tutorial_dag.py
[2025-06-01T17:03:57.396+0000] {processor.py:839} INFO - DAG(s) dict_keys(['tutorial_dag']) retrieved from /home/airflow/.local/lib/python3.8/site-packages/airflow/example_dags/tutorial_dag.py
[2025-06-01T17:03:57.414+0000] {logging_mixin.py:154} INFO - [2025-06-01T17:03:57.414+0000] {dag.py:2941} INFO - Sync 1 DAGs
[2025-06-01T17:03:57.423+0000] {logging_mixin.py:154} INFO - [2025-06-01T17:03:57.423+0000] {dag.py:3722} INFO - Setting next_dagrun for tutorial_dag to None, run_after=None
[2025-06-01T17:03:57.437+0000] {processor.py:179} INFO - Processing /home/airflow/.local/lib/python3.8/site-packages/airflow/example_dags/tutorial_dag.py took 0.051 seconds
[2025-06-01T17:04:30.003+0000] {processor.py:157} INFO - Started process (PID=537) to work on /home/airflow/.local/lib/python3.8/site-packages/airflow/example_dags/tutorial_dag.py
[2025-06-01T17:04:30.004+0000] {processor.py:829} INFO - Processing file /home/airflow/.local/lib/python3.8/site-packages/airflow/example_dags/tutorial_dag.py for tasks to queue
[2025-06-01T17:04:30.006+0000] {logging_mixin.py:154} INFO - [2025-06-01T17:04:30.006+0000] {dagbag.py:536} INFO - Filling up the DagBag from /home/airflow/.local/lib/python3.8/site-packages/airflow/example_dags/tutorial_dag.py
[2025-06-01T17:04:30.010+0000] {processor.py:839} INFO - DAG(s) dict_keys(['tutorial_dag']) retrieved from /home/airflow/.local/lib/python3.8/site-packages/airflow/example_dags/tutorial_dag.py
[2025-06-01T17:04:30.026+0000] {logging_mixin.py:154} INFO - [2025-06-01T17:04:30.026+0000] {dag.py:2941} INFO - Sync 1 DAGs
[2025-06-01T17:04:30.035+0000] {logging_mixin.py:154} INFO - [2025-06-01T17:04:30.035+0000] {dag.py:3722} INFO - Setting next_dagrun for tutorial_dag to None, run_after=None
[2025-06-01T17:04:30.050+0000] {processor.py:179} INFO - Processing /home/airflow/.local/lib/python3.8/site-packages/airflow/example_dags/tutorial_dag.py took 0.050 seconds
[2025-06-01T17:05:03.391+0000] {processor.py:157} INFO - Started process (PID=608) to work on /home/airflow/.local/lib/python3.8/site-packages/airflow/example_dags/tutorial_dag.py
[2025-06-01T17:05:03.391+0000] {processor.py:829} INFO - Processing file /home/airflow/.local/lib/python3.8/site-packages/airflow/example_dags/tutorial_dag.py for tasks to queue
[2025-06-01T17:05:03.393+0000] {logging_mixin.py:154} INFO - [2025-06-01T17:05:03.393+0000] {dagbag.py:536} INFO - Filling up the DagBag from /home/airflow/.local/lib/python3.8/site-packages/airflow/example_dags/tutorial_dag.py
[2025-06-01T17:05:03.398+0000] {processor.py:839} INFO - DAG(s) dict_keys(['tutorial_dag']) retrieved from /home/airflow/.local/lib/python3.8/site-packages/airflow/example_dags/tutorial_dag.py
[2025-06-01T17:05:03.413+0000] {logging_mixin.py:154} INFO - [2025-06-01T17:05:03.413+0000] {dag.py:2941} INFO - Sync 1 DAGs
[2025-06-01T17:05:03.422+0000] {logging_mixin.py:154} INFO - [2025-06-01T17:05:03.422+0000] {dag.py:3722} INFO - Setting next_dagrun for tutorial_dag to None, run_after=None
[2025-06-01T17:05:03.435+0000] {processor.py:179} INFO - Processing /home/airflow/.local/lib/python3.8/site-packages/airflow/example_dags/tutorial_dag.py took 0.047 seconds
[2025-06-01T17:05:36.738+0000] {processor.py:157} INFO - Started process (PID=671) to work on /home/airflow/.local/lib/python3.8/site-packages/airflow/example_dags/tutorial_dag.py
[2025-06-01T17:05:36.739+0000] {processor.py:829} INFO - Processing file /home/airflow/.local/lib/python3.8/site-packages/airflow/example_dags/tutorial_dag.py for tasks to queue
[2025-06-01T17:05:36.741+0000] {logging_mixin.py:154} INFO - [2025-06-01T17:05:36.740+0000] {dagbag.py:536} INFO - Filling up the DagBag from /home/airflow/.local/lib/python3.8/site-packages/airflow/example_dags/tutorial_dag.py
[2025-06-01T17:05:36.745+0000] {processor.py:839} INFO - DAG(s) dict_keys(['tutorial_dag']) retrieved from /home/airflow/.local/lib/python3.8/site-packages/airflow/example_dags/tutorial_dag.py
[2025-06-01T17:05:36.762+0000] {logging_mixin.py:154} INFO - [2025-06-01T17:05:36.762+0000] {dag.py:2941} INFO - Sync 1 DAGs
[2025-06-01T17:05:36.772+0000] {logging_mixin.py:154} INFO - [2025-06-01T17:05:36.772+0000] {dag.py:3722} INFO - Setting next_dagrun for tutorial_dag to None, run_after=None
[2025-06-01T17:05:36.787+0000] {processor.py:179} INFO - Processing /home/airflow/.local/lib/python3.8/site-packages/airflow/example_dags/tutorial_dag.py took 0.052 seconds
[2025-06-01T17:06:09.674+0000] {processor.py:157} INFO - Started process (PID=744) to work on /home/airflow/.local/lib/python3.8/site-packages/airflow/example_dags/tutorial_dag.py
[2025-06-01T17:06:09.675+0000] {processor.py:829} INFO - Processing file /home/airflow/.local/lib/python3.8/site-packages/airflow/example_dags/tutorial_dag.py for tasks to queue
[2025-06-01T17:06:09.676+0000] {logging_mixin.py:154} INFO - [2025-06-01T17:06:09.675+0000] {dagbag.py:536} INFO - Filling up the DagBag from /home/airflow/.local/lib/python3.8/site-packages/airflow/example_dags/tutorial_dag.py
[2025-06-01T17:06:09.680+0000] {processor.py:839} INFO - DAG(s) dict_keys(['tutorial_dag']) retrieved from /home/airflow/.local/lib/python3.8/site-packages/airflow/example_dags/tutorial_dag.py
[2025-06-01T17:06:09.697+0000] {logging_mixin.py:154} INFO - [2025-06-01T17:06:09.696+0000] {dag.py:2941} INFO - Sync 1 DAGs
[2025-06-01T17:06:09.705+0000] {logging_mixin.py:154} INFO - [2025-06-01T17:06:09.705+0000] {dag.py:3722} INFO - Setting next_dagrun for tutorial_dag to None, run_after=None
[2025-06-01T17:06:09.718+0000] {processor.py:179} INFO - Processing /home/airflow/.local/lib/python3.8/site-packages/airflow/example_dags/tutorial_dag.py took 0.047 seconds
[2025-06-01T17:06:43.282+0000] {processor.py:157} INFO - Started process (PID=815) to work on /home/airflow/.local/lib/python3.8/site-packages/airflow/example_dags/tutorial_dag.py
[2025-06-01T17:06:43.284+0000] {processor.py:829} INFO - Processing file /home/airflow/.local/lib/python3.8/site-packages/airflow/example_dags/tutorial_dag.py for tasks to queue
[2025-06-01T17:06:43.284+0000] {logging_mixin.py:154} INFO - [2025-06-01T17:06:43.284+0000] {dagbag.py:536} INFO - Filling up the DagBag from /home/airflow/.local/lib/python3.8/site-packages/airflow/example_dags/tutorial_dag.py
[2025-06-01T17:06:43.289+0000] {processor.py:839} INFO - DAG(s) dict_keys(['tutorial_dag']) retrieved from /home/airflow/.local/lib/python3.8/site-packages/airflow/example_dags/tutorial_dag.py
[2025-06-01T17:06:43.307+0000] {logging_mixin.py:154} INFO - [2025-06-01T17:06:43.307+0000] {dag.py:2941} INFO - Sync 1 DAGs
[2025-06-01T17:06:43.316+0000] {logging_mixin.py:154} INFO - [2025-06-01T17:06:43.315+0000] {dag.py:3722} INFO - Setting next_dagrun for tutorial_dag to None, run_after=None
[2025-06-01T17:06:43.329+0000] {processor.py:179} INFO - Processing /home/airflow/.local/lib/python3.8/site-packages/airflow/example_dags/tutorial_dag.py took 0.049 seconds
[2025-06-01T17:07:16.780+0000] {processor.py:157} INFO - Started process (PID=881) to work on /home/airflow/.local/lib/python3.8/site-packages/airflow/example_dags/tutorial_dag.py
[2025-06-01T17:07:16.781+0000] {processor.py:829} INFO - Processing file /home/airflow/.local/lib/python3.8/site-packages/airflow/example_dags/tutorial_dag.py for tasks to queue
[2025-06-01T17:07:16.782+0000] {logging_mixin.py:154} INFO - [2025-06-01T17:07:16.782+0000] {dagbag.py:536} INFO - Filling up the DagBag from /home/airflow/.local/lib/python3.8/site-packages/airflow/example_dags/tutorial_dag.py
[2025-06-01T17:07:16.786+0000] {processor.py:839} INFO - DAG(s) dict_keys(['tutorial_dag']) retrieved from /home/airflow/.local/lib/python3.8/site-packages/airflow/example_dags/tutorial_dag.py
[2025-06-01T17:07:16.804+0000] {logging_mixin.py:154} INFO - [2025-06-01T17:07:16.804+0000] {dag.py:2941} INFO - Sync 1 DAGs
[2025-06-01T17:07:16.813+0000] {logging_mixin.py:154} INFO - [2025-06-01T17:07:16.812+0000] {dag.py:3722} INFO - Setting next_dagrun for tutorial_dag to None, run_after=None
[2025-06-01T17:07:16.826+0000] {processor.py:179} INFO - Processing /home/airflow/.local/lib/python3.8/site-packages/airflow/example_dags/tutorial_dag.py took 0.049 seconds
[2025-06-01T17:07:49.820+0000] {processor.py:157} INFO - Started process (PID=953) to work on /home/airflow/.local/lib/python3.8/site-packages/airflow/example_dags/tutorial_dag.py
[2025-06-01T17:07:49.822+0000] {processor.py:829} INFO - Processing file /home/airflow/.local/lib/python3.8/site-packages/airflow/example_dags/tutorial_dag.py for tasks to queue
[2025-06-01T17:07:49.822+0000] {logging_mixin.py:154} INFO - [2025-06-01T17:07:49.822+0000] {dagbag.py:536} INFO - Filling up the DagBag from /home/airflow/.local/lib/python3.8/site-packages/airflow/example_dags/tutorial_dag.py
[2025-06-01T17:07:49.827+0000] {processor.py:839} INFO - DAG(s) dict_keys(['tutorial_dag']) retrieved from /home/airflow/.local/lib/python3.8/site-packages/airflow/example_dags/tutorial_dag.py
[2025-06-01T17:07:49.846+0000] {logging_mixin.py:154} INFO - [2025-06-01T17:07:49.846+0000] {dag.py:2941} INFO - Sync 1 DAGs
[2025-06-01T17:07:49.855+0000] {logging_mixin.py:154} INFO - [2025-06-01T17:07:49.855+0000] {dag.py:3722} INFO - Setting next_dagrun for tutorial_dag to None, run_after=None
[2025-06-01T17:07:49.869+0000] {processor.py:179} INFO - Processing /home/airflow/.local/lib/python3.8/site-packages/airflow/example_dags/tutorial_dag.py took 0.051 seconds
[2025-06-01T17:08:22.449+0000] {processor.py:157} INFO - Started process (PID=1017) to work on /home/airflow/.local/lib/python3.8/site-packages/airflow/example_dags/tutorial_dag.py
[2025-06-01T17:08:22.451+0000] {processor.py:829} INFO - Processing file /home/airflow/.local/lib/python3.8/site-packages/airflow/example_dags/tutorial_dag.py for tasks to queue
[2025-06-01T17:08:22.451+0000] {logging_mixin.py:154} INFO - [2025-06-01T17:08:22.451+0000] {dagbag.py:536} INFO - Filling up the DagBag from /home/airflow/.local/lib/python3.8/site-packages/airflow/example_dags/tutorial_dag.py
[2025-06-01T17:08:22.456+0000] {processor.py:839} INFO - DAG(s) dict_keys(['tutorial_dag']) retrieved from /home/airflow/.local/lib/python3.8/site-packages/airflow/example_dags/tutorial_dag.py
[2025-06-01T17:08:22.475+0000] {logging_mixin.py:154} INFO - [2025-06-01T17:08:22.475+0000] {dag.py:2941} INFO - Sync 1 DAGs
[2025-06-01T17:08:22.485+0000] {logging_mixin.py:154} INFO - [2025-06-01T17:08:22.484+0000] {dag.py:3722} INFO - Setting next_dagrun for tutorial_dag to None, run_after=None
[2025-06-01T17:08:22.499+0000] {processor.py:179} INFO - Processing /home/airflow/.local/lib/python3.8/site-packages/airflow/example_dags/tutorial_dag.py took 0.053 seconds
[2025-06-01T17:08:55.927+0000] {processor.py:157} INFO - Started process (PID=1089) to work on /home/airflow/.local/lib/python3.8/site-packages/airflow/example_dags/tutorial_dag.py
[2025-06-01T17:08:55.928+0000] {processor.py:829} INFO - Processing file /home/airflow/.local/lib/python3.8/site-packages/airflow/example_dags/tutorial_dag.py for tasks to queue
[2025-06-01T17:08:55.929+0000] {logging_mixin.py:154} INFO - [2025-06-01T17:08:55.928+0000] {dagbag.py:536} INFO - Filling up the DagBag from /home/airflow/.local/lib/python3.8/site-packages/airflow/example_dags/tutorial_dag.py
[2025-06-01T17:08:55.933+0000] {processor.py:839} INFO - DAG(s) dict_keys(['tutorial_dag']) retrieved from /home/airflow/.local/lib/python3.8/site-packages/airflow/example_dags/tutorial_dag.py
[2025-06-01T17:08:55.950+0000] {logging_mixin.py:154} INFO - [2025-06-01T17:08:55.950+0000] {dag.py:2941} INFO - Sync 1 DAGs
[2025-06-01T17:08:55.958+0000] {logging_mixin.py:154} INFO - [2025-06-01T17:08:55.958+0000] {dag.py:3722} INFO - Setting next_dagrun for tutorial_dag to None, run_after=None
[2025-06-01T17:08:55.972+0000] {processor.py:179} INFO - Processing /home/airflow/.local/lib/python3.8/site-packages/airflow/example_dags/tutorial_dag.py took 0.048 seconds
[2025-06-01T17:09:29.679+0000] {processor.py:157} INFO - Started process (PID=1153) to work on /home/airflow/.local/lib/python3.8/site-packages/airflow/example_dags/tutorial_dag.py
[2025-06-01T17:09:29.680+0000] {processor.py:829} INFO - Processing file /home/airflow/.local/lib/python3.8/site-packages/airflow/example_dags/tutorial_dag.py for tasks to queue
[2025-06-01T17:09:29.680+0000] {logging_mixin.py:154} INFO - [2025-06-01T17:09:29.680+0000] {dagbag.py:536} INFO - Filling up the DagBag from /home/airflow/.local/lib/python3.8/site-packages/airflow/example_dags/tutorial_dag.py
[2025-06-01T17:09:29.684+0000] {processor.py:839} INFO - DAG(s) dict_keys(['tutorial_dag']) retrieved from /home/airflow/.local/lib/python3.8/site-packages/airflow/example_dags/tutorial_dag.py
[2025-06-01T17:09:29.701+0000] {logging_mixin.py:154} INFO - [2025-06-01T17:09:29.700+0000] {dag.py:2941} INFO - Sync 1 DAGs
[2025-06-01T17:09:29.709+0000] {logging_mixin.py:154} INFO - [2025-06-01T17:09:29.709+0000] {dag.py:3722} INFO - Setting next_dagrun for tutorial_dag to None, run_after=None
[2025-06-01T17:09:29.721+0000] {processor.py:179} INFO - Processing /home/airflow/.local/lib/python3.8/site-packages/airflow/example_dags/tutorial_dag.py took 0.045 seconds
[2025-06-01T17:10:03.325+0000] {processor.py:157} INFO - Started process (PID=1227) to work on /home/airflow/.local/lib/python3.8/site-packages/airflow/example_dags/tutorial_dag.py
[2025-06-01T17:10:03.326+0000] {processor.py:829} INFO - Processing file /home/airflow/.local/lib/python3.8/site-packages/airflow/example_dags/tutorial_dag.py for tasks to queue
[2025-06-01T17:10:03.326+0000] {logging_mixin.py:154} INFO - [2025-06-01T17:10:03.326+0000] {dagbag.py:536} INFO - Filling up the DagBag from /home/airflow/.local/lib/python3.8/site-packages/airflow/example_dags/tutorial_dag.py
[2025-06-01T17:10:03.331+0000] {processor.py:839} INFO - DAG(s) dict_keys(['tutorial_dag']) retrieved from /home/airflow/.local/lib/python3.8/site-packages/airflow/example_dags/tutorial_dag.py
[2025-06-01T17:10:03.348+0000] {logging_mixin.py:154} INFO - [2025-06-01T17:10:03.348+0000] {dag.py:2941} INFO - Sync 1 DAGs
[2025-06-01T17:10:03.358+0000] {logging_mixin.py:154} INFO - [2025-06-01T17:10:03.358+0000] {dag.py:3722} INFO - Setting next_dagrun for tutorial_dag to None, run_after=None
[2025-06-01T17:10:03.373+0000] {processor.py:179} INFO - Processing /home/airflow/.local/lib/python3.8/site-packages/airflow/example_dags/tutorial_dag.py took 0.052 seconds
[2025-06-01T17:10:35.547+0000] {processor.py:157} INFO - Started process (PID=1292) to work on /home/airflow/.local/lib/python3.8/site-packages/airflow/example_dags/tutorial_dag.py
[2025-06-01T17:10:35.548+0000] {processor.py:829} INFO - Processing file /home/airflow/.local/lib/python3.8/site-packages/airflow/example_dags/tutorial_dag.py for tasks to queue
[2025-06-01T17:10:35.549+0000] {logging_mixin.py:154} INFO - [2025-06-01T17:10:35.548+0000] {dagbag.py:536} INFO - Filling up the DagBag from /home/airflow/.local/lib/python3.8/site-packages/airflow/example_dags/tutorial_dag.py
[2025-06-01T17:10:35.552+0000] {processor.py:839} INFO - DAG(s) dict_keys(['tutorial_dag']) retrieved from /home/airflow/.local/lib/python3.8/site-packages/airflow/example_dags/tutorial_dag.py
[2025-06-01T17:10:35.570+0000] {logging_mixin.py:154} INFO - [2025-06-01T17:10:35.570+0000] {dag.py:2941} INFO - Sync 1 DAGs
[2025-06-01T17:10:35.580+0000] {logging_mixin.py:154} INFO - [2025-06-01T17:10:35.580+0000] {dag.py:3722} INFO - Setting next_dagrun for tutorial_dag to None, run_after=None
[2025-06-01T17:10:35.596+0000] {processor.py:179} INFO - Processing /home/airflow/.local/lib/python3.8/site-packages/airflow/example_dags/tutorial_dag.py took 0.053 seconds
[2025-06-01T17:11:09.511+0000] {processor.py:157} INFO - Started process (PID=1365) to work on /home/airflow/.local/lib/python3.8/site-packages/airflow/example_dags/tutorial_dag.py
[2025-06-01T17:11:09.512+0000] {processor.py:829} INFO - Processing file /home/airflow/.local/lib/python3.8/site-packages/airflow/example_dags/tutorial_dag.py for tasks to queue
[2025-06-01T17:11:09.513+0000] {logging_mixin.py:154} INFO - [2025-06-01T17:11:09.513+0000] {dagbag.py:536} INFO - Filling up the DagBag from /home/airflow/.local/lib/python3.8/site-packages/airflow/example_dags/tutorial_dag.py
[2025-06-01T17:11:09.517+0000] {processor.py:839} INFO - DAG(s) dict_keys(['tutorial_dag']) retrieved from /home/airflow/.local/lib/python3.8/site-packages/airflow/example_dags/tutorial_dag.py
[2025-06-01T17:11:09.535+0000] {logging_mixin.py:154} INFO - [2025-06-01T17:11:09.535+0000] {dag.py:2941} INFO - Sync 1 DAGs
[2025-06-01T17:11:09.545+0000] {logging_mixin.py:154} INFO - [2025-06-01T17:11:09.544+0000] {dag.py:3722} INFO - Setting next_dagrun for tutorial_dag to None, run_after=None
[2025-06-01T17:11:09.562+0000] {processor.py:179} INFO - Processing /home/airflow/.local/lib/python3.8/site-packages/airflow/example_dags/tutorial_dag.py took 0.053 seconds
[2025-06-01T17:11:42.058+0000] {processor.py:157} INFO - Started process (PID=1440) to work on /home/airflow/.local/lib/python3.8/site-packages/airflow/example_dags/tutorial_dag.py
[2025-06-01T17:11:42.059+0000] {processor.py:829} INFO - Processing file /home/airflow/.local/lib/python3.8/site-packages/airflow/example_dags/tutorial_dag.py for tasks to queue
[2025-06-01T17:11:42.059+0000] {logging_mixin.py:154} INFO - [2025-06-01T17:11:42.059+0000] {dagbag.py:536} INFO - Filling up the DagBag from /home/airflow/.local/lib/python3.8/site-packages/airflow/example_dags/tutorial_dag.py
[2025-06-01T17:11:42.063+0000] {processor.py:839} INFO - DAG(s) dict_keys(['tutorial_dag']) retrieved from /home/airflow/.local/lib/python3.8/site-packages/airflow/example_dags/tutorial_dag.py
[2025-06-01T17:11:42.079+0000] {logging_mixin.py:154} INFO - [2025-06-01T17:11:42.079+0000] {dag.py:2941} INFO - Sync 1 DAGs
[2025-06-01T17:11:42.088+0000] {logging_mixin.py:154} INFO - [2025-06-01T17:11:42.088+0000] {dag.py:3722} INFO - Setting next_dagrun for tutorial_dag to None, run_after=None
[2025-06-01T17:11:42.101+0000] {processor.py:179} INFO - Processing /home/airflow/.local/lib/python3.8/site-packages/airflow/example_dags/tutorial_dag.py took 0.045 seconds
[2025-06-01T17:12:16.125+0000] {processor.py:157} INFO - Started process (PID=1514) to work on /home/airflow/.local/lib/python3.8/site-packages/airflow/example_dags/tutorial_dag.py
[2025-06-01T17:12:16.126+0000] {processor.py:829} INFO - Processing file /home/airflow/.local/lib/python3.8/site-packages/airflow/example_dags/tutorial_dag.py for tasks to queue
[2025-06-01T17:12:16.126+0000] {logging_mixin.py:154} INFO - [2025-06-01T17:12:16.126+0000] {dagbag.py:536} INFO - Filling up the DagBag from /home/airflow/.local/lib/python3.8/site-packages/airflow/example_dags/tutorial_dag.py
[2025-06-01T17:12:16.130+0000] {processor.py:839} INFO - DAG(s) dict_keys(['tutorial_dag']) retrieved from /home/airflow/.local/lib/python3.8/site-packages/airflow/example_dags/tutorial_dag.py
[2025-06-01T17:12:16.148+0000] {logging_mixin.py:154} INFO - [2025-06-01T17:12:16.147+0000] {dag.py:2941} INFO - Sync 1 DAGs
[2025-06-01T17:12:16.157+0000] {logging_mixin.py:154} INFO - [2025-06-01T17:12:16.156+0000] {dag.py:3722} INFO - Setting next_dagrun for tutorial_dag to None, run_after=None
[2025-06-01T17:12:16.171+0000] {processor.py:179} INFO - Processing /home/airflow/.local/lib/python3.8/site-packages/airflow/example_dags/tutorial_dag.py took 0.049 seconds
[2025-06-01T17:12:49.757+0000] {processor.py:157} INFO - Started process (PID=1602) to work on /home/airflow/.local/lib/python3.8/site-packages/airflow/example_dags/tutorial_dag.py
[2025-06-01T17:12:49.759+0000] {processor.py:829} INFO - Processing file /home/airflow/.local/lib/python3.8/site-packages/airflow/example_dags/tutorial_dag.py for tasks to queue
[2025-06-01T17:12:49.759+0000] {logging_mixin.py:154} INFO - [2025-06-01T17:12:49.759+0000] {dagbag.py:536} INFO - Filling up the DagBag from /home/airflow/.local/lib/python3.8/site-packages/airflow/example_dags/tutorial_dag.py
[2025-06-01T17:12:49.764+0000] {processor.py:839} INFO - DAG(s) dict_keys(['tutorial_dag']) retrieved from /home/airflow/.local/lib/python3.8/site-packages/airflow/example_dags/tutorial_dag.py
[2025-06-01T17:12:49.793+0000] {logging_mixin.py:154} INFO - [2025-06-01T17:12:49.793+0000] {dag.py:2941} INFO - Sync 1 DAGs
[2025-06-01T17:12:49.812+0000] {logging_mixin.py:154} INFO - [2025-06-01T17:12:49.812+0000] {dag.py:3722} INFO - Setting next_dagrun for tutorial_dag to None, run_after=None
[2025-06-01T17:12:49.829+0000] {processor.py:179} INFO - Processing /home/airflow/.local/lib/python3.8/site-packages/airflow/example_dags/tutorial_dag.py took 0.075 seconds
[2025-06-01T17:13:22.134+0000] {processor.py:157} INFO - Started process (PID=1666) to work on /home/airflow/.local/lib/python3.8/site-packages/airflow/example_dags/tutorial_dag.py
[2025-06-01T17:13:22.135+0000] {processor.py:829} INFO - Processing file /home/airflow/.local/lib/python3.8/site-packages/airflow/example_dags/tutorial_dag.py for tasks to queue
[2025-06-01T17:13:22.136+0000] {logging_mixin.py:154} INFO - [2025-06-01T17:13:22.136+0000] {dagbag.py:536} INFO - Filling up the DagBag from /home/airflow/.local/lib/python3.8/site-packages/airflow/example_dags/tutorial_dag.py
[2025-06-01T17:13:22.140+0000] {processor.py:839} INFO - DAG(s) dict_keys(['tutorial_dag']) retrieved from /home/airflow/.local/lib/python3.8/site-packages/airflow/example_dags/tutorial_dag.py
[2025-06-01T17:13:22.157+0000] {logging_mixin.py:154} INFO - [2025-06-01T17:13:22.157+0000] {dag.py:2941} INFO - Sync 1 DAGs
[2025-06-01T17:13:22.165+0000] {logging_mixin.py:154} INFO - [2025-06-01T17:13:22.165+0000] {dag.py:3722} INFO - Setting next_dagrun for tutorial_dag to None, run_after=None
[2025-06-01T17:13:22.177+0000] {processor.py:179} INFO - Processing /home/airflow/.local/lib/python3.8/site-packages/airflow/example_dags/tutorial_dag.py took 0.047 seconds
[2025-06-01T17:13:55.907+0000] {processor.py:157} INFO - Started process (PID=1738) to work on /home/airflow/.local/lib/python3.8/site-packages/airflow/example_dags/tutorial_dag.py
[2025-06-01T17:13:55.908+0000] {processor.py:829} INFO - Processing file /home/airflow/.local/lib/python3.8/site-packages/airflow/example_dags/tutorial_dag.py for tasks to queue
[2025-06-01T17:13:55.909+0000] {logging_mixin.py:154} INFO - [2025-06-01T17:13:55.908+0000] {dagbag.py:536} INFO - Filling up the DagBag from /home/airflow/.local/lib/python3.8/site-packages/airflow/example_dags/tutorial_dag.py
[2025-06-01T17:13:55.913+0000] {processor.py:839} INFO - DAG(s) dict_keys(['tutorial_dag']) retrieved from /home/airflow/.local/lib/python3.8/site-packages/airflow/example_dags/tutorial_dag.py
[2025-06-01T17:13:55.928+0000] {logging_mixin.py:154} INFO - [2025-06-01T17:13:55.928+0000] {dag.py:2941} INFO - Sync 1 DAGs
[2025-06-01T17:13:55.937+0000] {logging_mixin.py:154} INFO - [2025-06-01T17:13:55.936+0000] {dag.py:3722} INFO - Setting next_dagrun for tutorial_dag to None, run_after=None
[2025-06-01T17:13:55.949+0000] {processor.py:179} INFO - Processing /home/airflow/.local/lib/python3.8/site-packages/airflow/example_dags/tutorial_dag.py took 0.045 seconds
[2025-06-01T17:14:30.650+0000] {processor.py:157} INFO - Started process (PID=1802) to work on /home/airflow/.local/lib/python3.8/site-packages/airflow/example_dags/tutorial_dag.py
[2025-06-01T17:14:30.652+0000] {processor.py:829} INFO - Processing file /home/airflow/.local/lib/python3.8/site-packages/airflow/example_dags/tutorial_dag.py for tasks to queue
[2025-06-01T17:14:30.652+0000] {logging_mixin.py:154} INFO - [2025-06-01T17:14:30.652+0000] {dagbag.py:536} INFO - Filling up the DagBag from /home/airflow/.local/lib/python3.8/site-packages/airflow/example_dags/tutorial_dag.py
[2025-06-01T17:14:30.657+0000] {processor.py:839} INFO - DAG(s) dict_keys(['tutorial_dag']) retrieved from /home/airflow/.local/lib/python3.8/site-packages/airflow/example_dags/tutorial_dag.py
[2025-06-01T17:14:30.674+0000] {logging_mixin.py:154} INFO - [2025-06-01T17:14:30.674+0000] {dag.py:2941} INFO - Sync 1 DAGs
[2025-06-01T17:14:30.683+0000] {logging_mixin.py:154} INFO - [2025-06-01T17:14:30.682+0000] {dag.py:3722} INFO - Setting next_dagrun for tutorial_dag to None, run_after=None
[2025-06-01T17:14:30.696+0000] {processor.py:179} INFO - Processing /home/airflow/.local/lib/python3.8/site-packages/airflow/example_dags/tutorial_dag.py took 0.048 seconds
[2025-06-01T17:15:02.297+0000] {processor.py:157} INFO - Started process (PID=1874) to work on /home/airflow/.local/lib/python3.8/site-packages/airflow/example_dags/tutorial_dag.py
[2025-06-01T17:15:02.298+0000] {processor.py:829} INFO - Processing file /home/airflow/.local/lib/python3.8/site-packages/airflow/example_dags/tutorial_dag.py for tasks to queue
[2025-06-01T17:15:02.299+0000] {logging_mixin.py:154} INFO - [2025-06-01T17:15:02.299+0000] {dagbag.py:536} INFO - Filling up the DagBag from /home/airflow/.local/lib/python3.8/site-packages/airflow/example_dags/tutorial_dag.py
[2025-06-01T17:15:02.303+0000] {processor.py:839} INFO - DAG(s) dict_keys(['tutorial_dag']) retrieved from /home/airflow/.local/lib/python3.8/site-packages/airflow/example_dags/tutorial_dag.py
[2025-06-01T17:15:02.320+0000] {logging_mixin.py:154} INFO - [2025-06-01T17:15:02.320+0000] {dag.py:2941} INFO - Sync 1 DAGs
[2025-06-01T17:15:02.328+0000] {logging_mixin.py:154} INFO - [2025-06-01T17:15:02.328+0000] {dag.py:3722} INFO - Setting next_dagrun for tutorial_dag to None, run_after=None
[2025-06-01T17:15:02.340+0000] {processor.py:179} INFO - Processing /home/airflow/.local/lib/python3.8/site-packages/airflow/example_dags/tutorial_dag.py took 0.046 seconds
[2025-06-01T17:15:35.611+0000] {processor.py:157} INFO - Started process (PID=1945) to work on /home/airflow/.local/lib/python3.8/site-packages/airflow/example_dags/tutorial_dag.py
[2025-06-01T17:15:35.612+0000] {processor.py:829} INFO - Processing file /home/airflow/.local/lib/python3.8/site-packages/airflow/example_dags/tutorial_dag.py for tasks to queue
[2025-06-01T17:15:35.613+0000] {logging_mixin.py:154} INFO - [2025-06-01T17:15:35.613+0000] {dagbag.py:536} INFO - Filling up the DagBag from /home/airflow/.local/lib/python3.8/site-packages/airflow/example_dags/tutorial_dag.py
[2025-06-01T17:15:35.617+0000] {processor.py:839} INFO - DAG(s) dict_keys(['tutorial_dag']) retrieved from /home/airflow/.local/lib/python3.8/site-packages/airflow/example_dags/tutorial_dag.py
[2025-06-01T17:15:35.634+0000] {logging_mixin.py:154} INFO - [2025-06-01T17:15:35.634+0000] {dag.py:2941} INFO - Sync 1 DAGs
[2025-06-01T17:15:35.642+0000] {logging_mixin.py:154} INFO - [2025-06-01T17:15:35.642+0000] {dag.py:3722} INFO - Setting next_dagrun for tutorial_dag to None, run_after=None
[2025-06-01T17:15:35.655+0000] {processor.py:179} INFO - Processing /home/airflow/.local/lib/python3.8/site-packages/airflow/example_dags/tutorial_dag.py took 0.047 seconds
[2025-06-01T17:16:08.894+0000] {processor.py:157} INFO - Started process (PID=2010) to work on /home/airflow/.local/lib/python3.8/site-packages/airflow/example_dags/tutorial_dag.py
[2025-06-01T17:16:08.895+0000] {processor.py:829} INFO - Processing file /home/airflow/.local/lib/python3.8/site-packages/airflow/example_dags/tutorial_dag.py for tasks to queue
[2025-06-01T17:16:08.896+0000] {logging_mixin.py:154} INFO - [2025-06-01T17:16:08.896+0000] {dagbag.py:536} INFO - Filling up the DagBag from /home/airflow/.local/lib/python3.8/site-packages/airflow/example_dags/tutorial_dag.py
[2025-06-01T17:16:08.900+0000] {processor.py:839} INFO - DAG(s) dict_keys(['tutorial_dag']) retrieved from /home/airflow/.local/lib/python3.8/site-packages/airflow/example_dags/tutorial_dag.py
[2025-06-01T17:16:08.916+0000] {logging_mixin.py:154} INFO - [2025-06-01T17:16:08.916+0000] {dag.py:2941} INFO - Sync 1 DAGs
[2025-06-01T17:16:08.924+0000] {logging_mixin.py:154} INFO - [2025-06-01T17:16:08.924+0000] {dag.py:3722} INFO - Setting next_dagrun for tutorial_dag to None, run_after=None
[2025-06-01T17:16:08.936+0000] {processor.py:179} INFO - Processing /home/airflow/.local/lib/python3.8/site-packages/airflow/example_dags/tutorial_dag.py took 0.044 seconds
[2025-06-01T17:16:42.713+0000] {processor.py:157} INFO - Started process (PID=2083) to work on /home/airflow/.local/lib/python3.8/site-packages/airflow/example_dags/tutorial_dag.py
[2025-06-01T17:16:42.715+0000] {processor.py:829} INFO - Processing file /home/airflow/.local/lib/python3.8/site-packages/airflow/example_dags/tutorial_dag.py for tasks to queue
[2025-06-01T17:16:42.715+0000] {logging_mixin.py:154} INFO - [2025-06-01T17:16:42.715+0000] {dagbag.py:536} INFO - Filling up the DagBag from /home/airflow/.local/lib/python3.8/site-packages/airflow/example_dags/tutorial_dag.py
[2025-06-01T17:16:42.719+0000] {processor.py:839} INFO - DAG(s) dict_keys(['tutorial_dag']) retrieved from /home/airflow/.local/lib/python3.8/site-packages/airflow/example_dags/tutorial_dag.py
[2025-06-01T17:16:42.736+0000] {logging_mixin.py:154} INFO - [2025-06-01T17:16:42.735+0000] {dag.py:2941} INFO - Sync 1 DAGs
[2025-06-01T17:16:42.744+0000] {logging_mixin.py:154} INFO - [2025-06-01T17:16:42.744+0000] {dag.py:3722} INFO - Setting next_dagrun for tutorial_dag to None, run_after=None
[2025-06-01T17:16:42.757+0000] {processor.py:179} INFO - Processing /home/airflow/.local/lib/python3.8/site-packages/airflow/example_dags/tutorial_dag.py took 0.046 seconds
[2025-06-01T17:17:16.377+0000] {processor.py:157} INFO - Started process (PID=2147) to work on /home/airflow/.local/lib/python3.8/site-packages/airflow/example_dags/tutorial_dag.py
[2025-06-01T17:17:16.378+0000] {processor.py:829} INFO - Processing file /home/airflow/.local/lib/python3.8/site-packages/airflow/example_dags/tutorial_dag.py for tasks to queue
[2025-06-01T17:17:16.379+0000] {logging_mixin.py:154} INFO - [2025-06-01T17:17:16.378+0000] {dagbag.py:536} INFO - Filling up the DagBag from /home/airflow/.local/lib/python3.8/site-packages/airflow/example_dags/tutorial_dag.py
[2025-06-01T17:17:16.383+0000] {processor.py:839} INFO - DAG(s) dict_keys(['tutorial_dag']) retrieved from /home/airflow/.local/lib/python3.8/site-packages/airflow/example_dags/tutorial_dag.py
[2025-06-01T17:17:16.400+0000] {logging_mixin.py:154} INFO - [2025-06-01T17:17:16.400+0000] {dag.py:2941} INFO - Sync 1 DAGs
[2025-06-01T17:17:16.534+0000] {logging_mixin.py:154} INFO - [2025-06-01T17:17:16.533+0000] {dag.py:3722} INFO - Setting next_dagrun for tutorial_dag to None, run_after=None
[2025-06-01T17:17:16.548+0000] {processor.py:179} INFO - Processing /home/airflow/.local/lib/python3.8/site-packages/airflow/example_dags/tutorial_dag.py took 0.174 seconds
[2025-06-01T17:17:47.922+0000] {processor.py:157} INFO - Started process (PID=2219) to work on /home/airflow/.local/lib/python3.8/site-packages/airflow/example_dags/tutorial_dag.py
[2025-06-01T17:17:47.923+0000] {processor.py:829} INFO - Processing file /home/airflow/.local/lib/python3.8/site-packages/airflow/example_dags/tutorial_dag.py for tasks to queue
[2025-06-01T17:17:47.924+0000] {logging_mixin.py:154} INFO - [2025-06-01T17:17:47.924+0000] {dagbag.py:536} INFO - Filling up the DagBag from /home/airflow/.local/lib/python3.8/site-packages/airflow/example_dags/tutorial_dag.py
[2025-06-01T17:17:47.928+0000] {processor.py:839} INFO - DAG(s) dict_keys(['tutorial_dag']) retrieved from /home/airflow/.local/lib/python3.8/site-packages/airflow/example_dags/tutorial_dag.py
[2025-06-01T17:17:47.944+0000] {logging_mixin.py:154} INFO - [2025-06-01T17:17:47.944+0000] {dag.py:2941} INFO - Sync 1 DAGs
[2025-06-01T17:17:47.953+0000] {logging_mixin.py:154} INFO - [2025-06-01T17:17:47.953+0000] {dag.py:3722} INFO - Setting next_dagrun for tutorial_dag to None, run_after=None
[2025-06-01T17:17:47.967+0000] {processor.py:179} INFO - Processing /home/airflow/.local/lib/python3.8/site-packages/airflow/example_dags/tutorial_dag.py took 0.048 seconds
[2025-06-01T17:18:21.082+0000] {processor.py:157} INFO - Started process (PID=2283) to work on /home/airflow/.local/lib/python3.8/site-packages/airflow/example_dags/tutorial_dag.py
[2025-06-01T17:18:21.084+0000] {processor.py:829} INFO - Processing file /home/airflow/.local/lib/python3.8/site-packages/airflow/example_dags/tutorial_dag.py for tasks to queue
[2025-06-01T17:18:21.084+0000] {logging_mixin.py:154} INFO - [2025-06-01T17:18:21.084+0000] {dagbag.py:536} INFO - Filling up the DagBag from /home/airflow/.local/lib/python3.8/site-packages/airflow/example_dags/tutorial_dag.py
[2025-06-01T17:18:21.088+0000] {processor.py:839} INFO - DAG(s) dict_keys(['tutorial_dag']) retrieved from /home/airflow/.local/lib/python3.8/site-packages/airflow/example_dags/tutorial_dag.py
[2025-06-01T17:18:21.104+0000] {logging_mixin.py:154} INFO - [2025-06-01T17:18:21.104+0000] {dag.py:2941} INFO - Sync 1 DAGs
[2025-06-01T17:18:21.113+0000] {logging_mixin.py:154} INFO - [2025-06-01T17:18:21.113+0000] {dag.py:3722} INFO - Setting next_dagrun for tutorial_dag to None, run_after=None
[2025-06-01T17:18:21.125+0000] {processor.py:179} INFO - Processing /home/airflow/.local/lib/python3.8/site-packages/airflow/example_dags/tutorial_dag.py took 0.045 seconds
[2025-06-01T17:18:54.482+0000] {processor.py:157} INFO - Started process (PID=2355) to work on /home/airflow/.local/lib/python3.8/site-packages/airflow/example_dags/tutorial_dag.py
[2025-06-01T17:18:54.483+0000] {processor.py:829} INFO - Processing file /home/airflow/.local/lib/python3.8/site-packages/airflow/example_dags/tutorial_dag.py for tasks to queue
[2025-06-01T17:18:54.483+0000] {logging_mixin.py:154} INFO - [2025-06-01T17:18:54.483+0000] {dagbag.py:536} INFO - Filling up the DagBag from /home/airflow/.local/lib/python3.8/site-packages/airflow/example_dags/tutorial_dag.py
[2025-06-01T17:18:54.488+0000] {processor.py:839} INFO - DAG(s) dict_keys(['tutorial_dag']) retrieved from /home/airflow/.local/lib/python3.8/site-packages/airflow/example_dags/tutorial_dag.py
[2025-06-01T17:18:54.503+0000] {logging_mixin.py:154} INFO - [2025-06-01T17:18:54.503+0000] {dag.py:2941} INFO - Sync 1 DAGs
[2025-06-01T17:18:54.511+0000] {logging_mixin.py:154} INFO - [2025-06-01T17:18:54.511+0000] {dag.py:3722} INFO - Setting next_dagrun for tutorial_dag to None, run_after=None
[2025-06-01T17:18:54.523+0000] {processor.py:179} INFO - Processing /home/airflow/.local/lib/python3.8/site-packages/airflow/example_dags/tutorial_dag.py took 0.044 seconds
[2025-06-01T17:19:27.713+0000] {processor.py:157} INFO - Started process (PID=2427) to work on /home/airflow/.local/lib/python3.8/site-packages/airflow/example_dags/tutorial_dag.py
[2025-06-01T17:19:27.714+0000] {processor.py:829} INFO - Processing file /home/airflow/.local/lib/python3.8/site-packages/airflow/example_dags/tutorial_dag.py for tasks to queue
[2025-06-01T17:19:27.715+0000] {logging_mixin.py:154} INFO - [2025-06-01T17:19:27.714+0000] {dagbag.py:536} INFO - Filling up the DagBag from /home/airflow/.local/lib/python3.8/site-packages/airflow/example_dags/tutorial_dag.py
[2025-06-01T17:19:27.719+0000] {processor.py:839} INFO - DAG(s) dict_keys(['tutorial_dag']) retrieved from /home/airflow/.local/lib/python3.8/site-packages/airflow/example_dags/tutorial_dag.py
[2025-06-01T17:19:27.736+0000] {logging_mixin.py:154} INFO - [2025-06-01T17:19:27.736+0000] {dag.py:2941} INFO - Sync 1 DAGs
[2025-06-01T17:19:27.745+0000] {logging_mixin.py:154} INFO - [2025-06-01T17:19:27.745+0000] {dag.py:3722} INFO - Setting next_dagrun for tutorial_dag to None, run_after=None
[2025-06-01T17:19:27.759+0000] {processor.py:179} INFO - Processing /home/airflow/.local/lib/python3.8/site-packages/airflow/example_dags/tutorial_dag.py took 0.048 seconds
[2025-06-01T17:20:01.007+0000] {processor.py:157} INFO - Started process (PID=2491) to work on /home/airflow/.local/lib/python3.8/site-packages/airflow/example_dags/tutorial_dag.py
[2025-06-01T17:20:01.008+0000] {processor.py:829} INFO - Processing file /home/airflow/.local/lib/python3.8/site-packages/airflow/example_dags/tutorial_dag.py for tasks to queue
[2025-06-01T17:20:01.008+0000] {logging_mixin.py:154} INFO - [2025-06-01T17:20:01.008+0000] {dagbag.py:536} INFO - Filling up the DagBag from /home/airflow/.local/lib/python3.8/site-packages/airflow/example_dags/tutorial_dag.py
[2025-06-01T17:20:01.012+0000] {processor.py:839} INFO - DAG(s) dict_keys(['tutorial_dag']) retrieved from /home/airflow/.local/lib/python3.8/site-packages/airflow/example_dags/tutorial_dag.py
[2025-06-01T17:20:01.028+0000] {logging_mixin.py:154} INFO - [2025-06-01T17:20:01.028+0000] {dag.py:2941} INFO - Sync 1 DAGs
[2025-06-01T17:20:01.036+0000] {logging_mixin.py:154} INFO - [2025-06-01T17:20:01.036+0000] {dag.py:3722} INFO - Setting next_dagrun for tutorial_dag to None, run_after=None
[2025-06-01T17:20:01.049+0000] {processor.py:179} INFO - Processing /home/airflow/.local/lib/python3.8/site-packages/airflow/example_dags/tutorial_dag.py took 0.045 seconds
[2025-06-01T17:20:34.275+0000] {processor.py:157} INFO - Started process (PID=2563) to work on /home/airflow/.local/lib/python3.8/site-packages/airflow/example_dags/tutorial_dag.py
[2025-06-01T17:20:34.277+0000] {processor.py:829} INFO - Processing file /home/airflow/.local/lib/python3.8/site-packages/airflow/example_dags/tutorial_dag.py for tasks to queue
[2025-06-01T17:20:34.277+0000] {logging_mixin.py:154} INFO - [2025-06-01T17:20:34.277+0000] {dagbag.py:536} INFO - Filling up the DagBag from /home/airflow/.local/lib/python3.8/site-packages/airflow/example_dags/tutorial_dag.py
[2025-06-01T17:20:34.282+0000] {processor.py:839} INFO - DAG(s) dict_keys(['tutorial_dag']) retrieved from /home/airflow/.local/lib/python3.8/site-packages/airflow/example_dags/tutorial_dag.py
[2025-06-01T17:20:34.300+0000] {logging_mixin.py:154} INFO - [2025-06-01T17:20:34.300+0000] {dag.py:2941} INFO - Sync 1 DAGs
[2025-06-01T17:20:34.309+0000] {logging_mixin.py:154} INFO - [2025-06-01T17:20:34.309+0000] {dag.py:3722} INFO - Setting next_dagrun for tutorial_dag to None, run_after=None
[2025-06-01T17:20:34.322+0000] {processor.py:179} INFO - Processing /home/airflow/.local/lib/python3.8/site-packages/airflow/example_dags/tutorial_dag.py took 0.049 seconds
[2025-06-01T17:21:07.566+0000] {processor.py:157} INFO - Started process (PID=2628) to work on /home/airflow/.local/lib/python3.8/site-packages/airflow/example_dags/tutorial_dag.py
[2025-06-01T17:21:07.567+0000] {processor.py:829} INFO - Processing file /home/airflow/.local/lib/python3.8/site-packages/airflow/example_dags/tutorial_dag.py for tasks to queue
[2025-06-01T17:21:07.567+0000] {logging_mixin.py:154} INFO - [2025-06-01T17:21:07.567+0000] {dagbag.py:536} INFO - Filling up the DagBag from /home/airflow/.local/lib/python3.8/site-packages/airflow/example_dags/tutorial_dag.py
[2025-06-01T17:21:07.571+0000] {processor.py:839} INFO - DAG(s) dict_keys(['tutorial_dag']) retrieved from /home/airflow/.local/lib/python3.8/site-packages/airflow/example_dags/tutorial_dag.py
[2025-06-01T17:21:07.589+0000] {logging_mixin.py:154} INFO - [2025-06-01T17:21:07.588+0000] {dag.py:2941} INFO - Sync 1 DAGs
[2025-06-01T17:21:07.598+0000] {logging_mixin.py:154} INFO - [2025-06-01T17:21:07.598+0000] {dag.py:3722} INFO - Setting next_dagrun for tutorial_dag to None, run_after=None
[2025-06-01T17:21:07.611+0000] {processor.py:179} INFO - Processing /home/airflow/.local/lib/python3.8/site-packages/airflow/example_dags/tutorial_dag.py took 0.048 seconds
[2025-06-01T17:21:41.009+0000] {processor.py:157} INFO - Started process (PID=2700) to work on /home/airflow/.local/lib/python3.8/site-packages/airflow/example_dags/tutorial_dag.py
[2025-06-01T17:21:41.011+0000] {processor.py:829} INFO - Processing file /home/airflow/.local/lib/python3.8/site-packages/airflow/example_dags/tutorial_dag.py for tasks to queue
[2025-06-01T17:21:41.012+0000] {logging_mixin.py:154} INFO - [2025-06-01T17:21:41.011+0000] {dagbag.py:536} INFO - Filling up the DagBag from /home/airflow/.local/lib/python3.8/site-packages/airflow/example_dags/tutorial_dag.py
[2025-06-01T17:21:41.016+0000] {processor.py:839} INFO - DAG(s) dict_keys(['tutorial_dag']) retrieved from /home/airflow/.local/lib/python3.8/site-packages/airflow/example_dags/tutorial_dag.py
[2025-06-01T17:21:41.033+0000] {logging_mixin.py:154} INFO - [2025-06-01T17:21:41.033+0000] {dag.py:2941} INFO - Sync 1 DAGs
[2025-06-01T17:21:41.042+0000] {logging_mixin.py:154} INFO - [2025-06-01T17:21:41.042+0000] {dag.py:3722} INFO - Setting next_dagrun for tutorial_dag to None, run_after=None
[2025-06-01T17:21:41.057+0000] {processor.py:179} INFO - Processing /home/airflow/.local/lib/python3.8/site-packages/airflow/example_dags/tutorial_dag.py took 0.052 seconds
[2025-06-01T17:22:14.433+0000] {processor.py:157} INFO - Started process (PID=2772) to work on /home/airflow/.local/lib/python3.8/site-packages/airflow/example_dags/tutorial_dag.py
[2025-06-01T17:22:14.434+0000] {processor.py:829} INFO - Processing file /home/airflow/.local/lib/python3.8/site-packages/airflow/example_dags/tutorial_dag.py for tasks to queue
[2025-06-01T17:22:14.434+0000] {logging_mixin.py:154} INFO - [2025-06-01T17:22:14.434+0000] {dagbag.py:536} INFO - Filling up the DagBag from /home/airflow/.local/lib/python3.8/site-packages/airflow/example_dags/tutorial_dag.py
[2025-06-01T17:22:14.439+0000] {processor.py:839} INFO - DAG(s) dict_keys(['tutorial_dag']) retrieved from /home/airflow/.local/lib/python3.8/site-packages/airflow/example_dags/tutorial_dag.py
[2025-06-01T17:22:14.455+0000] {logging_mixin.py:154} INFO - [2025-06-01T17:22:14.455+0000] {dag.py:2941} INFO - Sync 1 DAGs
[2025-06-01T17:22:14.464+0000] {logging_mixin.py:154} INFO - [2025-06-01T17:22:14.464+0000] {dag.py:3722} INFO - Setting next_dagrun for tutorial_dag to None, run_after=None
[2025-06-01T17:22:14.478+0000] {processor.py:179} INFO - Processing /home/airflow/.local/lib/python3.8/site-packages/airflow/example_dags/tutorial_dag.py took 0.048 seconds
[2025-06-01T17:22:47.791+0000] {processor.py:157} INFO - Started process (PID=2836) to work on /home/airflow/.local/lib/python3.8/site-packages/airflow/example_dags/tutorial_dag.py
[2025-06-01T17:22:47.792+0000] {processor.py:829} INFO - Processing file /home/airflow/.local/lib/python3.8/site-packages/airflow/example_dags/tutorial_dag.py for tasks to queue
[2025-06-01T17:22:47.793+0000] {logging_mixin.py:154} INFO - [2025-06-01T17:22:47.793+0000] {dagbag.py:536} INFO - Filling up the DagBag from /home/airflow/.local/lib/python3.8/site-packages/airflow/example_dags/tutorial_dag.py
[2025-06-01T17:22:47.797+0000] {processor.py:839} INFO - DAG(s) dict_keys(['tutorial_dag']) retrieved from /home/airflow/.local/lib/python3.8/site-packages/airflow/example_dags/tutorial_dag.py
[2025-06-01T17:22:47.814+0000] {logging_mixin.py:154} INFO - [2025-06-01T17:22:47.814+0000] {dag.py:2941} INFO - Sync 1 DAGs
[2025-06-01T17:22:47.823+0000] {logging_mixin.py:154} INFO - [2025-06-01T17:22:47.823+0000] {dag.py:3722} INFO - Setting next_dagrun for tutorial_dag to None, run_after=None
[2025-06-01T17:22:47.835+0000] {processor.py:179} INFO - Processing /home/airflow/.local/lib/python3.8/site-packages/airflow/example_dags/tutorial_dag.py took 0.047 seconds
[2025-06-01T17:23:21.099+0000] {processor.py:157} INFO - Started process (PID=2908) to work on /home/airflow/.local/lib/python3.8/site-packages/airflow/example_dags/tutorial_dag.py
[2025-06-01T17:23:21.100+0000] {processor.py:829} INFO - Processing file /home/airflow/.local/lib/python3.8/site-packages/airflow/example_dags/tutorial_dag.py for tasks to queue
[2025-06-01T17:23:21.100+0000] {logging_mixin.py:154} INFO - [2025-06-01T17:23:21.100+0000] {dagbag.py:536} INFO - Filling up the DagBag from /home/airflow/.local/lib/python3.8/site-packages/airflow/example_dags/tutorial_dag.py
[2025-06-01T17:23:21.105+0000] {processor.py:839} INFO - DAG(s) dict_keys(['tutorial_dag']) retrieved from /home/airflow/.local/lib/python3.8/site-packages/airflow/example_dags/tutorial_dag.py
[2025-06-01T17:23:21.120+0000] {logging_mixin.py:154} INFO - [2025-06-01T17:23:21.120+0000] {dag.py:2941} INFO - Sync 1 DAGs
[2025-06-01T17:23:21.128+0000] {logging_mixin.py:154} INFO - [2025-06-01T17:23:21.128+0000] {dag.py:3722} INFO - Setting next_dagrun for tutorial_dag to None, run_after=None
[2025-06-01T17:23:21.141+0000] {processor.py:179} INFO - Processing /home/airflow/.local/lib/python3.8/site-packages/airflow/example_dags/tutorial_dag.py took 0.045 seconds
[2025-06-01T17:23:54.448+0000] {processor.py:157} INFO - Started process (PID=2972) to work on /home/airflow/.local/lib/python3.8/site-packages/airflow/example_dags/tutorial_dag.py
[2025-06-01T17:23:54.449+0000] {processor.py:829} INFO - Processing file /home/airflow/.local/lib/python3.8/site-packages/airflow/example_dags/tutorial_dag.py for tasks to queue
[2025-06-01T17:23:54.450+0000] {logging_mixin.py:154} INFO - [2025-06-01T17:23:54.450+0000] {dagbag.py:536} INFO - Filling up the DagBag from /home/airflow/.local/lib/python3.8/site-packages/airflow/example_dags/tutorial_dag.py
[2025-06-01T17:23:54.454+0000] {processor.py:839} INFO - DAG(s) dict_keys(['tutorial_dag']) retrieved from /home/airflow/.local/lib/python3.8/site-packages/airflow/example_dags/tutorial_dag.py
[2025-06-01T17:23:54.470+0000] {logging_mixin.py:154} INFO - [2025-06-01T17:23:54.470+0000] {dag.py:2941} INFO - Sync 1 DAGs
[2025-06-01T17:23:54.478+0000] {logging_mixin.py:154} INFO - [2025-06-01T17:23:54.478+0000] {dag.py:3722} INFO - Setting next_dagrun for tutorial_dag to None, run_after=None
[2025-06-01T17:23:54.491+0000] {processor.py:179} INFO - Processing /home/airflow/.local/lib/python3.8/site-packages/airflow/example_dags/tutorial_dag.py took 0.045 seconds
[2025-06-01T17:24:27.869+0000] {processor.py:157} INFO - Started process (PID=3044) to work on /home/airflow/.local/lib/python3.8/site-packages/airflow/example_dags/tutorial_dag.py
[2025-06-01T17:24:27.873+0000] {processor.py:829} INFO - Processing file /home/airflow/.local/lib/python3.8/site-packages/airflow/example_dags/tutorial_dag.py for tasks to queue
[2025-06-01T17:24:27.874+0000] {logging_mixin.py:154} INFO - [2025-06-01T17:24:27.874+0000] {dagbag.py:536} INFO - Filling up the DagBag from /home/airflow/.local/lib/python3.8/site-packages/airflow/example_dags/tutorial_dag.py
[2025-06-01T17:24:27.878+0000] {processor.py:839} INFO - DAG(s) dict_keys(['tutorial_dag']) retrieved from /home/airflow/.local/lib/python3.8/site-packages/airflow/example_dags/tutorial_dag.py
[2025-06-01T17:24:27.894+0000] {logging_mixin.py:154} INFO - [2025-06-01T17:24:27.894+0000] {dag.py:2941} INFO - Sync 1 DAGs
[2025-06-01T17:24:27.902+0000] {logging_mixin.py:154} INFO - [2025-06-01T17:24:27.902+0000] {dag.py:3722} INFO - Setting next_dagrun for tutorial_dag to None, run_after=None
[2025-06-01T17:24:27.915+0000] {processor.py:179} INFO - Processing /home/airflow/.local/lib/python3.8/site-packages/airflow/example_dags/tutorial_dag.py took 0.049 seconds
[2025-06-01T17:25:00.351+0000] {processor.py:157} INFO - Started process (PID=3116) to work on /home/airflow/.local/lib/python3.8/site-packages/airflow/example_dags/tutorial_dag.py
[2025-06-01T17:25:00.352+0000] {processor.py:829} INFO - Processing file /home/airflow/.local/lib/python3.8/site-packages/airflow/example_dags/tutorial_dag.py for tasks to queue
[2025-06-01T17:25:00.353+0000] {logging_mixin.py:154} INFO - [2025-06-01T17:25:00.352+0000] {dagbag.py:536} INFO - Filling up the DagBag from /home/airflow/.local/lib/python3.8/site-packages/airflow/example_dags/tutorial_dag.py
[2025-06-01T17:25:00.357+0000] {processor.py:839} INFO - DAG(s) dict_keys(['tutorial_dag']) retrieved from /home/airflow/.local/lib/python3.8/site-packages/airflow/example_dags/tutorial_dag.py
[2025-06-01T17:25:00.375+0000] {logging_mixin.py:154} INFO - [2025-06-01T17:25:00.375+0000] {dag.py:2941} INFO - Sync 1 DAGs
[2025-06-01T17:25:00.384+0000] {logging_mixin.py:154} INFO - [2025-06-01T17:25:00.384+0000] {dag.py:3722} INFO - Setting next_dagrun for tutorial_dag to None, run_after=None
[2025-06-01T17:25:00.399+0000] {processor.py:179} INFO - Processing /home/airflow/.local/lib/python3.8/site-packages/airflow/example_dags/tutorial_dag.py took 0.051 seconds
[2025-06-01T17:25:33.597+0000] {processor.py:157} INFO - Started process (PID=3180) to work on /home/airflow/.local/lib/python3.8/site-packages/airflow/example_dags/tutorial_dag.py
[2025-06-01T17:25:33.598+0000] {processor.py:829} INFO - Processing file /home/airflow/.local/lib/python3.8/site-packages/airflow/example_dags/tutorial_dag.py for tasks to queue
[2025-06-01T17:25:33.599+0000] {logging_mixin.py:154} INFO - [2025-06-01T17:25:33.598+0000] {dagbag.py:536} INFO - Filling up the DagBag from /home/airflow/.local/lib/python3.8/site-packages/airflow/example_dags/tutorial_dag.py
[2025-06-01T17:25:33.603+0000] {processor.py:839} INFO - DAG(s) dict_keys(['tutorial_dag']) retrieved from /home/airflow/.local/lib/python3.8/site-packages/airflow/example_dags/tutorial_dag.py
[2025-06-01T17:25:33.620+0000] {logging_mixin.py:154} INFO - [2025-06-01T17:25:33.620+0000] {dag.py:2941} INFO - Sync 1 DAGs
[2025-06-01T17:25:33.630+0000] {logging_mixin.py:154} INFO - [2025-06-01T17:25:33.630+0000] {dag.py:3722} INFO - Setting next_dagrun for tutorial_dag to None, run_after=None
[2025-06-01T17:25:33.644+0000] {processor.py:179} INFO - Processing /home/airflow/.local/lib/python3.8/site-packages/airflow/example_dags/tutorial_dag.py took 0.050 seconds
[2025-06-01T17:26:06.922+0000] {processor.py:157} INFO - Started process (PID=3252) to work on /home/airflow/.local/lib/python3.8/site-packages/airflow/example_dags/tutorial_dag.py
[2025-06-01T17:26:06.923+0000] {processor.py:829} INFO - Processing file /home/airflow/.local/lib/python3.8/site-packages/airflow/example_dags/tutorial_dag.py for tasks to queue
[2025-06-01T17:26:06.924+0000] {logging_mixin.py:154} INFO - [2025-06-01T17:26:06.924+0000] {dagbag.py:536} INFO - Filling up the DagBag from /home/airflow/.local/lib/python3.8/site-packages/airflow/example_dags/tutorial_dag.py
[2025-06-01T17:26:06.929+0000] {processor.py:839} INFO - DAG(s) dict_keys(['tutorial_dag']) retrieved from /home/airflow/.local/lib/python3.8/site-packages/airflow/example_dags/tutorial_dag.py
[2025-06-01T17:26:06.946+0000] {logging_mixin.py:154} INFO - [2025-06-01T17:26:06.946+0000] {dag.py:2941} INFO - Sync 1 DAGs
[2025-06-01T17:26:06.955+0000] {logging_mixin.py:154} INFO - [2025-06-01T17:26:06.955+0000] {dag.py:3722} INFO - Setting next_dagrun for tutorial_dag to None, run_after=None
[2025-06-01T17:26:06.969+0000] {processor.py:179} INFO - Processing /home/airflow/.local/lib/python3.8/site-packages/airflow/example_dags/tutorial_dag.py took 0.050 seconds
[2025-06-01T17:26:40.357+0000] {processor.py:157} INFO - Started process (PID=3316) to work on /home/airflow/.local/lib/python3.8/site-packages/airflow/example_dags/tutorial_dag.py
[2025-06-01T17:26:40.358+0000] {processor.py:829} INFO - Processing file /home/airflow/.local/lib/python3.8/site-packages/airflow/example_dags/tutorial_dag.py for tasks to queue
[2025-06-01T17:26:40.359+0000] {logging_mixin.py:154} INFO - [2025-06-01T17:26:40.358+0000] {dagbag.py:536} INFO - Filling up the DagBag from /home/airflow/.local/lib/python3.8/site-packages/airflow/example_dags/tutorial_dag.py
[2025-06-01T17:26:40.363+0000] {processor.py:839} INFO - DAG(s) dict_keys(['tutorial_dag']) retrieved from /home/airflow/.local/lib/python3.8/site-packages/airflow/example_dags/tutorial_dag.py
[2025-06-01T17:26:40.380+0000] {logging_mixin.py:154} INFO - [2025-06-01T17:26:40.380+0000] {dag.py:2941} INFO - Sync 1 DAGs
[2025-06-01T17:26:40.388+0000] {logging_mixin.py:154} INFO - [2025-06-01T17:26:40.388+0000] {dag.py:3722} INFO - Setting next_dagrun for tutorial_dag to None, run_after=None
[2025-06-01T17:26:40.400+0000] {processor.py:179} INFO - Processing /home/airflow/.local/lib/python3.8/site-packages/airflow/example_dags/tutorial_dag.py took 0.047 seconds
[2025-06-01T17:27:13.798+0000] {processor.py:157} INFO - Started process (PID=3388) to work on /home/airflow/.local/lib/python3.8/site-packages/airflow/example_dags/tutorial_dag.py
[2025-06-01T17:27:13.799+0000] {processor.py:829} INFO - Processing file /home/airflow/.local/lib/python3.8/site-packages/airflow/example_dags/tutorial_dag.py for tasks to queue
[2025-06-01T17:27:13.799+0000] {logging_mixin.py:154} INFO - [2025-06-01T17:27:13.799+0000] {dagbag.py:536} INFO - Filling up the DagBag from /home/airflow/.local/lib/python3.8/site-packages/airflow/example_dags/tutorial_dag.py
[2025-06-01T17:27:13.804+0000] {processor.py:839} INFO - DAG(s) dict_keys(['tutorial_dag']) retrieved from /home/airflow/.local/lib/python3.8/site-packages/airflow/example_dags/tutorial_dag.py
[2025-06-01T17:27:13.824+0000] {logging_mixin.py:154} INFO - [2025-06-01T17:27:13.824+0000] {dag.py:2941} INFO - Sync 1 DAGs
[2025-06-01T17:27:13.834+0000] {logging_mixin.py:154} INFO - [2025-06-01T17:27:13.834+0000] {dag.py:3722} INFO - Setting next_dagrun for tutorial_dag to None, run_after=None
[2025-06-01T17:27:13.849+0000] {processor.py:179} INFO - Processing /home/airflow/.local/lib/python3.8/site-packages/airflow/example_dags/tutorial_dag.py took 0.055 seconds
[2025-06-01T17:27:47.087+0000] {processor.py:157} INFO - Started process (PID=3452) to work on /home/airflow/.local/lib/python3.8/site-packages/airflow/example_dags/tutorial_dag.py
[2025-06-01T17:27:47.088+0000] {processor.py:829} INFO - Processing file /home/airflow/.local/lib/python3.8/site-packages/airflow/example_dags/tutorial_dag.py for tasks to queue
[2025-06-01T17:27:47.089+0000] {logging_mixin.py:154} INFO - [2025-06-01T17:27:47.089+0000] {dagbag.py:536} INFO - Filling up the DagBag from /home/airflow/.local/lib/python3.8/site-packages/airflow/example_dags/tutorial_dag.py
[2025-06-01T17:27:47.094+0000] {processor.py:839} INFO - DAG(s) dict_keys(['tutorial_dag']) retrieved from /home/airflow/.local/lib/python3.8/site-packages/airflow/example_dags/tutorial_dag.py
[2025-06-01T17:27:47.115+0000] {logging_mixin.py:154} INFO - [2025-06-01T17:27:47.115+0000] {dag.py:2941} INFO - Sync 1 DAGs
[2025-06-01T17:27:47.128+0000] {logging_mixin.py:154} INFO - [2025-06-01T17:27:47.128+0000] {dag.py:3722} INFO - Setting next_dagrun for tutorial_dag to None, run_after=None
[2025-06-01T17:27:47.142+0000] {processor.py:179} INFO - Processing /home/airflow/.local/lib/python3.8/site-packages/airflow/example_dags/tutorial_dag.py took 0.059 seconds
[2025-06-01T17:28:20.472+0000] {processor.py:157} INFO - Started process (PID=3524) to work on /home/airflow/.local/lib/python3.8/site-packages/airflow/example_dags/tutorial_dag.py
[2025-06-01T17:28:20.473+0000] {processor.py:829} INFO - Processing file /home/airflow/.local/lib/python3.8/site-packages/airflow/example_dags/tutorial_dag.py for tasks to queue
[2025-06-01T17:28:20.474+0000] {logging_mixin.py:154} INFO - [2025-06-01T17:28:20.474+0000] {dagbag.py:536} INFO - Filling up the DagBag from /home/airflow/.local/lib/python3.8/site-packages/airflow/example_dags/tutorial_dag.py
[2025-06-01T17:28:20.478+0000] {processor.py:839} INFO - DAG(s) dict_keys(['tutorial_dag']) retrieved from /home/airflow/.local/lib/python3.8/site-packages/airflow/example_dags/tutorial_dag.py
[2025-06-01T17:28:20.493+0000] {logging_mixin.py:154} INFO - [2025-06-01T17:28:20.493+0000] {dag.py:2941} INFO - Sync 1 DAGs
[2025-06-01T17:28:20.501+0000] {logging_mixin.py:154} INFO - [2025-06-01T17:28:20.501+0000] {dag.py:3722} INFO - Setting next_dagrun for tutorial_dag to None, run_after=None
[2025-06-01T17:28:20.513+0000] {processor.py:179} INFO - Processing /home/airflow/.local/lib/python3.8/site-packages/airflow/example_dags/tutorial_dag.py took 0.043 seconds
[2025-06-01T17:28:53.055+0000] {processor.py:157} INFO - Started process (PID=3596) to work on /home/airflow/.local/lib/python3.8/site-packages/airflow/example_dags/tutorial_dag.py
[2025-06-01T17:28:53.056+0000] {processor.py:829} INFO - Processing file /home/airflow/.local/lib/python3.8/site-packages/airflow/example_dags/tutorial_dag.py for tasks to queue
[2025-06-01T17:28:53.056+0000] {logging_mixin.py:154} INFO - [2025-06-01T17:28:53.056+0000] {dagbag.py:536} INFO - Filling up the DagBag from /home/airflow/.local/lib/python3.8/site-packages/airflow/example_dags/tutorial_dag.py
[2025-06-01T17:28:53.060+0000] {processor.py:839} INFO - DAG(s) dict_keys(['tutorial_dag']) retrieved from /home/airflow/.local/lib/python3.8/site-packages/airflow/example_dags/tutorial_dag.py
[2025-06-01T17:28:53.078+0000] {logging_mixin.py:154} INFO - [2025-06-01T17:28:53.078+0000] {dag.py:2941} INFO - Sync 1 DAGs
[2025-06-01T17:28:53.087+0000] {logging_mixin.py:154} INFO - [2025-06-01T17:28:53.087+0000] {dag.py:3722} INFO - Setting next_dagrun for tutorial_dag to None, run_after=None
[2025-06-01T17:28:53.099+0000] {processor.py:179} INFO - Processing /home/airflow/.local/lib/python3.8/site-packages/airflow/example_dags/tutorial_dag.py took 0.046 seconds
